<?xml version="1.0" encoding="utf-8"?><testsuites name="pytest tests"><testsuite name="pytest" errors="0" failures="1" skipped="1" tests="335" time="147.341" timestamp="2025-10-15T23:50:49.178211+00:00" hostname="fd413e5af273"><testcase classname="tests.integration_tests.test_change_event_integration" name="test_end_to_end_event_processing_all_record_types" time="6.190" /><testcase classname="tests.integration_tests.test_change_event_integration" name="test_predicate_event_integration" time="5.350" /><testcase classname="tests.integration_tests.test_change_event_integration" name="test_mixed_event_processing_with_filtering" time="5.535" /><testcase classname="tests.integration_tests.test_change_event_integration" name="test_event_statistics_integration" time="0.144" /><testcase classname="tests.integration_tests.test_change_event_integration" name="test_normalized_change_event_integration" time="5.231" /><testcase classname="tests.integration_tests.test_change_event_integration" name="test_database_trigger_integration" time="0.105" /><testcase classname="tests.integration_tests.test_change_event_integration" name="test_event_data_integrity_integration" time="5.250" /><testcase classname="tests.integration_tests.test_change_event_integration" name="test_high_volume_event_processing" time="5.851" /><testcase classname="tests.integration_tests.test_collaboration_workflow_integration" name="test_complete_collaboration_workflow" time="1.587" /><testcase classname="tests.integration_tests.test_collaboration_workflow_integration" name="test_collaboration_workflow_with_conflicts" time="0.377" /><testcase classname="tests.integration_tests.test_collaboration_workflow_integration" name="test_collaboration_workflow_rejection" time="0.337" /><testcase classname="tests.integration_tests.test_collaboration_workflow_integration" name="test_collaboration_workflow_vote_updates" time="0.345" /><testcase classname="tests.integration_tests.test_collaboration_workflow_integration" name="test_migration_008_creates_collaboration_tables" time="0.105" /><testcase classname="tests.integration_tests.test_config_phase1_e2e.TestApplicationStartupE2E" name="test_config_loads_on_application_import" time="0.001" /><testcase classname="tests.integration_tests.test_config_phase1_e2e.TestApplicationStartupE2E" name="test_full_config_workflow" time="0.002" /><testcase classname="tests.integration_tests.test_config_phase1_e2e.TestApplicationStartupE2E" name="test_config_migration_workflow" time="0.001" /><testcase classname="tests.integration_tests.test_config_phase1_e2e.TestApplicationStartupE2E" name="test_multi_user_config_scenario" time="0.003" /><testcase classname="tests.integration_tests.test_config_phase1_e2e.TestApplicationStartupE2E" name="test_config_with_all_database_types" time="0.001" /><testcase classname="tests.integration_tests.test_config_phase1_e2e.TestApplicationStartupE2E" name="test_config_change_detection" time="0.105" /><testcase classname="tests.integration_tests.test_config_phase1_e2e.TestApplicationStartupE2E" name="test_config_backup_and_restore" time="0.011" /><testcase classname="tests.integration_tests.test_config_phase1_e2e.TestApplicationStartupE2E" name="test_concurrent_config_access" time="0.020" /><testcase classname="tests.integration_tests.test_config_phase1_e2e.TestApplicationStartupE2E" name="test_config_validation_on_startup" time="0.005" /><testcase classname="tests.integration_tests.test_config_phase1_integration.TestConfigDatabaseIntegration" name="test_database_connection_with_new_config" time="0.003"><skipped type="pytest.skip" message="db_utils not available">/workspace/local-server/tests/integration_tests/test_config_phase1_integration.py:35: db_utils not available</skipped></testcase><testcase classname="tests.integration_tests.test_config_phase1_integration.TestConfigDatabaseIntegration" name="test_reference_database_path_configuration" time="0.008" /><testcase classname="tests.integration_tests.test_config_phase1_integration.TestConfigDatabaseIntegration" name="test_config_persists_across_saves" time="0.004" /><testcase classname="tests.integration_tests.test_config_phase1_integration.TestConfigDatabaseIntegration" name="test_migration_from_old_config_file" time="0.002" /><testcase classname="tests.integration_tests.test_config_phase1_integration.TestConfigDatabaseIntegration" name="test_multiple_config_instances_isolated" time="0.003" /><testcase classname="tests.integration_tests.test_config_phase1_integration.TestConfigDatabaseIntegration" name="test_config_validation_with_file_system" time="0.012" /><testcase classname="tests.integration_tests.test_config_phase1_integration.TestConfigDatabaseIntegration" name="test_config_error_handling" time="0.001" /><testcase classname="tests.integration_tests.test_config_phase1_integration.TestConfigDatabaseIntegration" name="test_config_with_environment_variables" time="0.001" /><testcase classname="tests.integration_tests.test_config_phase2_e2e.TestFreshInstallationE2E" name="test_complete_fresh_installation_workflow" time="0.106" /><testcase classname="tests.integration_tests.test_config_phase2_e2e.TestFreshInstallationE2E" name="test_fresh_install_with_all_database_managers" time="0.092" /><testcase classname="tests.integration_tests.test_config_phase2_e2e.TestFreshInstallationE2E" name="test_fresh_install_handles_proxy_cache_db" time="10.033" /><testcase classname="tests.integration_tests.test_config_phase2_e2e.TestApplicationRestartE2E" name="test_restart_with_existing_directories" time="0.069" /><testcase classname="tests.integration_tests.test_config_phase2_e2e.TestApplicationRestartE2E" name="test_restart_preserves_existing_data" time="0.080" /><testcase classname="tests.integration_tests.test_config_phase2_e2e.TestMigrationScenarioE2E" name="test_migration_from_manual_directory_creation" time="0.052" /><testcase classname="tests.integration_tests.test_config_phase2_e2e.TestMigrationScenarioE2E" name="test_migration_with_partial_database_files" time="0.125" /><testcase classname="tests.integration_tests.test_config_phase2_e2e.TestProductionDeploymentE2E" name="test_docker_container_deployment" time="0.075"><failure message="sqlalchemy.exc.OperationalError: (sqlite3.OperationalError) unable to open database file&#10;(Background on this error at: https://sqlalche.me/e/20/e3q8)">/usr/local/lib/python3.11/site-packages/sqlalchemy/engine/base.py:145: in __init__
    self._dbapi_connection = engine.raw_connection()
                             ^^^^^^^^^^^^^^^^^^^^^^^
/usr/local/lib/python3.11/site-packages/sqlalchemy/engine/base.py:3297: in raw_connection
    return self.pool.connect()
           ^^^^^^^^^^^^^^^^^^^
/usr/local/lib/python3.11/site-packages/sqlalchemy/pool/base.py:449: in connect
    return _ConnectionFairy._checkout(self)
           ^^^^^^^^^^^^^^^^^^^^^^^^^^^^^^^^
/usr/local/lib/python3.11/site-packages/sqlalchemy/pool/base.py:1264: in _checkout
    fairy = _ConnectionRecord.checkout(pool)
            ^^^^^^^^^^^^^^^^^^^^^^^^^^^^^^^^
/usr/local/lib/python3.11/site-packages/sqlalchemy/pool/base.py:713: in checkout
    rec = pool._do_get()
          ^^^^^^^^^^^^^^
/usr/local/lib/python3.11/site-packages/sqlalchemy/pool/impl.py:308: in _do_get
    return self._create_connection()
           ^^^^^^^^^^^^^^^^^^^^^^^^^
/usr/local/lib/python3.11/site-packages/sqlalchemy/pool/base.py:390: in _create_connection
    return _ConnectionRecord(self)
           ^^^^^^^^^^^^^^^^^^^^^^^
/usr/local/lib/python3.11/site-packages/sqlalchemy/pool/base.py:675: in __init__
    self.__connect()
/usr/local/lib/python3.11/site-packages/sqlalchemy/pool/base.py:901: in __connect
    with util.safe_reraise():
/usr/local/lib/python3.11/site-packages/sqlalchemy/util/langhelpers.py:224: in __exit__
    raise exc_value.with_traceback(exc_tb)
/usr/local/lib/python3.11/site-packages/sqlalchemy/pool/base.py:897: in __connect
    self.dbapi_connection = connection = pool._invoke_creator(self)
                                         ^^^^^^^^^^^^^^^^^^^^^^^^^^
/usr/local/lib/python3.11/site-packages/sqlalchemy/engine/create.py:646: in connect
    return dialect.connect(*cargs, **cparams)
           ^^^^^^^^^^^^^^^^^^^^^^^^^^^^^^^^^^
/usr/local/lib/python3.11/site-packages/sqlalchemy/engine/default.py:625: in connect
    return self.loaded_dbapi.connect(*cargs, **cparams)  # type: ignore[no-any-return]  # NOQA: E501
           ^^^^^^^^^^^^^^^^^^^^^^^^^^^^^^^^^^^^^^^^^^^^
E   sqlite3.OperationalError: unable to open database file

The above exception was the direct cause of the following exception:
tests/integration_tests/test_config_phase2_e2e.py:375: in test_docker_container_deployment
    ref_mgr = ReferenceManager(
reference_db/manager.py:89: in __init__
    self._initialize_database()
reference_db/manager.py:191: in _initialize_database
    if not self._verify_schema_version():
           ^^^^^^^^^^^^^^^^^^^^^^^^^^^^^
reference_db/manager.py:230: in _verify_schema_version
    result = session.execute(
/usr/local/lib/python3.11/site-packages/sqlalchemy/orm/session.py:2365: in execute
    return self._execute_internal(
/usr/local/lib/python3.11/site-packages/sqlalchemy/orm/session.py:2241: in _execute_internal
    conn = self._connection_for_bind(bind)
           ^^^^^^^^^^^^^^^^^^^^^^^^^^^^^^^
/usr/local/lib/python3.11/site-packages/sqlalchemy/orm/session.py:2110: in _connection_for_bind
    return trans._connection_for_bind(engine, execution_options)
           ^^^^^^^^^^^^^^^^^^^^^^^^^^^^^^^^^^^^^^^^^^^^^^^^^^^^^
&lt;string&gt;:2: in _connection_for_bind
    ???
/usr/local/lib/python3.11/site-packages/sqlalchemy/orm/state_changes.py:139: in _go
    ret_value = fn(self, *arg, **kw)
                ^^^^^^^^^^^^^^^^^^^^
/usr/local/lib/python3.11/site-packages/sqlalchemy/orm/session.py:1189: in _connection_for_bind
    conn = bind.connect()
           ^^^^^^^^^^^^^^
/usr/local/lib/python3.11/site-packages/sqlalchemy/engine/base.py:3273: in connect
    return self._connection_cls(self)
           ^^^^^^^^^^^^^^^^^^^^^^^^^^
/usr/local/lib/python3.11/site-packages/sqlalchemy/engine/base.py:147: in __init__
    Connection._handle_dbapi_exception_noconnection(
/usr/local/lib/python3.11/site-packages/sqlalchemy/engine/base.py:2436: in _handle_dbapi_exception_noconnection
    raise sqlalchemy_exception.with_traceback(exc_info[2]) from e
/usr/local/lib/python3.11/site-packages/sqlalchemy/engine/base.py:145: in __init__
    self._dbapi_connection = engine.raw_connection()
                             ^^^^^^^^^^^^^^^^^^^^^^^
/usr/local/lib/python3.11/site-packages/sqlalchemy/engine/base.py:3297: in raw_connection
    return self.pool.connect()
           ^^^^^^^^^^^^^^^^^^^
/usr/local/lib/python3.11/site-packages/sqlalchemy/pool/base.py:449: in connect
    return _ConnectionFairy._checkout(self)
           ^^^^^^^^^^^^^^^^^^^^^^^^^^^^^^^^
/usr/local/lib/python3.11/site-packages/sqlalchemy/pool/base.py:1264: in _checkout
    fairy = _ConnectionRecord.checkout(pool)
            ^^^^^^^^^^^^^^^^^^^^^^^^^^^^^^^^
/usr/local/lib/python3.11/site-packages/sqlalchemy/pool/base.py:713: in checkout
    rec = pool._do_get()
          ^^^^^^^^^^^^^^
/usr/local/lib/python3.11/site-packages/sqlalchemy/pool/impl.py:308: in _do_get
    return self._create_connection()
           ^^^^^^^^^^^^^^^^^^^^^^^^^
/usr/local/lib/python3.11/site-packages/sqlalchemy/pool/base.py:390: in _create_connection
    return _ConnectionRecord(self)
           ^^^^^^^^^^^^^^^^^^^^^^^
/usr/local/lib/python3.11/site-packages/sqlalchemy/pool/base.py:675: in __init__
    self.__connect()
/usr/local/lib/python3.11/site-packages/sqlalchemy/pool/base.py:901: in __connect
    with util.safe_reraise():
/usr/local/lib/python3.11/site-packages/sqlalchemy/util/langhelpers.py:224: in __exit__
    raise exc_value.with_traceback(exc_tb)
/usr/local/lib/python3.11/site-packages/sqlalchemy/pool/base.py:897: in __connect
    self.dbapi_connection = connection = pool._invoke_creator(self)
                                         ^^^^^^^^^^^^^^^^^^^^^^^^^^
/usr/local/lib/python3.11/site-packages/sqlalchemy/engine/create.py:646: in connect
    return dialect.connect(*cargs, **cparams)
           ^^^^^^^^^^^^^^^^^^^^^^^^^^^^^^^^^^
/usr/local/lib/python3.11/site-packages/sqlalchemy/engine/default.py:625: in connect
    return self.loaded_dbapi.connect(*cargs, **cparams)  # type: ignore[no-any-return]  # NOQA: E501
           ^^^^^^^^^^^^^^^^^^^^^^^^^^^^^^^^^^^^^^^^^^^^
E   sqlalchemy.exc.OperationalError: (sqlite3.OperationalError) unable to open database file
E   (Background on this error at: https://sqlalche.me/e/20/e3q8)</failure></testcase><testcase classname="tests.integration_tests.test_config_phase2_e2e.TestProductionDeploymentE2E" name="test_multi_instance_deployment" time="0.158" /><testcase classname="tests.integration_tests.test_config_phase2_e2e.TestRealWorldWorkflowsE2E" name="test_complete_knowledge_graph_workflow" time="0.089" /><testcase classname="tests.integration_tests.test_config_phase2_e2e.TestRealWorldWorkflowsE2E" name="test_backup_and_recovery_workflow" time="0.107" /><testcase classname="tests.integration_tests.test_config_phase2_e2e.TestRealWorldWorkflowsE2E" name="test_configuration_change_workflow" time="0.121" /><testcase classname="tests.integration_tests.test_config_phase2_integration.TestDatabaseManagerDirectoryIntegration" name="test_pipeline_manager_integration_with_config" time="0.075" /><testcase classname="tests.integration_tests.test_config_phase2_integration.TestDatabaseManagerDirectoryIntegration" name="test_reference_manager_integration_with_config" time="0.075" /><testcase classname="tests.integration_tests.test_config_phase2_integration.TestDatabaseManagerDirectoryIntegration" name="test_all_managers_coexist_in_same_directory" time="0.102" /><testcase classname="tests.integration_tests.test_config_phase2_integration.TestDatabaseManagerDirectoryIntegration" name="test_proxy_manager_directory_creation_integration" time="10.026" /><testcase classname="tests.integration_tests.test_config_phase2_integration.TestDirectoryCreationWithFileSystemOperations" name="test_directory_creation_with_nested_paths" time="0.067" /><testcase classname="tests.integration_tests.test_config_phase2_integration.TestDirectoryCreationWithFileSystemOperations" name="test_directory_creation_with_relative_paths" time="0.052" /><testcase classname="tests.integration_tests.test_config_phase2_integration.TestDirectoryCreationWithFileSystemOperations" name="test_directory_permissions_after_creation" time="0.050" /><testcase classname="tests.integration_tests.test_config_phase2_integration.TestDirectoryCreationWithFileSystemOperations" name="test_concurrent_directory_creation" time="0.099" /><testcase classname="tests.integration_tests.test_config_phase2_integration.TestManagerInitializationSequencing" name="test_pipeline_manager_creates_dir_before_db_init" time="0.052" /><testcase classname="tests.integration_tests.test_config_phase2_integration.TestManagerInitializationSequencing" name="test_reference_manager_creates_dir_before_engine" time="0.044" /><testcase classname="tests.integration_tests.test_config_phase2_integration.TestFreshInstallationScenarios" name="test_fresh_install_with_default_config" time="0.141" /><testcase classname="tests.integration_tests.test_config_phase2_integration.TestFreshInstallationScenarios" name="test_fresh_install_creates_databases_successfully" time="0.094" /><testcase classname="tests.integration_tests.test_config_phase2_integration.TestFreshInstallationScenarios" name="test_fresh_install_with_custom_directory_structure" time="0.061" /><testcase classname="tests.integration_tests.test_config_phase2_integration.TestDatasetManagerDirectoryIntegration" name="test_dataset_manager_creates_custom_directory" time="0.006" /><testcase classname="tests.integration_tests.test_config_phase2_integration.TestDatasetManagerDirectoryIntegration" name="test_dataset_manager_with_nested_directory" time="0.007" /><testcase classname="tests.integration_tests.test_config_phase2_integration.TestDatasetManagerDirectoryIntegration" name="test_dataset_manager_integration_with_other_managers" time="0.067" /><testcase classname="tests.integration_tests.test_config_phase2_integration.TestErrorHandlingIntegration" name="test_invalid_path_handling" time="0.002" /><testcase classname="tests.integration_tests.test_config_phase2_integration.TestErrorHandlingIntegration" name="test_directory_cleanup_on_error" time="0.062" /><testcase classname="tests.integration_tests.test_domains_integration" name="test_create_and_get_domain" time="37.993" /><testcase classname="tests.integration_tests.test_domains_integration" name="test_list_domains" time="0.114" /><testcase classname="tests.integration_tests.test_domains_integration" name="test_update_domain" time="0.096" /><testcase classname="tests.integration_tests.test_domains_integration" name="test_delete_domain" time="0.085" /><testcase classname="tests.integration_tests.test_domains_integration" name="test_find_domain" time="0.104" /><testcase classname="tests.integration_tests.test_domains_integration" name="test_find_domain_invalid_created_at" time="0.002" /><testcase classname="tests.integration_tests.test_domains_integration" name="test_create_domain_invalid_layer_id" time="0.002" /><testcase classname="tests.integration_tests.test_domains_integration" name="test_domains_pagination" time="0.142" /><testcase classname="tests.integration_tests.test_event_processor_integration" name="test_integration_event_processor_end_to_end" time="5.387" /><testcase classname="tests.integration_tests.test_event_processor_integration" name="test_integration_event_processor_cleanup" time="0.030" /><testcase classname="tests.integration_tests.test_event_processor_integration" name="test_integration_event_processor_large_batch" time="5.707" /><testcase classname="tests.integration_tests.test_generic_pipeline_api.TestGenericPipelineAPIIntegration" name="test_execute_pipeline_endpoint_success" time="0.301" /><testcase classname="tests.integration_tests.test_generic_pipeline_api.TestGenericPipelineAPIIntegration" name="test_execute_pipeline_endpoint_validation_error" time="0.435" /><testcase classname="tests.integration_tests.test_generic_pipeline_api.TestGenericPipelineAPIIntegration" name="test_execute_pipeline_endpoint_context_too_large" time="0.172" /><testcase classname="tests.integration_tests.test_generic_pipeline_api.TestGenericPipelineAPIIntegration" name="test_execute_pipeline_streaming_endpoint_success" time="0.189" /><testcase classname="tests.integration_tests.test_generic_pipeline_api.TestGenericPipelineAPIIntegration" name="test_execute_pipeline_streaming_validation_error" time="0.174" /><testcase classname="tests.integration_tests.test_generic_pipeline_api.TestGenericPipelineAPIIntegration" name="test_execute_pipeline_different_pipeline_types" time="0.200" /><testcase classname="tests.integration_tests.test_generic_pipeline_api.TestGenericPipelineAPIIntegration" name="test_backward_compatibility_with_generic_implementation" time="0.213" /><testcase classname="tests.integration_tests.test_generic_pipeline_api.TestGenericPipelineAPIIntegration" name="test_error_handling_consistency" time="0.184" /><testcase classname="tests.integration_tests.test_generic_pipeline_api.TestGenericPipelineAPIIntegration" name="test_api_endpoint_documentation" time="0.337" /><testcase classname="tests.integration_tests.test_layers_integration" name="test_create_layer" time="0.038" /><testcase classname="tests.integration_tests.test_layers_integration" name="test_create_layer_duplicate_title" time="0.048" /><testcase classname="tests.integration_tests.test_layers_integration" name="test_get_layer" time="0.050" /><testcase classname="tests.integration_tests.test_layers_integration" name="test_get_layer_not_found" time="0.003" /><testcase classname="tests.integration_tests.test_layers_integration" name="test_list_layers" time="0.088" /><testcase classname="tests.integration_tests.test_layers_integration" name="test_update_layer" time="0.069" /><testcase classname="tests.integration_tests.test_layers_integration" name="test_update_layer_duplicate_title" time="0.082" /><testcase classname="tests.integration_tests.test_layers_integration" name="test_update_layer_not_found" time="0.003" /><testcase classname="tests.integration_tests.test_layers_integration" name="test_delete_layer" time="0.068" /><testcase classname="tests.integration_tests.test_layers_integration" name="test_delete_layer_not_found" time="0.003" /><testcase classname="tests.integration_tests.test_layers_integration" name="test_find_layer" time="0.087" /><testcase classname="tests.integration_tests.test_layers_integration" name="test_find_layer_invalid_created_at" time="0.004" /><testcase classname="tests.integration_tests.test_layers_integration" name="test_layers_pagination" time="0.162" /><testcase classname="tests.integration_tests.test_llm_traceability_integration.TestLLMTraceabilityIntegration" name="test_full_execution_tracking_flow" time="0.053" /><testcase classname="tests.integration_tests.test_llm_traceability_integration.TestLLMTraceabilityIntegration" name="test_selection_tracking_flow" time="0.054" /><testcase classname="tests.integration_tests.test_llm_traceability_integration.TestLLMTraceabilityIntegration" name="test_analytics_calculation" time="0.078" /><testcase classname="tests.integration_tests.test_llm_traceability_integration.TestLLMTraceabilityIntegration" name="test_pipeline_type_filtering" time="0.064" /><testcase classname="tests.integration_tests.test_llm_traceability_integration.TestLLMTraceabilityIntegration" name="test_error_scenarios" time="0.046" /><testcase classname="tests.integration_tests.test_llm_traceability_integration.TestLLMTraceabilityIntegration" name="test_concurrent_executions" time="0.062" /><testcase classname="tests.integration_tests.test_llm_traceability_integration.TestLLMTraceabilityIntegration" name="test_database_schema_creation" time="0.047" /><testcase classname="tests.integration_tests.test_llm_traceability_integration.TestLLMTraceabilityIntegration" name="test_get_execution_history_endpoint" time="0.079" /><testcase classname="tests.integration_tests.test_llm_traceability_integration.TestLLMTraceabilityIntegration" name="test_get_flavor_analytics_endpoint" time="0.086" /><testcase classname="tests.integration_tests.test_llm_traceability_integration.TestLLMTraceabilityIntegration" name="test_execution_details_endpoint_still_works" time="0.066" /><testcase classname="tests.integration_tests.test_move_integration" name="test_complete_domain_move_workflow" time="0.291" /><testcase classname="tests.integration_tests.test_move_integration" name="test_complex_term_hierarchy_move" time="0.364" /><testcase classname="tests.integration_tests.test_move_integration" name="test_safe_deletion_with_move_integration" time="0.354" /><testcase classname="tests.integration_tests.test_move_integration" name="test_cross_layer_term_move_integration" time="0.181" /><testcase classname="tests.integration_tests.test_move_integration" name="test_event_logging_for_moves" time="0.143" /><testcase classname="tests.integration_tests.test_move_integration" name="test_batch_operations_with_warnings" time="0.247" /><testcase classname="tests.integration_tests.test_nlp_integration" name="test_nlp_analysis_integration" time="0.337" /><testcase classname="tests.integration_tests.test_nlp_integration" name="test_nlp_analysis_success" time="0.330" /><testcase classname="tests.integration_tests.test_nlp_integration" name="test_nlp_analysis_empty_text" time="0.003" /><testcase classname="tests.integration_tests.test_nlp_integration" name="test_nlp_analysis_text_too_long" time="0.003" /><testcase classname="tests.integration_tests.test_nlp_integration" name="test_nlp_analysis_malformed_request" time="0.003" /><testcase classname="tests.integration_tests.test_nodes_api_integration.TestNodesAPICRUD" name="test_create_layer_success" time="0.055" /><testcase classname="tests.integration_tests.test_nodes_api_integration.TestNodesAPICRUD" name="test_create_domain_success" time="0.070" /><testcase classname="tests.integration_tests.test_nodes_api_integration.TestNodesAPICRUD" name="test_create_term_success" time="0.111" /><testcase classname="tests.integration_tests.test_nodes_api_integration.TestNodesAPICRUD" name="test_get_node_success" time="0.045" /><testcase classname="tests.integration_tests.test_nodes_api_integration.TestNodesAPICRUD" name="test_get_node_not_found" time="0.006" /><testcase classname="tests.integration_tests.test_nodes_api_integration.TestNodesAPICRUD" name="test_update_node_success" time="0.058" /><testcase classname="tests.integration_tests.test_nodes_api_integration.TestNodesAPICRUD" name="test_delete_node_success" time="0.048" /><testcase classname="tests.integration_tests.test_nodes_api_integration.TestNodesAPICRUD" name="test_delete_node_cascade" time="0.121" /><testcase classname="tests.integration_tests.test_nodes_api_integration.TestNodesAPIFiltering" name="test_list_nodes_no_filter" time="0.062" /><testcase classname="tests.integration_tests.test_nodes_api_integration.TestNodesAPIFiltering" name="test_list_nodes_filter_by_type" time="0.062" /><testcase classname="tests.integration_tests.test_nodes_api_integration.TestNodesAPIFiltering" name="test_list_nodes_filter_by_parent" time="0.091" /><testcase classname="tests.integration_tests.test_nodes_api_integration.TestNodesAPIFiltering" name="test_list_nodes_pagination" time="0.176" /><testcase classname="tests.integration_tests.test_nodes_api_integration.TestNodesAPIFiltering" name="test_list_nodes_sorting" time="0.061" /><testcase classname="tests.integration_tests.test_nodes_api_integration.TestNodesAPIValidation" name="test_create_layer_with_parent_fails" time="0.003" /><testcase classname="tests.integration_tests.test_nodes_api_integration.TestNodesAPIValidation" name="test_create_domain_without_parent_fails" time="0.003" /><testcase classname="tests.integration_tests.test_nodes_api_integration.TestNodesAPIValidation" name="test_create_term_without_parent_fails" time="0.003" /><testcase classname="tests.integration_tests.test_nodes_api_integration.TestNodesAPIValidation" name="test_create_domain_with_invalid_parent_type_fails" time="0.069" /><testcase classname="tests.integration_tests.test_nodes_api_integration.TestNodesAPIValidation" name="test_create_term_with_invalid_parent_type_fails" time="0.031" /><testcase classname="tests.integration_tests.test_nodes_api_integration.TestNodesAPIValidation" name="test_duplicate_layer_title_fails" time="0.034" /><testcase classname="tests.integration_tests.test_nodes_api_integration.TestNodesAPIValidation" name="test_duplicate_domain_title_within_layer_fails" time="0.061" /><testcase classname="tests.integration_tests.test_nodes_api_integration.TestNodesAPIValidation" name="test_duplicate_term_title_within_domain_fails" time="0.090" /><testcase classname="tests.integration_tests.test_nodes_api_integration.TestNodesAPICompleteFlow" name="test_complete_hierarchy_creation_and_management" time="0.171" /><testcase classname="tests.integration_tests.test_nodes_api_integration.TestNodesAPICompleteFlow" name="test_multiple_layers_with_domains" time="0.333" /><testcase classname="tests.integration_tests.test_nodes_api_integration.TestNodesAPIErrorHandling" name="test_invalid_node_type" time="0.002" /><testcase classname="tests.integration_tests.test_nodes_api_integration.TestNodesAPIErrorHandling" name="test_missing_required_fields" time="0.004" /><testcase classname="tests.integration_tests.test_nodes_api_integration.TestNodesAPIErrorHandling" name="test_invalid_uuid_format" time="0.004" /><testcase classname="tests.integration_tests.test_nodes_api_integration.TestNodesAPIErrorHandling" name="test_nonexistent_parent_reference" time="0.004" /><testcase classname="tests.integration_tests.test_nodes_api_integration.TestNodesAPIErrorHandling" name="test_update_nonexistent_node" time="0.004" /><testcase classname="tests.integration_tests.test_nodes_api_integration.TestNodesAPIErrorHandling" name="test_delete_nonexistent_node" time="0.004" /><testcase classname="tests.integration_tests.test_phase4_analytics_workflows.TestPhase4AnalyticsWorkflows" name="test_comprehensive_analytics_workflow" time="0.762" /><testcase classname="tests.integration_tests.test_phase4_analytics_workflows.TestPhase4AnalyticsWorkflows" name="test_trend_analysis_workflow" time="0.299" /><testcase classname="tests.integration_tests.test_phase4_analytics_workflows.TestPhase4AnalyticsWorkflows" name="test_incremental_sync_workflow" time="0.219" /><testcase classname="tests.integration_tests.test_phase4_analytics_workflows.TestPhase4AnalyticsWorkflows" name="test_collaboration_insights_workflow" time="0.468" /><testcase classname="tests.integration_tests.test_phase4_analytics_workflows.TestPhase4AnalyticsWorkflows" name="test_real_time_dashboard_workflow" time="0.227" /><testcase classname="tests.integration_tests.test_phase4_analytics_workflows.TestPhase4AnalyticsWorkflows" name="test_sync_optimization_workflow" time="0.178" /><testcase classname="tests.integration_tests.test_phase4_integration_tests.TestTC_I001_VectorSimilaritySearchAccuracy" name="test_known_queries_accuracy" time="0.333" /><testcase classname="tests.integration_tests.test_phase4_integration_tests.TestTC_I002_LinkRetrievalAndTraversal" name="test_retrieve_domain_includes_links" time="0.005" /><testcase classname="tests.integration_tests.test_phase4_integration_tests.TestTC_I002_LinkRetrievalAndTraversal" name="test_traverse_subclass_hierarchy" time="0.005" /><testcase classname="tests.integration_tests.test_phase4_integration_tests.TestTC_I003_MultiHopRelationshipQueries" name="test_find_properties_for_entity" time="0.006" /><testcase classname="tests.integration_tests.test_phase4_integration_tests.TestTC_I003_MultiHopRelationshipQueries" name="test_find_valid_types_for_property" time="0.005" /><testcase classname="tests.integration_tests.test_phase4_integration_tests.TestTC_I004_QueryPerformanceBenchmarks" name="test_search_performance" time="0.004" /><testcase classname="tests.integration_tests.test_phase4_integration_tests.TestTC_I004_QueryPerformanceBenchmarks" name="test_link_retrieval_performance" time="0.004" /><testcase classname="tests.integration_tests.test_phase4_integration_tests.TestTC_I005_KnownQueriesValidation" name="test_person_who_writes_books_query" time="0.007" /><testcase classname="tests.integration_tests.test_phase4_performance_tests.TestTC_P001_SearchPerformanceScaling" name="test_search_baseline_performance" time="1.085" /><testcase classname="tests.integration_tests.test_phase4_performance_tests.TestTC_P001_SearchPerformanceScaling" name="test_search_with_different_limits" time="0.060" /><testcase classname="tests.integration_tests.test_phase4_performance_tests.TestTC_P002_ConcurrentRequestHandling" name="test_concurrent_searches" time="0.100" /><testcase classname="tests.integration_tests.test_phase4_performance_tests.TestTC_P002_ConcurrentRequestHandling" name="test_concurrent_link_retrievals" time="0.117" /><testcase classname="tests.integration_tests.test_phase4_performance_tests.TestTC_P003_LargeResultSetPagination" name="test_pagination_performance" time="0.358" /><testcase classname="tests.integration_tests.test_phase4_performance_tests.TestTC_P003_LargeResultSetPagination" name="test_large_limit_performance" time="0.022" /><testcase classname="tests.integration_tests.test_phase4_regression_tests.TestBackwardCompatibility" name="test_entity_lookup_structure" time="0.110" /><testcase classname="tests.integration_tests.test_phase4_regression_tests.TestBackwardCompatibility" name="test_property_lookup_structure" time="0.006" /><testcase classname="tests.integration_tests.test_phase4_regression_tests.TestBackwardCompatibility" name="test_search_backward_compatibility" time="0.014" /><testcase classname="tests.integration_tests.test_phase4_regression_tests.TestBackwardCompatibility" name="test_error_handling_consistency" time="0.006" /><testcase classname="tests.integration_tests.test_phase4_regression_tests.TestBackwardCompatibility" name="test_performance_no_regression" time="0.017" /><testcase classname="tests.integration_tests.test_phase4_security_tests.TestTC_SEC001_SQLInjectionPrevention" name="test_predicate_filter_sql_injection" time="0.093" /><testcase classname="tests.integration_tests.test_phase4_security_tests.TestTC_SEC001_SQLInjectionPrevention" name="test_source_filter_sql_injection" time="0.006" /><testcase classname="tests.integration_tests.test_phase4_security_tests.TestTC_SEC002_HTTPSEnforcement" name="test_config_rejects_http_urls" time="0.001" /><testcase classname="tests.integration_tests.test_phase4_security_tests.TestTC_SEC003_WriteEndpointProtection" name="test_api_has_no_write_endpoints" time="0.013" /><testcase classname="tests.integration_tests.test_phase4_security_tests.TestTC_SEC004_ErrorMessageSanitization" name="test_error_responses_no_stack_traces" time="0.003" /><testcase classname="tests.integration_tests.test_phase4_security_tests.TestTC_SEC004_ErrorMessageSanitization" name="test_error_responses_no_sql_exposure" time="0.004" /><testcase classname="tests.integration_tests.test_phase4_security_tests.TestTC_SEC004_ErrorMessageSanitization" name="test_error_responses_no_path_exposure" time="0.007" /><testcase classname="tests.integration_tests.test_phase4_security_tests.TestTC_SEC004_ErrorMessageSanitization" name="test_error_logging_at_error_level" time="0.003" /><testcase classname="tests.integration_tests.test_phase4_security_tests.TestTC_SEC005_InputValidation" name="test_limit_parameter_validation" time="0.008" /><testcase classname="tests.integration_tests.test_phase4_security_tests.TestTC_SEC005_InputValidation" name="test_threshold_parameter_validation" time="0.008" /><testcase classname="tests.integration_tests.test_phase4_system_tests.TestTC_S001_EndToEndWorkflow" name="test_e2e_workflow_person_who_writes_books" time="0.117" /><testcase classname="tests.integration_tests.test_phase4_system_tests.TestTC_S002_HealthCheck" name="test_health_check_schema_validation" time="0.007" /><testcase classname="tests.integration_tests.test_phase4_system_tests.TestTC_S002_HealthCheck" name="test_health_check_healthy_status" time="0.007" /><testcase classname="tests.integration_tests.test_phase4_system_tests.TestTC_S002_HealthCheck" name="test_health_check_performance" time="0.008" /><testcase classname="tests.integration_tests.test_phase4_system_tests.TestTC_S002_HealthCheck" name="test_health_check_missing_database" time="0.046" /><testcase classname="tests.integration_tests.test_phase4_system_tests.TestTC_S003_APIContractValidation" name="test_search_api_response_schema" time="0.022" /><testcase classname="tests.integration_tests.test_phase4_system_tests.TestTC_S003_APIContractValidation" name="test_node_retrieval_api_schema" time="0.017" /><testcase classname="tests.integration_tests.test_phase4_system_tests.TestTC_S003_APIContractValidation" name="test_links_api_response_schema" time="0.019" /><testcase classname="tests.integration_tests.test_phase5_optimization_integration.TestPhase5OptimizationIntegration" name="test_materialized_view_creation_workflow" time="0.005" /><testcase classname="tests.integration_tests.test_phase5_optimization_integration.TestPhase5OptimizationIntegration" name="test_storage_lifecycle_policies_setup" time="0.004" /><testcase classname="tests.integration_tests.test_phase5_optimization_integration.TestPhase5OptimizationIntegration" name="test_automated_optimization_trigger" time="0.005" /><testcase classname="tests.integration_tests.test_phase5_optimization_integration.TestPhase5OptimizationIntegration" name="test_optimization_configuration_management" time="0.005" /><testcase classname="tests.integration_tests.test_pipeline_flavors_integration.TestPipelineFlavorAPI" name="test_create_flavor_endpoint_invalid_data" time="0.006" /><testcase classname="tests.integration_tests.test_pipeline_flavors_integration.TestPipelineFlavorAPI" name="test_get_flavor_by_id_not_found" time="0.005" /><testcase classname="tests.integration_tests.test_pipeline_flavors_integration.TestPipelineFlavorAPI" name="test_delete_flavor_not_found" time="0.004" /><testcase classname="tests.integration_tests.test_pipeline_flavors_integration.TestLLMStreamingEndpoints" name="test_streaming_term_definition_endpoint" time="0.005" /><testcase classname="tests.integration_tests.test_pipeline_flavors_integration.TestLLMStreamingEndpoints" name="test_streaming_term_definition_invalid_request" time="0.004" /><testcase classname="tests.integration_tests.test_pipeline_flavors_integration.TestLLMStreamingEndpoints" name="test_streaming_layer_definition_endpoint" time="0.004" /><testcase classname="tests.integration_tests.test_pipeline_flavors_integration.TestLLMStreamingEndpoints" name="test_streaming_domain_definition_endpoint" time="0.004" /><testcase classname="tests.integration_tests.test_pipeline_flavors_integration.TestAPIErrorHandling" name="test_invalid_json_request" time="0.003" /><testcase classname="tests.integration_tests.test_pipeline_flavors_integration.TestAPIErrorHandling" name="test_missing_required_fields" time="0.003" /><testcase classname="tests.integration_tests.test_pipeline_flavors_integration.TestAPIErrorHandling" name="test_invalid_pipeline_type" time="0.004" /><testcase classname="tests.integration_tests.test_pipeline_flavors_integration.TestAPIErrorHandling" name="test_invalid_llm_config_values" time="0.003" /><testcase classname="tests.integration_tests.test_predicates_integration.TestPredicateAPIIntegration" name="test_create_predicate_success" time="0.186" /><testcase classname="tests.integration_tests.test_predicates_integration.TestPredicateAPIIntegration" name="test_create_predicate_with_custom_identifier" time="0.133" /><testcase classname="tests.integration_tests.test_predicates_integration.TestPredicateAPIIntegration" name="test_create_predicate_duplicate_identifier" time="0.127" /><testcase classname="tests.integration_tests.test_predicates_integration.TestPredicateAPIIntegration" name="test_create_predicate_duplicate_title" time="0.226" /><testcase classname="tests.integration_tests.test_predicates_integration.TestPredicateAPIIntegration" name="test_create_predicate_validation_errors" time="0.179" /><testcase classname="tests.integration_tests.test_predicates_integration.TestPredicateAPIIntegration" name="test_get_predicate_by_id" time="0.205" /><testcase classname="tests.integration_tests.test_predicates_integration.TestPredicateAPIIntegration" name="test_get_predicate_not_found" time="0.192" /><testcase classname="tests.integration_tests.test_predicates_integration.TestPredicateAPIIntegration" name="test_get_predicate_by_identifier" time="0.155" /><testcase classname="tests.integration_tests.test_predicates_integration.TestPredicateAPIIntegration" name="test_get_predicate_by_identifier_not_found" time="0.121" /><testcase classname="tests.integration_tests.test_predicates_integration.TestPredicateAPIIntegration" name="test_list_predicates_default" time="0.206" /><testcase classname="tests.integration_tests.test_predicates_integration.TestPredicateAPIIntegration" name="test_list_predicates_pagination" time="0.295" /><testcase classname="tests.integration_tests.test_predicates_integration.TestPredicateAPIIntegration" name="test_list_predicates_sorting" time="0.162" /><testcase classname="tests.integration_tests.test_predicates_integration.TestPredicateAPIIntegration" name="test_list_predicates_invalid_sort" time="0.146" /><testcase classname="tests.integration_tests.test_predicates_integration.TestPredicateAPIIntegration" name="test_update_predicate_success" time="0.145" /><testcase classname="tests.integration_tests.test_predicates_integration.TestPredicateAPIIntegration" name="test_update_predicate_partial" time="0.131" /><testcase classname="tests.integration_tests.test_predicates_integration.TestPredicateAPIIntegration" name="test_update_predicate_not_found" time="0.153" /><testcase classname="tests.integration_tests.test_predicates_integration.TestPredicateAPIIntegration" name="test_update_predicate_duplicate_title" time="0.126" /><testcase classname="tests.integration_tests.test_predicates_integration.TestPredicateAPIIntegration" name="test_delete_predicate_success" time="0.203" /><testcase classname="tests.integration_tests.test_predicates_integration.TestPredicateAPIIntegration" name="test_delete_predicate_not_found" time="0.184" /><testcase classname="tests.integration_tests.test_predicates_integration.TestPredicateAPIIntegration" name="test_delete_predicate_with_references" time="0.198" /><testcase classname="tests.integration_tests.test_predicates_integration.TestPredicateAPIIntegration" name="test_api_error_handling" time="0.107" /><testcase classname="tests.integration_tests.test_predicates_integration.TestPredicateAPIIntegration" name="test_predicate_mapping_serialization" time="0.107" /><testcase classname="tests.integration_tests.test_predicates_integration.TestPredicateAPIIntegration" name="test_concurrent_predicate_creation" time="0.119" /><testcase classname="tests.integration_tests.test_proxy_monitoring" name="test_proxy_monitoring" time="0.002" /><testcase classname="tests.integration_tests.test_reference_api.TestReferenceAPIIntegration" name="test_health_endpoint" time="0.548" /><testcase classname="tests.integration_tests.test_reference_api.TestReferenceAPIIntegration" name="test_dbpedia_search_endpoint_success" time="0.019" /><testcase classname="tests.integration_tests.test_reference_api.TestReferenceAPIIntegration" name="test_dbpedia_search_endpoint_validation_error" time="0.014" /><testcase classname="tests.integration_tests.test_reference_api.TestReferenceAPIIntegration" name="test_dbpedia_resource_endpoint_success" time="0.016" /><testcase classname="tests.integration_tests.test_reference_api.TestReferenceAPIIntegration" name="test_dbpedia_sparql_endpoint_success" time="0.016" /><testcase classname="tests.integration_tests.test_reference_api.TestReferenceAPIIntegration" name="test_conceptnet_query_endpoint_success" time="0.016" /><testcase classname="tests.integration_tests.test_reference_api.TestReferenceAPIIntegration" name="test_conceptnet_concept_endpoint_success" time="0.016" /><testcase classname="tests.integration_tests.test_reference_api.TestReferenceAPIIntegration" name="test_conceptnet_related_endpoint_success" time="0.016" /><testcase classname="tests.integration_tests.test_reference_api.TestReferenceAPIIntegration" name="test_wikidata_sparql_endpoint_success" time="0.016" /><testcase classname="tests.integration_tests.test_reference_api.TestReferenceAPIIntegration" name="test_wikidata_entity_endpoint_success" time="0.015" /><testcase classname="tests.integration_tests.test_reference_api.TestReferenceAPIIntegration" name="test_schema_org_entity_endpoint_success" time="0.015" /><testcase classname="tests.integration_tests.test_reference_api.TestReferenceAPIIntegration" name="test_schema_org_property_endpoint_success" time="0.016" /><testcase classname="tests.integration_tests.test_reference_api.TestReferenceAPIIntegration" name="test_schema_org_search_endpoint_success" time="0.015" /><testcase classname="tests.integration_tests.test_reference_api.TestReferenceAPIIntegration" name="test_service_error_handling" time="0.015" /><testcase classname="tests.integration_tests.test_reference_api.TestReferenceAPIIntegration" name="test_source_unavailable_error_handling" time="0.016" /><testcase classname="tests.integration_tests.test_reference_api.TestReferenceAPIIntegration" name="test_reference_error_handling" time="0.016" /><testcase classname="tests.integration_tests.test_reference_api.TestReferenceAPIIntegration" name="test_unexpected_error_handling" time="0.015" /><testcase classname="tests.integration_tests.test_reference_api.TestReferenceAPIIntegration" name="test_health_endpoint_service_failure" time="0.015" /><testcase classname="tests.integration_tests.test_reference_api.TestReferenceAPIIntegration" name="test_endpoint_parameter_validation" time="0.017" /><testcase classname="tests.integration_tests.test_reference_api.TestReferenceAPIIntegration" name="test_missing_required_parameters" time="0.016" /><testcase classname="tests.integration_tests.test_reference_api.TestReferenceAPIIntegration" name="test_schema_org_search_type_validation" time="0.014" /><testcase classname="tests.integration_tests.test_reference_api.TestReferenceAPIIntegration" name="test_similarity_threshold_validation" time="0.015" /><testcase classname="tests.integration_tests.test_reference_api.TestReferenceAPIIntegration" name="test_multi_source_search_endpoint_success" time="0.017" /><testcase classname="tests.integration_tests.test_reference_api.TestReferenceAPIIntegration" name="test_multi_source_search_get_endpoint_success" time="0.015" /><testcase classname="tests.integration_tests.test_reference_api.TestReferenceAPIIntegration" name="test_multi_source_search_with_source_errors" time="0.015" /><testcase classname="tests.integration_tests.test_reference_api.TestReferenceAPIIntegration" name="test_multi_source_search_invalid_source" time="0.016" /><testcase classname="tests.integration_tests.test_reference_api.TestReferenceAPIIntegration" name="test_multi_source_search_validation_errors" time="0.016" /><testcase classname="tests.integration_tests.test_reference_api_proxy.TestReferenceAPIProxyIntegration" name="test_proxy_lifecycle_no_apis_enabled" time="0.001" /><testcase classname="tests.integration_tests.test_reference_api_proxy.TestReferenceAPIProxyIntegration" name="test_proxy_configuration_validation" time="0.001" /><testcase classname="tests.integration_tests.test_reference_api_proxy.TestReferenceAPIProxyIntegration" name="test_proxy_enabled_check" time="0.001" /><testcase classname="tests.integration_tests.test_reference_api_proxy.TestReferenceAPIProxyIntegration" name="test_proxy_restart_functionality" time="0.001" /><testcase classname="tests.integration_tests.test_reference_api_proxy.TestReferenceAPIProxyIntegration" name="test_config_update_scenarios" time="1.525" /><testcase classname="tests.integration_tests.test_reference_api_proxy.TestReferenceAPIProxyIntegration" name="test_error_handling_scenarios" time="0.007" /><testcase classname="tests.integration_tests.test_reference_api_proxy.TestReferenceAPIProxyIntegration" name="test_thread_safety" time="0.025" /><testcase classname="tests.integration_tests.test_reference_service.TestReferenceServiceRefactored" name="test_dbpedia_search_returns_normalized_response" time="0.020" /><testcase classname="tests.integration_tests.test_reference_service.TestReferenceServiceRefactored" name="test_conceptnet_query_returns_normalized_response" time="0.009" /><testcase classname="tests.integration_tests.test_reference_service.TestReferenceServiceRefactored" name="test_wikidata_sparql_returns_normalized_response" time="0.007" /><testcase classname="tests.integration_tests.test_reference_service.TestReferenceServiceRefactored" name="test_schema_org_search_returns_normalized_response" time="0.005" /><testcase classname="tests.integration_tests.test_reference_service.TestReferenceServiceRefactored" name="test_multi_source_search_integration" time="0.014" /><testcase classname="tests.integration_tests.test_reference_service.TestReferenceServiceRefactored" name="test_error_handling_integration" time="0.004" /><testcase classname="tests.integration_tests.test_reference_service.TestReferenceServiceRefactored" name="test_parallel_source_execution" time="0.109" /><testcase classname="tests.integration_tests.test_reference_service.TestReferenceServiceRefactored" name="test_backwards_compatibility_legacy_methods" time="0.004" /><testcase classname="tests.integration_tests.test_reference_service.TestReferenceServiceRefactored" name="test_cross_reference_discovery_integration" time="0.007" /><testcase classname="tests.integration_tests.test_reference_service.TestReferenceServiceRefactored" name="test_service_components_integration" time="0.001" /><testcase classname="tests.integration_tests.test_s3_sync_integration.TestS3SyncIntegration" name="test_sync_status_endpoint" time="0.004" /><testcase classname="tests.integration_tests.test_schema_org_importer.TestSchemaOrgImporterDownload" name="test_download_success" time="0.059" /><testcase classname="tests.integration_tests.test_schema_org_importer.TestSchemaOrgImporterDownload" name="test_download_with_retry_success_on_second_attempt" time="1.065" /><testcase classname="tests.integration_tests.test_schema_org_importer.TestSchemaOrgImporterDownload" name="test_download_failure_after_retries" time="3.057" /><testcase classname="tests.integration_tests.test_schema_org_importer.TestSchemaOrgImporterDownload" name="test_download_rejects_non_https_url" time="0.001" /><testcase classname="tests.integration_tests.test_schema_org_importer.TestSchemaOrgImporterParsing" name="test_parse_jsonld_success" time="0.051" /><testcase classname="tests.integration_tests.test_schema_org_importer.TestSchemaOrgImporterParsing" name="test_parse_invalid_json" time="0.048" /><testcase classname="tests.integration_tests.test_schema_org_importer.TestSchemaOrgImporterEmbeddings" name="test_generate_embeddings_batch" time="0.062" /><testcase classname="tests.integration_tests.test_schema_org_importer.TestSchemaOrgImporterEmbeddings" name="test_embedding_generation_failure_collected" time="0.040" /><testcase classname="tests.integration_tests.test_schema_org_importer.TestSchemaOrgImporterTransactions" name="test_node_insertion_transaction" time="0.050" /><testcase classname="tests.integration_tests.test_schema_org_importer.TestSchemaOrgImporterTransactions" name="test_transaction_rollback_on_failure" time="0.051" /><testcase classname="tests.integration_tests.test_schema_org_importer.TestSchemaOrgImporterVectorTables" name="test_vec_table_creation" time="0.064" /><testcase classname="tests.integration_tests.test_schema_org_importer.TestSchemaOrgImporterVectorTables" name="test_vec_table_populated_atomically" time="0.069" /><testcase classname="tests.integration_tests.test_schema_org_importer.TestSchemaOrgImporterRelationships" name="test_extract_subclass_relationships" time="0.031" /><testcase classname="tests.integration_tests.test_schema_org_importer.TestSchemaOrgImporterRelationships" name="test_extract_domain_range_relationships" time="0.052" /><testcase classname="tests.integration_tests.test_schema_org_importer.TestSchemaOrgImporterRelationships" name="test_relationship_metadata_stored" time="0.018" /><testcase classname="tests.integration_tests.test_schema_org_importer.TestSchemaOrgImporterLockFile" name="test_lock_file_prevents_concurrent_import" time="0.040" /><testcase classname="tests.integration_tests.test_schema_org_importer.TestSchemaOrgImporterLockFile" name="test_successful_import_removes_lock" time="0.041" /><testcase classname="tests.integration_tests.test_schema_org_importer.TestSchemaOrgImporterLockFile" name="test_stale_lock_file_detected" time="0.005" /><testcase classname="tests.integration_tests.test_schema_org_importer.TestSchemaOrgImporterIdempotency" name="test_import_can_rerun_after_failure" time="0.187" /><testcase classname="tests.integration_tests.test_schema_org_importer.TestSchemaOrgImporterPerformance" name="test_import_completes_in_time" time="0.001" /><testcase classname="tests.integration_tests.test_schema_org_importer.TestSchemaOrgImporterPerformance" name="test_memory_usage_stays_under_limit" time="0.001" /><testcase classname="tests.integration_tests.test_service_factory_integration.TestServiceFactoryIntegration" name="test_database_manager_with_service_factory" time="0.002" /><testcase classname="tests.integration_tests.test_service_factory_integration.TestServiceFactoryIntegration" name="test_service_factory_error_handling_integration" time="0.003" /><testcase classname="tests.integration_tests.test_service_factory_integration.TestNewIntegrationTestTemplate" name="test_new_feature_with_service_factory" time="0.001" /><testcase classname="tests.integration_tests.test_sqlite_vec_load" name="test_sqlite_vec_extension_loads" time="0.623" /><testcase classname="tests.integration_tests.test_terms_integration" name="test_delete_term_not_found" time="0.003" /><testcase classname="tests.integration_tests.test_terms_integration" name="test_find_term_invalid_created_at" time="0.004" /><testcase classname="tests.integration_tests.test_vector_search_api.TestVectorSearchAPI" name="test_search_endpoint_basic" time="0.083" /><testcase classname="tests.integration_tests.test_vector_search_api.TestVectorSearchAPI" name="test_search_endpoint_with_source_filter" time="0.013" /><testcase classname="tests.integration_tests.test_vector_search_api.TestVectorSearchAPI" name="test_search_endpoint_threshold_validation" time="0.002" /><testcase classname="tests.integration_tests.test_vector_search_api.TestVectorSearchAPI" name="test_search_endpoint_limit_validation" time="0.002" /><testcase classname="tests.integration_tests.test_vector_search_api.TestVectorSearchAPI" name="test_search_endpoint_empty_query" time="0.001" /><testcase classname="tests.integration_tests.test_vector_search_api.TestVectorSearchAPI" name="test_search_endpoint_includes_similarity_scores" time="0.013" /><testcase classname="tests.integration_tests.test_vector_search_api.TestVectorSearchAPI" name="test_search_endpoint_fails_fast_on_error" time="0.003" /><testcase classname="tests.integration_tests.test_vector_search_api.TestNodeRetrievalAPI" name="test_get_node_by_id" time="0.007" /><testcase classname="tests.integration_tests.test_vector_search_api.TestNodeRetrievalAPI" name="test_get_node_not_found" time="0.005" /><testcase classname="tests.integration_tests.test_vector_search_api.TestLinkRetrievalAPI" name="test_get_outbound_links" time="0.006" /><testcase classname="tests.integration_tests.test_vector_search_api.TestLinkRetrievalAPI" name="test_get_inbound_links" time="0.006" /><testcase classname="tests.integration_tests.test_vector_search_api.TestLinkRetrievalAPI" name="test_get_both_direction_links" time="0.006" /><testcase classname="tests.integration_tests.test_vector_search_api.TestLinkRetrievalAPI" name="test_get_links_with_predicate_filter" time="0.006" /><testcase classname="tests.integration_tests.test_vector_search_api.TestLinkRetrievalAPI" name="test_get_links_with_limit" time="0.006" /><testcase classname="tests.integration_tests.test_vector_search_api.TestLinkRetrievalAPI" name="test_get_links_node_not_found" time="0.006" /><testcase classname="tests.integration_tests.test_vector_search_api.TestLinkRetrievalAPI" name="test_get_links_invalid_direction" time="0.006" /><testcase classname="tests.integration_tests.test_vector_search_api.TestLinkRetrievalAPI" name="test_get_links_ordered_by_created_at" time="0.007" /><testcase classname="tests.integration_tests.test_vector_search_e2e.TestSemanticDiscoveryWorkflow" name="test_search_and_explore_workflow" time="0.096" /><testcase classname="tests.integration_tests.test_vector_search_e2e.TestSemanticDiscoveryWorkflow" name="test_graph_traversal_workflow" time="0.022" /><testcase classname="tests.integration_tests.test_vector_search_e2e.TestSemanticDiscoveryWorkflow" name="test_reverse_relationship_discovery" time="0.006" /><testcase classname="tests.integration_tests.test_vector_search_e2e.TestErrorRecoveryWorkflows" name="test_search_with_no_results" time="0.007" /><testcase classname="tests.integration_tests.test_vector_search_e2e.TestErrorRecoveryWorkflows" name="test_invalid_node_id_graceful_failure" time="0.010" /><testcase classname="tests.integration_tests.test_vector_search_e2e.TestErrorRecoveryWorkflows" name="test_node_with_no_links" time="0.014" /><testcase classname="tests.integration_tests.test_vector_search_e2e.TestPerformanceWorkflows" name="test_search_performance_is_acceptable" time="0.007" /><testcase classname="tests.integration_tests.test_vector_search_e2e.TestPerformanceWorkflows" name="test_link_retrieval_performance" time="0.008" /><testcase classname="tests.integration_tests.test_vector_search_integration.TestVectorSearchAccuracy" name="test_known_queries_accuracy" time="0.581" /><testcase classname="tests.integration_tests.test_vector_search_integration.TestVectorSearchAccuracy" name="test_threshold_filtering_accuracy" time="0.023" /><testcase classname="tests.integration_tests.test_vector_search_integration.TestVectorSearchPerformance" name="test_search_performance_under_50ms" time="0.077" /><testcase classname="tests.integration_tests.test_vector_search_integration.TestVectorSearchPerformance" name="test_search_fails_fast_on_error" time="0.002" /><testcase classname="tests.integration_tests.test_version_management_api_integration.TestVersionManagementAPI" name="test_version_management_health" time="6.197" /><testcase classname="tests.integration_tests.test_version_management_api_integration.TestVersionManagementAPI" name="test_error_handling" time="6.155" /><testcase classname="tests.integration_tests.test_version_management_practical_integration.TestVersionManagementPracticalAPI" name="test_health_endpoint" time="0.013" /><testcase classname="tests.integration_tests.test_version_management_practical_integration.TestVersionManagementPracticalAPI" name="test_invalid_requests" time="0.022" /><testcase classname="tests.integration_tests.test_version_management_practical_integration.TestVersionManagementPracticalAPI" name="test_stage_operations_invalid_data" time="0.016" /><testcase classname="tests.integration_tests.test_version_management_practical_integration.TestVersionManagementPracticalAPI" name="test_rollback_invalid_data" time="0.004" /><testcase classname="tests.integration_tests.test_version_management_practical_integration.TestVersionManagementPracticalAPI" name="test_diff_comparison_invalid_data" time="0.005" /><testcase classname="tests.integration_tests.test_version_management_practical_integration.TestVersionManagementPracticalAPI" name="test_content_type_headers" time="0.003" /><testcase classname="tests.integration_tests.test_version_management_practical_integration.TestVersionManagementPracticalAPI" name="test_cors_headers" time="0.043" /></testsuite></testsuites>