<?xml version="1.0" encoding="utf-8"?><testsuites name="pytest tests"><testsuite name="pytest" errors="100" failures="8" skipped="6" tests="857" time="51.998" timestamp="2025-10-16T10:27:18.146981+00:00" hostname="b808f84b5f03"><testcase classname="tests.unit_tests.test_aggregators.TestResultAggregator" name="test_deduplicate_nodes_success" time="0.234" /><testcase classname="tests.unit_tests.test_aggregators.TestResultAggregator" name="test_deduplicate_nodes_empty_list" time="0.001" /><testcase classname="tests.unit_tests.test_aggregators.TestResultAggregator" name="test_deduplicate_links_success" time="0.001" /><testcase classname="tests.unit_tests.test_aggregators.TestResultAggregator" name="test_deduplicate_links_invalid_nodes_filtered" time="0.001" /><testcase classname="tests.unit_tests.test_aggregators.TestResultAggregator" name="test_discover_cross_references_success" time="0.001" /><testcase classname="tests.unit_tests.test_aggregators.TestResultAggregator" name="test_discover_cross_references_no_matches" time="0.001" /><testcase classname="tests.unit_tests.test_aggregators.TestResultAggregator" name="test_discover_cross_references_same_source" time="0.001" /><testcase classname="tests.unit_tests.test_aggregators.TestResultAggregator" name="test_merge_responses_success" time="0.001" /><testcase classname="tests.unit_tests.test_aggregators.TestResultAggregator" name="test_merge_responses_empty_list" time="0.001" /><testcase classname="tests.unit_tests.test_aggregators.TestResultAggregator" name="test_aggregate_source_results_success" time="0.001" /><testcase classname="tests.unit_tests.test_aggregators.TestResultAggregator" name="test_normalize_title_success" time="0.001" /><testcase classname="tests.unit_tests.test_aggregators.TestResultAggregator" name="test_calculate_title_similarity_success" time="0.001" /><testcase classname="tests.unit_tests.test_aggregators.TestResultAggregator" name="test_cross_reference_confidence_threshold" time="0.001" /><testcase classname="tests.unit_tests.test_aggregators.TestResultAggregator" name="test_complex_aggregation_with_cross_references" time="0.001" /><testcase classname="tests.unit_tests.test_batch_operation_processor.TestBatchOperationProcessor" name="test_processor_initialization" time="0.002" /><testcase classname="tests.unit_tests.test_batch_operation_processor.TestBatchOperationProcessor" name="test_batch_create_versions" time="0.003" /><testcase classname="tests.unit_tests.test_batch_operation_processor.TestBatchOperationProcessor" name="test_batch_merge_changes" time="0.002" /><testcase classname="tests.unit_tests.test_batch_operation_processor.TestBatchOperationProcessor" name="test_parallel_processing_optimization" time="1.073" /><testcase classname="tests.unit_tests.test_batch_operation_processor.TestBatchOperationProcessor" name="test_batch_size_optimization" time="0.130" /><testcase classname="tests.unit_tests.test_batch_operation_processor.TestBatchOperationProcessor" name="test_error_handling_and_recovery" time="0.003" /><testcase classname="tests.unit_tests.test_batch_operation_processor.TestBatchOperationProcessor" name="test_checkpoint_creation" time="0.003" /><testcase classname="tests.unit_tests.test_batch_operation_processor.TestBatchOperationProcessor" name="test_checkpoint_restoration" time="0.003" /><testcase classname="tests.unit_tests.test_batch_operation_processor.TestBatchOperationProcessor" name="test_performance_metrics_collection" time="0.003" /><testcase classname="tests.unit_tests.test_batch_operation_processor.TestBatchOperationProcessor" name="test_get_performance_statistics" time="0.004" /><testcase classname="tests.unit_tests.test_batch_operation_processor.TestBatchOperationProcessor" name="test_memory_optimization" time="0.050" /><testcase classname="tests.unit_tests.test_batch_operation_processor.TestBatchOperationProcessor" name="test_batch_operation_cancellation" time="0.102" /><testcase classname="tests.unit_tests.test_batch_operation_processor.TestBatchOperationProcessor" name="test_data_validation" time="0.002" /><testcase classname="tests.unit_tests.test_batch_operation_processor.TestBatchOperationProcessor" name="test_transaction_management" time="0.004" /><testcase classname="tests.unit_tests.test_batch_operation_processor.TestBatchOperationProcessor" name="test_concurrent_batch_operations" time="0.007" /><testcase classname="tests.unit_tests.test_batch_operation_processor.TestBatchOperationProcessor" name="test_resource_cleanup" time="0.004" /><testcase classname="tests.unit_tests.test_batch_operation_processor.TestBatchOperationProcessor" name="test_adaptive_batch_sizing" time="1.055" /><testcase classname="tests.unit_tests.test_batch_operation_processor.TestBatchOperationResult" name="test_result_initialization" time="0.001" /><testcase classname="tests.unit_tests.test_batch_operation_processor.TestBatchOperationResult" name="test_success_rate_calculation" time="0.001" /><testcase classname="tests.unit_tests.test_batch_operation_processor.TestBatchOperationError" name="test_error_initialization" time="0.001" /><testcase classname="tests.unit_tests.test_batch_operation_processor.TestBatchOperationError" name="test_error_types" time="0.001" /><testcase classname="tests.unit_tests.test_batch_operation_processor.TestSystemCheckpoint" name="test_checkpoint_initialization" time="0.001" /><testcase classname="tests.unit_tests.test_batch_operation_processor.TestSystemCheckpoint" name="test_checkpoint_age_calculation" time="0.001" /><testcase classname="tests.unit_tests.test_change_event_handler" name="test_change_event_creation_with_record_type_enum" time="0.532"><error message="failed on setup with &quot;RuntimeError: Failed to apply migrations to test database&quot;">/home/orchestrator/.local/lib/python3.11/site-packages/pytest_asyncio/plugin.py:733: in pytest_fixture_setup
    return (yield)
            ^^^^^
tests/conftest.py:384: in shared_app
    engine, session_local, db_path = create_test_database_with_migrations()
                                     ^^^^^^^^^^^^^^^^^^^^^^^^^^^^^^^^^^^^^^
tests/conftest.py:73: in create_test_database_with_migrations
    raise RuntimeError("Failed to apply migrations to test database")
E   RuntimeError: Failed to apply migrations to test database</error></testcase><testcase classname="tests.unit_tests.test_change_event_handler" name="test_change_event_update_with_record_type_enum" time="0.000"><error message="failed on setup with &quot;RuntimeError: Failed to apply migrations to test database&quot;">tests/conftest.py:384: in shared_app
    engine, session_local, db_path = create_test_database_with_migrations()
                                     ^^^^^^^^^^^^^^^^^^^^^^^^^^^^^^^^^^^^^^
tests/conftest.py:73: in create_test_database_with_migrations
    raise RuntimeError("Failed to apply migrations to test database")
E   RuntimeError: Failed to apply migrations to test database</error></testcase><testcase classname="tests.unit_tests.test_change_event_handler" name="test_change_event_delete_with_record_type_enum" time="0.000"><error message="failed on setup with &quot;RuntimeError: Failed to apply migrations to test database&quot;">tests/conftest.py:384: in shared_app
    engine, session_local, db_path = create_test_database_with_migrations()
                                     ^^^^^^^^^^^^^^^^^^^^^^^^^^^^^^^^^^^^^^
tests/conftest.py:73: in create_test_database_with_migrations
    raise RuntimeError("Failed to apply migrations to test database")
E   RuntimeError: Failed to apply migrations to test database</error></testcase><testcase classname="tests.unit_tests.test_change_event_handler" name="test_get_events_for_record" time="0.000"><error message="failed on setup with &quot;RuntimeError: Failed to apply migrations to test database&quot;">tests/conftest.py:384: in shared_app
    engine, session_local, db_path = create_test_database_with_migrations()
                                     ^^^^^^^^^^^^^^^^^^^^^^^^^^^^^^^^^^^^^^
tests/conftest.py:73: in create_test_database_with_migrations
    raise RuntimeError("Failed to apply migrations to test database")
E   RuntimeError: Failed to apply migrations to test database</error></testcase><testcase classname="tests.unit_tests.test_change_event_handler" name="test_get_events_for_record_with_limit" time="0.000"><error message="failed on setup with &quot;RuntimeError: Failed to apply migrations to test database&quot;">tests/conftest.py:384: in shared_app
    engine, session_local, db_path = create_test_database_with_migrations()
                                     ^^^^^^^^^^^^^^^^^^^^^^^^^^^^^^^^^^^^^^
tests/conftest.py:73: in create_test_database_with_migrations
    raise RuntimeError("Failed to apply migrations to test database")
E   RuntimeError: Failed to apply migrations to test database</error></testcase><testcase classname="tests.unit_tests.test_change_event_handler" name="test_get_unprocessed_events_filtered_by_record_type" time="0.000"><error message="failed on setup with &quot;RuntimeError: Failed to apply migrations to test database&quot;">tests/conftest.py:384: in shared_app
    engine, session_local, db_path = create_test_database_with_migrations()
                                     ^^^^^^^^^^^^^^^^^^^^^^^^^^^^^^^^^^^^^^
tests/conftest.py:73: in create_test_database_with_migrations
    raise RuntimeError("Failed to apply migrations to test database")
E   RuntimeError: Failed to apply migrations to test database</error></testcase><testcase classname="tests.unit_tests.test_change_event_handler" name="test_predicate_event_creation" time="0.000"><error message="failed on setup with &quot;RuntimeError: Failed to apply migrations to test database&quot;">tests/conftest.py:384: in shared_app
    engine, session_local, db_path = create_test_database_with_migrations()
                                     ^^^^^^^^^^^^^^^^^^^^^^^^^^^^^^^^^^^^^^
tests/conftest.py:73: in create_test_database_with_migrations
    raise RuntimeError("Failed to apply migrations to test database")
E   RuntimeError: Failed to apply migrations to test database</error></testcase><testcase classname="tests.unit_tests.test_change_event_handler" name="test_structure_node_event_creation" time="0.000"><error message="failed on setup with &quot;RuntimeError: Failed to apply migrations to test database&quot;">tests/conftest.py:384: in shared_app
    engine, session_local, db_path = create_test_database_with_migrations()
                                     ^^^^^^^^^^^^^^^^^^^^^^^^^^^^^^^^^^^^^^
tests/conftest.py:73: in create_test_database_with_migrations
    raise RuntimeError("Failed to apply migrations to test database")
E   RuntimeError: Failed to apply migrations to test database</error></testcase><testcase classname="tests.unit_tests.test_change_event_handler" name="test_event_creation_with_enum_validation" time="0.000"><error message="failed on setup with &quot;RuntimeError: Failed to apply migrations to test database&quot;">tests/conftest.py:384: in shared_app
    engine, session_local, db_path = create_test_database_with_migrations()
                                     ^^^^^^^^^^^^^^^^^^^^^^^^^^^^^^^^^^^^^^
tests/conftest.py:73: in create_test_database_with_migrations
    raise RuntimeError("Failed to apply migrations to test database")
E   RuntimeError: Failed to apply migrations to test database</error></testcase><testcase classname="tests.unit_tests.test_change_event_handler" name="test_mark_event_processed" time="0.000"><error message="failed on setup with &quot;RuntimeError: Failed to apply migrations to test database&quot;">tests/conftest.py:384: in shared_app
    engine, session_local, db_path = create_test_database_with_migrations()
                                     ^^^^^^^^^^^^^^^^^^^^^^^^^^^^^^^^^^^^^^
tests/conftest.py:73: in create_test_database_with_migrations
    raise RuntimeError("Failed to apply migrations to test database")
E   RuntimeError: Failed to apply migrations to test database</error></testcase><testcase classname="tests.unit_tests.test_change_event_handler" name="test_get_event_stats" time="0.000"><error message="failed on setup with &quot;RuntimeError: Failed to apply migrations to test database&quot;">tests/conftest.py:384: in shared_app
    engine, session_local, db_path = create_test_database_with_migrations()
                                     ^^^^^^^^^^^^^^^^^^^^^^^^^^^^^^^^^^^^^^
tests/conftest.py:73: in create_test_database_with_migrations
    raise RuntimeError("Failed to apply migrations to test database")
E   RuntimeError: Failed to apply migrations to test database</error></testcase><testcase classname="tests.unit_tests.test_change_event_handler" name="test_normalized_structure_node_events" time="0.000"><error message="failed on setup with &quot;RuntimeError: Failed to apply migrations to test database&quot;">tests/conftest.py:384: in shared_app
    engine, session_local, db_path = create_test_database_with_migrations()
                                     ^^^^^^^^^^^^^^^^^^^^^^^^^^^^^^^^^^^^^^
tests/conftest.py:73: in create_test_database_with_migrations
    raise RuntimeError("Failed to apply migrations to test database")
E   RuntimeError: Failed to apply migrations to test database</error></testcase><testcase classname="tests.unit_tests.test_change_extractor.TestChangeExtractor" name="test_extract_pending_changes" time="0.001" /><testcase classname="tests.unit_tests.test_change_extractor.TestChangeExtractor" name="test_create_change_dataframe" time="0.004" /><testcase classname="tests.unit_tests.test_changeset_manager.TestChangesetManager" name="test_initialization" time="0.002" /><testcase classname="tests.unit_tests.test_changeset_manager.TestChangesetManager" name="test_create_changeset_success" time="0.003" /><testcase classname="tests.unit_tests.test_changeset_manager.TestChangesetManager" name="test_create_changeset_no_changes" time="0.002" /><testcase classname="tests.unit_tests.test_changeset_manager.TestChangesetManager" name="test_create_changeset_invalid_input" time="0.002" /><testcase classname="tests.unit_tests.test_changeset_manager.TestChangesetManager" name="test_get_changeset_success" time="0.002" /><testcase classname="tests.unit_tests.test_changeset_manager.TestChangesetManager" name="test_get_changeset_not_found" time="0.002" /><testcase classname="tests.unit_tests.test_changeset_manager.TestChangesetManager" name="test_list_changesets_with_filters" time="0.002" /><testcase classname="tests.unit_tests.test_changeset_manager.TestChangesetManager" name="test_update_changeset_success" time="0.002" /><testcase classname="tests.unit_tests.test_changeset_manager.TestChangesetManager" name="test_update_changeset_not_found" time="0.002" /><testcase classname="tests.unit_tests.test_changeset_manager.TestChangesetManager" name="test_update_changeset_no_updates" time="0.002" /><testcase classname="tests.unit_tests.test_changeset_manager.TestChangesetManager" name="test_delete_changeset_success" time="0.002" /><testcase classname="tests.unit_tests.test_changeset_manager.TestChangesetManager" name="test_delete_changeset_invalid_state" time="0.002" /><testcase classname="tests.unit_tests.test_changeset_manager.TestChangesetManager" name="test_delete_changeset_not_found" time="0.002" /><testcase classname="tests.unit_tests.test_changeset_manager.TestChangesetManager" name="test_update_changeset_state_success" time="0.002" /><testcase classname="tests.unit_tests.test_changeset_manager.TestChangesetManager" name="test_push_changeset_to_s3_success" time="0.002" /><testcase classname="tests.unit_tests.test_changeset_manager.TestChangesetManager" name="test_push_changeset_to_s3_not_found" time="0.002" /><testcase classname="tests.unit_tests.test_changeset_manager.TestChangesetManager" name="test_push_changeset_to_s3_failure" time="0.002" /><testcase classname="tests.unit_tests.test_changeset_manager.TestChangesetManager" name="test_get_changeset_versions" time="0.002" /><testcase classname="tests.unit_tests.test_changeset_manager.TestChangesetManager" name="test_generate_branch_name" time="0.002" /><testcase classname="tests.unit_tests.test_changeset_manager.TestChangesetManager" name="test_database_transaction_rollback_on_error" time="0.002" /><testcase classname="tests.unit_tests.test_config_phase1.TestSchemaOrgPathRemoval" name="test_schema_org_path_removed_from_database_config" time="0.001" /><testcase classname="tests.unit_tests.test_config_phase1.TestSchemaOrgPathRemoval" name="test_backward_compatibility_with_deprecated_field" time="0.001" /><testcase classname="tests.unit_tests.test_config_phase1.TestSchemaOrgPathRemoval" name="test_config_validation_passes" time="0.001" /><testcase classname="tests.unit_tests.test_config_phase1.TestSchemaOrgPathRemoval" name="test_config_file_loading_from_project_root" time="0.001" /><testcase classname="tests.unit_tests.test_config_phase1.TestSchemaOrgPathRemoval" name="test_config_save_and_reload_cycle" time="0.009" /><testcase classname="tests.unit_tests.test_config_phase1.TestSchemaOrgPathRemoval" name="test_default_database_config_values" time="0.001" /><testcase classname="tests.unit_tests.test_config_phase1.TestSchemaOrgPathRemoval" name="test_config_with_multiple_deprecated_fields" time="0.001" /><testcase classname="tests.unit_tests.test_config_phase1.TestSchemaOrgPathRemoval" name="test_empty_config_uses_defaults" time="0.001" /><testcase classname="tests.unit_tests.test_configuration" name="test_environment_variables" time="0.001" /><testcase classname="tests.unit_tests.test_configuration" name="test_configuration_schema" time="0.002" /><testcase classname="tests.unit_tests.test_configuration" name="test_field_validation" time="0.002" /><testcase classname="tests.unit_tests.test_configuration" name="test_field_descriptions" time="0.001" /><testcase classname="tests.unit_tests.test_configuration" name="test_integration_with_existing_config" time="0.002" /><testcase classname="tests.unit_tests.test_configuration" name="test_environment_override" time="0.002" /><testcase classname="tests.unit_tests.test_configuration_api.TestConfigurationAPI" name="test_get_full_configuration" time="0.171" /><testcase classname="tests.unit_tests.test_configuration_api.TestConfigurationAPI" name="test_get_specific_configuration_value" time="0.132" /><testcase classname="tests.unit_tests.test_configuration_api.TestConfigurationAPI" name="test_get_nested_configuration_value" time="0.133" /><testcase classname="tests.unit_tests.test_configuration_api.TestConfigurationAPI" name="test_get_nonexistent_configuration_value" time="0.426" /><testcase classname="tests.unit_tests.test_configuration_api.TestConfigurationAPI" name="test_patch_configuration_value" time="0.206" /><testcase classname="tests.unit_tests.test_configuration_api.TestConfigurationAPI" name="test_patch_invalid_configuration_path" time="0.190" /><testcase classname="tests.unit_tests.test_configuration_api.TestConfigurationAPI" name="test_patch_invalid_configuration_value_type" time="0.129" /><testcase classname="tests.unit_tests.test_configuration_api.TestConfigurationAPI" name="test_configuration_validation_endpoint" time="0.129" /><testcase classname="tests.unit_tests.test_configuration_api.TestConfigurationAPI" name="test_configuration_schema_endpoint" time="0.139" /><testcase classname="tests.unit_tests.test_configuration_api.TestConfigurationAPI" name="test_configuration_reload_endpoint" time="0.133" /><testcase classname="tests.unit_tests.test_configuration_api.TestConfigurationAPI" name="test_configuration_reset_endpoint" time="0.133" /><testcase classname="tests.unit_tests.test_configuration_api.TestConfigurationAPI" name="test_patch_request_validation" time="0.347" /><testcase classname="tests.unit_tests.test_configuration_api.TestConfigurationAPI" name="test_configuration_endpoint_error_handling" time="0.157" /><testcase classname="tests.unit_tests.test_configuration_notifications.TestConfigurationNotifications" name="test_global_listener_notifications" time="0.202" /><testcase classname="tests.unit_tests.test_configuration_notifications.TestConfigurationNotifications" name="test_path_specific_listeners" time="0.205" /><testcase classname="tests.unit_tests.test_configuration_notifications.TestConfigurationNotifications" name="test_mixed_sync_async_listeners" time="0.104" /><testcase classname="tests.unit_tests.test_configuration_notifications.TestConfigurationNotifications" name="test_notification_error_handling" time="0.107" /><testcase classname="tests.unit_tests.test_configuration_notifications.TestConfigurationNotifications" name="test_notifier_initialization" time="0.004" /><testcase classname="tests.unit_tests.test_configuration_notifications.TestConfigurationNotifications" name="test_listener_registration" time="0.004" /><testcase classname="tests.unit_tests.test_configuration_notifications.TestConfigurationNotifications" name="test_config_manager_set_triggers_notifications" time="0.004" /><testcase classname="tests.unit_tests.test_configuration_notifications.TestConfigurationNotifications" name="test_service_specific_handlers_exist" time="0.006" /><testcase classname="tests.unit_tests.test_conflict_resolution_engine.TestConflictResolutionEngine" name="test_init_conflict_engine" time="0.005" /><testcase classname="tests.unit_tests.test_conflict_resolution_engine.TestConflictResolutionEngine" name="test_detect_conflicts_between_versions_success" time="0.006" /><testcase classname="tests.unit_tests.test_conflict_resolution_engine.TestConflictResolutionEngine" name="test_resolve_conflict_manually_success" time="0.004" /><testcase classname="tests.unit_tests.test_conflict_resolution_engine.TestConflictResolutionEngine" name="test_resolve_conflict_manually_not_found" time="0.003" /><testcase classname="tests.unit_tests.test_conflict_resolution_engine.TestConflictResolutionEngine" name="test_resolve_conflict_already_resolved" time="0.003" /><testcase classname="tests.unit_tests.test_conflict_resolution_engine.TestConflictResolutionEngine" name="test_resolve_conflict_automatically_success" time="0.003" /><testcase classname="tests.unit_tests.test_conflict_resolution_engine.TestConflictResolutionEngine" name="test_resolve_conflict_automatically_low_confidence" time="0.002" /><testcase classname="tests.unit_tests.test_conflict_resolution_engine.TestConflictResolutionEngine" name="test_batch_resolve_conflicts_success" time="0.003" /><testcase classname="tests.unit_tests.test_conflict_resolution_engine.TestConflictResolutionEngine" name="test_list_conflicts_with_filters" time="0.002" /><testcase classname="tests.unit_tests.test_conflict_resolution_engine.TestConflictResolutionEngine" name="test_get_conflict_success" time="0.002" /><testcase classname="tests.unit_tests.test_conflict_resolution_engine.TestConflictResolutionEngine" name="test_get_conflict_not_found" time="0.002" /><testcase classname="tests.unit_tests.test_conflict_resolution_engine.TestConflictResolutionEngine" name="test_get_entity_conflicts" time="0.002" /><testcase classname="tests.unit_tests.test_conflict_resolution_engine.TestConflictResolutionEngine" name="test_get_resolution_suggestions" time="0.002" /><testcase classname="tests.unit_tests.test_conflict_resolution_engine.TestConflictResolutionEngine" name="test_get_conflict_analytics" time="0.002" /><testcase classname="tests.unit_tests.test_conflict_resolution_engine.TestConflictResolutionEngine" name="test_get_system_health" time="0.002" /><testcase classname="tests.unit_tests.test_conflict_resolution_engine.TestConflictResolutionEngine" name="test_resolve_conflicts_prefer_local" time="0.002" /><testcase classname="tests.unit_tests.test_conflict_resolution_engine.TestConflictResolutionEngine" name="test_analyze_conflict_risk" time="0.002" /><testcase classname="tests.unit_tests.test_conflict_resolution_engine.TestConflictResolutionEngine" name="test_get_conflict_hotspots" time="0.002" /><testcase classname="tests.unit_tests.test_conflict_resolution_engine.TestIntelligentConflictDetector" name="test_detect_concurrent_modification_conflict" time="0.002" /><testcase classname="tests.unit_tests.test_conflict_resolution_engine.TestIntelligentConflictDetector" name="test_detect_structural_conflict" time="0.001" /><testcase classname="tests.unit_tests.test_conflict_resolution_engine.TestIntelligentConflictDetector" name="test_generate_resolution_suggestions" time="0.001" /><testcase classname="tests.unit_tests.test_crdt_merge_engine.TestCRDTMergeEngine" name="test_initialization" time="0.001" /><testcase classname="tests.unit_tests.test_crdt_merge_engine.TestCRDTMergeEngine" name="test_merge_changeset_success" time="0.003" /><testcase classname="tests.unit_tests.test_crdt_merge_engine.TestCRDTMergeEngine" name="test_merge_changeset_not_found" time="0.002" /><testcase classname="tests.unit_tests.test_crdt_merge_engine.TestCRDTMergeEngine" name="test_merge_changeset_invalid_state" time="0.002" /><testcase classname="tests.unit_tests.test_crdt_merge_engine.TestCRDTMergeEngine" name="test_merge_strategy_enum_values" time="0.001" /><testcase classname="tests.unit_tests.test_crdt_merge_engine.TestCRDTMergeEngine" name="test_merge_result_dataclass" time="0.001" /><testcase classname="tests.unit_tests.test_crdt_merge_engine.TestCRDTMergeEngine" name="test_database_transaction_rollback_on_error" time="0.003" /><testcase classname="tests.unit_tests.test_crdt_merge_engine.TestCRDTMergeEngine" name="test_changeset_merge_result_dataclass" time="0.001" /><testcase classname="tests.unit_tests.test_crdt_merge_engine.TestCRDTMergeEngine" name="test_resolve_conflict_success" time="0.003" /><testcase classname="tests.unit_tests.test_crdt_merge_engine.TestCRDTMergeEngine" name="test_can_resolve_scalar_conflict_timestamp" time="0.002" /><testcase classname="tests.unit_tests.test_crdt_merge_engine.TestCRDTMergeEngine" name="test_can_resolve_scalar_conflict_counter" time="0.002" /><testcase classname="tests.unit_tests.test_crdt_merge_engine.TestCRDTMergeEngine" name="test_can_resolve_scalar_conflict_boolean" time="0.001" /><testcase classname="tests.unit_tests.test_crdt_merge_engine.TestCRDTMergeEngine" name="test_can_resolve_scalar_conflict_other" time="0.001" /><testcase classname="tests.unit_tests.test_crdt_merge_engine.TestCRDTMergeEngine" name="test_resolve_scalar_conflict_timestamp" time="0.001" /><testcase classname="tests.unit_tests.test_crdt_merge_engine.TestCRDTMergeEngine" name="test_resolve_scalar_conflict_counter" time="0.001" /><testcase classname="tests.unit_tests.test_crdt_merge_engine.TestCRDTMergeEngine" name="test_resolve_scalar_conflict_boolean" time="0.001" /><testcase classname="tests.unit_tests.test_database_manager.TestDatabaseManager" name="test_database_manager_initialization" time="0.001" /><testcase classname="tests.unit_tests.test_database_manager.TestDatabaseManager" name="test_get_optimal_pool_strategy" time="0.001" /><testcase classname="tests.unit_tests.test_database_manager.TestDatabaseManager" name="test_get_pool_configuration" time="0.001" /><testcase classname="tests.unit_tests.test_database_manager.TestDatabaseManager" name="test_create_optimized_engine_sqlite_file" time="0.002" /><testcase classname="tests.unit_tests.test_database_manager.TestDatabaseManager" name="test_create_optimized_engine_sqlite_memory" time="0.001" /><testcase classname="tests.unit_tests.test_database_manager.TestDatabaseManager" name="test_create_optimized_engine_custom_config" time="0.001" /><testcase classname="tests.unit_tests.test_database_manager.TestDatabaseManager" name="test_get_optimized_session_context_manager" time="0.003" /><testcase classname="tests.unit_tests.test_database_manager.TestDatabaseManager" name="test_get_optimized_session_auto_create_engine" time="0.002" /><testcase classname="tests.unit_tests.test_database_manager.TestDatabaseManager" name="test_get_session_factory" time="0.001" /><testcase classname="tests.unit_tests.test_database_manager.TestDatabaseManager" name="test_perform_health_check" time="0.002" /><testcase classname="tests.unit_tests.test_database_manager.TestDatabaseManager" name="test_health_check_caching" time="0.002" /><testcase classname="tests.unit_tests.test_database_manager.TestDatabaseManager" name="test_metrics_summary" time="0.002" /><testcase classname="tests.unit_tests.test_database_manager.TestDatabaseManager" name="test_optimize_for_workload" time="0.001" /><testcase classname="tests.unit_tests.test_database_manager.TestDatabaseManager" name="test_cleanup_resources" time="0.002" /><testcase classname="tests.unit_tests.test_database_manager.TestDatabaseManager" name="test_get_performance_report" time="0.003" /><testcase classname="tests.unit_tests.test_database_manager.TestDatabaseManager" name="test_generate_performance_recommendations" time="0.003" /><testcase classname="tests.unit_tests.test_database_manager.TestDatabaseManager" name="test_thread_safety" time="0.007" /><testcase classname="tests.unit_tests.test_database_manager.TestConnectionMetrics" name="test_metrics_initialization" time="0.001" /><testcase classname="tests.unit_tests.test_database_manager.TestConnectionMetrics" name="test_metrics_reset" time="0.001" /><testcase classname="tests.unit_tests.test_database_manager.TestPoolConfiguration" name="test_pool_configuration_defaults" time="0.001" /><testcase classname="tests.unit_tests.test_database_manager.TestPoolConfiguration" name="test_pool_configuration_custom_values" time="0.001" /><testcase classname="tests.unit_tests.test_database_manager.TestGlobalDatabaseManager" name="test_get_database_manager_singleton" time="0.001" /><testcase classname="tests.unit_tests.test_database_manager.TestGlobalDatabaseManager" name="test_cleanup_database_resources" time="0.002" /><testcase classname="tests.unit_tests.test_datafiles_directory_creation.TestPipelineDatabaseManager" name="test_operations_db_creates_datafiles_directory" time="0.045" /><testcase classname="tests.unit_tests.test_datafiles_directory_creation.TestPipelineDatabaseManager" name="test_operations_db_handles_existing_directory" time="0.030" /><testcase classname="tests.unit_tests.test_datafiles_directory_creation.TestPipelineDatabaseManager" name="test_operations_db_uses_config_default_path" time="0.033" /><testcase classname="tests.unit_tests.test_datafiles_directory_creation.TestReferenceDatabaseManager" name="test_reference_db_creates_datafiles_directory" time="0.062" /><testcase classname="tests.unit_tests.test_datafiles_directory_creation.TestReferenceDatabaseManager" name="test_reference_db_handles_existing_directory" time="0.060" /><testcase classname="tests.unit_tests.test_datafiles_directory_creation.TestDatasetManager" name="test_dataset_manager_creates_datasets_directory" time="0.001" /><testcase classname="tests.unit_tests.test_datafiles_directory_creation.TestDatasetManager" name="test_dataset_manager_handles_existing_directory" time="0.001" /><testcase classname="tests.unit_tests.test_datafiles_directory_creation.TestProxyManager" name="test_proxy_manager_creates_datafiles_directory" time="1.021"><failure message="AssertionError: Expected 'CachingProxy' to have been called once. Called 0 times.">tests/unit_tests/test_datafiles_directory_creation.py:225: in test_proxy_manager_creates_datafiles_directory
    mock_proxy_class.assert_called_once()
/usr/local/lib/python3.11/unittest/mock.py:918: in assert_called_once
    raise AssertionError(msg)
E   AssertionError: Expected 'CachingProxy' to have been called once. Called 0 times.</failure></testcase><testcase classname="tests.unit_tests.test_datafiles_directory_creation.TestProxyManager" name="test_proxy_manager_handles_existing_directory" time="0.025" /><testcase classname="tests.unit_tests.test_datafiles_directory_creation.TestDirectoryCreationPatterns" name="test_all_managers_use_makedirs_with_exist_ok" time="0.001" /><testcase classname="tests.unit_tests.test_datafiles_directory_creation.TestDirectoryCreationPatterns" name="test_directory_creation_before_database_access" time="0.001" /><testcase classname="tests.unit_tests.test_datafiles_directory_creation.TestFreshInstallation" name="test_fresh_install_creates_all_directories" time="0.090" /><testcase classname="tests.unit_tests.test_datafiles_directory_creation.TestFreshInstallation" name="test_appropriate_file_permissions" time="0.028" /><testcase classname="tests.unit_tests.test_datafiles_directory_creation.TestErrorHandling" name="test_handles_permission_errors_gracefully" time="0.001" /><testcase classname="tests.unit_tests.test_dataset_management.TestDatasetManager" name="test_create_dataset" time="0.468" /><testcase classname="tests.unit_tests.test_dataset_management.TestDatasetManager" name="test_list_datasets" time="0.961" /><testcase classname="tests.unit_tests.test_dataset_management.TestDatasetManager" name="test_switch_dataset" time="0.899" /><testcase classname="tests.unit_tests.test_dataset_management.TestDatasetManager" name="test_delete_dataset" time="0.361" /><testcase classname="tests.unit_tests.test_dataset_management.TestDatasetManager" name="test_duplicate_title_error" time="0.465" /><testcase classname="tests.unit_tests.test_dataset_management.TestDatasetManager" name="test_duplicate_filename_error" time="0.531" /><testcase classname="tests.unit_tests.test_dataset_management.TestDatasetManager" name="test_get_dataset_metrics" time="0.395" /><testcase classname="tests.unit_tests.test_dataset_management.TestDatasetManager" name="test_update_datasets_directory" time="0.002" /><testcase classname="tests.unit_tests.test_dataset_management.TestDatasetManager" name="test_add_existing_dataset" time="0.321" /><testcase classname="tests.unit_tests.test_dataset_management.TestDatasetManager" name="test_add_existing_dataset_duplicate_title" time="0.316" /><testcase classname="tests.unit_tests.test_dataset_management.TestDatasetManager" name="test_add_existing_dataset_nonexistent_file" time="0.002" /><testcase classname="tests.unit_tests.test_dataset_management.TestDatasetManager" name="test_add_existing_dataset_invalid_file" time="0.002" /><testcase classname="tests.unit_tests.test_dataset_management.TestDatasetManager" name="test_forget_dataset" time="0.467" /><testcase classname="tests.unit_tests.test_dataset_management.TestDatasetManager" name="test_forget_dataset_not_found" time="0.003" /><testcase classname="tests.unit_tests.test_dataset_management.TestDatasetManager" name="test_forget_active_dataset" time="0.528" /><testcase classname="tests.unit_tests.test_dataset_management.TestMigrationManager" name="test_get_migration_status" time="0.015" /><testcase classname="tests.unit_tests.test_dataset_management.TestMigrationManager" name="test_migrate_to_latest" time="0.450"><failure message="assert False == True">tests/unit_tests/test_dataset_management.py:271: in test_migrate_to_latest
    assert success == True
E   assert False == True</failure></testcase><testcase classname="tests.unit_tests.test_dataset_management.TestMigrationManager" name="test_generate_migration" time="0.007" /><testcase classname="tests.unit_tests.test_diff_generator.TestDiffGenerator" name="test_generate_diff_basic" time="0.000"><error message="failed on setup with &quot;RuntimeError: Failed to apply migrations to test database&quot;">tests/conftest.py:384: in shared_app
    engine, session_local, db_path = create_test_database_with_migrations()
                                     ^^^^^^^^^^^^^^^^^^^^^^^^^^^^^^^^^^^^^^
tests/conftest.py:73: in create_test_database_with_migrations
    raise RuntimeError("Failed to apply migrations to test database")
E   RuntimeError: Failed to apply migrations to test database</error></testcase><testcase classname="tests.unit_tests.test_diff_generator.TestDiffGenerator" name="test_generate_diff_no_changes" time="0.000"><error message="failed on setup with &quot;RuntimeError: Failed to apply migrations to test database&quot;">tests/conftest.py:384: in shared_app
    engine, session_local, db_path = create_test_database_with_migrations()
                                     ^^^^^^^^^^^^^^^^^^^^^^^^^^^^^^^^^^^^^^
tests/conftest.py:73: in create_test_database_with_migrations
    raise RuntimeError("Failed to apply migrations to test database")
E   RuntimeError: Failed to apply migrations to test database</error></testcase><testcase classname="tests.unit_tests.test_diff_generator.TestDiffGenerator" name="test_generate_diff_with_ignore_keys" time="0.000"><error message="failed on setup with &quot;RuntimeError: Failed to apply migrations to test database&quot;">tests/conftest.py:384: in shared_app
    engine, session_local, db_path = create_test_database_with_migrations()
                                     ^^^^^^^^^^^^^^^^^^^^^^^^^^^^^^^^^^^^^^
tests/conftest.py:73: in create_test_database_with_migrations
    raise RuntimeError("Failed to apply migrations to test database")
E   RuntimeError: Failed to apply migrations to test database</error></testcase><testcase classname="tests.unit_tests.test_diff_generator.TestDiffGenerator" name="test_generate_version_diff" time="0.000"><error message="failed on setup with &quot;RuntimeError: Failed to apply migrations to test database&quot;">tests/conftest.py:384: in shared_app
    engine, session_local, db_path = create_test_database_with_migrations()
                                     ^^^^^^^^^^^^^^^^^^^^^^^^^^^^^^^^^^^^^^
tests/conftest.py:73: in create_test_database_with_migrations
    raise RuntimeError("Failed to apply migrations to test database")
E   RuntimeError: Failed to apply migrations to test database</error></testcase><testcase classname="tests.unit_tests.test_diff_generator.TestDiffGenerator" name="test_generate_version_diff_creation" time="0.000"><error message="failed on setup with &quot;RuntimeError: Failed to apply migrations to test database&quot;">tests/conftest.py:384: in shared_app
    engine, session_local, db_path = create_test_database_with_migrations()
                                     ^^^^^^^^^^^^^^^^^^^^^^^^^^^^^^^^^^^^^^
tests/conftest.py:73: in create_test_database_with_migrations
    raise RuntimeError("Failed to apply migrations to test database")
E   RuntimeError: Failed to apply migrations to test database</error></testcase><testcase classname="tests.unit_tests.test_diff_generator.TestDiffGenerator" name="test_generate_version_diff_nonexistent_version" time="0.000"><error message="failed on setup with &quot;RuntimeError: Failed to apply migrations to test database&quot;">tests/conftest.py:384: in shared_app
    engine, session_local, db_path = create_test_database_with_migrations()
                                     ^^^^^^^^^^^^^^^^^^^^^^^^^^^^^^^^^^^^^^
tests/conftest.py:73: in create_test_database_with_migrations
    raise RuntimeError("Failed to apply migrations to test database")
E   RuntimeError: Failed to apply migrations to test database</error></testcase><testcase classname="tests.unit_tests.test_diff_generator.TestDiffGenerator" name="test_generate_working_diff" time="0.000"><error message="failed on setup with &quot;RuntimeError: Failed to apply migrations to test database&quot;">tests/conftest.py:384: in shared_app
    engine, session_local, db_path = create_test_database_with_migrations()
                                     ^^^^^^^^^^^^^^^^^^^^^^^^^^^^^^^^^^^^^^
tests/conftest.py:73: in create_test_database_with_migrations
    raise RuntimeError("Failed to apply migrations to test database")
E   RuntimeError: Failed to apply migrations to test database</error></testcase><testcase classname="tests.unit_tests.test_diff_generator.TestDiffGenerator" name="test_generate_working_diff_no_working_tree" time="0.000"><error message="failed on setup with &quot;RuntimeError: Failed to apply migrations to test database&quot;">tests/conftest.py:384: in shared_app
    engine, session_local, db_path = create_test_database_with_migrations()
                                     ^^^^^^^^^^^^^^^^^^^^^^^^^^^^^^^^^^^^^^
tests/conftest.py:73: in create_test_database_with_migrations
    raise RuntimeError("Failed to apply migrations to test database")
E   RuntimeError: Failed to apply migrations to test database</error></testcase><testcase classname="tests.unit_tests.test_diff_generator.TestDiffGenerator" name="test_generate_all_working_diffs" time="0.000"><error message="failed on setup with &quot;RuntimeError: Failed to apply migrations to test database&quot;">tests/conftest.py:384: in shared_app
    engine, session_local, db_path = create_test_database_with_migrations()
                                     ^^^^^^^^^^^^^^^^^^^^^^^^^^^^^^^^^^^^^^
tests/conftest.py:73: in create_test_database_with_migrations
    raise RuntimeError("Failed to apply migrations to test database")
E   RuntimeError: Failed to apply migrations to test database</error></testcase><testcase classname="tests.unit_tests.test_diff_generator.TestDiffGenerator" name="test_generate_commit_preview" time="0.000"><error message="failed on setup with &quot;RuntimeError: Failed to apply migrations to test database&quot;">tests/conftest.py:384: in shared_app
    engine, session_local, db_path = create_test_database_with_migrations()
                                     ^^^^^^^^^^^^^^^^^^^^^^^^^^^^^^^^^^^^^^
tests/conftest.py:73: in create_test_database_with_migrations
    raise RuntimeError("Failed to apply migrations to test database")
E   RuntimeError: Failed to apply migrations to test database</error></testcase><testcase classname="tests.unit_tests.test_diff_generator.TestDiffGenerator" name="test_get_change_summary" time="0.000"><error message="failed on setup with &quot;RuntimeError: Failed to apply migrations to test database&quot;">tests/conftest.py:384: in shared_app
    engine, session_local, db_path = create_test_database_with_migrations()
                                     ^^^^^^^^^^^^^^^^^^^^^^^^^^^^^^^^^^^^^^
tests/conftest.py:73: in create_test_database_with_migrations
    raise RuntimeError("Failed to apply migrations to test database")
E   RuntimeError: Failed to apply migrations to test database</error></testcase><testcase classname="tests.unit_tests.test_diff_generator.TestDiffGenerator" name="test_format_diff_for_display_summary" time="0.000"><error message="failed on setup with &quot;RuntimeError: Failed to apply migrations to test database&quot;">tests/conftest.py:384: in shared_app
    engine, session_local, db_path = create_test_database_with_migrations()
                                     ^^^^^^^^^^^^^^^^^^^^^^^^^^^^^^^^^^^^^^
tests/conftest.py:73: in create_test_database_with_migrations
    raise RuntimeError("Failed to apply migrations to test database")
E   RuntimeError: Failed to apply migrations to test database</error></testcase><testcase classname="tests.unit_tests.test_diff_generator.TestDiffGenerator" name="test_format_diff_for_display_detailed" time="0.000"><error message="failed on setup with &quot;RuntimeError: Failed to apply migrations to test database&quot;">tests/conftest.py:384: in shared_app
    engine, session_local, db_path = create_test_database_with_migrations()
                                     ^^^^^^^^^^^^^^^^^^^^^^^^^^^^^^^^^^^^^^
tests/conftest.py:73: in create_test_database_with_migrations
    raise RuntimeError("Failed to apply migrations to test database")
E   RuntimeError: Failed to apply migrations to test database</error></testcase><testcase classname="tests.unit_tests.test_diff_generator.TestDiffGenerator" name="test_format_diff_for_display_json" time="0.000"><error message="failed on setup with &quot;RuntimeError: Failed to apply migrations to test database&quot;">tests/conftest.py:384: in shared_app
    engine, session_local, db_path = create_test_database_with_migrations()
                                     ^^^^^^^^^^^^^^^^^^^^^^^^^^^^^^^^^^^^^^
tests/conftest.py:73: in create_test_database_with_migrations
    raise RuntimeError("Failed to apply migrations to test database")
E   RuntimeError: Failed to apply migrations to test database</error></testcase><testcase classname="tests.unit_tests.test_diff_generator.TestDiffGenerator" name="test_format_diff_for_display_invalid_format" time="0.000"><error message="failed on setup with &quot;RuntimeError: Failed to apply migrations to test database&quot;">tests/conftest.py:384: in shared_app
    engine, session_local, db_path = create_test_database_with_migrations()
                                     ^^^^^^^^^^^^^^^^^^^^^^^^^^^^^^^^^^^^^^
tests/conftest.py:73: in create_test_database_with_migrations
    raise RuntimeError("Failed to apply migrations to test database")
E   RuntimeError: Failed to apply migrations to test database</error></testcase><testcase classname="tests.unit_tests.test_domains" name="test_create_get_update_delete_domain" time="0.000"><error message="failed on setup with &quot;RuntimeError: Failed to apply migrations to test database&quot;">tests/conftest.py:384: in shared_app
    engine, session_local, db_path = create_test_database_with_migrations()
                                     ^^^^^^^^^^^^^^^^^^^^^^^^^^^^^^^^^^^^^^
tests/conftest.py:73: in create_test_database_with_migrations
    raise RuntimeError("Failed to apply migrations to test database")
E   RuntimeError: Failed to apply migrations to test database</error></testcase><testcase classname="tests.unit_tests.test_domains" name="test_domain_duplicate_title" time="0.000"><error message="failed on setup with &quot;RuntimeError: Failed to apply migrations to test database&quot;">tests/conftest.py:384: in shared_app
    engine, session_local, db_path = create_test_database_with_migrations()
                                     ^^^^^^^^^^^^^^^^^^^^^^^^^^^^^^^^^^^^^^
tests/conftest.py:73: in create_test_database_with_migrations
    raise RuntimeError("Failed to apply migrations to test database")
E   RuntimeError: Failed to apply migrations to test database</error></testcase><testcase classname="tests.unit_tests.test_domains" name="test_domain_invalid_layer" time="0.000"><error message="failed on setup with &quot;RuntimeError: Failed to apply migrations to test database&quot;">tests/conftest.py:384: in shared_app
    engine, session_local, db_path = create_test_database_with_migrations()
                                     ^^^^^^^^^^^^^^^^^^^^^^^^^^^^^^^^^^^^^^
tests/conftest.py:73: in create_test_database_with_migrations
    raise RuntimeError("Failed to apply migrations to test database")
E   RuntimeError: Failed to apply migrations to test database</error></testcase><testcase classname="tests.unit_tests.test_domains" name="test_list_domains" time="0.000"><error message="failed on setup with &quot;RuntimeError: Failed to apply migrations to test database&quot;">tests/conftest.py:384: in shared_app
    engine, session_local, db_path = create_test_database_with_migrations()
                                     ^^^^^^^^^^^^^^^^^^^^^^^^^^^^^^^^^^^^^^
tests/conftest.py:73: in create_test_database_with_migrations
    raise RuntimeError("Failed to apply migrations to test database")
E   RuntimeError: Failed to apply migrations to test database</error></testcase><testcase classname="tests.unit_tests.test_domains" name="test_move_domains_basic" time="0.000"><error message="failed on setup with &quot;RuntimeError: Failed to apply migrations to test database&quot;">tests/conftest.py:384: in shared_app
    engine, session_local, db_path = create_test_database_with_migrations()
                                     ^^^^^^^^^^^^^^^^^^^^^^^^^^^^^^^^^^^^^^
tests/conftest.py:73: in create_test_database_with_migrations
    raise RuntimeError("Failed to apply migrations to test database")
E   RuntimeError: Failed to apply migrations to test database</error></testcase><testcase classname="tests.unit_tests.test_domains" name="test_move_domains_with_terms" time="0.000"><error message="failed on setup with &quot;RuntimeError: Failed to apply migrations to test database&quot;">tests/conftest.py:384: in shared_app
    engine, session_local, db_path = create_test_database_with_migrations()
                                     ^^^^^^^^^^^^^^^^^^^^^^^^^^^^^^^^^^^^^^
tests/conftest.py:73: in create_test_database_with_migrations
    raise RuntimeError("Failed to apply migrations to test database")
E   RuntimeError: Failed to apply migrations to test database</error></testcase><testcase classname="tests.unit_tests.test_domains" name="test_move_domains_conflict_warning" time="0.000"><error message="failed on setup with &quot;RuntimeError: Failed to apply migrations to test database&quot;">tests/conftest.py:384: in shared_app
    engine, session_local, db_path = create_test_database_with_migrations()
                                     ^^^^^^^^^^^^^^^^^^^^^^^^^^^^^^^^^^^^^^
tests/conftest.py:73: in create_test_database_with_migrations
    raise RuntimeError("Failed to apply migrations to test database")
E   RuntimeError: Failed to apply migrations to test database</error></testcase><testcase classname="tests.unit_tests.test_domains" name="test_move_domains_invalid_target" time="0.000"><error message="failed on setup with &quot;RuntimeError: Failed to apply migrations to test database&quot;">tests/conftest.py:384: in shared_app
    engine, session_local, db_path = create_test_database_with_migrations()
                                     ^^^^^^^^^^^^^^^^^^^^^^^^^^^^^^^^^^^^^^
tests/conftest.py:73: in create_test_database_with_migrations
    raise RuntimeError("Failed to apply migrations to test database")
E   RuntimeError: Failed to apply migrations to test database</error></testcase><testcase classname="tests.unit_tests.test_duckdb_query_optimizer.TestIntelligentQueryCache" name="test_cache_initialization" time="0.001" /><testcase classname="tests.unit_tests.test_duckdb_query_optimizer.TestIntelligentQueryCache" name="test_cache_miss" time="0.001" /><testcase classname="tests.unit_tests.test_duckdb_query_optimizer.TestIntelligentQueryCache" name="test_cache_hit" time="0.001" /><testcase classname="tests.unit_tests.test_duckdb_query_optimizer.TestIntelligentQueryCache" name="test_cache_ttl_expiration" time="0.202" /><testcase classname="tests.unit_tests.test_duckdb_query_optimizer.TestIntelligentQueryCache" name="test_cache_lru_eviction" time="0.005" /><testcase classname="tests.unit_tests.test_duckdb_query_optimizer.TestIntelligentQueryCache" name="test_cache_stats" time="0.005" /><testcase classname="tests.unit_tests.test_duckdb_query_optimizer.TestDuckDBQueryOptimizer" name="test_optimizer_initialization" time="0.008" /><testcase classname="tests.unit_tests.test_duckdb_query_optimizer.TestDuckDBQueryOptimizer" name="test_optimization_settings_setup" time="0.007" /><testcase classname="tests.unit_tests.test_duckdb_query_optimizer.TestDuckDBQueryOptimizer" name="test_optimize_query_basic" time="0.005" /><testcase classname="tests.unit_tests.test_duckdb_query_optimizer.TestDuckDBQueryOptimizer" name="test_predicate_pushdown_optimization" time="0.004" /><testcase classname="tests.unit_tests.test_duckdb_query_optimizer.TestDuckDBQueryOptimizer" name="test_column_pruning_optimization" time="0.003" /><testcase classname="tests.unit_tests.test_duckdb_query_optimizer.TestDuckDBQueryOptimizer" name="test_query_caching" time="0.003" /><testcase classname="tests.unit_tests.test_duckdb_query_optimizer.TestDuckDBQueryOptimizer" name="test_materialized_view_creation" time="0.003" /><testcase classname="tests.unit_tests.test_duckdb_query_optimizer.TestDuckDBQueryOptimizer" name="test_materialized_view_refresh" time="0.003" /><testcase classname="tests.unit_tests.test_duckdb_query_optimizer.TestDuckDBQueryOptimizer" name="test_query_hash_generation" time="0.002" /><testcase classname="tests.unit_tests.test_duckdb_query_optimizer.TestDuckDBQueryOptimizer" name="test_performance_metrics_collection" time="0.002" /><testcase classname="tests.unit_tests.test_duckdb_query_optimizer.TestDuckDBQueryOptimizer" name="test_optimization_statistics" time="0.002" /><testcase classname="tests.unit_tests.test_duckdb_query_optimizer.TestDuckDBQueryOptimizer" name="test_performance_metrics_rolling_window" time="0.041" /><testcase classname="tests.unit_tests.test_duckdb_query_optimizer.TestDuckDBQueryOptimizer" name="test_error_handling_during_query_execution" time="0.002" /><testcase classname="tests.unit_tests.test_duckdb_query_optimizer.TestDuckDBQueryOptimizer" name="test_materialized_view_error_handling" time="0.001" /><testcase classname="tests.unit_tests.test_duckdb_query_optimizer.TestDuckDBQueryOptimizer" name="test_query_optimization_strategies_applied" time="0.001" /><testcase classname="tests.unit_tests.test_duckdb_query_optimizer.TestDuckDBQueryOptimizer" name="test_concurrent_query_optimization" time="0.003" /><testcase classname="tests.unit_tests.test_duckdb_service.TestDuckDBService" name="test_init_duckdb_service_with_duckdb_available" time="0.002" /><testcase classname="tests.unit_tests.test_duckdb_service.TestDuckDBService" name="test_init_duckdb_service_without_duckdb" time="0.001" /><testcase classname="tests.unit_tests.test_duckdb_service.TestDuckDBService" name="test_execute_query_success" time="0.999" /><testcase classname="tests.unit_tests.test_duckdb_service.TestChangeAnalyticsEngine" name="test_get_change_summary_with_data" time="0.002" /><testcase classname="tests.unit_tests.test_duckdb_service.TestChangeAnalyticsEngine" name="test_get_change_summary_fallback" time="0.002" /><testcase classname="tests.unit_tests.test_event_processor" name="test_event_processor_processes_events" time="0.000"><error message="failed on setup with &quot;RuntimeError: Failed to apply migrations to test database&quot;">tests/conftest.py:384: in shared_app
    engine, session_local, db_path = create_test_database_with_migrations()
                                     ^^^^^^^^^^^^^^^^^^^^^^^^^^^^^^^^^^^^^^
tests/conftest.py:73: in create_test_database_with_migrations
    raise RuntimeError("Failed to apply migrations to test database")
E   RuntimeError: Failed to apply migrations to test database</error></testcase><testcase classname="tests.unit_tests.test_event_processor" name="test_event_processor_handles_all_record_types" time="0.000"><error message="failed on setup with &quot;RuntimeError: Failed to apply migrations to test database&quot;">tests/conftest.py:384: in shared_app
    engine, session_local, db_path = create_test_database_with_migrations()
                                     ^^^^^^^^^^^^^^^^^^^^^^^^^^^^^^^^^^^^^^
tests/conftest.py:73: in create_test_database_with_migrations
    raise RuntimeError("Failed to apply migrations to test database")
E   RuntimeError: Failed to apply migrations to test database</error></testcase><testcase classname="tests.unit_tests.test_event_processor" name="test_event_processor_handles_unknown_record_type" time="0.000"><error message="failed on setup with &quot;RuntimeError: Failed to apply migrations to test database&quot;">tests/conftest.py:384: in shared_app
    engine, session_local, db_path = create_test_database_with_migrations()
                                     ^^^^^^^^^^^^^^^^^^^^^^^^^^^^^^^^^^^^^^
tests/conftest.py:73: in create_test_database_with_migrations
    raise RuntimeError("Failed to apply migrations to test database")
E   RuntimeError: Failed to apply migrations to test database</error></testcase><testcase classname="tests.unit_tests.test_event_processor" name="test_event_processor_cleanup_old_events" time="0.000"><error message="failed on setup with &quot;RuntimeError: Failed to apply migrations to test database&quot;">tests/conftest.py:384: in shared_app
    engine, session_local, db_path = create_test_database_with_migrations()
                                     ^^^^^^^^^^^^^^^^^^^^^^^^^^^^^^^^^^^^^^
tests/conftest.py:73: in create_test_database_with_migrations
    raise RuntimeError("Failed to apply migrations to test database")
E   RuntimeError: Failed to apply migrations to test database</error></testcase><testcase classname="tests.unit_tests.test_event_processor" name="test_predicate_event_processing" time="0.000"><error message="failed on setup with &quot;RuntimeError: Failed to apply migrations to test database&quot;">tests/conftest.py:384: in shared_app
    engine, session_local, db_path = create_test_database_with_migrations()
                                     ^^^^^^^^^^^^^^^^^^^^^^^^^^^^^^^^^^^^^^
tests/conftest.py:73: in create_test_database_with_migrations
    raise RuntimeError("Failed to apply migrations to test database")
E   RuntimeError: Failed to apply migrations to test database</error></testcase><testcase classname="tests.unit_tests.test_event_processor" name="test_event_processor_thread_start_stop_idempotent" time="0.000"><error message="failed on setup with &quot;RuntimeError: Failed to apply migrations to test database&quot;">tests/conftest.py:384: in shared_app
    engine, session_local, db_path = create_test_database_with_migrations()
                                     ^^^^^^^^^^^^^^^^^^^^^^^^^^^^^^^^^^^^^^
tests/conftest.py:73: in create_test_database_with_migrations
    raise RuntimeError("Failed to apply migrations to test database")
E   RuntimeError: Failed to apply migrations to test database</error></testcase><testcase classname="tests.unit_tests.test_execution_tracker.TestExecutionTracker" name="test_start_execution_success" time="0.002" /><testcase classname="tests.unit_tests.test_execution_tracker.TestExecutionTracker" name="test_start_execution_failure_returns_unknown" time="0.002" /><testcase classname="tests.unit_tests.test_execution_tracker.TestExecutionTracker" name="test_complete_execution_success" time="0.002" /><testcase classname="tests.unit_tests.test_execution_tracker.TestExecutionTracker" name="test_complete_execution_unknown_id_ignored" time="0.001" /><testcase classname="tests.unit_tests.test_execution_tracker.TestExecutionTracker" name="test_record_selection_success" time="0.001" /><testcase classname="tests.unit_tests.test_execution_tracker.TestExecutionTracker" name="test_record_selection_execution_not_found" time="0.002" /><testcase classname="tests.unit_tests.test_execution_tracker.TestExecutionTracker" name="test_get_execution_analytics_success" time="0.001" /><testcase classname="tests.unit_tests.test_execution_tracker.TestExecutionTracker" name="test_get_execution_analytics_no_data" time="0.001" /><testcase classname="tests.unit_tests.test_execution_tracker.TestExecutionTracker" name="test_get_execution_details_success" time="0.001" /><testcase classname="tests.unit_tests.test_execution_tracker.TestExecutionTracker" name="test_get_execution_details_not_found" time="0.001" /><testcase classname="tests.unit_tests.test_execution_tracker.TestExecutionTracker" name="test_database_error_handling" time="0.001" /><testcase classname="tests.unit_tests.test_external_predicates.TestExternalPredicateModel" name="test_external_predicate_creation" time="0.005" /><testcase classname="tests.unit_tests.test_external_predicates.TestExternalPredicateModel" name="test_external_predicate_repr" time="0.001" /><testcase classname="tests.unit_tests.test_external_predicates.TestExternalPredicateManager" name="test_add_external_predicate_with_embeddings" time="3.105" /><testcase classname="tests.unit_tests.test_external_predicates.TestExternalPredicateManager" name="test_add_external_predicate_auto_embeddings" time="0.090" /><testcase classname="tests.unit_tests.test_external_predicates.TestExternalPredicateManager" name="test_get_external_predicate" time="0.089" /><testcase classname="tests.unit_tests.test_external_predicates.TestExternalPredicateManager" name="test_get_external_predicate_by_source" time="0.089" /><testcase classname="tests.unit_tests.test_external_predicates.TestExternalPredicateManager" name="test_list_external_predicates" time="0.118" /><testcase classname="tests.unit_tests.test_external_predicates.TestExternalPredicateManager" name="test_search_external_predicates_by_similarity" time="0.121" /><testcase classname="tests.unit_tests.test_external_predicates.TestExternalPredicateManager" name="test_search_external_predicates_validation" time="0.065" /><testcase classname="tests.unit_tests.test_external_predicates.TestExternalPredicateManager" name="test_external_predicate_embedding_dimension_validation" time="0.074" /><testcase classname="tests.unit_tests.test_external_predicates.TestExternalPredicateManager" name="test_external_predicate_indexes_created" time="0.092" /><testcase classname="tests.unit_tests.test_external_predicates.TestExternalPredicateManager" name="test_external_predicate_unique_constraint" time="0.134" /><testcase classname="tests.unit_tests.test_external_predicates.TestExternalPredicateManager" name="test_external_predicate_thread_safe_access" time="0.081" /><testcase classname="tests.unit_tests.test_hierarchical_diff_engine.TestHierarchicalDiffEngine" name="test_engine_initialization" time="0.001" /><testcase classname="tests.unit_tests.test_hierarchical_diff_engine.TestHierarchicalDiffEngine" name="test_compute_basic_diff" time="0.001" /><testcase classname="tests.unit_tests.test_hierarchical_diff_engine.TestHierarchicalDiffEngine" name="test_compute_three_way_diff" time="0.002" /><testcase classname="tests.unit_tests.test_hierarchical_diff_engine.TestHierarchicalDiffEngine" name="test_semantic_conflict_detection" time="0.001" /><testcase classname="tests.unit_tests.test_hierarchical_diff_engine.TestHierarchicalDiffEngine" name="test_structural_diff_detection" time="0.002" /><testcase classname="tests.unit_tests.test_hierarchical_diff_engine.TestHierarchicalDiffEngine" name="test_performance_optimized_diff" time="0.006" /><testcase classname="tests.unit_tests.test_hierarchical_diff_engine.TestHierarchicalDiffEngine" name="test_conflict_resolution_suggestions" time="0.001" /><testcase classname="tests.unit_tests.test_hierarchical_diff_engine.TestHierarchicalDiffEngine" name="test_diff_with_arrays" time="0.001" /><testcase classname="tests.unit_tests.test_hierarchical_diff_engine.TestHierarchicalDiffEngine" name="test_circular_reference_handling" time="0.001" /><testcase classname="tests.unit_tests.test_hierarchical_diff_engine.TestHierarchicalDiffEngine" name="test_diff_metadata_generation" time="0.001" /><testcase classname="tests.unit_tests.test_hierarchical_diff_engine.TestHierarchicalDiffEngine" name="test_semantic_analysis_integration" time="0.001" /><testcase classname="tests.unit_tests.test_hierarchical_diff_engine.TestHierarchicalDiffEngine" name="test_performance_metrics_collection" time="0.001" /><testcase classname="tests.unit_tests.test_hierarchical_diff_engine.TestHierarchicalDiffEngine" name="test_get_performance_statistics" time="0.001" /><testcase classname="tests.unit_tests.test_hierarchical_diff_engine.TestHierarchicalDiffEngine" name="test_error_handling_malformed_data" time="0.001" /><testcase classname="tests.unit_tests.test_hierarchical_diff_engine.TestHierarchicalDiffEngine" name="test_deep_nested_structure_handling" time="0.001" /><testcase classname="tests.unit_tests.test_hierarchical_diff_engine.TestHierarchicalDiffEngine" name="test_logging_during_diff_operations" time="0.002" /><testcase classname="tests.unit_tests.test_hierarchical_diff_engine.TestHierarchicalDiffEngine" name="test_concurrent_diff_operations" time="0.002" /><testcase classname="tests.unit_tests.test_hierarchical_diff_engine.TestConflictDescriptor" name="test_conflict_descriptor_creation" time="0.001" /><testcase classname="tests.unit_tests.test_hierarchical_diff_engine.TestConflictDescriptor" name="test_conflict_severity_levels" time="0.001" /><testcase classname="tests.unit_tests.test_identity_manager.TestIdentityManager" name="test_initialization" time="0.001" /><testcase classname="tests.unit_tests.test_identity_manager.TestIdentityManager" name="test_register_user_success" time="0.003" /><testcase classname="tests.unit_tests.test_identity_manager.TestIdentityManager" name="test_register_user_existing" time="0.003" /><testcase classname="tests.unit_tests.test_identity_manager.TestIdentityManager" name="test_register_user_invalid_email" time="0.002" /><testcase classname="tests.unit_tests.test_identity_manager.TestIdentityManager" name="test_register_user_empty_fields" time="0.002" /><testcase classname="tests.unit_tests.test_identity_manager.TestIdentityManager" name="test_verify_email_success" time="0.002" /><testcase classname="tests.unit_tests.test_identity_manager.TestIdentityManager" name="test_verify_email_invalid_code" time="0.002" /><testcase classname="tests.unit_tests.test_identity_manager.TestIdentityManager" name="test_verify_email_no_code" time="0.002" /><testcase classname="tests.unit_tests.test_identity_manager.TestIdentityManager" name="test_verify_email_user_not_found" time="0.002" /><testcase classname="tests.unit_tests.test_identity_manager.TestIdentityManager" name="test_trust_user_success" time="0.002" /><testcase classname="tests.unit_tests.test_identity_manager.TestIdentityManager" name="test_trust_user_trustee_not_verified" time="0.002" /><testcase classname="tests.unit_tests.test_identity_manager.TestIdentityManager" name="test_trust_user_trustee_not_found" time="0.002" /><testcase classname="tests.unit_tests.test_identity_manager.TestIdentityManager" name="test_trust_user_trusted_not_found" time="0.002" /><testcase classname="tests.unit_tests.test_identity_manager.TestIdentityManager" name="test_trust_user_self_trust" time="0.002" /><testcase classname="tests.unit_tests.test_identity_manager.TestIdentityManager" name="test_trust_user_promotion_to_team_verified" time="0.002" /><testcase classname="tests.unit_tests.test_identity_manager.TestIdentityManager" name="test_get_user_success" time="0.001" /><testcase classname="tests.unit_tests.test_identity_manager.TestIdentityManager" name="test_get_user_not_found" time="0.001" /><testcase classname="tests.unit_tests.test_identity_manager.TestIdentityManager" name="test_get_user_by_email_success" time="0.001" /><testcase classname="tests.unit_tests.test_identity_manager.TestIdentityManager" name="test_get_user_by_email_case_insensitive" time="0.001" /><testcase classname="tests.unit_tests.test_identity_manager.TestIdentityManager" name="test_list_users_with_filters" time="0.002" /><testcase classname="tests.unit_tests.test_identity_manager.TestIdentityManager" name="test_get_trust_network_success" time="0.002" /><testcase classname="tests.unit_tests.test_identity_manager.TestIdentityManager" name="test_generate_user_id_deterministic" time="0.001" /><testcase classname="tests.unit_tests.test_identity_manager.TestIdentityManager" name="test_generate_verification_code_format" time="0.001" /><testcase classname="tests.unit_tests.test_identity_manager.TestIdentityManager" name="test_store_identity_locally" time="0.001" /><testcase classname="tests.unit_tests.test_identity_manager.TestIdentityManager" name="test_count_trust_relationships" time="0.002" /><testcase classname="tests.unit_tests.test_identity_manager.TestIdentityManager" name="test_database_transaction_rollback_on_error" time="0.002" /><testcase classname="tests.unit_tests.test_identity_manager.TestIdentityManager" name="test_verification_code_cleanup_on_verification" time="0.002" /><testcase classname="tests.unit_tests.test_incremental_sync_engine.TestIncrementalSyncEngine" name="test_init_sync_engine" time="0.001" /><testcase classname="tests.unit_tests.test_incremental_sync_engine.TestIncrementalSyncEngine" name="test_sync_incremental_invalid_time_range" time="0.003" /><testcase classname="tests.unit_tests.test_incremental_sync_engine.TestIncrementalSyncEngine" name="test_sync_incremental_success" time="0.003" /><testcase classname="tests.unit_tests.test_incremental_sync_engine.TestIncrementalSyncEngine" name="test_get_optimal_sync_strategy" time="0.002" /><testcase classname="tests.unit_tests.test_incremental_sync_engine.TestIncrementalSyncEngine" name="test_get_sync_history" time="0.002" /><testcase classname="tests.unit_tests.test_incremental_sync_engine.TestIncrementalSyncEngine" name="test_get_sync_statistics" time="0.002" /><testcase classname="tests.unit_tests.test_layers" name="test_cosine_similarity_identical_vectors" time="0.001" /><testcase classname="tests.unit_tests.test_layers" name="test_cosine_similarity_orthogonal_vectors" time="0.001" /><testcase classname="tests.unit_tests.test_layers" name="test_cosine_similarity_opposite_vectors" time="0.001" /><testcase classname="tests.unit_tests.test_layers" name="test_cosine_similarity_with_zero_vector" time="0.001" /><testcase classname="tests.unit_tests.test_layers" name="test_cosine_similarity_with_none" time="0.001" /><testcase classname="tests.unit_tests.test_layers" name="test_cosine_similarity_bytes_input" time="0.001" /><testcase classname="tests.unit_tests.test_layers" name="test_create_get_update_delete_layer" time="0.000"><error message="failed on setup with &quot;RuntimeError: Failed to apply migrations to test database&quot;">tests/conftest.py:384: in shared_app
    engine, session_local, db_path = create_test_database_with_migrations()
                                     ^^^^^^^^^^^^^^^^^^^^^^^^^^^^^^^^^^^^^^
tests/conftest.py:73: in create_test_database_with_migrations
    raise RuntimeError("Failed to apply migrations to test database")
E   RuntimeError: Failed to apply migrations to test database</error></testcase><testcase classname="tests.unit_tests.test_layers" name="test_layer_bad_input" time="0.000"><error message="failed on setup with &quot;RuntimeError: Failed to apply migrations to test database&quot;">tests/conftest.py:384: in shared_app
    engine, session_local, db_path = create_test_database_with_migrations()
                                     ^^^^^^^^^^^^^^^^^^^^^^^^^^^^^^^^^^^^^^
tests/conftest.py:73: in create_test_database_with_migrations
    raise RuntimeError("Failed to apply migrations to test database")
E   RuntimeError: Failed to apply migrations to test database</error></testcase><testcase classname="tests.unit_tests.test_layers" name="test_layer_duplicate_title" time="0.000"><error message="failed on setup with &quot;RuntimeError: Failed to apply migrations to test database&quot;">tests/conftest.py:384: in shared_app
    engine, session_local, db_path = create_test_database_with_migrations()
                                     ^^^^^^^^^^^^^^^^^^^^^^^^^^^^^^^^^^^^^^
tests/conftest.py:73: in create_test_database_with_migrations
    raise RuntimeError("Failed to apply migrations to test database")
E   RuntimeError: Failed to apply migrations to test database</error></testcase><testcase classname="tests.unit_tests.test_layers" name="test_update_layer_to_duplicate_title" time="0.000"><error message="failed on setup with &quot;RuntimeError: Failed to apply migrations to test database&quot;">tests/conftest.py:384: in shared_app
    engine, session_local, db_path = create_test_database_with_migrations()
                                     ^^^^^^^^^^^^^^^^^^^^^^^^^^^^^^^^^^^^^^
tests/conftest.py:73: in create_test_database_with_migrations
    raise RuntimeError("Failed to apply migrations to test database")
E   RuntimeError: Failed to apply migrations to test database</error></testcase><testcase classname="tests.unit_tests.test_layers" name="test_get_nonexistent_layer" time="0.000"><error message="failed on setup with &quot;RuntimeError: Failed to apply migrations to test database&quot;">tests/conftest.py:384: in shared_app
    engine, session_local, db_path = create_test_database_with_migrations()
                                     ^^^^^^^^^^^^^^^^^^^^^^^^^^^^^^^^^^^^^^
tests/conftest.py:73: in create_test_database_with_migrations
    raise RuntimeError("Failed to apply migrations to test database")
E   RuntimeError: Failed to apply migrations to test database</error></testcase><testcase classname="tests.unit_tests.test_layers" name="test_update_nonexistent_layer" time="0.000"><error message="failed on setup with &quot;RuntimeError: Failed to apply migrations to test database&quot;">tests/conftest.py:384: in shared_app
    engine, session_local, db_path = create_test_database_with_migrations()
                                     ^^^^^^^^^^^^^^^^^^^^^^^^^^^^^^^^^^^^^^
tests/conftest.py:73: in create_test_database_with_migrations
    raise RuntimeError("Failed to apply migrations to test database")
E   RuntimeError: Failed to apply migrations to test database</error></testcase><testcase classname="tests.unit_tests.test_layers" name="test_delete_nonexistent_layer" time="0.000"><error message="failed on setup with &quot;RuntimeError: Failed to apply migrations to test database&quot;">tests/conftest.py:384: in shared_app
    engine, session_local, db_path = create_test_database_with_migrations()
                                     ^^^^^^^^^^^^^^^^^^^^^^^^^^^^^^^^^^^^^^
tests/conftest.py:73: in create_test_database_with_migrations
    raise RuntimeError("Failed to apply migrations to test database")
E   RuntimeError: Failed to apply migrations to test database</error></testcase><testcase classname="tests.unit_tests.test_llm_error_handling.TestLLMErrorHandling" name="test_error_types_exist" time="0.001" /><testcase classname="tests.unit_tests.test_llm_error_handling.TestLLMErrorHandling" name="test_http_status_code_mapping" time="0.001" /><testcase classname="tests.unit_tests.test_llm_error_handling.TestLLMErrorHandling" name="test_handle_llm_error_preserves_message" time="0.001" /><testcase classname="tests.unit_tests.test_llm_error_handling.TestLLMErrorHandling" name="test_handle_unknown_error_type" time="0.001" /><testcase classname="tests.unit_tests.test_llm_error_handling.TestLLMErrorHandling" name="test_service_configuration_validation" time="0.002" /><testcase classname="tests.unit_tests.test_llm_error_handling.TestLLMErrorHandling" name="test_service_invalid_api_key_detection" time="0.001" /><testcase classname="tests.unit_tests.test_llm_error_handling.TestLLMErrorHandling" name="test_valid_response_processing" time="0.001" /><testcase classname="tests.unit_tests.test_llm_error_handling.TestLLMErrorHandling" name="test_timeout_configuration_availability" time="0.001" /><testcase classname="tests.unit_tests.test_llm_error_handling.TestLLMErrorHandling" name="test_service_timeout_implementation" time="0.002" /><testcase classname="tests.unit_tests.test_llm_error_handling.TestLLMErrorHandling" name="test_api_error_responses_defined" time="0.001" /><testcase classname="tests.unit_tests.test_llm_error_handling.TestLLMErrorHandling" name="test_error_logging_integration" time="0.001" /><testcase classname="tests.unit_tests.test_llm_error_handling.TestLLMErrorHandling" name="test_error_hierarchy" time="0.001" /><testcase classname="tests.unit_tests.test_llm_error_handling.TestLLMErrorHandling" name="test_error_handling_comprehensive_coverage" time="0.001" /><testcase classname="tests.unit_tests.test_llm_generic_execution.TestGenericPipelineExecution" name="test_execute_pipeline_flavor_success" time="0.007" /><testcase classname="tests.unit_tests.test_llm_generic_execution.TestGenericPipelineExecution" name="test_execute_pipeline_flavor_timeout" time="0.007" /><testcase classname="tests.unit_tests.test_llm_generic_execution.TestGenericPipelineExecution" name="test_execute_pipeline_flavor_processing_error" time="0.007" /><testcase classname="tests.unit_tests.test_llm_generic_execution.TestGenericPipelineExecution" name="test_execute_pipeline_flavor_streaming_success" time="0.006" /><testcase classname="tests.unit_tests.test_llm_generic_execution.TestGenericPipelineExecution" name="test_execute_pipeline_flavor_streaming_error" time="0.006" /><testcase classname="tests.unit_tests.test_llm_generic_execution.TestGenericPipelineExecution" name="test_render_user_prompt_generic_success" time="0.003" /><testcase classname="tests.unit_tests.test_llm_generic_execution.TestGenericPipelineExecution" name="test_render_user_prompt_generic_with_none_values" time="0.004"><failure message="AssertionError: assert 'Term: apple, Domain: None, Definition: A fruit' == 'Term: apple, Domain: Not specified, Definition: A fruit'&#10;  &#10;  - Term: apple, Domain: Not specified, Definition: A fruit&#10;  ?                        ^^^^ ------&#10;  + Term: apple, Domain: None, Definition: A fruit&#10;  ?                        ^">tests/unit_tests/test_llm_generic_execution.py:278: in test_render_user_prompt_generic_with_none_values
    assert result == expected
E   AssertionError: assert 'Term: apple, Domain: None, Definition: A fruit' == 'Term: apple, Domain: Not specified, Definition: A fruit'
E     
E     - Term: apple, Domain: Not specified, Definition: A fruit
E     ?                        ^^^^ ------
E     + Term: apple, Domain: None, Definition: A fruit
E     ?                        ^</failure></testcase><testcase classname="tests.unit_tests.test_llm_generic_execution.TestGenericPipelineExecution" name="test_render_user_prompt_generic_with_lists" time="0.003"><failure message="assert &quot;Terms: ['apple', 'orange', 'banana'], Numbers: [1, 2, 3]&quot; == 'Terms: apple, orange, banana, Numbers: [1, 2, 3]'&#10;  &#10;  - Terms: apple, orange, banana, Numbers: [1, 2, 3]&#10;  + Terms: ['apple', 'orange', 'banana'], Numbers: [1, 2, 3]&#10;  ?        ++     +  +      +  +      ++">tests/unit_tests/test_llm_generic_execution.py:291: in test_render_user_prompt_generic_with_lists
    assert result == expected
E   assert "Terms: ['apple', 'orange', 'banana'], Numbers: [1, 2, 3]" == 'Terms: apple, orange, banana, Numbers: [1, 2, 3]'
E     
E     - Terms: apple, orange, banana, Numbers: [1, 2, 3]
E     + Terms: ['apple', 'orange', 'banana'], Numbers: [1, 2, 3]
E     ?        ++     +  +      +  +      ++</failure></testcase><testcase classname="tests.unit_tests.test_llm_generic_execution.TestGenericPipelineExecution" name="test_render_user_prompt_generic_with_dict" time="0.003" /><testcase classname="tests.unit_tests.test_llm_generic_execution.TestGenericPipelineExecution" name="test_render_user_prompt_generic_missing_variable" time="0.004"><failure message="llm.exceptions.LLMProcessingError: Missing template variables: missing_var">tests/unit_tests/test_llm_generic_execution.py:313: in test_render_user_prompt_generic_missing_variable
    result = mock_llm_service._render_user_prompt_generic(template, context_data)
             ^^^^^^^^^^^^^^^^^^^^^^^^^^^^^^^^^^^^^^^^^^^^^^^^^^^^^^^^^^^^^^^^^^^^
llm/service.py:591: in _render_user_prompt_generic
    raise LLMProcessingError(f"Missing template variables: {', '.join(missing_vars)}")
[...]
    engine, session_local, db_path = create_test_database_with_migrations()
                                     ^^^^^^^^^^^^^^^^^^^^^^^^^^^^^^^^^^^^^^
tests/conftest.py:73: in create_test_database_with_migrations
    raise RuntimeError("Failed to apply migrations to test database")
E   RuntimeError: Failed to apply migrations to test database</error></testcase><testcase classname="tests.unit_tests.test_version_manager.TestVersionManager" name="test_get_current_version" time="0.000"><error message="failed on setup with &quot;RuntimeError: Failed to apply migrations to test database&quot;">tests/conftest.py:384: in shared_app
    engine, session_local, db_path = create_test_database_with_migrations()
                                     ^^^^^^^^^^^^^^^^^^^^^^^^^^^^^^^^^^^^^^
tests/conftest.py:73: in create_test_database_with_migrations
    raise RuntimeError("Failed to apply migrations to test database")
E   RuntimeError: Failed to apply migrations to test database</error></testcase><testcase classname="tests.unit_tests.test_version_manager.TestVersionManager" name="test_get_current_version_no_versions" time="0.000"><error message="failed on setup with &quot;RuntimeError: Failed to apply migrations to test database&quot;">tests/conftest.py:384: in shared_app
    engine, session_local, db_path = create_test_database_with_migrations()
                                     ^^^^^^^^^^^^^^^^^^^^^^^^^^^^^^^^^^^^^^
tests/conftest.py:73: in create_test_database_with_migrations
    raise RuntimeError("Failed to apply migrations to test database")
E   RuntimeError: Failed to apply migrations to test database</error></testcase><testcase classname="tests.unit_tests.test_version_manager.TestVersionManager" name="test_rollback_to_version" time="0.000"><error message="failed on setup with &quot;RuntimeError: Failed to apply migrations to test database&quot;">tests/conftest.py:384: in shared_app
    engine, session_local, db_path = create_test_database_with_migrations()
                                     ^^^^^^^^^^^^^^^^^^^^^^^^^^^^^^^^^^^^^^
tests/conftest.py:73: in create_test_database_with_migrations
    raise RuntimeError("Failed to apply migrations to test database")
E   RuntimeError: Failed to apply migrations to test database</error></testcase><testcase classname="tests.unit_tests.test_version_manager.TestVersionManager" name="test_rollback_to_nonexistent_version" time="0.000"><error message="failed on setup with &quot;RuntimeError: Failed to apply migrations to test database&quot;">tests/conftest.py:384: in shared_app
    engine, session_local, db_path = create_test_database_with_migrations()
                                     ^^^^^^^^^^^^^^^^^^^^^^^^^^^^^^^^^^^^^^
tests/conftest.py:73: in create_test_database_with_migrations
    raise RuntimeError("Failed to apply migrations to test database")
E   RuntimeError: Failed to apply migrations to test database</error></testcase><testcase classname="tests.unit_tests.test_version_manager.TestVersionManager" name="test_update_version_state" time="0.000"><error message="failed on setup with &quot;RuntimeError: Failed to apply migrations to test database&quot;">tests/conftest.py:384: in shared_app
    engine, session_local, db_path = create_test_database_with_migrations()
                                     ^^^^^^^^^^^^^^^^^^^^^^^^^^^^^^^^^^^^^^
tests/conftest.py:73: in create_test_database_with_migrations
    raise RuntimeError("Failed to apply migrations to test database")
E   RuntimeError: Failed to apply migrations to test database</error></testcase><testcase classname="tests.unit_tests.test_version_manager.TestVersionManager" name="test_update_version_state_not_found" time="0.000"><error message="failed on setup with &quot;RuntimeError: Failed to apply migrations to test database&quot;">tests/conftest.py:384: in shared_app
    engine, session_local, db_path = create_test_database_with_migrations()
                                     ^^^^^^^^^^^^^^^^^^^^^^^^^^^^^^^^^^^^^^
tests/conftest.py:73: in create_test_database_with_migrations
    raise RuntimeError("Failed to apply migrations to test database")
E   RuntimeError: Failed to apply migrations to test database</error></testcase><testcase classname="tests.unit_tests.test_version_manager.TestVersionManager" name="test_get_versions_by_state" time="0.000"><error message="failed on setup with &quot;RuntimeError: Failed to apply migrations to test database&quot;">tests/conftest.py:384: in shared_app
    engine, session_local, db_path = create_test_database_with_migrations()
                                     ^^^^^^^^^^^^^^^^^^^^^^^^^^^^^^^^^^^^^^
tests/conftest.py:73: in create_test_database_with_migrations
    raise RuntimeError("Failed to apply migrations to test database")
E   RuntimeError: Failed to apply migrations to test database</error></testcase><testcase classname="tests.unit_tests.test_version_manager.TestVersionManager" name="test_version_with_parent" time="0.000"><error message="failed on setup with &quot;RuntimeError: Failed to apply migrations to test database&quot;">tests/conftest.py:384: in shared_app
    engine, session_local, db_path = create_test_database_with_migrations()
                                     ^^^^^^^^^^^^^^^^^^^^^^^^^^^^^^^^^^^^^^
tests/conftest.py:73: in create_test_database_with_migrations
    raise RuntimeError("Failed to apply migrations to test database")
E   RuntimeError: Failed to apply migrations to test database</error></testcase><testcase classname="tests.unit_tests.test_version_manager.TestVersionManager" name="test_version_with_invalid_parent" time="0.000"><error message="failed on setup with &quot;RuntimeError: Failed to apply migrations to test database&quot;">tests/conftest.py:384: in shared_app
    engine, session_local, db_path = create_test_database_with_migrations()
                                     ^^^^^^^^^^^^^^^^^^^^^^^^^^^^^^^^^^^^^^
tests/conftest.py:73: in create_test_database_with_migrations
    raise RuntimeError("Failed to apply migrations to test database")
E   RuntimeError: Failed to apply migrations to test database</error></testcase><testcase classname="tests.unit_tests.test_version_manager.TestVersionManager" name="test_version_with_metadata" time="0.000"><error message="failed on setup with &quot;RuntimeError: Failed to apply migrations to test database&quot;">tests/conftest.py:384: in shared_app
    engine, session_local, db_path = create_test_database_with_migrations()
                                     ^^^^^^^^^^^^^^^^^^^^^^^^^^^^^^^^^^^^^^
tests/conftest.py:73: in create_test_database_with_migrations
    raise RuntimeError("Failed to apply migrations to test database")
E   RuntimeError: Failed to apply migrations to test database</error></testcase><testcase classname="tests.unit_tests.test_working_tree_manager.TestWorkingTreeManager" name="test_initialize_entity_in_working_tree" time="0.000"><error message="failed on setup with &quot;RuntimeError: Failed to apply migrations to test database&quot;">tests/conftest.py:384: in shared_app
    engine, session_local, db_path = create_test_database_with_migrations()
                                     ^^^^^^^^^^^^^^^^^^^^^^^^^^^^^^^^^^^^^^
tests/conftest.py:73: in create_test_database_with_migrations
    raise RuntimeError("Failed to apply migrations to test database")
E   RuntimeError: Failed to apply migrations to test database</error></testcase><testcase classname="tests.unit_tests.test_working_tree_manager.TestWorkingTreeManager" name="test_initialize_entity_invalid_entity_type" time="0.000"><error message="failed on setup with &quot;RuntimeError: Failed to apply migrations to test database&quot;">tests/conftest.py:384: in shared_app
    engine, session_local, db_path = create_test_database_with_migrations()
                                     ^^^^^^^^^^^^^^^^^^^^^^^^^^^^^^^^^^^^^^
tests/conftest.py:73: in create_test_database_with_migrations
    raise RuntimeError("Failed to apply migrations to test database")
E   RuntimeError: Failed to apply migrations to test database</error></testcase><testcase classname="tests.unit_tests.test_working_tree_manager.TestWorkingTreeManager" name="test_initialize_entity_missing_parameters" time="0.000"><error message="failed on setup with &quot;RuntimeError: Failed to apply migrations to test database&quot;">tests/conftest.py:384: in shared_app
    engine, session_local, db_path = create_test_database_with_migrations()
                                     ^^^^^^^^^^^^^^^^^^^^^^^^^^^^^^^^^^^^^^
tests/conftest.py:73: in create_test_database_with_migrations
    raise RuntimeError("Failed to apply migrations to test database")
E   RuntimeError: Failed to apply migrations to test database</error></testcase><testcase classname="tests.unit_tests.test_working_tree_manager.TestWorkingTreeManager" name="test_initialize_entity_duplicate" time="0.000"><error message="failed on setup with &quot;RuntimeError: Failed to apply migrations to test database&quot;">tests/conftest.py:384: in shared_app
    engine, session_local, db_path = create_test_database_with_migrations()
                                     ^^^^^^^^^^^^^^^^^^^^^^^^^^^^^^^^^^^^^^
tests/conftest.py:73: in create_test_database_with_migrations
    raise RuntimeError("Failed to apply migrations to test database")
E   RuntimeError: Failed to apply migrations to test database</error></testcase><testcase classname="tests.unit_tests.test_working_tree_manager.TestWorkingTreeManager" name="test_initialize_entity_nonexistent_version" time="0.000"><error message="failed on setup with &quot;RuntimeError: Failed to apply migrations to test database&quot;">tests/conftest.py:384: in shared_app
    engine, session_local, db_path = create_test_database_with_migrations()
                                     ^^^^^^^^^^^^^^^^^^^^^^^^^^^^^^^^^^^^^^
tests/conftest.py:73: in create_test_database_with_migrations
    raise RuntimeError("Failed to apply migrations to test database")
E   RuntimeError: Failed to apply migrations to test database</error></testcase><testcase classname="tests.unit_tests.test_working_tree_manager.TestWorkingTreeManager" name="test_update_current_version" time="0.000"><error message="failed on setup with &quot;RuntimeError: Failed to apply migrations to test database&quot;">tests/conftest.py:384: in shared_app
    engine, session_local, db_path = create_test_database_with_migrations()
                                     ^^^^^^^^^^^^^^^^^^^^^^^^^^^^^^^^^^^^^^
tests/conftest.py:73: in create_test_database_with_migrations
    raise RuntimeError("Failed to apply migrations to test database")
E   RuntimeError: Failed to apply migrations to test database</error></testcase><testcase classname="tests.unit_tests.test_working_tree_manager.TestWorkingTreeManager" name="test_update_current_version_not_in_working_tree" time="0.000"><error message="failed on setup with &quot;RuntimeError: Failed to apply migrations to test database&quot;">tests/conftest.py:384: in shared_app
    engine, session_local, db_path = create_test_database_with_migrations()
                                     ^^^^^^^^^^^^^^^^^^^^^^^^^^^^^^^^^^^^^^
tests/conftest.py:73: in create_test_database_with_migrations
    raise RuntimeError("Failed to apply migrations to test database")
E   RuntimeError: Failed to apply migrations to test database</error></testcase><testcase classname="tests.unit_tests.test_working_tree_manager.TestWorkingTreeManager" name="test_update_current_version_nonexistent_version" time="0.000"><error message="failed on setup with &quot;RuntimeError: Failed to apply migrations to test database&quot;">tests/conftest.py:384: in shared_app
    engine, session_local, db_path = create_test_database_with_migrations()
                                     ^^^^^^^^^^^^^^^^^^^^^^^^^^^^^^^^^^^^^^
tests/conftest.py:73: in create_test_database_with_migrations
    raise RuntimeError("Failed to apply migrations to test database")
E   RuntimeError: Failed to apply migrations to test database</error></testcase><testcase classname="tests.unit_tests.test_working_tree_manager.TestWorkingTreeManager" name="test_stage_entity" time="0.000"><error message="failed on setup with &quot;RuntimeError: Failed to apply migrations to test database&quot;">tests/conftest.py:384: in shared_app
    engine, session_local, db_path = create_test_database_with_migrations()
                                     ^^^^^^^^^^^^^^^^^^^^^^^^^^^^^^^^^^^^^^
tests/conftest.py:73: in create_test_database_with_migrations
    raise RuntimeError("Failed to apply migrations to test database")
E   RuntimeError: Failed to apply migrations to test database</error></testcase><testcase classname="tests.unit_tests.test_working_tree_manager.TestWorkingTreeManager" name="test_stage_entity_no_changes" time="0.000"><error message="failed on setup with &quot;RuntimeError: Failed to apply migrations to test database&quot;">tests/conftest.py:384: in shared_app
    engine, session_local, db_path = create_test_database_with_migrations()
                                     ^^^^^^^^^^^^^^^^^^^^^^^^^^^^^^^^^^^^^^
tests/conftest.py:73: in create_test_database_with_migrations
    raise RuntimeError("Failed to apply migrations to test database")
E   RuntimeError: Failed to apply migrations to test database</error></testcase><testcase classname="tests.unit_tests.test_working_tree_manager.TestWorkingTreeManager" name="test_stage_entity_not_in_working_tree" time="0.000"><error message="failed on setup with &quot;RuntimeError: Failed to apply migrations to test database&quot;">tests/conftest.py:384: in shared_app
    engine, session_local, db_path = create_test_database_with_migrations()
                                     ^^^^^^^^^^^^^^^^^^^^^^^^^^^^^^^^^^^^^^
tests/conftest.py:73: in create_test_database_with_migrations
    raise RuntimeError("Failed to apply migrations to test database")
E   RuntimeError: Failed to apply migrations to test database</error></testcase><testcase classname="tests.unit_tests.test_working_tree_manager.TestWorkingTreeManager" name="test_unstage_entity" time="0.000"><error message="failed on setup with &quot;RuntimeError: Failed to apply migrations to test database&quot;">tests/conftest.py:384: in shared_app
    engine, session_local, db_path = create_test_database_with_migrations()
                                     ^^^^^^^^^^^^^^^^^^^^^^^^^^^^^^^^^^^^^^
tests/conftest.py:73: in create_test_database_with_migrations
    raise RuntimeError("Failed to apply migrations to test database")
E   RuntimeError: Failed to apply migrations to test database</error></testcase><testcase classname="tests.unit_tests.test_working_tree_manager.TestWorkingTreeManager" name="test_unstage_entity_not_staged" time="0.000"><error message="failed on setup with &quot;RuntimeError: Failed to apply migrations to test database&quot;">tests/conftest.py:384: in shared_app
    engine, session_local, db_path = create_test_database_with_migrations()
                                     ^^^^^^^^^^^^^^^^^^^^^^^^^^^^^^^^^^^^^^
tests/conftest.py:73: in create_test_database_with_migrations
    raise RuntimeError("Failed to apply migrations to test database")
E   RuntimeError: Failed to apply migrations to test database</error></testcase><testcase classname="tests.unit_tests.test_working_tree_manager.TestWorkingTreeManager" name="test_get_working_tree_entry" time="0.000"><error message="failed on setup with &quot;RuntimeError: Failed to apply migrations to test database&quot;">tests/conftest.py:384: in shared_app
    engine, session_local, db_path = create_test_database_with_migrations()
                                     ^^^^^^^^^^^^^^^^^^^^^^^^^^^^^^^^^^^^^^
tests/conftest.py:73: in create_test_database_with_migrations
    raise RuntimeError("Failed to apply migrations to test database")
E   RuntimeError: Failed to apply migrations to test database</error></testcase><testcase classname="tests.unit_tests.test_working_tree_manager.TestWorkingTreeManager" name="test_get_working_tree_entry_not_found" time="0.000"><error message="failed on setup with &quot;RuntimeError: Failed to apply migrations to test database&quot;">tests/conftest.py:384: in shared_app
    engine, session_local, db_path = create_test_database_with_migrations()
                                     ^^^^^^^^^^^^^^^^^^^^^^^^^^^^^^^^^^^^^^
tests/conftest.py:73: in create_test_database_with_migrations
    raise RuntimeError("Failed to apply migrations to test database")
E   RuntimeError: Failed to apply migrations to test database</error></testcase><testcase classname="tests.unit_tests.test_working_tree_manager.TestWorkingTreeManager" name="test_get_working_changes" time="0.000"><error message="failed on setup with &quot;RuntimeError: Failed to apply migrations to test database&quot;">tests/conftest.py:384: in shared_app
    engine, session_local, db_path = create_test_database_with_migrations()
                                     ^^^^^^^^^^^^^^^^^^^^^^^^^^^^^^^^^^^^^^
tests/conftest.py:73: in create_test_database_with_migrations
    raise RuntimeError("Failed to apply migrations to test database")
E   RuntimeError: Failed to apply migrations to test database</error></testcase><testcase classname="tests.unit_tests.test_working_tree_manager.TestWorkingTreeManager" name="test_get_staged_entities" time="0.000"><error message="failed on setup with &quot;RuntimeError: Failed to apply migrations to test database&quot;">tests/conftest.py:384: in shared_app
    engine, session_local, db_path = create_test_database_with_migrations()
                                     ^^^^^^^^^^^^^^^^^^^^^^^^^^^^^^^^^^^^^^
tests/conftest.py:73: in create_test_database_with_migrations
    raise RuntimeError("Failed to apply migrations to test database")
E   RuntimeError: Failed to apply migrations to test database</error></testcase><testcase classname="tests.unit_tests.test_working_tree_manager.TestWorkingTreeManager" name="test_get_working_tree_status" time="0.000"><error message="failed on setup with &quot;RuntimeError: Failed to apply migrations to test database&quot;">tests/conftest.py:384: in shared_app
    engine, session_local, db_path = create_test_database_with_migrations()
                                     ^^^^^^^^^^^^^^^^^^^^^^^^^^^^^^^^^^^^^^
tests/conftest.py:73: in create_test_database_with_migrations
    raise RuntimeError("Failed to apply migrations to test database")
E   RuntimeError: Failed to apply migrations to test database</error></testcase><testcase classname="tests.unit_tests.test_working_tree_manager.TestWorkingTreeManager" name="test_commit_staged_changes" time="0.000"><error message="failed on setup with &quot;RuntimeError: Failed to apply migrations to test database&quot;">tests/conftest.py:384: in shared_app
    engine, session_local, db_path = create_test_database_with_migrations()
                                     ^^^^^^^^^^^^^^^^^^^^^^^^^^^^^^^^^^^^^^
tests/conftest.py:73: in create_test_database_with_migrations
    raise RuntimeError("Failed to apply migrations to test database")
E   RuntimeError: Failed to apply migrations to test database</error></testcase><testcase classname="tests.unit_tests.test_working_tree_manager.TestWorkingTreeManager" name="test_commit_no_staged_changes" time="0.006"><error message="failed on setup with &quot;RuntimeError: Failed to apply migrations to test database&quot;">tests/conftest.py:384: in shared_app
    engine, session_local, db_path = create_test_database_with_migrations()
                                     ^^^^^^^^^^^^^^^^^^^^^^^^^^^^^^^^^^^^^^
tests/conftest.py:73: in create_test_database_with_migrations
    raise RuntimeError("Failed to apply migrations to test database")
E   RuntimeError: Failed to apply migrations to test database</error></testcase></testsuite></testsuites>