<?xml version="1.0" encoding="UTF-8" ?>
<testsuites name="vitest tests" tests="94" failures="0" errors="0" time="2.629">
    <testsuite name="test/integration/domain_edit.integration.test.tsx" timestamp="2025-10-15T23:33:42.197Z" hostname="f004810d1b6f" tests="1" failures="0" errors="0" skipped="0" time="0.606">
        <testcase classname="test/integration/domain_edit.integration.test.tsx" name="DomainDetails edit flow &gt; opens edit modal, submits form, and invalidates queries on success" time="0.603">
        </testcase>
    </testsuite>
    <testsuite name="test/integration/hooks.useDomains.integration.test.tsx" timestamp="2025-10-15T23:33:42.198Z" hostname="f004810d1b6f" tests="1" failures="0" errors="0" skipped="0" time="0.04">
        <testcase classname="test/integration/hooks.useDomains.integration.test.tsx" name="useDomains integration &gt; fetches domains and renders at least one item" time="0.039">
        </testcase>
    </testsuite>
    <testsuite name="test/integration/llm-integration.test.tsx" timestamp="2025-10-15T23:33:42.199Z" hostname="f004810d1b6f" tests="6" failures="0" errors="0" skipped="0" time="0.014">
        <testcase classname="test/integration/llm-integration.test.tsx" name="LLM Service Integration &gt; should export LLM service with all methods" time="0.005">
        </testcase>
        <testcase classname="test/integration/llm-integration.test.tsx" name="LLM Service Integration &gt; should export LLM hooks" time="0.002">
        </testcase>
        <testcase classname="test/integration/llm-integration.test.tsx" name="LLM Service Integration &gt; should export TypeScript types" time="0.001">
        </testcase>
        <testcase classname="test/integration/llm-integration.test.tsx" name="LLM Service Integration &gt; should validate required parameters in service methods" time="0.002">
        </testcase>
        <testcase classname="test/integration/llm-integration.test.tsx" name="LLM Service Integration &gt; should handle minimal definition request" time="0.001">
        </testcase>
        <testcase classname="test/integration/llm-integration.test.tsx" name="LLM Service Integration &gt; should handle comprehensive definition request" time="0.002">
        </testcase>
    </testsuite>
    <testsuite name="test/integration/llm-traceability.test.tsx" timestamp="2025-10-15T23:33:42.200Z" hostname="f004810d1b6f" tests="16" failures="0" errors="0" skipped="0" time="0.318">
        <testcase classname="test/integration/llm-traceability.test.tsx" name="LLM Traceability Integration &gt; Service Integration &gt; should export traceability service with all methods" time="0.013">
        </testcase>
        <testcase classname="test/integration/llm-traceability.test.tsx" name="LLM Traceability Integration &gt; Service Integration &gt; should handle health check correctly" time="0.003">
        </testcase>
        <testcase classname="test/integration/llm-traceability.test.tsx" name="LLM Traceability Integration &gt; Service Integration &gt; should handle analytics fetching correctly" time="0.01">
        </testcase>
        <testcase classname="test/integration/llm-traceability.test.tsx" name="LLM Traceability Integration &gt; Service Integration &gt; should handle execution history fetching correctly" time="0.003">
        </testcase>
        <testcase classname="test/integration/llm-traceability.test.tsx" name="LLM Traceability Integration &gt; Hook Integration &gt; should export all traceability hooks" time="0.002">
        </testcase>
        <testcase classname="test/integration/llm-traceability.test.tsx" name="LLM Traceability Integration &gt; Hook Integration &gt; should handle health check hook correctly" time="0.052">
        </testcase>
        <testcase classname="test/integration/llm-traceability.test.tsx" name="LLM Traceability Integration &gt; Hook Integration &gt; should handle analytics hook correctly" time="0.012">
        </testcase>
        <testcase classname="test/integration/llm-traceability.test.tsx" name="LLM Traceability Integration &gt; Selection Recording &gt; should record selections without blocking user workflow" time="0.116">
        </testcase>
        <testcase classname="test/integration/llm-traceability.test.tsx" name="LLM Traceability Integration &gt; Selection Recording &gt; should gracefully handle tracking failures without affecting UX" time="0.033">
        </testcase>
        <testcase classname="test/integration/llm-traceability.test.tsx" name="LLM Traceability Integration &gt; Selection Recording &gt; should handle custom selection tracking hook correctly" time="0.015">
        </testcase>
        <testcase classname="test/integration/llm-traceability.test.tsx" name="LLM Traceability Integration &gt; Component Integration &gt; should render AnalyticsDashboard without errors" time="0.014">
        </testcase>
        <testcase classname="test/integration/llm-traceability.test.tsx" name="LLM Traceability Integration &gt; Component Integration &gt; should render ExecutionHistory without errors" time="0.026">
        </testcase>
        <testcase classname="test/integration/llm-traceability.test.tsx" name="LLM Traceability Integration &gt; Component Integration &gt; should handle SelectionTracker with different child types" time="0.003">
        </testcase>
        <testcase classname="test/integration/llm-traceability.test.tsx" name="LLM Traceability Integration &gt; Error Handling and Graceful Degradation &gt; should handle network failures gracefully in analytics" time="0.006">
        </testcase>
        <testcase classname="test/integration/llm-traceability.test.tsx" name="LLM Traceability Integration &gt; Error Handling and Graceful Degradation &gt; should handle service unavailable scenarios" time="0.005">
        </testcase>
        <testcase classname="test/integration/llm-traceability.test.tsx" name="LLM Traceability Integration &gt; Performance and Caching &gt; should cache analytics queries appropriately" time="0.004">
        </testcase>
    </testsuite>
    <testsuite name="src/components/panels/TreeChartPanel.test.tsx" timestamp="2025-10-15T23:33:42.203Z" hostname="f004810d1b6f" tests="7" failures="0" errors="0" skipped="0" time="0.141">
        <testcase classname="src/components/panels/TreeChartPanel.test.tsx" name="TreeChartPanel &gt; displays loading state while data is being fetched" time="0.083">
        </testcase>
        <testcase classname="src/components/panels/TreeChartPanel.test.tsx" name="TreeChartPanel &gt; displays error state when data loading fails" time="0.013">
            <system-err>
[API ERROR] TreeChartPanel error {
  error: Error: Failed to load data
      at /workspace/ux/src/components/panels/TreeChartPanel.test.tsx:99:23
      at file:///workspace/ux/node_modules/@vitest/runner/dist/index.js:135:14
      at file:///workspace/ux/node_modules/@vitest/runner/dist/index.js:60:26
      at runTest (file:///workspace/ux/node_modules/@vitest/runner/dist/index.js:781:17)
      at runSuite (file:///workspace/ux/node_modules/@vitest/runner/dist/index.js:909:15)
      at runSuite (file:///workspace/ux/node_modules/@vitest/runner/dist/index.js:909:15)
      at runFiles (file:///workspace/ux/node_modules/@vitest/runner/dist/index.js:958:5)
      at startTests (file:///workspace/ux/node_modules/@vitest/runner/dist/index.js:967:3)
      at file:///workspace/ux/node_modules/vitest/dist/chunks/runtime-runBaseTests.oAvMKtQC.js:116:7
      at withEnv (file:///workspace/ux/node_modules/vitest/dist/chunks/runtime-runBaseTests.oAvMKtQC.js:83:5),
  termId: undefined
}

            </system-err>
        </testcase>
        <testcase classname="src/components/panels/TreeChartPanel.test.tsx" name="TreeChartPanel &gt; renders TreeChart when data is successfully loaded" time="0.009">
            <system-out>
[API INFO] Final tree structure generated {
  rootNode: {
    id: &apos;dataset&apos;,
    title: &apos;Data Set&apos;,
    type: &apos;dataset&apos;,
    children: [ [Object] ],
    depth: 0
  }
}

            </system-out>
        </testcase>
        <testcase classname="src/components/panels/TreeChartPanel.test.tsx" name="TreeChartPanel &gt; loads specific term when termId is provided" time="0.008">
            <system-out>
[API INFO] Final tree structure generated {
  rootNode: {
    id: &apos;dataset&apos;,
    title: &apos;Data Set&apos;,
    type: &apos;dataset&apos;,
    children: [ [Object] ],
    depth: 0
  }
}
[API INFO] Filtering tree by term {
  termId: &apos;test-term-id&apos;,
  targetTerm: {
    id: &apos;test-term-id&apos;,
    domain_id: &apos;1&apos;,
    title: &apos;Target Term&apos;,
    definition: &apos;Target term definition&apos;
  }
}

            </system-out>
            <system-err>
[API WARN] Term not found in tree { termId: &apos;test-term-id&apos; }

            </system-err>
        </testcase>
        <testcase classname="src/components/panels/TreeChartPanel.test.tsx" name="TreeChartPanel &gt; displays custom loading component when provided" time="0.004">
        </testcase>
        <testcase classname="src/components/panels/TreeChartPanel.test.tsx" name="TreeChartPanel &gt; displays custom error component when provided" time="0.012">
            <system-err>
[API ERROR] TreeChartPanel error {
  error: Error: Failed to load
      at /workspace/ux/src/components/panels/TreeChartPanel.test.tsx:234:23
      at file:///workspace/ux/node_modules/@vitest/runner/dist/index.js:135:14
      at file:///workspace/ux/node_modules/@vitest/runner/dist/index.js:60:26
      at runTest (file:///workspace/ux/node_modules/@vitest/runner/dist/index.js:781:17)
      at runSuite (file:///workspace/ux/node_modules/@vitest/runner/dist/index.js:909:15)
      at runSuite (file:///workspace/ux/node_modules/@vitest/runner/dist/index.js:909:15)
      at runFiles (file:///workspace/ux/node_modules/@vitest/runner/dist/index.js:958:5)
      at startTests (file:///workspace/ux/node_modules/@vitest/runner/dist/index.js:967:3)
      at file:///workspace/ux/node_modules/vitest/dist/chunks/runtime-runBaseTests.oAvMKtQC.js:116:7
      at withEnv (file:///workspace/ux/node_modules/vitest/dist/chunks/runtime-runBaseTests.oAvMKtQC.js:83:5),
  termId: undefined
}

            </system-err>
        </testcase>
        <testcase classname="src/components/panels/TreeChartPanel.test.tsx" name="TreeChartPanel &gt; applies custom className when provided" time="0.012">
            <system-out>
[API INFO] Final tree structure generated {
  rootNode: {
    id: &apos;dataset&apos;,
    title: &apos;Data Set&apos;,
    type: &apos;dataset&apos;,
    children: [ [Object] ],
    depth: 0
  }
}

            </system-out>
        </testcase>
    </testsuite>
    <testsuite name="test/components/llm_pipelines/LlmPipelineRun.test.tsx" timestamp="2025-10-15T23:33:42.205Z" hostname="f004810d1b6f" tests="6" failures="0" errors="0" skipped="0" time="0.235">
        <testcase classname="test/components/llm_pipelines/LlmPipelineRun.test.tsx" name="LlmPipelineRun &gt; renders loading state when fetching flavors" time="0.042">
        </testcase>
        <testcase classname="test/components/llm_pipelines/LlmPipelineRun.test.tsx" name="LlmPipelineRun &gt; renders error state when flavor loading fails" time="0.008">
        </testcase>
        <testcase classname="test/components/llm_pipelines/LlmPipelineRun.test.tsx" name="LlmPipelineRun &gt; renders no flavors message when no enabled flavors exist" time="0.006">
        </testcase>
        <testcase classname="test/components/llm_pipelines/LlmPipelineRun.test.tsx" name="LlmPipelineRun &gt; renders pipeline interface with enabled flavors" time="0.076">
        </testcase>
        <testcase classname="test/components/llm_pipelines/LlmPipelineRun.test.tsx" name="LlmPipelineRun &gt; executes pipeline when button is clicked" time="0.068">
        </testcase>
        <testcase classname="test/components/llm_pipelines/LlmPipelineRun.test.tsx" name="LlmPipelineRun &gt; displays custom result template when provided" time="0.033">
        </testcase>
    </testsuite>
    <testsuite name="test/components/llm_pipelines/PipelineFlavorEditor.test.tsx" timestamp="2025-10-15T23:33:42.207Z" hostname="f004810d1b6f" tests="4" failures="0" errors="0" skipped="0" time="0.199">
        <testcase classname="test/components/llm_pipelines/PipelineFlavorEditor.test.tsx" name="PipelineFlavorEditor - Default Population &gt; populates default values from existing flavor when creating new" time="0.111">
        </testcase>
        <testcase classname="test/components/llm_pipelines/PipelineFlavorEditor.test.tsx" name="PipelineFlavorEditor - Default Population &gt; does not fetch defaults when editing existing flavor" time="0.029">
        </testcase>
        <testcase classname="test/components/llm_pipelines/PipelineFlavorEditor.test.tsx" name="PipelineFlavorEditor - Default Population &gt; shows loading state when fetching defaults" time="0.042">
        </testcase>
        <testcase classname="test/components/llm_pipelines/PipelineFlavorEditor.test.tsx" name="PipelineFlavorEditor - Default Population &gt; handles case when no existing flavors exist" time="0.014">
        </testcase>
    </testsuite>
    <testsuite name="test/components/llm_traceability/AnalyticsDashboard.test.tsx" timestamp="2025-10-15T23:33:42.207Z" hostname="f004810d1b6f" tests="24" failures="0" errors="0" skipped="0" time="0.628">
        <testcase classname="test/components/llm_traceability/AnalyticsDashboard.test.tsx" name="AnalyticsDashboard &gt; Rendering &gt; should render dashboard with title and description" time="0.098">
        </testcase>
        <testcase classname="test/components/llm_traceability/AnalyticsDashboard.test.tsx" name="AnalyticsDashboard &gt; Rendering &gt; should render all metric cards with data" time="0.046">
        </testcase>
        <testcase classname="test/components/llm_traceability/AnalyticsDashboard.test.tsx" name="AnalyticsDashboard &gt; Rendering &gt; should render health status indicator" time="0.022">
        </testcase>
        <testcase classname="test/components/llm_traceability/AnalyticsDashboard.test.tsx" name="AnalyticsDashboard &gt; Rendering &gt; should render time range selector" time="0.026">
        </testcase>
        <testcase classname="test/components/llm_traceability/AnalyticsDashboard.test.tsx" name="AnalyticsDashboard &gt; Rendering &gt; should render refresh button" time="0.013">
        </testcase>
        <testcase classname="test/components/llm_traceability/AnalyticsDashboard.test.tsx" name="AnalyticsDashboard &gt; Loading States &gt; should show loading spinner when analytics are loading" time="0.006">
        </testcase>
        <testcase classname="test/components/llm_traceability/AnalyticsDashboard.test.tsx" name="AnalyticsDashboard &gt; Loading States &gt; should show loading spinner in refresh button when refreshing" time="0.058">
        </testcase>
        <testcase classname="test/components/llm_traceability/AnalyticsDashboard.test.tsx" name="AnalyticsDashboard &gt; Loading States &gt; should show health loading state" time="0.027">
        </testcase>
        <testcase classname="test/components/llm_traceability/AnalyticsDashboard.test.tsx" name="AnalyticsDashboard &gt; Error States &gt; should show error alert when analytics fail to load" time="0.016">
        </testcase>
        <testcase classname="test/components/llm_traceability/AnalyticsDashboard.test.tsx" name="AnalyticsDashboard &gt; Error States &gt; should show degraded health status" time="0.015">
        </testcase>
        <testcase classname="test/components/llm_traceability/AnalyticsDashboard.test.tsx" name="AnalyticsDashboard &gt; Error States &gt; should show unhealthy status with red indicator" time="0.017">
        </testcase>
        <testcase classname="test/components/llm_traceability/AnalyticsDashboard.test.tsx" name="AnalyticsDashboard &gt; User Interactions &gt; should change time range when selector is used" time="0.061">
        </testcase>
        <testcase classname="test/components/llm_traceability/AnalyticsDashboard.test.tsx" name="AnalyticsDashboard &gt; User Interactions &gt; should call refetch when refresh button is clicked" time="0.048">
        </testcase>
        <testcase classname="test/components/llm_traceability/AnalyticsDashboard.test.tsx" name="AnalyticsDashboard &gt; User Interactions &gt; should show export button when configured" time="0.023">
        </testcase>
        <testcase classname="test/components/llm_traceability/AnalyticsDashboard.test.tsx" name="AnalyticsDashboard &gt; User Interactions &gt; should handle export functionality" time="0.044">
        </testcase>
        <testcase classname="test/components/llm_traceability/AnalyticsDashboard.test.tsx" name="AnalyticsDashboard &gt; Configuration Options &gt; should handle auto-refresh configuration" time="0.008">
        </testcase>
        <testcase classname="test/components/llm_traceability/AnalyticsDashboard.test.tsx" name="AnalyticsDashboard &gt; Configuration Options &gt; should handle custom default time range" time="0.013">
        </testcase>
        <testcase classname="test/components/llm_traceability/AnalyticsDashboard.test.tsx" name="AnalyticsDashboard &gt; Configuration Options &gt; should hide health status when configured" time="0.008">
        </testcase>
        <testcase classname="test/components/llm_traceability/AnalyticsDashboard.test.tsx" name="AnalyticsDashboard &gt; Configuration Options &gt; should call onDataUpdate callback when data changes" time="0.008">
        </testcase>
        <testcase classname="test/components/llm_traceability/AnalyticsDashboard.test.tsx" name="AnalyticsDashboard &gt; Configuration Options &gt; should apply custom className" time="0.024">
        </testcase>
        <testcase classname="test/components/llm_traceability/AnalyticsDashboard.test.tsx" name="AnalyticsDashboard &gt; No Data State &gt; should show no data message when analytics data is empty" time="0.004">
        </testcase>
        <testcase classname="test/components/llm_traceability/AnalyticsDashboard.test.tsx" name="AnalyticsDashboard &gt; Performance Overview &gt; should render performance overview card with progress bars" time="0.01">
        </testcase>
        <testcase classname="test/components/llm_traceability/AnalyticsDashboard.test.tsx" name="AnalyticsDashboard &gt; Usage Summary &gt; should render usage summary card with execution details" time="0.013">
        </testcase>
        <testcase classname="test/components/llm_traceability/AnalyticsDashboard.test.tsx" name="AnalyticsDashboard &gt; Usage Summary &gt; should show pipeline type in usage summary when filtered" time="0.01">
        </testcase>
    </testsuite>
    <testsuite name="test/components/llm_traceability/SelectionTracker.test.tsx" timestamp="2025-10-15T23:33:42.210Z" hostname="f004810d1b6f" tests="19" failures="0" errors="0" skipped="0" time="0.319">
        <testcase classname="test/components/llm_traceability/SelectionTracker.test.tsx" name="SelectionTracker &gt; Basic Functionality &gt; should render children without modification when no selection occurs" time="0.033">
        </testcase>
        <testcase classname="test/components/llm_traceability/SelectionTracker.test.tsx" name="SelectionTracker &gt; Basic Functionality &gt; should add tracking attributes to wrapper" time="0.005">
        </testcase>
        <testcase classname="test/components/llm_traceability/SelectionTracker.test.tsx" name="SelectionTracker &gt; Basic Functionality &gt; should apply custom className" time="0.005">
        </testcase>
        <testcase classname="test/components/llm_traceability/SelectionTracker.test.tsx" name="SelectionTracker &gt; Selection Tracking &gt; should track selection via onSelect callback" time="0.081">
        </testcase>
        <testcase classname="test/components/llm_traceability/SelectionTracker.test.tsx" name="SelectionTracker &gt; Selection Tracking &gt; should track selection via onAccept callback" time="0.019">
        </testcase>
        <testcase classname="test/components/llm_traceability/SelectionTracker.test.tsx" name="SelectionTracker &gt; Selection Tracking &gt; should track selection via onApply callback" time="0.017">
        </testcase>
        <testcase classname="test/components/llm_traceability/SelectionTracker.test.tsx" name="SelectionTracker &gt; Selection Tracking &gt; should track selection via data-content attribute" time="0.016">
        </testcase>
        <testcase classname="test/components/llm_traceability/SelectionTracker.test.tsx" name="SelectionTracker &gt; Selection Tracking &gt; should preserve original callbacks when wrapping" time="0.016">
        </testcase>
        <testcase classname="test/components/llm_traceability/SelectionTracker.test.tsx" name="SelectionTracker &gt; Error Handling &gt; should handle missing parameters gracefully" time="0.04">
        </testcase>
        <testcase classname="test/components/llm_traceability/SelectionTracker.test.tsx" name="SelectionTracker &gt; Error Handling &gt; should call onTrackingError when tracking fails" time="0.024">
        </testcase>
        <testcase classname="test/components/llm_traceability/SelectionTracker.test.tsx" name="SelectionTracker &gt; Visual Feedback &gt; should show tracking indicator when showFeedback is true and tracking" time="0.004">
        </testcase>
        <testcase classname="test/components/llm_traceability/SelectionTracker.test.tsx" name="SelectionTracker &gt; Visual Feedback &gt; should not show tracking indicator when showFeedback is false" time="0.003">
        </testcase>
        <testcase classname="test/components/llm_traceability/SelectionTracker.test.tsx" name="SelectionTracker &gt; Optimistic vs Non-optimistic Recording &gt; should use optimistic recording by default" time="0.003">
        </testcase>
        <testcase classname="test/components/llm_traceability/SelectionTracker.test.tsx" name="SelectionTracker &gt; Optimistic vs Non-optimistic Recording &gt; should use regular recording when optimistic is disabled" time="0.015">
        </testcase>
        <testcase classname="test/components/llm_traceability/SelectionTracker.test.tsx" name="SelectionTracker &gt; Higher-Order Component &gt; should work with withSelectionTracking HOC" time="0.003">
        </testcase>
        <testcase classname="test/components/llm_traceability/SelectionTracker.test.tsx" name="SelectionTracker &gt; Manual Selection Tracking Hook &gt; should provide manual tracking functionality" time="0.003">
        </testcase>
        <testcase classname="test/components/llm_traceability/SelectionTracker.test.tsx" name="SelectionTracker &gt; Multiple Children &gt; should handle multiple child elements" time="0.023">
        </testcase>
        <testcase classname="test/components/llm_traceability/SelectionTracker.test.tsx" name="SelectionTracker &gt; Edge Cases &gt; should handle non-React element children gracefully" time="0.003">
        </testcase>
        <testcase classname="test/components/llm_traceability/SelectionTracker.test.tsx" name="SelectionTracker &gt; Edge Cases &gt; should handle empty children" time="0.002">
        </testcase>
    </testsuite>
    <testsuite name="test/components/nlp/NlpAnalysisPanel.test.tsx" timestamp="2025-10-15T23:33:42.213Z" hostname="f004810d1b6f" tests="1" failures="0" errors="0" skipped="0" time="0.115">
        <testcase classname="test/components/nlp/NlpAnalysisPanel.test.tsx" name="NlpAnalysisPanel &gt; shows tokens and entities when analysis is available" time="0.113">
        </testcase>
    </testsuite>
    <testsuite name="src/components/misc/__tests__/create_child_button.test.tsx" timestamp="2025-10-15T23:33:42.214Z" hostname="f004810d1b6f" tests="4" failures="0" errors="0" skipped="0" time="0.226">
        <testcase classname="src/components/misc/__tests__/create_child_button.test.tsx" name="CreateChildButton &gt; renders create domain button for layer parent" time="0.105">
        </testcase>
        <testcase classname="src/components/misc/__tests__/create_child_button.test.tsx" name="CreateChildButton &gt; opens modal when button is clicked" time="0.065">
        </testcase>
        <testcase classname="src/components/misc/__tests__/create_child_button.test.tsx" name="CreateChildButton &gt; renders create term button for domain parent" time="0.016">
        </testcase>
        <testcase classname="src/components/misc/__tests__/create_child_button.test.tsx" name="CreateChildButton &gt; calls onSuccess when form is submitted" time="0.039">
        </testcase>
    </testsuite>
    <testsuite name="src/components/node_selectors/__tests__/portal_record_selector.test.tsx" timestamp="2025-10-15T23:33:42.215Z" hostname="f004810d1b6f" tests="5" failures="0" errors="0" skipped="0" time="0.315">
        <testcase classname="src/components/node_selectors/__tests__/portal_record_selector.test.tsx" name="PortalRecordSelector &gt; renders placeholder and opens portal showing items" time="0.133">
        </testcase>
        <testcase classname="src/components/node_selectors/__tests__/portal_record_selector.test.tsx" name="PortalRecordSelector &gt; filters items using search input" time="0.047">
        </testcase>
        <testcase classname="src/components/node_selectors/__tests__/portal_record_selector.test.tsx" name="PortalRecordSelector &gt; calls onSelect when an item is clicked (single select)" time="0.027">
        </testcase>
        <testcase classname="src/components/node_selectors/__tests__/portal_record_selector.test.tsx" name="PortalRecordSelector &gt; supports multi-select and onSelectionChange" time="0.014">
        </testcase>
        <testcase classname="src/components/node_selectors/__tests__/portal_record_selector.test.tsx" name="PortalRecordSelector &gt; supports keyboard navigation and exposes ARIA attributes" time="0.094">
        </testcase>
    </testsuite>
</testsuites>
