{"meta": {"format": 3, "version": "7.10.7", "timestamp": "2025-10-06T10:45:46.352401", "branch_coverage": false, "show_contexts": false}, "files": {"config.py": {"executed_lines": [1, 5, 6, 7, 8, 9, 10, 11, 12, 13, 15, 17, 20, 21, 22, 23, 24, 25, 28, 29, 30, 31, 32, 33, 34, 37, 38, 39, 40, 41, 42, 43, 44, 47, 48, 49, 50, 51, 52, 53, 54, 55, 58, 59, 60, 61, 62, 63, 64, 65, 68, 69, 70, 71, 72, 73, 74, 75, 76, 79, 80, 83, 84, 85, 86, 87, 90, 91, 92, 93, 94, 95, 96, 97, 100, 101, 104, 105, 108, 111, 114, 119, 125, 130, 135, 144, 145, 146, 147, 148, 149, 150, 153, 154, 157, 158, 161, 162, 163, 164, 165, 166, 167, 168, 169, 170, 173, 174, 175, 176, 177, 178, 182, 183, 184, 185, 186, 187, 188, 191, 192, 193, 194, 195, 196, 197, 200, 201, 202, 203, 204, 205, 206, 208, 216, 217, 219, 222, 223, 224, 225, 226, 227, 228, 229, 232, 233, 234, 235, 236, 239, 240, 242, 243, 246, 247, 250, 251, 254, 255, 258, 259, 262, 263, 266, 267, 270, 281, 287, 296, 308, 323, 336, 391, 392, 396, 397, 401, 402, 406, 407, 411, 412, 416, 417, 456, 457, 472, 473, 477, 478, 484, 485, 493, 494, 506, 507, 509, 510, 511, 512, 513, 515, 517, 518, 519, 520, 521, 523, 524, 525, 526, 527, 528, 530, 532, 533, 534, 539, 541, 542, 543, 544, 545, 546, 547, 552, 568, 606, 610, 622, 624, 625, 627, 632, 636, 639, 647, 661, 684, 685, 687, 688, 689, 691, 693, 694, 695, 697, 701, 727, 734, 741, 753, 760, 779, 787, 790, 791, 792, 793, 794, 795, 798, 805, 811], "summary": {"covered_lines": 249, "num_statements": 416, "percent_covered": 59.85576923076923, "percent_covered_display": "60", "missing_lines": 167, "excluded_lines": 0}, "missing_lines": [210, 211, 212, 244, 248, 252, 256, 260, 264, 268, 271, 272, 273, 283, 284, 285, 289, 290, 291, 292, 293, 294, 298, 299, 300, 302, 303, 304, 305, 306, 310, 311, 312, 313, 320, 325, 330, 331, 332, 333, 334, 338, 339, 340, 342, 348, 353, 394, 399, 404, 409, 414, 419, 459, 475, 480, 487, 496, 535, 536, 537, 548, 549, 550, 554, 555, 556, 557, 558, 559, 560, 562, 563, 564, 565, 566, 570, 571, 572, 573, 576, 577, 578, 580, 583, 584, 585, 587, 589, 592, 593, 595, 596, 597, 599, 601, 602, 603, 604, 608, 612, 613, 616, 617, 618, 619, 620, 628, 629, 630, 631, 642, 643, 644, 654, 657, 658, 681, 699, 704, 705, 706, 707, 708, 709, 711, 712, 713, 716, 717, 718, 719, 721, 722, 723, 729, 730, 736, 737, 743, 744, 746, 747, 748, 749, 750, 755, 756, 762, 763, 765, 766, 767, 768, 771, 772, 773, 774, 775, 776, 781, 782, 800, 801, 802, 807, 813], "excluded_lines": [], "functions": {"ReferenceConfig.get_source_config": {"executed_lines": [], "summary": {"covered_lines": 0, "num_statements": 3, "percent_covered": 0.0, "percent_covered_display": "0", "missing_lines": 3, "excluded_lines": 0}, "missing_lines": [210, 211, 212], "excluded_lines": []}, "Settings.s3_bucket": {"executed_lines": [], "summary": {"covered_lines": 0, "num_statements": 1, "percent_covered": 0.0, "percent_covered_display": "0", "missing_lines": 1, "excluded_lines": 0}, "missing_lines": [244], "excluded_lines": []}, "Settings.s3_region": {"executed_lines": [], "summary": {"covered_lines": 0, "num_statements": 1, "percent_covered": 0.0, "percent_covered_display": "0", "missing_lines": 1, "excluded_lines": 0}, "missing_lines": [248], "excluded_lines": []}, "Settings.s3_access_key": {"executed_lines": [], "summary": {"covered_lines": 0, "num_statements": 1, "percent_covered": 0.0, "percent_covered_display": "0", "missing_lines": 1, "excluded_lines": 0}, "missing_lines": [252], "excluded_lines": []}, "Settings.s3_secret_key": {"executed_lines": [], "summary": {"covered_lines": 0, "num_statements": 1, "percent_covered": 0.0, "percent_covered_display": "0", "missing_lines": 1, "excluded_lines": 0}, "missing_lines": [256], "excluded_lines": []}, "Settings.s3_endpoint": {"executed_lines": [], "summary": {"covered_lines": 0, "num_statements": 1, "percent_covered": 0.0, "percent_covered_display": "0", "missing_lines": 1, "excluded_lines": 0}, "missing_lines": [260], "excluded_lines": []}, "Settings.duckdb_memory_limit": {"executed_lines": [], "summary": {"covered_lines": 0, "num_statements": 1, "percent_covered": 0.0, "percent_covered_display": "0", "missing_lines": 1, "excluded_lines": 0}, "missing_lines": [264], "excluded_lines": []}, "Settings.duckdb_threads": {"executed_lines": [], "summary": {"covered_lines": 0, "num_statements": 1, "percent_covered": 0.0, "percent_covered_display": "0", "missing_lines": 1, "excluded_lines": 0}, "missing_lines": [268], "excluded_lines": []}, "Settings.get_s3_config": {"executed_lines": [], "summary": {"covered_lines": 0, "num_statements": 3, "percent_covered": 0.0, "percent_covered_display": "0", "missing_lines": 3, "excluded_lines": 0}, "missing_lines": [271, 272, 273], "excluded_lines": []}, "Settings.get_source_config": {"executed_lines": [], "summary": {"covered_lines": 0, "num_statements": 3, "percent_covered": 0.0, "percent_covered_display": "0", "missing_lines": 3, "excluded_lines": 0}, "missing_lines": [283, 284, 285], "excluded_lines": []}, "Settings.get_enabled_sources": {"executed_lines": [], "summary": {"covered_lines": 0, "num_statements": 6, "percent_covered": 0.0, "percent_covered_display": "0", "missing_lines": 6, "excluded_lines": 0}, "missing_lines": [289, 290, 291, 292, 293, 294], "excluded_lines": []}, "Settings.get_proxy_enabled_sources": {"executed_lines": [], "summary": {"covered_lines": 0, "num_statements": 8, "percent_covered": 0.0, "percent_covered_display": "0", "missing_lines": 8, "excluded_lines": 0}, "missing_lines": [298, 299, 300, 302, 303, 304, 305, 306], "excluded_lines": []}, "Settings.get_proxy_domain_mappings": {"executed_lines": [], "summary": {"covered_lines": 0, "num_statements": 5, "percent_covered": 0.0, "percent_covered_display": "0", "missing_lines": 5, "excluded_lines": 0}, "missing_lines": [310, 311, 312, 313, 320], "excluded_lines": []}, "Settings.get_concepcy_config": {"executed_lines": [], "summary": {"covered_lines": 0, "num_statements": 6, "percent_covered": 0.0, "percent_covered_display": "0", "missing_lines": 6, "excluded_lines": 0}, "missing_lines": [325, 330, 331, 332, 333, 334], "excluded_lines": []}, "Settings.get_reference_api_buddy_config": {"executed_lines": [], "summary": {"covered_lines": 0, "num_statements": 6, "percent_covered": 0.0, "percent_covered_display": "0", "missing_lines": 6, "excluded_lines": 0}, "missing_lines": [338, 339, 340, 342, 348, 353], "excluded_lines": []}, "Settings.NLP_MAX_TEXT_LENGTH": {"executed_lines": [], "summary": {"covered_lines": 0, "num_statements": 1, "percent_covered": 0.0, "percent_covered_display": "0", "missing_lines": 1, "excluded_lines": 0}, "missing_lines": [394], "excluded_lines": []}, "Settings.LLM_MODEL_NAME": {"executed_lines": [], "summary": {"covered_lines": 0, "num_statements": 1, "percent_covered": 0.0, "percent_covered_display": "0", "missing_lines": 1, "excluded_lines": 0}, "missing_lines": [399], "excluded_lines": []}, "Settings.LLM_TEMPERATURE": {"executed_lines": [], "summary": {"covered_lines": 0, "num_statements": 1, "percent_covered": 0.0, "percent_covered_display": "0", "missing_lines": 1, "excluded_lines": 0}, "missing_lines": [404], "excluded_lines": []}, "Settings.LLM_MAX_TOKENS": {"executed_lines": [], "summary": {"covered_lines": 0, "num_statements": 1, "percent_covered": 0.0, "percent_covered_display": "0", "missing_lines": 1, "excluded_lines": 0}, "missing_lines": [409], "excluded_lines": []}, "Settings.LLM_TIMEOUT": {"executed_lines": [], "summary": {"covered_lines": 0, "num_statements": 1, "percent_covered": 0.0, "percent_covered_display": "0", "missing_lines": 1, "excluded_lines": 0}, "missing_lines": [414], "excluded_lines": []}, "Settings.REFERENCE_CONFIG": {"executed_lines": [], "summary": {"covered_lines": 0, "num_statements": 1, "percent_covered": 0.0, "percent_covered_display": "0", "missing_lines": 1, "excluded_lines": 0}, "missing_lines": [419], "excluded_lines": []}, "Settings.ENABLE_CACHING_PROXY": {"executed_lines": [], "summary": {"covered_lines": 0, "num_statements": 1, "percent_covered": 0.0, "percent_covered_display": "0", "missing_lines": 1, "excluded_lines": 0}, "missing_lines": [459], "excluded_lines": []}, "Settings.REFERENCE_API_BUDDY_CONFIG": {"executed_lines": [], "summary": {"covered_lines": 0, "num_statements": 1, "percent_covered": 0.0, "percent_covered_display": "0", "missing_lines": 1, "excluded_lines": 0}, "missing_lines": [475], "excluded_lines": []}, "Settings.s2v_config": {"executed_lines": [], "summary": {"covered_lines": 0, "num_statements": 1, "percent_covered": 0.0, "percent_covered_display": "0", "missing_lines": 1, "excluded_lines": 0}, "missing_lines": [480], "excluded_lines": []}, "Settings.concepcy_config": {"executed_lines": [], "summary": {"covered_lines": 0, "num_statements": 1, "percent_covered": 0.0, "percent_covered_display": "0", "missing_lines": 1, "excluded_lines": 0}, "missing_lines": [487], "excluded_lines": []}, "Settings.reference_sources_dict": {"executed_lines": [], "summary": {"covered_lines": 0, "num_statements": 1, "percent_covered": 0.0, "percent_covered_display": "0", "missing_lines": 1, "excluded_lines": 0}, "missing_lines": [496], "excluded_lines": []}, "ConfigurationManager.__init__": {"executed_lines": [510, 511, 512, 513], "summary": {"covered_lines": 4, "num_statements": 4, "percent_covered": 100.0, "percent_covered_display": "100", "missing_lines": 0, "excluded_lines": 0}, "missing_lines": [], "excluded_lines": []}, "ConfigurationManager.load": {"executed_lines": [517, 518, 519, 520, 521, 523, 524, 525, 526, 527, 528], "summary": {"covered_lines": 11, "num_statements": 11, "percent_covered": 100.0, "percent_covered_display": "100", "missing_lines": 0, "excluded_lines": 0}, "missing_lines": [], "excluded_lines": []}, "ConfigurationManager.save": {"executed_lines": [532, 533, 534], "summary": {"covered_lines": 3, "num_statements": 6, "percent_covered": 50.0, "percent_covered_display": "50", "missing_lines": 3, "excluded_lines": 0}, "missing_lines": [535, 536, 537], "excluded_lines": []}, "ConfigurationManager._save_locked": {"executed_lines": [541, 542, 543, 544, 545, 546, 547], "summary": {"covered_lines": 7, "num_statements": 10, "percent_covered": 70.0, "percent_covered_display": "70", "missing_lines": 3, "excluded_lines": 0}, "missing_lines": [548, 549, 550], "excluded_lines": []}, "ConfigurationManager.get": {"executed_lines": [], "summary": {"covered_lines": 0, "num_statements": 12, "percent_covered": 0.0, "percent_covered_display": "0", "missing_lines": 12, "excluded_lines": 0}, "missing_lines": [554, 555, 556, 557, 558, 559, 560, 562, 563, 564, 565, 566], "excluded_lines": []}, "ConfigurationManager.set": {"executed_lines": [], "summary": {"covered_lines": 0, "num_statements": 23, "percent_covered": 0.0, "percent_covered_display": "0", "missing_lines": 23, "excluded_lines": 0}, "missing_lines": [570, 571, 572, 573, 576, 577, 578, 580, 583, 584, 585, 587, 589, 592, 593, 595, 596, 597, 599, 601, 602, 603, 604], "excluded_lines": []}, "ConfigurationManager.get_reference_sources": {"executed_lines": [], "summary": {"covered_lines": 0, "num_statements": 1, "percent_covered": 0.0, "percent_covered_display": "0", "missing_lines": 1, "excluded_lines": 0}, "missing_lines": [608], "excluded_lines": []}, "ConfigurationManager.update_reference_source": {"executed_lines": [], "summary": {"covered_lines": 0, "num_statements": 7, "percent_covered": 0.0, "percent_covered_display": "0", "missing_lines": 7, "excluded_lines": 0}, "missing_lines": [612, 613, 616, 617, 618, 619, 620], "excluded_lines": []}, "ConfigurationManager.validate": {"executed_lines": [624, 625, 627, 632], "summary": {"covered_lines": 4, "num_statements": 8, "percent_covered": 50.0, "percent_covered_display": "50", "missing_lines": 4, "excluded_lines": 0}, "missing_lines": [628, 629, 630, 631], "excluded_lines": []}, "get_config_manager": {"executed_lines": [], "summary": {"covered_lines": 0, "num_statements": 3, "percent_covered": 0.0, "percent_covered_display": "0", "missing_lines": 3, "excluded_lines": 0}, "missing_lines": [642, 643, 644], "excluded_lines": []}, "get_settings": {"executed_lines": [], "summary": {"covered_lines": 0, "num_statements": 3, "percent_covered": 0.0, "percent_covered_display": "0", "missing_lines": 3, "excluded_lines": 0}, "missing_lines": [654, 657, 658], "excluded_lines": []}, "get_test_settings": {"executed_lines": [], "summary": {"covered_lines": 0, "num_statements": 1, "percent_covered": 0.0, "percent_covered_display": "0", "missing_lines": 1, "excluded_lines": 0}, "missing_lines": [681], "excluded_lines": []}, "ConfigurationNotifier.__init__": {"executed_lines": [688, 689], "summary": {"covered_lines": 2, "num_statements": 2, "percent_covered": 100.0, "percent_covered_display": "100", "missing_lines": 0, "excluded_lines": 0}, "missing_lines": [], "excluded_lines": []}, "ConfigurationNotifier.register_listener": {"executed_lines": [693, 694, 695], "summary": {"covered_lines": 3, "num_statements": 3, "percent_covered": 100.0, "percent_covered_display": "100", "missing_lines": 0, "excluded_lines": 0}, "missing_lines": [], "excluded_lines": []}, "ConfigurationNotifier.register_global_listener": {"executed_lines": [], "summary": {"covered_lines": 0, "num_statements": 1, "percent_covered": 0.0, "percent_covered_display": "0", "missing_lines": 1, "excluded_lines": 0}, "missing_lines": [699], "excluded_lines": []}, "ConfigurationNotifier.notify": {"executed_lines": [], "summary": {"covered_lines": 0, "num_statements": 16, "percent_covered": 0.0, "percent_covered_display": "0", "missing_lines": 16, "excluded_lines": 0}, "missing_lines": [704, 705, 706, 707, 708, 709, 711, 712, 713, 716, 717, 718, 719, 721, 722, 723], "excluded_lines": []}, "handle_server_config_change": {"executed_lines": [], "summary": {"covered_lines": 0, "num_statements": 2, "percent_covered": 0.0, "percent_covered_display": "0", "missing_lines": 2, "excluded_lines": 0}, "missing_lines": [729, 730], "excluded_lines": []}, "handle_database_config_change": {"executed_lines": [], "summary": {"covered_lines": 0, "num_statements": 2, "percent_covered": 0.0, "percent_covered_display": "0", "missing_lines": 2, "excluded_lines": 0}, "missing_lines": [736, 737], "excluded_lines": []}, "handle_nlp_config_change": {"executed_lines": [], "summary": {"covered_lines": 0, "num_statements": 7, "percent_covered": 0.0, "percent_covered_display": "0", "missing_lines": 7, "excluded_lines": 0}, "missing_lines": [743, 744, 746, 747, 748, 749, 750], "excluded_lines": []}, "handle_llm_config_change": {"executed_lines": [], "summary": {"covered_lines": 0, "num_statements": 2, "percent_covered": 0.0, "percent_covered_display": "0", "missing_lines": 2, "excluded_lines": 0}, "missing_lines": [755, 756], "excluded_lines": []}, "handle_reference_source_config_change": {"executed_lines": [], "summary": {"covered_lines": 0, "num_statements": 12, "percent_covered": 0.0, "percent_covered_display": "0", "missing_lines": 12, "excluded_lines": 0}, "missing_lines": [762, 763, 765, 766, 767, 768, 771, 772, 773, 774, 775, 776], "excluded_lines": []}, "handle_proxy_config_change": {"executed_lines": [], "summary": {"covered_lines": 0, "num_statements": 2, "percent_covered": 0.0, "percent_covered_display": "0", "missing_lines": 2, "excluded_lines": 0}, "missing_lines": [781, 782], "excluded_lines": []}, "notify_configuration_change": {"executed_lines": [], "summary": {"covered_lines": 0, "num_statements": 3, "percent_covered": 0.0, "percent_covered_display": "0", "missing_lines": 3, "excluded_lines": 0}, "missing_lines": [800, 801, 802], "excluded_lines": []}, "notify_global_configuration_reload": {"executed_lines": [], "summary": {"covered_lines": 0, "num_statements": 1, "percent_covered": 0.0, "percent_covered_display": "0", "missing_lines": 1, "excluded_lines": 0}, "missing_lines": [807], "excluded_lines": []}, "get_config_notifier": {"executed_lines": [], "summary": {"covered_lines": 0, "num_statements": 1, "percent_covered": 0.0, "percent_covered_display": "0", "missing_lines": 1, "excluded_lines": 0}, "missing_lines": [813], "excluded_lines": []}, "": {"executed_lines": [1, 5, 6, 7, 8, 9, 10, 11, 12, 13, 15, 17, 20, 21, 22, 23, 24, 25, 28, 29, 30, 31, 32, 33, 34, 37, 38, 39, 40, 41, 42, 43, 44, 47, 48, 49, 50, 51, 52, 53, 54, 55, 58, 59, 60, 61, 62, 63, 64, 65, 68, 69, 70, 71, 72, 73, 74, 75, 76, 79, 80, 83, 84, 85, 86, 87, 90, 91, 92, 93, 94, 95, 96, 97, 100, 101, 104, 105, 108, 111, 114, 119, 125, 130, 135, 144, 145, 146, 147, 148, 149, 150, 153, 154, 157, 158, 161, 162, 163, 164, 165, 166, 167, 168, 169, 170, 173, 174, 175, 176, 177, 178, 182, 183, 184, 185, 186, 187, 188, 191, 192, 193, 194, 195, 196, 197, 200, 201, 202, 203, 204, 205, 206, 208, 216, 217, 219, 222, 223, 224, 225, 226, 227, 228, 229, 232, 233, 234, 235, 236, 239, 240, 242, 243, 246, 247, 250, 251, 254, 255, 258, 259, 262, 263, 266, 267, 270, 281, 287, 296, 308, 323, 336, 391, 392, 396, 397, 401, 402, 406, 407, 411, 412, 416, 417, 456, 457, 472, 473, 477, 478, 484, 485, 493, 494, 506, 507, 509, 515, 530, 539, 552, 568, 606, 610, 622, 636, 639, 647, 661, 684, 685, 687, 691, 697, 701, 727, 734, 741, 753, 760, 779, 787, 790, 791, 792, 793, 794, 795, 798, 805, 811], "summary": {"covered_lines": 215, "num_statements": 215, "percent_covered": 100.0, "percent_covered_display": "100", "missing_lines": 0, "excluded_lines": 0}, "missing_lines": [], "excluded_lines": []}}, "classes": {"LogLevel": {"executed_lines": [], "summary": {"covered_lines": 0, "num_statements": 0, "percent_covered": 100.0, "percent_covered_display": "100", "missing_lines": 0, "excluded_lines": 0}, "missing_lines": [], "excluded_lines": []}, "S3Config": {"executed_lines": [], "summary": {"covered_lines": 0, "num_statements": 0, "percent_covered": 100.0, "percent_covered_display": "100", "missing_lines": 0, "excluded_lines": 0}, "missing_lines": [], "excluded_lines": []}, "ServerConfig": {"executed_lines": [], "summary": {"covered_lines": 0, "num_statements": 0, "percent_covered": 100.0, "percent_covered_display": "100", "missing_lines": 0, "excluded_lines": 0}, "missing_lines": [], "excluded_lines": []}, "DatabaseConfig": {"executed_lines": [], "summary": {"covered_lines": 0, "num_statements": 0, "percent_covered": 100.0, "percent_covered_display": "100", "missing_lines": 0, "excluded_lines": 0}, "missing_lines": [], "excluded_lines": []}, "LLMConfig": {"executed_lines": [], "summary": {"covered_lines": 0, "num_statements": 0, "percent_covered": 100.0, "percent_covered_display": "100", "missing_lines": 0, "excluded_lines": 0}, "missing_lines": [], "excluded_lines": []}, "NLPConfig": {"executed_lines": [], "summary": {"covered_lines": 0, "num_statements": 0, "percent_covered": 100.0, "percent_covered_display": "100", "missing_lines": 0, "excluded_lines": 0}, "missing_lines": [], "excluded_lines": []}, "ReferenceSourceRateLimitConfig": {"executed_lines": [], "summary": {"covered_lines": 0, "num_statements": 0, "percent_covered": 100.0, "percent_covered_display": "100", "missing_lines": 0, "excluded_lines": 0}, "missing_lines": [], "excluded_lines": []}, "ReferenceSourceConfig": {"executed_lines": [], "summary": {"covered_lines": 0, "num_statements": 0, "percent_covered": 100.0, "percent_covered_display": "100", "missing_lines": 0, "excluded_lines": 0}, "missing_lines": [], "excluded_lines": []}, "ReferenceSourcesConfig": {"executed_lines": [], "summary": {"covered_lines": 0, "num_statements": 0, "percent_covered": 100.0, "percent_covered_display": "100", "missing_lines": 0, "excluded_lines": 0}, "missing_lines": [], "excluded_lines": []}, "ProxyServerConfig": {"executed_lines": [], "summary": {"covered_lines": 0, "num_statements": 0, "percent_covered": 100.0, "percent_covered_display": "100", "missing_lines": 0, "excluded_lines": 0}, "missing_lines": [], "excluded_lines": []}, "LoggingConfig": {"executed_lines": [], "summary": {"covered_lines": 0, "num_statements": 0, "percent_covered": 100.0, "percent_covered_display": "100", "missing_lines": 0, "excluded_lines": 0}, "missing_lines": [], "excluded_lines": []}, "SecurityConfig": {"executed_lines": [], "summary": {"covered_lines": 0, "num_statements": 0, "percent_covered": 100.0, "percent_covered_display": "100", "missing_lines": 0, "excluded_lines": 0}, "missing_lines": [], "excluded_lines": []}, "SourceType": {"executed_lines": [], "summary": {"covered_lines": 0, "num_statements": 0, "percent_covered": 100.0, "percent_covered_display": "100", "missing_lines": 0, "excluded_lines": 0}, "missing_lines": [], "excluded_lines": []}, "SourceConfig": {"executed_lines": [], "summary": {"covered_lines": 0, "num_statements": 0, "percent_covered": 100.0, "percent_covered_display": "100", "missing_lines": 0, "excluded_lines": 0}, "missing_lines": [], "excluded_lines": []}, "ReferenceConfig": {"executed_lines": [], "summary": {"covered_lines": 0, "num_statements": 3, "percent_covered": 0.0, "percent_covered_display": "0", "missing_lines": 3, "excluded_lines": 0}, "missing_lines": [210, 211, 212], "excluded_lines": []}, "Settings": {"executed_lines": [], "summary": {"covered_lines": 0, "num_statements": 55, "percent_covered": 0.0, "percent_covered_display": "0", "missing_lines": 55, "excluded_lines": 0}, "missing_lines": [244, 248, 252, 256, 260, 264, 268, 271, 272, 273, 283, 284, 285, 289, 290, 291, 292, 293, 294, 298, 299, 300, 302, 303, 304, 305, 306, 310, 311, 312, 313, 320, 325, 330, 331, 332, 333, 334, 338, 339, 340, 342, 348, 353, 394, 399, 404, 409, 414, 419, 459, 475, 480, 487, 496], "excluded_lines": []}, "ConfigurationManager": {"executed_lines": [510, 511, 512, 513, 517, 518, 519, 520, 521, 523, 524, 525, 526, 527, 528, 532, 533, 534, 541, 542, 543, 544, 545, 546, 547, 624, 625, 627, 632], "summary": {"covered_lines": 29, "num_statements": 82, "percent_covered": 35.36585365853659, "percent_covered_display": "35", "missing_lines": 53, "excluded_lines": 0}, "missing_lines": [535, 536, 537, 548, 549, 550, 554, 555, 556, 557, 558, 559, 560, 562, 563, 564, 565, 566, 570, 571, 572, 573, 576, 577, 578, 580, 583, 584, 585, 587, 589, 592, 593, 595, 596, 597, 599, 601, 602, 603, 604, 608, 612, 613, 616, 617, 618, 619, 620, 628, 629, 630, 631], "excluded_lines": []}, "ConfigurationNotifier": {"executed_lines": [688, 689, 693, 694, 695], "summary": {"covered_lines": 5, "num_statements": 22, "percent_covered": 22.727272727272727, "percent_covered_display": "23", "missing_lines": 17, "excluded_lines": 0}, "missing_lines": [699, 704, 705, 706, 707, 708, 709, 711, 712, 713, 716, 717, 718, 719, 721, 722, 723], "excluded_lines": []}, "": {"executed_lines": [1, 5, 6, 7, 8, 9, 10, 11, 12, 13, 15, 17, 20, 21, 22, 23, 24, 25, 28, 29, 30, 31, 32, 33, 34, 37, 38, 39, 40, 41, 42, 43, 44, 47, 48, 49, 50, 51, 52, 53, 54, 55, 58, 59, 60, 61, 62, 63, 64, 65, 68, 69, 70, 71, 72, 73, 74, 75, 76, 79, 80, 83, 84, 85, 86, 87, 90, 91, 92, 93, 94, 95, 96, 97, 100, 101, 104, 105, 108, 111, 114, 119, 125, 130, 135, 144, 145, 146, 147, 148, 149, 150, 153, 154, 157, 158, 161, 162, 163, 164, 165, 166, 167, 168, 169, 170, 173, 174, 175, 176, 177, 178, 182, 183, 184, 185, 186, 187, 188, 191, 192, 193, 194, 195, 196, 197, 200, 201, 202, 203, 204, 205, 206, 208, 216, 217, 219, 222, 223, 224, 225, 226, 227, 228, 229, 232, 233, 234, 235, 236, 239, 240, 242, 243, 246, 247, 250, 251, 254, 255, 258, 259, 262, 263, 266, 267, 270, 281, 287, 296, 308, 323, 336, 391, 392, 396, 397, 401, 402, 406, 407, 411, 412, 416, 417, 456, 457, 472, 473, 477, 478, 484, 485, 493, 494, 506, 507, 509, 515, 530, 539, 552, 568, 606, 610, 622, 636, 639, 647, 661, 684, 685, 687, 691, 697, 701, 727, 734, 741, 753, 760, 779, 787, 790, 791, 792, 793, 794, 795, 798, 805, 811], "summary": {"covered_lines": 215, "num_statements": 254, "percent_covered": 84.64566929133858, "percent_covered_display": "85", "missing_lines": 39, "excluded_lines": 0}, "missing_lines": [642, 643, 644, 654, 657, 658, 681, 729, 730, 736, 737, 743, 744, 746, 747, 748, 749, 750, 755, 756, 762, 763, 765, 766, 767, 768, 771, 772, 773, 774, 775, 776, 781, 782, 800, 801, 802, 807, 813], "excluded_lines": []}}}}, "totals": {"covered_lines": 249, "num_statements": 416, "percent_covered": 59.85576923076923, "percent_covered_display": "60", "missing_lines": 167, "excluded_lines": 0}}