{"meta": {"format": 3, "version": "7.10.7", "timestamp": "2025-10-05T13:12:47.589657", "branch_coverage": false, "show_contexts": false}, "files": {"reference_db/__init__.py": {"executed_lines": [1, 11, 12, 13, 15], "summary": {"covered_lines": 4, "num_statements": 4, "percent_covered": 100.0, "percent_covered_display": "100", "missing_lines": 0, "excluded_lines": 0}, "missing_lines": [], "excluded_lines": [], "functions": {"": {"executed_lines": [1, 11, 12, 13, 15], "summary": {"covered_lines": 4, "num_statements": 4, "percent_covered": 100.0, "percent_covered_display": "100", "missing_lines": 0, "excluded_lines": 0}, "missing_lines": [], "excluded_lines": []}}, "classes": {"": {"executed_lines": [1, 11, 12, 13, 15], "summary": {"covered_lines": 4, "num_statements": 4, "percent_covered": 100.0, "percent_covered_display": "100", "missing_lines": 0, "excluded_lines": 0}, "missing_lines": [], "excluded_lines": []}}}, "reference_db/config.py": {"executed_lines": [1, 8, 9, 14, 18, 21, 22, 55, 61, 67, 74, 81, 88, 95, 96, 97, 139, 140, 141, 169, 170, 171, 199, 200, 201], "summary": {"covered_lines": 23, "num_statements": 38, "percent_covered": 60.526315789473685, "percent_covered_display": "61", "missing_lines": 15, "excluded_lines": 4}, "missing_lines": [126, 127, 130, 131, 132, 137, 163, 164, 167, 193, 194, 197, 223, 224, 227], "excluded_lines": [98, 142, 172, 202], "functions": {"ReferenceConfig.validate_schema_org_api_url": {"executed_lines": [], "summary": {"covered_lines": 0, "num_statements": 6, "percent_covered": 0.0, "percent_covered_display": "0", "missing_lines": 6, "excluded_lines": 1}, "missing_lines": [126, 127, 130, 131, 132, 137], "excluded_lines": [98]}, "ReferenceConfig.validate_similarity_threshold": {"executed_lines": [], "summary": {"covered_lines": 0, "num_statements": 3, "percent_covered": 0.0, "percent_covered_display": "0", "missing_lines": 3, "excluded_lines": 1}, "missing_lines": [163, 164, 167], "excluded_lines": [142]}, "ReferenceConfig.validate_batch_size": {"executed_lines": [], "summary": {"covered_lines": 0, "num_statements": 3, "percent_covered": 0.0, "percent_covered_display": "0", "missing_lines": 3, "excluded_lines": 1}, "missing_lines": [193, 194, 197], "excluded_lines": [172]}, "ReferenceConfig.validate_retry_count": {"executed_lines": [], "summary": {"covered_lines": 0, "num_statements": 3, "percent_covered": 0.0, "percent_covered_display": "0", "missing_lines": 3, "excluded_lines": 1}, "missing_lines": [223, 224, 227], "excluded_lines": [202]}, "": {"executed_lines": [1, 8, 9, 14, 18, 21, 22, 55, 61, 67, 74, 81, 88, 95, 96, 97, 139, 140, 141, 169, 170, 171, 199, 200, 201], "summary": {"covered_lines": 23, "num_statements": 23, "percent_covered": 100.0, "percent_covered_display": "100", "missing_lines": 0, "excluded_lines": 0}, "missing_lines": [], "excluded_lines": []}}, "classes": {"ReferenceConfig": {"executed_lines": [], "summary": {"covered_lines": 0, "num_statements": 15, "percent_covered": 0.0, "percent_covered_display": "0", "missing_lines": 15, "excluded_lines": 4}, "missing_lines": [126, 127, 130, 131, 132, 137, 163, 164, 167, 193, 194, 197, 223, 224, 227], "excluded_lines": [98, 142, 172, 202]}, "": {"executed_lines": [1, 8, 9, 14, 18, 21, 22, 55, 61, 67, 74, 81, 88, 95, 96, 97, 139, 140, 141, 169, 170, 171, 199, 200, 201], "summary": {"covered_lines": 23, "num_statements": 23, "percent_covered": 100.0, "percent_covered_display": "100", "missing_lines": 0, "excluded_lines": 0}, "missing_lines": [], "excluded_lines": []}}}, "reference_db/manager.py": {"executed_lines": [1, 8, 9, 10, 11, 12, 13, 14, 15, 17, 18, 19, 21, 22, 23, 26, 29, 31, 32, 70, 82, 83, 84, 85, 86, 88, 90, 92, 94, 96, 97, 99, 114, 115, 116, 117, 118, 119, 121, 129, 133, 146, 149, 150, 151, 155, 157, 158, 168, 169, 173, 176, 179, 180, 182, 184, 201, 203, 204, 206, 208, 212, 213, 214, 217, 226, 228, 230, 231, 232, 240, 261, 264, 265, 267, 269, 271, 297, 302, 303, 305, 307, 308, 311, 313, 314, 317, 318, 319, 322, 323, 324, 327, 328, 331, 341, 353, 365, 366, 367, 368, 369, 371, 398, 402, 404, 410, 412, 452, 453, 454, 455, 458, 459, 471, 473, 476, 478, 525, 538, 540, 559, 587, 614, 662, 665, 668, 669, 671, 672, 674, 675, 677, 679, 681, 685, 686, 687, 692, 693, 698, 733, 734, 737, 741, 744, 750, 751, 753, 757, 758, 761, 762, 763, 775, 776, 778, 780, 783, 786, 787, 788, 790, 824, 828, 829, 832, 833, 843, 844, 847, 850, 853, 855], "summary": {"covered_lines": 172, "num_statements": 301, "percent_covered": 57.142857142857146, "percent_covered_display": "57", "missing_lines": 129, "excluded_lines": 2}, "missing_lines": [130, 131, 159, 160, 161, 162, 165, 222, 223, 234, 236, 238, 272, 273, 274, 277, 278, 282, 283, 284, 288, 292, 293, 312, 358, 359, 399, 405, 508, 509, 518, 520, 523, 554, 577, 579, 580, 582, 583, 585, 612, 663, 666, 682, 689, 738, 754, 782, 784, 785, 825, 834, 835, 837, 851, 885, 886, 889, 890, 892, 906, 907, 908, 909, 912, 913, 914, 915, 916, 917, 918, 919, 922, 924, 926, 927, 928, 931, 932, 936, 937, 938, 940, 941, 942, 943, 944, 945, 948, 949, 952, 953, 954, 955, 956, 957, 958, 961, 962, 968, 969, 970, 971, 972, 973, 974, 975, 978, 979, 980, 981, 983, 985, 986, 988, 989, 990, 995, 996, 997, 998, 999, 1004, 1005, 1006, 1007, 1008, 1009, 1011], "excluded_lines": [100, 372], "functions": {"ReferenceManager.__init__": {"executed_lines": [82, 83, 84, 85, 86, 88], "summary": {"covered_lines": 6, "num_statements": 6, "percent_covered": 100.0, "percent_covered_display": "100", "missing_lines": 0, "excluded_lines": 0}, "missing_lines": [], "excluded_lines": []}, "ReferenceManager.__enter__": {"executed_lines": [92], "summary": {"covered_lines": 1, "num_statements": 1, "percent_covered": 100.0, "percent_covered_display": "100", "missing_lines": 0, "excluded_lines": 0}, "missing_lines": [], "excluded_lines": []}, "ReferenceManager.__exit__": {"executed_lines": [96, 97], "summary": {"covered_lines": 2, "num_statements": 2, "percent_covered": 100.0, "percent_covered_display": "100", "missing_lines": 0, "excluded_lines": 0}, "missing_lines": [], "excluded_lines": []}, "ReferenceManager.close": {"executed_lines": [114, 115, 116, 117, 118, 119], "summary": {"covered_lines": 6, "num_statements": 6, "percent_covered": 100.0, "percent_covered_display": "100", "missing_lines": 0, "excluded_lines": 1}, "missing_lines": [], "excluded_lines": [100]}, "ReferenceManager._get_default_db_path": {"executed_lines": [129], "summary": {"covered_lines": 1, "num_statements": 3, "percent_covered": 33.333333333333336, "percent_covered_display": "33", "missing_lines": 2, "excluded_lines": 0}, "missing_lines": [130, 131], "excluded_lines": []}, "ReferenceManager._initialize_database": {"executed_lines": [146, 149, 150, 151, 155, 157, 158, 168, 169, 173, 176, 179, 180, 182], "summary": {"covered_lines": 14, "num_statements": 19, "percent_covered": 73.6842105263158, "percent_covered_display": "74", "missing_lines": 5, "excluded_lines": 0}, "missing_lines": [159, 160, 161, 162, 165], "excluded_lines": []}, "ReferenceManager._verify_schema_version": {"executed_lines": [201, 203, 204, 206, 208, 212, 213, 214, 217, 226, 228, 230, 231, 232], "summary": {"covered_lines": 14, "num_statements": 19, "percent_covered": 73.6842105263158, "percent_covered_display": "74", "missing_lines": 5, "excluded_lines": 0}, "missing_lines": [222, 223, 234, 236, 238], "excluded_lines": []}, "ReferenceManager._rebuild_database": {"executed_lines": [261, 264, 265, 267, 269, 271, 297, 302, 303, 305, 307, 308, 311, 313, 314, 317, 318, 319, 322, 323, 324, 327, 328, 331, 341, 353, 365, 366, 367, 368, 369], "summary": {"covered_lines": 31, "num_statements": 45, "percent_covered": 68.88888888888889, "percent_covered_display": "69", "missing_lines": 14, "excluded_lines": 0}, "missing_lines": [272, 273, 274, 277, 278, 282, 283, 284, 288, 292, 293, 312, 358, 359], "excluded_lines": []}, "ReferenceManager._validate_embedding_dimensions": {"executed_lines": [398, 402, 404, 410], "summary": {"covered_lines": 4, "num_statements": 6, "percent_covered": 66.66666666666667, "percent_covered_display": "67", "missing_lines": 2, "excluded_lines": 1}, "missing_lines": [399, 405], "excluded_lines": [372]}, "ReferenceManager.add_reference_node": {"executed_lines": [452, 453, 454, 455, 458, 459, 471, 473, 476], "summary": {"covered_lines": 9, "num_statements": 9, "percent_covered": 100.0, "percent_covered_display": "100", "missing_lines": 0, "excluded_lines": 0}, "missing_lines": [], "excluded_lines": []}, "ReferenceManager.add_reference_link": {"executed_lines": [], "summary": {"covered_lines": 0, "num_statements": 5, "percent_covered": 0.0, "percent_covered_display": "0", "missing_lines": 5, "excluded_lines": 0}, "missing_lines": [508, 509, 518, 520, 523], "excluded_lines": []}, "ReferenceManager.get_reference_node": {"executed_lines": [538], "summary": {"covered_lines": 1, "num_statements": 1, "percent_covered": 100.0, "percent_covered_display": "100", "missing_lines": 0, "excluded_lines": 0}, "missing_lines": [], "excluded_lines": []}, "ReferenceManager.get_reference_node_by_source": {"executed_lines": [], "summary": {"covered_lines": 0, "num_statements": 1, "percent_covered": 0.0, "percent_covered_display": "0", "missing_lines": 1, "excluded_lines": 0}, "missing_lines": [554], "excluded_lines": []}, "ReferenceManager.list_reference_nodes": {"executed_lines": [], "summary": {"covered_lines": 0, "num_statements": 6, "percent_covered": 0.0, "percent_covered_display": "0", "missing_lines": 6, "excluded_lines": 0}, "missing_lines": [577, 579, 580, 582, 583, 585], "excluded_lines": []}, "ReferenceManager._distance_to_similarity": {"executed_lines": [], "summary": {"covered_lines": 0, "num_statements": 1, "percent_covered": 0.0, "percent_covered_display": "0", "missing_lines": 1, "excluded_lines": 0}, "missing_lines": [612], "excluded_lines": []}, "ReferenceManager.search_by_similarity": {"executed_lines": [662, 665, 668, 669, 671, 672, 674, 675, 677, 679, 681, 685, 686, 687, 692, 693, 698, 733, 734, 737, 741, 744, 750, 751, 753, 757, 758, 761, 762, 763, 775, 776, 778, 780, 783, 786, 787, 788], "summary": {"covered_lines": 38, "num_statements": 47, "percent_covered": 80.85106382978724, "percent_covered_display": "81", "missing_lines": 9, "excluded_lines": 0}, "missing_lines": [663, 666, 682, 689, 738, 754, 782, 784, 785], "excluded_lines": []}, "ReferenceManager.get_node_links": {"executed_lines": [824, 828, 829, 832, 833, 843, 844, 847, 850, 853], "summary": {"covered_lines": 10, "num_statements": 15, "percent_covered": 66.66666666666667, "percent_covered_display": "67", "missing_lines": 5, "excluded_lines": 0}, "missing_lines": [825, 834, 835, 837, 851], "excluded_lines": []}, "ReferenceManager.get_status": {"executed_lines": [], "summary": {"covered_lines": 0, "num_statements": 74, "percent_covered": 0.0, "percent_covered_display": "0", "missing_lines": 74, "excluded_lines": 0}, "missing_lines": [885, 886, 889, 890, 892, 906, 907, 908, 909, 912, 913, 914, 915, 916, 917, 918, 919, 922, 924, 926, 927, 928, 931, 932, 936, 937, 938, 940, 941, 942, 943, 944, 945, 948, 949, 952, 953, 954, 955, 956, 957, 958, 961, 962, 968, 969, 970, 971, 972, 973, 974, 975, 978, 979, 980, 981, 983, 985, 986, 988, 989, 990, 995, 996, 997, 998, 999, 1004, 1005, 1006, 1007, 1008, 1009, 1011], "excluded_lines": []}, "": {"executed_lines": [1, 8, 9, 10, 11, 12, 13, 14, 15, 17, 18, 19, 21, 22, 23, 26, 29, 31, 32, 70, 90, 94, 99, 121, 133, 184, 240, 371, 412, 478, 525, 540, 559, 587, 614, 790, 855], "summary": {"covered_lines": 35, "num_statements": 35, "percent_covered": 100.0, "percent_covered_display": "100", "missing_lines": 0, "excluded_lines": 0}, "missing_lines": [], "excluded_lines": []}}, "classes": {"ReferenceManager": {"executed_lines": [82, 83, 84, 85, 86, 88, 92, 96, 97, 114, 115, 116, 117, 118, 119, 129, 146, 149, 150, 151, 155, 157, 158, 168, 169, 173, 176, 179, 180, 182, 201, 203, 204, 206, 208, 212, 213, 214, 217, 226, 228, 230, 231, 232, 261, 264, 265, 267, 269, 271, 297, 302, 303, 305, 307, 308, 311, 313, 314, 317, 318, 319, 322, 323, 324, 327, 328, 331, 341, 353, 365, 366, 367, 368, 369, 398, 402, 404, 410, 452, 453, 454, 455, 458, 459, 471, 473, 476, 538, 662, 665, 668, 669, 671, 672, 674, 675, 677, 679, 681, 685, 686, 687, 692, 693, 698, 733, 734, 737, 741, 744, 750, 751, 753, 757, 758, 761, 762, 763, 775, 776, 778, 780, 783, 786, 787, 788, 824, 828, 829, 832, 833, 843, 844, 847, 850, 853], "summary": {"covered_lines": 137, "num_statements": 266, "percent_covered": 51.50375939849624, "percent_covered_display": "52", "missing_lines": 129, "excluded_lines": 2}, "missing_lines": [130, 131, 159, 160, 161, 162, 165, 222, 223, 234, 236, 238, 272, 273, 274, 277, 278, 282, 283, 284, 288, 292, 293, 312, 358, 359, 399, 405, 508, 509, 518, 520, 523, 554, 577, 579, 580, 582, 583, 585, 612, 663, 666, 682, 689, 738, 754, 782, 784, 785, 825, 834, 835, 837, 851, 885, 886, 889, 890, 892, 906, 907, 908, 909, 912, 913, 914, 915, 916, 917, 918, 919, 922, 924, 926, 927, 928, 931, 932, 936, 937, 938, 940, 941, 942, 943, 944, 945, 948, 949, 952, 953, 954, 955, 956, 957, 958, 961, 962, 968, 969, 970, 971, 972, 973, 974, 975, 978, 979, 980, 981, 983, 985, 986, 988, 989, 990, 995, 996, 997, 998, 999, 1004, 1005, 1006, 1007, 1008, 1009, 1011], "excluded_lines": [100, 372]}, "": {"executed_lines": [1, 8, 9, 10, 11, 12, 13, 14, 15, 17, 18, 19, 21, 22, 23, 26, 29, 31, 32, 70, 90, 94, 99, 121, 133, 184, 240, 371, 412, 478, 525, 540, 559, 587, 614, 790, 855], "summary": {"covered_lines": 35, "num_statements": 35, "percent_covered": 100.0, "percent_covered_display": "100", "missing_lines": 0, "excluded_lines": 0}, "missing_lines": [], "excluded_lines": []}}}, "reference_db/models.py": {"executed_lines": [1, 8, 9, 10, 11, 13, 16, 17, 39, 41, 42, 43, 44, 45, 46, 47, 48, 49, 50, 53, 59, 67, 71, 79, 80, 100, 102, 103, 104, 105, 106, 107, 108, 111, 112, 114], "summary": {"covered_lines": 33, "num_statements": 35, "percent_covered": 94.28571428571429, "percent_covered_display": "94", "missing_lines": 2, "excluded_lines": 0}, "missing_lines": [73, 116], "excluded_lines": [], "functions": {"ReferenceNode.__repr__": {"executed_lines": [], "summary": {"covered_lines": 0, "num_statements": 1, "percent_covered": 0.0, "percent_covered_display": "0", "missing_lines": 1, "excluded_lines": 0}, "missing_lines": [73], "excluded_lines": []}, "ReferenceLink.__repr__": {"executed_lines": [], "summary": {"covered_lines": 0, "num_statements": 1, "percent_covered": 0.0, "percent_covered_display": "0", "missing_lines": 1, "excluded_lines": 0}, "missing_lines": [116], "excluded_lines": []}, "": {"executed_lines": [1, 8, 9, 10, 11, 13, 16, 17, 39, 41, 42, 43, 44, 45, 46, 47, 48, 49, 50, 53, 59, 67, 71, 79, 80, 100, 102, 103, 104, 105, 106, 107, 108, 111, 112, 114], "summary": {"covered_lines": 33, "num_statements": 33, "percent_covered": 100.0, "percent_covered_display": "100", "missing_lines": 0, "excluded_lines": 0}, "missing_lines": [], "excluded_lines": []}}, "classes": {"ReferenceNode": {"executed_lines": [], "summary": {"covered_lines": 0, "num_statements": 1, "percent_covered": 0.0, "percent_covered_display": "0", "missing_lines": 1, "excluded_lines": 0}, "missing_lines": [73], "excluded_lines": []}, "ReferenceLink": {"executed_lines": [], "summary": {"covered_lines": 0, "num_statements": 1, "percent_covered": 0.0, "percent_covered_display": "0", "missing_lines": 1, "excluded_lines": 0}, "missing_lines": [116], "excluded_lines": []}, "": {"executed_lines": [1, 8, 9, 10, 11, 13, 16, 17, 39, 41, 42, 43, 44, 45, 46, 47, 48, 49, 50, 53, 59, 67, 71, 79, 80, 100, 102, 103, 104, 105, 106, 107, 108, 111, 112, 114], "summary": {"covered_lines": 33, "num_statements": 33, "percent_covered": 100.0, "percent_covered_display": "100", "missing_lines": 0, "excluded_lines": 0}, "missing_lines": [], "excluded_lines": []}}}, "reference_db/schema_org_importer.py": {"executed_lines": [], "summary": {"covered_lines": 0, "num_statements": 331, "percent_covered": 0.0, "percent_covered_display": "0", "missing_lines": 331, "excluded_lines": 0}, "missing_lines": [13, 14, 15, 16, 17, 18, 19, 20, 21, 23, 24, 25, 27, 28, 29, 30, 32, 35, 36, 37, 38, 39, 40, 41, 42, 45, 47, 50, 52, 55, 57, 60, 62, 65, 67, 70, 84, 98, 99, 100, 101, 102, 105, 106, 107, 109, 111, 112, 113, 115, 141, 142, 147, 150, 152, 154, 155, 156, 158, 159, 162, 163, 169, 170, 173, 174, 175, 176, 177, 181, 183, 184, 186, 189, 190, 195, 202, 203, 205, 206, 208, 209, 210, 211, 212, 216, 218, 230, 231, 233, 234, 239, 240, 241, 242, 244, 250, 251, 252, 256, 257, 259, 262, 263, 265, 267, 268, 269, 270, 271, 272, 274, 284, 285, 286, 293, 294, 295, 300, 302, 303, 305, 306, 307, 308, 310, 311, 314, 319, 320, 322, 323, 325, 326, 327, 328, 332, 334, 347, 348, 349, 350, 351, 352, 353, 356, 357, 358, 359, 360, 363, 364, 365, 366, 367, 369, 371, 372, 374, 375, 376, 377, 380, 381, 382, 383, 386, 388, 390, 392, 393, 395, 417, 418, 419, 421, 422, 423, 425, 426, 428, 429, 435, 443, 444, 446, 447, 449, 450, 451, 452, 457, 458, 460, 461, 462, 463, 468, 478, 479, 480, 482, 483, 490, 493, 494, 501, 506, 507, 509, 528, 529, 531, 533, 534, 537, 538, 539, 552, 553, 556, 557, 558, 561, 562, 564, 565, 566, 567, 569, 571, 586, 588, 589, 592, 593, 597, 598, 601, 610, 611, 612, 613, 616, 617, 619, 622, 629, 641, 651, 652, 653, 654, 656, 657, 659, 660, 661, 662, 663, 664, 665, 666, 669, 670, 671, 673, 680, 681, 683, 684, 685, 688, 689, 690, 691, 692, 695, 719, 722, 723, 724, 726, 727, 730, 731, 732, 733, 734, 735, 736, 743, 744, 745, 753, 757, 758, 759, 760, 761, 762, 770, 774, 775, 776, 777, 778, 779, 787, 788, 789, 790, 791, 799, 800, 801, 802, 811, 813, 814, 816, 817, 818, 819, 821, 823, 833, 834, 835, 836, 837], "excluded_lines": [], "functions": {"SchemaOrgImporter.__init__": {"executed_lines": [], "summary": {"covered_lines": 0, "num_statements": 8, "percent_covered": 0.0, "percent_covered_display": "0", "missing_lines": 8, "excluded_lines": 0}, "missing_lines": [98, 99, 100, 101, 102, 105, 106, 107], "excluded_lines": []}, "SchemaOrgImporter._signal_handler": {"executed_lines": [], "summary": {"covered_lines": 0, "num_statements": 3, "percent_covered": 0.0, "percent_covered_display": "0", "missing_lines": 3, "excluded_lines": 0}, "missing_lines": [111, 112, 113], "excluded_lines": []}, "SchemaOrgImporter.import_schema_org": {"executed_lines": [], "summary": {"covered_lines": 0, "num_statements": 36, "percent_covered": 0.0, "percent_covered_display": "0", "missing_lines": 36, "excluded_lines": 0}, "missing_lines": [141, 142, 147, 150, 152, 154, 155, 156, 158, 159, 162, 163, 169, 170, 173, 174, 175, 176, 177, 181, 183, 184, 186, 189, 190, 195, 202, 203, 205, 206, 208, 209, 210, 211, 212, 216], "excluded_lines": []}, "SchemaOrgImporter._acquire_lock": {"executed_lines": [], "summary": {"covered_lines": 0, "num_statements": 17, "percent_covered": 0.0, "percent_covered_display": "0", "missing_lines": 17, "excluded_lines": 0}, "missing_lines": [230, 231, 233, 234, 239, 240, 241, 242, 244, 250, 251, 252, 256, 257, 259, 262, 263], "excluded_lines": []}, "SchemaOrgImporter._release_lock": {"executed_lines": [], "summary": {"covered_lines": 0, "num_statements": 6, "percent_covered": 0.0, "percent_covered_display": "0", "missing_lines": 6, "excluded_lines": 0}, "missing_lines": [267, 268, 269, 270, 271, 272], "excluded_lines": []}, "SchemaOrgImporter._download_with_retry": {"executed_lines": [], "summary": {"covered_lines": 0, "num_statements": 25, "percent_covered": 0.0, "percent_covered_display": "0", "missing_lines": 25, "excluded_lines": 0}, "missing_lines": [284, 285, 286, 293, 294, 295, 300, 302, 303, 305, 306, 307, 308, 310, 311, 314, 319, 320, 322, 323, 325, 326, 327, 328, 332], "excluded_lines": []}, "SchemaOrgImporter._parse_jsonld": {"executed_lines": [], "summary": {"covered_lines": 0, "num_statements": 33, "percent_covered": 0.0, "percent_covered_display": "0", "missing_lines": 33, "excluded_lines": 0}, "missing_lines": [347, 348, 349, 350, 351, 352, 353, 356, 357, 358, 359, 360, 363, 364, 365, 366, 367, 369, 371, 372, 374, 375, 376, 377, 380, 381, 382, 383, 386, 388, 390, 392, 393], "excluded_lines": []}, "SchemaOrgImporter._generate_embeddings_batch": {"executed_lines": [], "summary": {"covered_lines": 0, "num_statements": 37, "percent_covered": 0.0, "percent_covered_display": "0", "missing_lines": 37, "excluded_lines": 0}, "missing_lines": [417, 418, 419, 421, 422, 423, 425, 426, 428, 429, 435, 443, 444, 446, 447, 449, 450, 451, 452, 457, 458, 460, 461, 462, 463, 468, 478, 479, 480, 482, 483, 490, 493, 494, 501, 506, 507], "excluded_lines": []}, "SchemaOrgImporter._insert_nodes_transaction": {"executed_lines": [], "summary": {"covered_lines": 0, "num_statements": 20, "percent_covered": 0.0, "percent_covered_display": "0", "missing_lines": 20, "excluded_lines": 0}, "missing_lines": [528, 529, 531, 533, 534, 537, 538, 539, 552, 553, 556, 557, 558, 561, 562, 564, 565, 566, 567, 569], "excluded_lines": []}, "SchemaOrgImporter._create_vec_table": {"executed_lines": [], "summary": {"covered_lines": 0, "num_statements": 35, "percent_covered": 0.0, "percent_covered_display": "0", "missing_lines": 35, "excluded_lines": 0}, "missing_lines": [586, 588, 589, 592, 593, 597, 598, 601, 610, 611, 612, 613, 616, 617, 619, 622, 629, 641, 651, 652, 653, 654, 656, 657, 659, 660, 661, 662, 663, 664, 665, 666, 669, 670, 671], "excluded_lines": []}, "SchemaOrgImporter._cleanup_vec_table": {"executed_lines": [], "summary": {"covered_lines": 0, "num_statements": 10, "percent_covered": 0.0, "percent_covered_display": "0", "missing_lines": 10, "excluded_lines": 0}, "missing_lines": [680, 681, 683, 684, 685, 688, 689, 690, 691, 692], "excluded_lines": []}, "SchemaOrgImporter._insert_relationships_transaction": {"executed_lines": [], "summary": {"covered_lines": 0, "num_statements": 47, "percent_covered": 0.0, "percent_covered_display": "0", "missing_lines": 47, "excluded_lines": 0}, "missing_lines": [719, 722, 723, 724, 726, 727, 730, 731, 732, 733, 734, 735, 736, 743, 744, 745, 753, 757, 758, 759, 760, 761, 762, 770, 774, 775, 776, 777, 778, 779, 787, 788, 789, 790, 791, 799, 800, 801, 802, 811, 813, 814, 816, 817, 818, 819, 821], "excluded_lines": []}, "SchemaOrgImporter._extract_id": {"executed_lines": [], "summary": {"covered_lines": 0, "num_statements": 5, "percent_covered": 0.0, "percent_covered_display": "0", "missing_lines": 5, "excluded_lines": 0}, "missing_lines": [833, 834, 835, 836, 837], "excluded_lines": []}, "": {"executed_lines": [], "summary": {"covered_lines": 0, "num_statements": 49, "percent_covered": 0.0, "percent_covered_display": "0", "missing_lines": 49, "excluded_lines": 0}, "missing_lines": [13, 14, 15, 16, 17, 18, 19, 20, 21, 23, 24, 25, 27, 28, 29, 30, 32, 35, 36, 37, 38, 39, 40, 41, 42, 45, 47, 50, 52, 55, 57, 60, 62, 65, 67, 70, 84, 109, 115, 218, 265, 274, 334, 395, 509, 571, 673, 695, 823], "excluded_lines": []}}, "classes": {"SchemaOrgImportError": {"executed_lines": [], "summary": {"covered_lines": 0, "num_statements": 0, "percent_covered": 100.0, "percent_covered_display": "100", "missing_lines": 0, "excluded_lines": 0}, "missing_lines": [], "excluded_lines": []}, "DownloadError": {"executed_lines": [], "summary": {"covered_lines": 0, "num_statements": 0, "percent_covered": 100.0, "percent_covered_display": "100", "missing_lines": 0, "excluded_lines": 0}, "missing_lines": [], "excluded_lines": []}, "ParseError": {"executed_lines": [], "summary": {"covered_lines": 0, "num_statements": 0, "percent_covered": 100.0, "percent_covered_display": "100", "missing_lines": 0, "excluded_lines": 0}, "missing_lines": [], "excluded_lines": []}, "EmbeddingError": {"executed_lines": [], "summary": {"covered_lines": 0, "num_statements": 0, "percent_covered": 100.0, "percent_covered_display": "100", "missing_lines": 0, "excluded_lines": 0}, "missing_lines": [], "excluded_lines": []}, "LockError": {"executed_lines": [], "summary": {"covered_lines": 0, "num_statements": 0, "percent_covered": 100.0, "percent_covered_display": "100", "missing_lines": 0, "excluded_lines": 0}, "missing_lines": [], "excluded_lines": []}, "SchemaOrgImporter": {"executed_lines": [], "summary": {"covered_lines": 0, "num_statements": 282, "percent_covered": 0.0, "percent_covered_display": "0", "missing_lines": 282, "excluded_lines": 0}, "missing_lines": [98, 99, 100, 101, 102, 105, 106, 107, 111, 112, 113, 141, 142, 147, 150, 152, 154, 155, 156, 158, 159, 162, 163, 169, 170, 173, 174, 175, 176, 177, 181, 183, 184, 186, 189, 190, 195, 202, 203, 205, 206, 208, 209, 210, 211, 212, 216, 230, 231, 233, 234, 239, 240, 241, 242, 244, 250, 251, 252, 256, 257, 259, 262, 263, 267, 268, 269, 270, 271, 272, 284, 285, 286, 293, 294, 295, 300, 302, 303, 305, 306, 307, 308, 310, 311, 314, 319, 320, 322, 323, 325, 326, 327, 328, 332, 347, 348, 349, 350, 351, 352, 353, 356, 357, 358, 359, 360, 363, 364, 365, 366, 367, 369, 371, 372, 374, 375, 376, 377, 380, 381, 382, 383, 386, 388, 390, 392, 393, 417, 418, 419, 421, 422, 423, 425, 426, 428, 429, 435, 443, 444, 446, 447, 449, 450, 451, 452, 457, 458, 460, 461, 462, 463, 468, 478, 479, 480, 482, 483, 490, 493, 494, 501, 506, 507, 528, 529, 531, 533, 534, 537, 538, 539, 552, 553, 556, 557, 558, 561, 562, 564, 565, 566, 567, 569, 586, 588, 589, 592, 593, 597, 598, 601, 610, 611, 612, 613, 616, 617, 619, 622, 629, 641, 651, 652, 653, 654, 656, 657, 659, 660, 661, 662, 663, 664, 665, 666, 669, 670, 671, 680, 681, 683, 684, 685, 688, 689, 690, 691, 692, 719, 722, 723, 724, 726, 727, 730, 731, 732, 733, 734, 735, 736, 743, 744, 745, 753, 757, 758, 759, 760, 761, 762, 770, 774, 775, 776, 777, 778, 779, 787, 788, 789, 790, 791, 799, 800, 801, 802, 811, 813, 814, 816, 817, 818, 819, 821, 833, 834, 835, 836, 837], "excluded_lines": []}, "": {"executed_lines": [], "summary": {"covered_lines": 0, "num_statements": 49, "percent_covered": 0.0, "percent_covered_display": "0", "missing_lines": 49, "excluded_lines": 0}, "missing_lines": [13, 14, 15, 16, 17, 18, 19, 20, 21, 23, 24, 25, 27, 28, 29, 30, 32, 35, 36, 37, 38, 39, 40, 41, 42, 45, 47, 50, 52, 55, 57, 60, 62, 65, 67, 70, 84, 109, 115, 218, 265, 274, 334, 395, 509, 571, 673, 695, 823], "excluded_lines": []}}}}, "totals": {"covered_lines": 232, "num_statements": 709, "percent_covered": 32.722143864598024, "percent_covered_display": "33", "missing_lines": 477, "excluded_lines": 6}}