============================= test session starts ==============================
platform linux -- Python 3.11.13, pytest-8.4.1, pluggy-1.6.0 -- /workspace/local-server/.venv/bin/python
cachedir: .pytest_cache
hypothesis profile 'default'
rootdir: /workspace/local-server
configfile: pytest.ini
plugins: langsmith-0.4.34, asyncio-1.2.0, anyio-4.9.0, subtests-0.14.2, schemathesis-4.0.8, hypothesis-6.140.3
asyncio: mode=Mode.AUTO, debug=False, asyncio_default_fixture_loop_scope=None, asyncio_default_test_loop_scope=function
collecting ... collected 527 items

tests/integration_tests/test_background_tasks_api.py::TestTaskStatusAPI::test_get_task_status_success 
-------------------------------- live log setup --------------------------------
INFO     services.service_factory:service_factory.py:184 ServiceFactory [8b154a8f] initialized with 30s TTL
-------------------------------- live log call ---------------------------------
INFO     services.task_manager:task_manager.py:138 TaskManager initialized with max_queue_size=100, max_dlq_size=1000
INFO     services.task_manager:task_manager.py:528 Global TaskManager initialized
INFO     services.task_manager:task_manager.py:148 TaskManager worker started
INFO     services.task_manager:task_manager.py:229 Task c7c86ac9-82d9-4f5f-87bd-4fe59366f35a (test) submitted to queue
INFO     httpx:_client.py:1025 HTTP Request: GET http://testserver/api/tasks/c7c86ac9-82d9-4f5f-87bd-4fe59366f35a "HTTP/1.1 200 OK"
INFO     services.task_manager:task_manager.py:160 Shutting down TaskManager...
INFO     services.task_manager:task_manager.py:288 Task c7c86ac9-82d9-4f5f-87bd-4fe59366f35a cancelled
INFO     services.task_manager:task_manager.py:185 TaskManager shutdown complete
INFO     services.task_manager:task_manager.py:538 Global TaskManager shut down
PASSED                                                                   [  0%]
------------------------------ live log teardown -------------------------------
INFO     database.utils:utils.py:523 Cleaning up database resources...
INFO     database.utils:utils.py:551 Database resources cleanup complete

tests/integration_tests/test_background_tasks_api.py::TestTaskStatusAPI::test_get_task_status_not_found 
-------------------------------- live log call ---------------------------------
INFO     services.task_manager:task_manager.py:138 TaskManager initialized with max_queue_size=100, max_dlq_size=1000
INFO     services.task_manager:task_manager.py:528 Global TaskManager initialized
INFO     services.task_manager:task_manager.py:148 TaskManager worker started
INFO     httpx:_client.py:1025 HTTP Request: GET http://testserver/api/tasks/nonexistent-id "HTTP/1.1 404 Not Found"
INFO     services.task_manager:task_manager.py:160 Shutting down TaskManager...
INFO     services.task_manager:task_manager.py:185 TaskManager shutdown complete
INFO     services.task_manager:task_manager.py:538 Global TaskManager shut down
PASSED                                                                   [  0%]
------------------------------ live log teardown -------------------------------
INFO     database.utils:utils.py:523 Cleaning up database resources...
INFO     database.utils:utils.py:551 Database resources cleanup complete

tests/integration_tests/test_background_tasks_api.py::TestTaskStatusAPI::test_get_task_status_completed 
-------------------------------- live log call ---------------------------------
INFO     services.task_manager:task_manager.py:138 TaskManager initialized with max_queue_size=100, max_dlq_size=1000
INFO     services.task_manager:task_manager.py:528 Global TaskManager initialized
INFO     services.task_manager:task_manager.py:148 TaskManager worker started
INFO     services.task_manager:task_manager.py:229 Task 63a6a48d-7e8f-4ac4-8b12-fd3292c25176 (test) submitted to queue
INFO     services.task_manager:task_manager.py:309 TaskManager worker loop started
INFO     services.task_manager:task_manager.py:337 Processing task 63a6a48d-7e8f-4ac4-8b12-fd3292c25176 (test)
INFO     services.task_manager:task_manager.py:389 Task 63a6a48d-7e8f-4ac4-8b12-fd3292c25176 completed successfully
INFO     httpx:_client.py:1025 HTTP Request: GET http://testserver/api/tasks/63a6a48d-7e8f-4ac4-8b12-fd3292c25176 "HTTP/1.1 200 OK"
INFO     services.task_manager:task_manager.py:160 Shutting down TaskManager...
INFO     services.task_manager:task_manager.py:323 Worker received cancellation
INFO     services.task_manager:task_manager.py:328 TaskManager worker loop exited
INFO     services.task_manager:task_manager.py:185 TaskManager shutdown complete
INFO     services.task_manager:task_manager.py:538 Global TaskManager shut down
PASSED                                                                   [  0%]
------------------------------ live log teardown -------------------------------
INFO     database.utils:utils.py:523 Cleaning up database resources...
INFO     database.utils:utils.py:551 Database resources cleanup complete

tests/integration_tests/test_background_tasks_api.py::TestCancelTaskAPI::test_cancel_running_task 
-------------------------------- live log call ---------------------------------
INFO     services.task_manager:task_manager.py:138 TaskManager initialized with max_queue_size=100, max_dlq_size=1000
INFO     services.task_manager:task_manager.py:528 Global TaskManager initialized
INFO     services.task_manager:task_manager.py:148 TaskManager worker started
INFO     services.task_manager:task_manager.py:229 Task 124a7a44-25a5-48db-95df-c0125b0c66e0 (test) submitted to queue
INFO     services.task_manager:task_manager.py:309 TaskManager worker loop started
INFO     services.task_manager:task_manager.py:337 Processing task 124a7a44-25a5-48db-95df-c0125b0c66e0 (test)
WARNING  services.task_manager:task_manager.py:284 Exception during task 124a7a44-25a5-48db-95df-c0125b0c66e0 cancellation: The future belongs to a different loop than the one specified as the loop argument
INFO     services.task_manager:task_manager.py:288 Task 124a7a44-25a5-48db-95df-c0125b0c66e0 cancelled
INFO     httpx:_client.py:1025 HTTP Request: DELETE http://testserver/api/tasks/124a7a44-25a5-48db-95df-c0125b0c66e0 "HTTP/1.1 200 OK"
INFO     services.task_manager:task_manager.py:403 Task 124a7a44-25a5-48db-95df-c0125b0c66e0 was cancelled
INFO     services.task_manager:task_manager.py:323 Worker received cancellation
INFO     services.task_manager:task_manager.py:328 TaskManager worker loop exited
INFO     services.task_manager:task_manager.py:160 Shutting down TaskManager...
INFO     services.task_manager:task_manager.py:185 TaskManager shutdown complete
INFO     services.task_manager:task_manager.py:538 Global TaskManager shut down
PASSED                                                                   [  0%]
------------------------------ live log teardown -------------------------------
INFO     database.utils:utils.py:523 Cleaning up database resources...
INFO     database.utils:utils.py:551 Database resources cleanup complete

tests/integration_tests/test_background_tasks_api.py::TestCancelTaskAPI::test_cancel_completed_task 
-------------------------------- live log call ---------------------------------
INFO     services.task_manager:task_manager.py:138 TaskManager initialized with max_queue_size=100, max_dlq_size=1000
INFO     services.task_manager:task_manager.py:528 Global TaskManager initialized
INFO     services.task_manager:task_manager.py:148 TaskManager worker started
INFO     services.task_manager:task_manager.py:229 Task 599e7307-1f66-4085-be90-b7703ae66a2e (test) submitted to queue
INFO     services.task_manager:task_manager.py:309 TaskManager worker loop started
INFO     services.task_manager:task_manager.py:337 Processing task 599e7307-1f66-4085-be90-b7703ae66a2e (test)
INFO     services.task_manager:task_manager.py:389 Task 599e7307-1f66-4085-be90-b7703ae66a2e completed successfully
INFO     httpx:_client.py:1025 HTTP Request: DELETE http://testserver/api/tasks/599e7307-1f66-4085-be90-b7703ae66a2e "HTTP/1.1 200 OK"
INFO     services.task_manager:task_manager.py:160 Shutting down TaskManager...
INFO     services.task_manager:task_manager.py:323 Worker received cancellation
INFO     services.task_manager:task_manager.py:328 TaskManager worker loop exited
INFO     services.task_manager:task_manager.py:185 TaskManager shutdown complete
INFO     services.task_manager:task_manager.py:538 Global TaskManager shut down
PASSED                                                                   [  0%]
------------------------------ live log teardown -------------------------------
INFO     database.utils:utils.py:523 Cleaning up database resources...
INFO     database.utils:utils.py:551 Database resources cleanup complete

tests/integration_tests/test_background_tasks_api.py::TestCancelTaskAPI::test_cancel_nonexistent_task 
-------------------------------- live log call ---------------------------------
INFO     services.task_manager:task_manager.py:138 TaskManager initialized with max_queue_size=100, max_dlq_size=1000
INFO     services.task_manager:task_manager.py:528 Global TaskManager initialized
INFO     services.task_manager:task_manager.py:148 TaskManager worker started
INFO     httpx:_client.py:1025 HTTP Request: DELETE http://testserver/api/tasks/nonexistent-id "HTTP/1.1 404 Not Found"
INFO     services.task_manager:task_manager.py:160 Shutting down TaskManager...
INFO     services.task_manager:task_manager.py:185 TaskManager shutdown complete
INFO     services.task_manager:task_manager.py:538 Global TaskManager shut down
PASSED                                                                   [  1%]
------------------------------ live log teardown -------------------------------
INFO     database.utils:utils.py:523 Cleaning up database resources...
INFO     database.utils:utils.py:551 Database resources cleanup complete

tests/integration_tests/test_background_tasks_api.py::TestListTasksAPI::test_list_all_tasks 
-------------------------------- live log call ---------------------------------
INFO     services.task_manager:task_manager.py:138 TaskManager initialized with max_queue_size=100, max_dlq_size=1000
INFO     services.task_manager:task_manager.py:528 Global TaskManager initialized
INFO     services.task_manager:task_manager.py:148 TaskManager worker started
INFO     services.task_manager:task_manager.py:229 Task b055f037-963e-4356-a73c-f2719a37c6aa (test-0) submitted to queue
INFO     services.task_manager:task_manager.py:229 Task 1e18adfe-7f83-4c90-a98a-f02260796f27 (test-1) submitted to queue
INFO     services.task_manager:task_manager.py:229 Task b823f51b-9242-4869-8c69-eb9714218224 (test-2) submitted to queue
INFO     httpx:_client.py:1025 HTTP Request: GET http://testserver/api/tasks "HTTP/1.1 200 OK"
INFO     services.task_manager:task_manager.py:160 Shutting down TaskManager...
INFO     services.task_manager:task_manager.py:288 Task b055f037-963e-4356-a73c-f2719a37c6aa cancelled
INFO     services.task_manager:task_manager.py:288 Task 1e18adfe-7f83-4c90-a98a-f02260796f27 cancelled
INFO     services.task_manager:task_manager.py:288 Task b823f51b-9242-4869-8c69-eb9714218224 cancelled
INFO     services.task_manager:task_manager.py:185 TaskManager shutdown complete
INFO     services.task_manager:task_manager.py:538 Global TaskManager shut down
PASSED                                                                   [  1%]
------------------------------ live log teardown -------------------------------
INFO     database.utils:utils.py:523 Cleaning up database resources...
INFO     database.utils:utils.py:551 Database resources cleanup complete

tests/integration_tests/test_background_tasks_api.py::TestListTasksAPI::test_list_tasks_filter_by_status 
-------------------------------- live log call ---------------------------------
INFO     services.task_manager:task_manager.py:138 TaskManager initialized with max_queue_size=100, max_dlq_size=1000
INFO     services.task_manager:task_manager.py:528 Global TaskManager initialized
INFO     services.task_manager:task_manager.py:148 TaskManager worker started
INFO     services.task_manager:task_manager.py:229 Task 8cf15267-fb3a-4602-ae60-761960c7acbd (test) submitted to queue
INFO     services.task_manager:task_manager.py:309 TaskManager worker loop started
INFO     services.task_manager:task_manager.py:337 Processing task 8cf15267-fb3a-4602-ae60-761960c7acbd (test)
INFO     services.task_manager:task_manager.py:389 Task 8cf15267-fb3a-4602-ae60-761960c7acbd completed successfully
INFO     services.task_manager:task_manager.py:229 Task 53a9f051-cd08-4659-a713-074a7ef1eb5f (test) submitted to queue
INFO     httpx:_client.py:1025 HTTP Request: GET http://testserver/api/tasks?status_filter=completed "HTTP/1.1 200 OK"
INFO     services.task_manager:task_manager.py:160 Shutting down TaskManager...
INFO     services.task_manager:task_manager.py:337 Processing task 53a9f051-cd08-4659-a713-074a7ef1eb5f (test)
INFO     services.task_manager:task_manager.py:403 Task 53a9f051-cd08-4659-a713-074a7ef1eb5f was cancelled
INFO     services.task_manager:task_manager.py:323 Worker received cancellation
INFO     services.task_manager:task_manager.py:328 TaskManager worker loop exited
INFO     services.task_manager:task_manager.py:185 TaskManager shutdown complete
INFO     services.task_manager:task_manager.py:538 Global TaskManager shut down
PASSED                                                                   [  1%]
------------------------------ live log teardown -------------------------------
INFO     database.utils:utils.py:523 Cleaning up database resources...
INFO     database.utils:utils.py:551 Database resources cleanup complete

tests/integration_tests/test_background_tasks_api.py::TestListTasksAPI::test_list_tasks_filter_by_type 
-------------------------------- live log call ---------------------------------
INFO     services.task_manager:task_manager.py:138 TaskManager initialized with max_queue_size=100, max_dlq_size=1000
INFO     services.task_manager:task_manager.py:528 Global TaskManager initialized
INFO     services.task_manager:task_manager.py:148 TaskManager worker started
INFO     services.task_manager:task_manager.py:229 Task a98b0f9a-72e3-4e0d-964c-9f9ef90b00f2 (discovery) submitted to queue
INFO     services.task_manager:task_manager.py:229 Task 1dc0abf1-80d1-4fa5-a747-46d14f81fb52 (mapping) submitted to queue
INFO     services.task_manager:task_manager.py:229 Task 6eab5bb0-f472-41db-989f-41b9c7a36463 (discovery) submitted to queue
INFO     httpx:_client.py:1025 HTTP Request: GET http://testserver/api/tasks?task_type=discovery "HTTP/1.1 200 OK"
INFO     services.task_manager:task_manager.py:160 Shutting down TaskManager...
INFO     services.task_manager:task_manager.py:288 Task a98b0f9a-72e3-4e0d-964c-9f9ef90b00f2 cancelled
INFO     services.task_manager:task_manager.py:288 Task 1dc0abf1-80d1-4fa5-a747-46d14f81fb52 cancelled
INFO     services.task_manager:task_manager.py:288 Task 6eab5bb0-f472-41db-989f-41b9c7a36463 cancelled
INFO     services.task_manager:task_manager.py:185 TaskManager shutdown complete
INFO     services.task_manager:task_manager.py:538 Global TaskManager shut down
PASSED                                                                   [  1%]
------------------------------ live log teardown -------------------------------
INFO     database.utils:utils.py:523 Cleaning up database resources...
INFO     database.utils:utils.py:551 Database resources cleanup complete

tests/integration_tests/test_background_tasks_api.py::TestTaskStatsAPI::test_get_task_stats 
-------------------------------- live log call ---------------------------------
INFO     services.task_manager:task_manager.py:138 TaskManager initialized with max_queue_size=50, max_dlq_size=1000
INFO     services.task_manager:task_manager.py:528 Global TaskManager initialized
INFO     services.task_manager:task_manager.py:148 TaskManager worker started
INFO     services.task_manager:task_manager.py:229 Task 3744cec7-a435-4a34-bf6b-a92dabd67060 (test) submitted to queue
INFO     services.task_manager:task_manager.py:229 Task 8734b6ea-c7f9-47cb-b1f5-914fd0bad5f3 (test) submitted to queue
INFO     services.task_manager:task_manager.py:309 TaskManager worker loop started
INFO     services.task_manager:task_manager.py:337 Processing task 3744cec7-a435-4a34-bf6b-a92dabd67060 (test)
INFO     services.task_manager:task_manager.py:389 Task 3744cec7-a435-4a34-bf6b-a92dabd67060 completed successfully
INFO     services.task_manager:task_manager.py:337 Processing task 8734b6ea-c7f9-47cb-b1f5-914fd0bad5f3 (test)
ERROR    services.task_manager:task_manager.py:416 Task 8734b6ea-c7f9-47cb-b1f5-914fd0bad5f3 failed: error
Traceback (most recent call last):
  File "/workspace/local-server/services/task_manager.py", line 382, in _process_task
    result = await task._asyncio_task
             ^^^^^^^^^^^^^^^^^^^^^^^^
  File "/workspace/local-server/services/task_manager.py", line 372, in execute_with_progress
    return await coroutine
           ^^^^^^^^^^^^^^^
  File "/workspace/local-server/tests/integration_tests/test_background_tasks_api.py", line 356, in failing_task
    raise ValueError("error")
ValueError: error
INFO     httpx:_client.py:1025 HTTP Request: GET http://testserver/api/tasks/stats/summary "HTTP/1.1 200 OK"
INFO     services.task_manager:task_manager.py:160 Shutting down TaskManager...
INFO     services.task_manager:task_manager.py:323 Worker received cancellation
INFO     services.task_manager:task_manager.py:328 TaskManager worker loop exited
INFO     services.task_manager:task_manager.py:185 TaskManager shutdown complete
INFO     services.task_manager:task_manager.py:538 Global TaskManager shut down
PASSED                                                                   [  1%]
------------------------------ live log teardown -------------------------------
INFO     database.utils:utils.py:523 Cleaning up database resources...
INFO     database.utils:utils.py:551 Database resources cleanup complete

tests/integration_tests/test_background_tasks_api.py::TestDeadLetterQueueAPI::test_get_dead_letter_queue 
-------------------------------- live log call ---------------------------------
INFO     services.task_manager:task_manager.py:138 TaskManager initialized with max_queue_size=100, max_dlq_size=1000
INFO     services.task_manager:task_manager.py:528 Global TaskManager initialized
INFO     services.task_manager:task_manager.py:148 TaskManager worker started
INFO     services.task_manager:task_manager.py:229 Task 0ec44ad0-ede9-4f9a-b1ac-f4dd4d221ea4 (test) submitted to queue
INFO     services.task_manager:task_manager.py:229 Task aedffacc-fec0-4dfd-a92e-52988a5779f2 (test) submitted to queue
INFO     services.task_manager:task_manager.py:309 TaskManager worker loop started
INFO     services.task_manager:task_manager.py:337 Processing task 0ec44ad0-ede9-4f9a-b1ac-f4dd4d221ea4 (test)
ERROR    services.task_manager:task_manager.py:416 Task 0ec44ad0-ede9-4f9a-b1ac-f4dd4d221ea4 failed: Error 1
Traceback (most recent call last):
  File "/workspace/local-server/services/task_manager.py", line 382, in _process_task
    result = await task._asyncio_task
             ^^^^^^^^^^^^^^^^^^^^^^^^
  File "/workspace/local-server/services/task_manager.py", line 372, in execute_with_progress
    return await coroutine
           ^^^^^^^^^^^^^^^
  File "/workspace/local-server/tests/integration_tests/test_background_tasks_api.py", line 394, in failing_task
    raise RuntimeError(msg)
RuntimeError: Error 1
INFO     services.task_manager:task_manager.py:337 Processing task aedffacc-fec0-4dfd-a92e-52988a5779f2 (test)
ERROR    services.task_manager:task_manager.py:416 Task aedffacc-fec0-4dfd-a92e-52988a5779f2 failed: Error 2
Traceback (most recent call last):
  File "/workspace/local-server/services/task_manager.py", line 382, in _process_task
    result = await task._asyncio_task
             ^^^^^^^^^^^^^^^^^^^^^^^^
  File "/workspace/local-server/services/task_manager.py", line 372, in execute_with_progress
    return await coroutine
           ^^^^^^^^^^^^^^^
  File "/workspace/local-server/tests/integration_tests/test_background_tasks_api.py", line 394, in failing_task
    raise RuntimeError(msg)
RuntimeError: Error 2
INFO     httpx:_client.py:1025 HTTP Request: GET http://testserver/api/tasks/dead-letter-queue "HTTP/1.1 200 OK"
INFO     services.task_manager:task_manager.py:160 Shutting down TaskManager...
INFO     services.task_manager:task_manager.py:323 Worker received cancellation
INFO     services.task_manager:task_manager.py:328 TaskManager worker loop exited
INFO     services.task_manager:task_manager.py:185 TaskManager shutdown complete
INFO     services.task_manager:task_manager.py:538 Global TaskManager shut down
PASSED                                                                   [  2%]
------------------------------ live log teardown -------------------------------
INFO     database.utils:utils.py:523 Cleaning up database resources...
INFO     database.utils:utils.py:551 Database resources cleanup complete

tests/integration_tests/test_background_tasks_api.py::TestDeadLetterQueueAPI::test_dead_letter_queue_empty 
-------------------------------- live log call ---------------------------------
INFO     services.task_manager:task_manager.py:138 TaskManager initialized with max_queue_size=100, max_dlq_size=1000
INFO     services.task_manager:task_manager.py:528 Global TaskManager initialized
INFO     services.task_manager:task_manager.py:148 TaskManager worker started
INFO     services.task_manager:task_manager.py:229 Task fdb77c82-a5d9-4332-b767-395cec6f313b (test) submitted to queue
INFO     services.task_manager:task_manager.py:309 TaskManager worker loop started
INFO     services.task_manager:task_manager.py:337 Processing task fdb77c82-a5d9-4332-b767-395cec6f313b (test)
INFO     services.task_manager:task_manager.py:389 Task fdb77c82-a5d9-4332-b767-395cec6f313b completed successfully
INFO     httpx:_client.py:1025 HTTP Request: GET http://testserver/api/tasks/dead-letter-queue "HTTP/1.1 200 OK"
INFO     services.task_manager:task_manager.py:160 Shutting down TaskManager...
INFO     services.task_manager:task_manager.py:323 Worker received cancellation
INFO     services.task_manager:task_manager.py:328 TaskManager worker loop exited
INFO     services.task_manager:task_manager.py:185 TaskManager shutdown complete
INFO     services.task_manager:task_manager.py:538 Global TaskManager shut down
PASSED                                                                   [  2%]
------------------------------ live log teardown -------------------------------
INFO     database.utils:utils.py:523 Cleaning up database resources...
INFO     database.utils:utils.py:551 Database resources cleanup complete

tests/integration_tests/test_background_tasks_api.py::TestErrorHandling::test_api_when_task_manager_not_initialized 
-------------------------------- live log call ---------------------------------
ERROR    api.background_tasks:background_tasks.py:201 TaskManager not initialized: TaskManager not initialized. Call initialize_task_manager() first.
INFO     httpx:_client.py:1025 HTTP Request: GET http://testserver/api/tasks/some-id "HTTP/1.1 503 Service Unavailable"
PASSED                                                                   [  2%]
------------------------------ live log teardown -------------------------------
INFO     database.utils:utils.py:523 Cleaning up database resources...
INFO     database.utils:utils.py:551 Database resources cleanup complete

tests/integration_tests/test_background_tasks_api.py::TestErrorHandling::test_concurrent_api_requests 
-------------------------------- live log call ---------------------------------
INFO     services.task_manager:task_manager.py:138 TaskManager initialized with max_queue_size=100, max_dlq_size=1000
INFO     services.task_manager:task_manager.py:528 Global TaskManager initialized
INFO     services.task_manager:task_manager.py:148 TaskManager worker started
INFO     services.task_manager:task_manager.py:229 Task 4d7fa4bf-c3d5-4af5-99e4-5ab0728e6eb1 (test) submitted to queue
INFO     services.task_manager:task_manager.py:229 Task 6b6e3a2f-08bc-4dbf-a729-a4d9c880cff1 (test) submitted to queue
INFO     services.task_manager:task_manager.py:229 Task 76605c7d-5779-4d1e-9382-b7b7ceb7323f (test) submitted to queue
INFO     services.task_manager:task_manager.py:229 Task 00ffa394-9cc6-475b-be2b-66583daf7eb9 (test) submitted to queue
INFO     services.task_manager:task_manager.py:229 Task 1e0e0fc6-9d1b-42df-bafb-fcf3ae901582 (test) submitted to queue
INFO     httpx:_client.py:1025 HTTP Request: GET http://testserver/api/tasks/4d7fa4bf-c3d5-4af5-99e4-5ab0728e6eb1 "HTTP/1.1 200 OK"
INFO     httpx:_client.py:1025 HTTP Request: GET http://testserver/api/tasks/6b6e3a2f-08bc-4dbf-a729-a4d9c880cff1 "HTTP/1.1 200 OK"
INFO     httpx:_client.py:1025 HTTP Request: GET http://testserver/api/tasks/76605c7d-5779-4d1e-9382-b7b7ceb7323f "HTTP/1.1 200 OK"
INFO     httpx:_client.py:1025 HTTP Request: GET http://testserver/api/tasks/00ffa394-9cc6-475b-be2b-66583daf7eb9 "HTTP/1.1 200 OK"
INFO     httpx:_client.py:1025 HTTP Request: GET http://testserver/api/tasks/1e0e0fc6-9d1b-42df-bafb-fcf3ae901582 "HTTP/1.1 200 OK"
INFO     services.task_manager:task_manager.py:160 Shutting down TaskManager...
INFO     services.task_manager:task_manager.py:288 Task 4d7fa4bf-c3d5-4af5-99e4-5ab0728e6eb1 cancelled
INFO     services.task_manager:task_manager.py:288 Task 6b6e3a2f-08bc-4dbf-a729-a4d9c880cff1 cancelled
INFO     services.task_manager:task_manager.py:288 Task 76605c7d-5779-4d1e-9382-b7b7ceb7323f cancelled
INFO     services.task_manager:task_manager.py:288 Task 00ffa394-9cc6-475b-be2b-66583daf7eb9 cancelled
INFO     services.task_manager:task_manager.py:288 Task 1e0e0fc6-9d1b-42df-bafb-fcf3ae901582 cancelled
INFO     services.task_manager:task_manager.py:185 TaskManager shutdown complete
INFO     services.task_manager:task_manager.py:538 Global TaskManager shut down
PASSED                                                                   [  2%]
------------------------------ live log teardown -------------------------------
INFO     database.utils:utils.py:523 Cleaning up database resources...
INFO     database.utils:utils.py:551 Database resources cleanup complete

tests/integration_tests/test_background_tasks_api.py::TestCompleteTaskLifecycle::test_submit_monitor_complete_workflow 
-------------------------------- live log call ---------------------------------
INFO     services.task_manager:task_manager.py:138 TaskManager initialized with max_queue_size=100, max_dlq_size=1000
INFO     services.task_manager:task_manager.py:528 Global TaskManager initialized
INFO     services.task_manager:task_manager.py:148 TaskManager worker started
INFO     services.task_manager:task_manager.py:229 Task 0bb06ee9-2bd4-4fb1-8f5b-e9618a802b1d (discovery) submitted to queue
INFO     httpx:_client.py:1025 HTTP Request: GET http://testserver/api/tasks/0bb06ee9-2bd4-4fb1-8f5b-e9618a802b1d "HTTP/1.1 200 OK"
INFO     services.task_manager:task_manager.py:309 TaskManager worker loop started
INFO     services.task_manager:task_manager.py:337 Processing task 0bb06ee9-2bd4-4fb1-8f5b-e9618a802b1d (discovery)
INFO     services.task_manager:task_manager.py:389 Task 0bb06ee9-2bd4-4fb1-8f5b-e9618a802b1d completed successfully
INFO     httpx:_client.py:1025 HTTP Request: GET http://testserver/api/tasks/0bb06ee9-2bd4-4fb1-8f5b-e9618a802b1d "HTTP/1.1 200 OK"
INFO     httpx:_client.py:1025 HTTP Request: GET http://testserver/api/tasks "HTTP/1.1 200 OK"
INFO     services.task_manager:task_manager.py:160 Shutting down TaskManager...
INFO     services.task_manager:task_manager.py:323 Worker received cancellation
INFO     services.task_manager:task_manager.py:328 TaskManager worker loop exited
INFO     services.task_manager:task_manager.py:185 TaskManager shutdown complete
INFO     services.task_manager:task_manager.py:538 Global TaskManager shut down
PASSED                                                                   [  2%]
------------------------------ live log teardown -------------------------------
INFO     database.utils:utils.py:523 Cleaning up database resources...
INFO     database.utils:utils.py:551 Database resources cleanup complete

tests/integration_tests/test_background_tasks_api.py::TestCompleteTaskLifecycle::test_submit_cancel_workflow 
-------------------------------- live log call ---------------------------------
INFO     services.task_manager:task_manager.py:138 TaskManager initialized with max_queue_size=100, max_dlq_size=1000
INFO     services.task_manager:task_manager.py:528 Global TaskManager initialized
INFO     services.task_manager:task_manager.py:148 TaskManager worker started
INFO     services.task_manager:task_manager.py:229 Task 68d1822f-28b2-417d-9ed9-d7fd57983d18 (test) submitted to queue
INFO     services.task_manager:task_manager.py:309 TaskManager worker loop started
INFO     services.task_manager:task_manager.py:337 Processing task 68d1822f-28b2-417d-9ed9-d7fd57983d18 (test)
WARNING  services.task_manager:task_manager.py:284 Exception during task 68d1822f-28b2-417d-9ed9-d7fd57983d18 cancellation: The future belongs to a different loop than the one specified as the loop argument
INFO     services.task_manager:task_manager.py:288 Task 68d1822f-28b2-417d-9ed9-d7fd57983d18 cancelled
INFO     httpx:_client.py:1025 HTTP Request: DELETE http://testserver/api/tasks/68d1822f-28b2-417d-9ed9-d7fd57983d18 "HTTP/1.1 200 OK"
INFO     services.task_manager:task_manager.py:403 Task 68d1822f-28b2-417d-9ed9-d7fd57983d18 was cancelled
INFO     services.task_manager:task_manager.py:323 Worker received cancellation
INFO     services.task_manager:task_manager.py:328 TaskManager worker loop exited
INFO     httpx:_client.py:1025 HTTP Request: GET http://testserver/api/tasks/68d1822f-28b2-417d-9ed9-d7fd57983d18 "HTTP/1.1 200 OK"
INFO     services.task_manager:task_manager.py:160 Shutting down TaskManager...
INFO     services.task_manager:task_manager.py:185 TaskManager shutdown complete
INFO     services.task_manager:task_manager.py:538 Global TaskManager shut down
PASSED                                                                   [  3%]
------------------------------ live log teardown -------------------------------
INFO     database.utils:utils.py:523 Cleaning up database resources...
INFO     database.utils:utils.py:551 Database resources cleanup complete

tests/integration_tests/test_background_tasks_api.py::TestCompleteTaskLifecycle::test_failure_to_dead_letter_queue_workflow 
-------------------------------- live log call ---------------------------------
INFO     services.task_manager:task_manager.py:138 TaskManager initialized with max_queue_size=100, max_dlq_size=1000
INFO     services.task_manager:task_manager.py:528 Global TaskManager initialized
INFO     services.task_manager:task_manager.py:148 TaskManager worker started
INFO     services.task_manager:task_manager.py:229 Task 3d0428f7-3c3f-47f5-9655-1fc366ce26b0 (test) submitted to queue
INFO     services.task_manager:task_manager.py:309 TaskManager worker loop started
INFO     services.task_manager:task_manager.py:337 Processing task 3d0428f7-3c3f-47f5-9655-1fc366ce26b0 (test)
ERROR    services.task_manager:task_manager.py:416 Task 3d0428f7-3c3f-47f5-9655-1fc366ce26b0 failed: Intentional failure
Traceback (most recent call last):
  File "/workspace/local-server/services/task_manager.py", line 382, in _process_task
    result = await task._asyncio_task
             ^^^^^^^^^^^^^^^^^^^^^^^^
  File "/workspace/local-server/services/task_manager.py", line 372, in execute_with_progress
    return await coroutine
           ^^^^^^^^^^^^^^^
  File "/workspace/local-server/tests/integration_tests/test_background_tasks_api.py", line 599, in failing_task
    raise ValueError("Intentional failure")
ValueError: Intentional failure
INFO     httpx:_client.py:1025 HTTP Request: GET http://testserver/api/tasks/3d0428f7-3c3f-47f5-9655-1fc366ce26b0 "HTTP/1.1 200 OK"
INFO     httpx:_client.py:1025 HTTP Request: GET http://testserver/api/tasks/dead-letter-queue "HTTP/1.1 200 OK"
INFO     services.task_manager:task_manager.py:160 Shutting down TaskManager...
INFO     services.task_manager:task_manager.py:323 Worker received cancellation
INFO     services.task_manager:task_manager.py:328 TaskManager worker loop exited
INFO     services.task_manager:task_manager.py:185 TaskManager shutdown complete
INFO     services.task_manager:task_manager.py:538 Global TaskManager shut down
PASSED                                                                   [  3%]
------------------------------ live log teardown -------------------------------
INFO     database.utils:utils.py:523 Cleaning up database resources...
INFO     database.utils:utils.py:551 Database resources cleanup complete

tests/integration_tests/test_change_event_integration.py::test_end_to_end_event_processing_all_record_types 
-------------------------------- live log setup --------------------------------
INFO     database.utils:utils.py:609 SQLite Version: 3.46.1
INFO     database.utils:utils.py:610 SQLite File: /usr/local/lib/python3.11/sqlite3/__init__.py
INFO     database.utils:utils.py:83 Database Manager initialized
INFO     database.utils:utils.py:130 Creating optimized engine 'legacy_engine_139362554192128_1760372643' with null pooling
INFO     database.utils:utils.py:183 Engine 'legacy_engine_139362554192128_1760372643' created successfully in 0.61ms
INFO     database.utils:utils.py:696 init_db retrieving engine...
INFO     database.utils:utils.py:741 init_db complete (no tables created, use migration manager for schema)
INFO     database.migrations.migration_manager:migration_manager.py:47 MigrationManager initialized: current_version=0, target_version=15
INFO     database.migrations.migration_manager:migration_manager.py:214 Migrate to latest: current schema version: 0, target version: 15
INFO     database.migrations.migration_manager:migration_manager.py:225 Applying 13 pending migrations
INFO     database.migrations.migration_manager:migration_manager.py:241 Applying migration 1: Initial schema
INFO     database.migrations.migration_manager:migration_manager.py:260 Migration 1 completed in 14ms
INFO     database.migrations.migration_manager:migration_manager.py:241 Applying migration 2: Add graph events
INFO     database.migrations.migration_manager:migration_manager.py:260 Migration 2 completed in 3ms
INFO     database.migrations.migration_manager:migration_manager.py:241 Applying migration 3: Add vector search tables
INFO     database.migrations.migration_manager:migration_manager.py:260 Migration 3 completed in 11ms
INFO     database.migrations.migration_manager:migration_manager.py:241 Applying migration 4: Enforce uniqueness for domain title within layer and term title within domain.
INFO     database.migrations.migration_manager:migration_manager.py:260 Migration 4 completed in 6ms
INFO     database.migrations.migration_manager:migration_manager.py:241 Applying migration 5: Add predicate sets functionality with predicates table and related schema changes.
INFO     database.migrations.migration_manager:migration_manager.py:260 Migration 5 completed in 18ms
INFO     database.migrations.migration_manager:migration_manager.py:241 Applying migration 6: The Structure Nodes - Normalize layers, domains, terms into structure_nodes table.
INFO     migration:006_nodes.py:17 Starting The Structure Nodes migration...
INFO     migration:006_nodes.py:114 Creating structure_nodes table...
INFO     migration:006_nodes.py:143 Successfully created structure_nodes table
INFO     migration:006_nodes.py:149 Creating structure_node_links table...
INFO     migration:006_nodes.py:174 Creating change_events table...
INFO     migration:006_nodes.py:197 Creating structure_nodes vector table...
INFO     migration:006_nodes.py:421 Migrating layers to structure_nodes...
INFO     migration:006_nodes.py:452 Migrated 0 layers to structure_nodes
INFO     migration:006_nodes.py:456 Migrating domains to structure_nodes...
INFO     migration:006_nodes.py:487 Migrated 0 domains to structure_nodes
INFO     migration:006_nodes.py:491 Migrating terms to structure_nodes...
INFO     migration:006_nodes.py:532 Migrated 0 terms to structure_nodes
INFO     migration:006_nodes.py:536 Migrating term_relationships to structure_node_links...
INFO     migration:006_nodes.py:549 Migrating graph_events to change_events...
INFO     migration:006_nodes.py:226 Creating change event triggers...
INFO     migration:006_nodes.py:381 Populating vector embeddings table...
INFO     migration:006_nodes.py:414 Populated vector embeddings for 0 structure_nodes
INFO     migration:006_nodes.py:577 Validating migration integrity...
INFO     migration:006_nodes.py:654 Migration validation passed: 0 structure_nodes, 0 links, 0 events
INFO     migration:006_nodes.py:658 Dropping old tables...
INFO     migration:006_nodes.py:48 The Structure Nodes migration completed successfully!
INFO     database.migrations.migration_manager:migration_manager.py:260 Migration 6 completed in 76ms
INFO     database.migrations.migration_manager:migration_manager.py:241 Applying migration 7: Add Change Management System - Entity versioning, working tree state management
INFO     migration:007_change_management.py:19 Starting Change Management System migration...
INFO     migration:007_change_management.py:71 Creating entity_versions table...
INFO     migration:007_change_management.py:92 Successfully created entity_versions table
INFO     migration:007_change_management.py:96 Creating working_tree table...
INFO     migration:007_change_management.py:113 Successfully created working_tree table
INFO     migration:007_change_management.py:117 Extending change_events table...
INFO     migration:007_change_management.py:122 Added version_id column to change_events
INFO     migration:007_change_management.py:134 Added change_state column to change_events
INFO     migration:007_change_management.py:142 Creating indexes...
INFO     migration:007_change_management.py:162 Successfully created all indexes
INFO     migration:007_change_management.py:166 Validating migration integrity...
INFO     migration:007_change_management.py:205 Migration validation passed!
INFO     migration:007_change_management.py:39 Change Management System migration completed successfully!
INFO     database.migrations.migration_manager:migration_manager.py:260 Migration 7 completed in 62ms
INFO     database.migrations.migration_manager:migration_manager.py:241 Applying migration 8: Add Collaboration System - Changesets, proposals, voting, and identity management
INFO     migration:008_collaboration_system.py:19 Starting Collaboration System migration...
INFO     migration:008_collaboration_system.py:81 Creating changesets table...
INFO     migration:008_collaboration_system.py:100 Successfully created changesets table
INFO     migration:008_collaboration_system.py:104 Creating proposals table...
INFO     migration:008_collaboration_system.py:124 Successfully created proposals table
INFO     migration:008_collaboration_system.py:128 Creating proposal_votes table...
INFO     migration:008_collaboration_system.py:143 Successfully created proposal_votes table
INFO     migration:008_collaboration_system.py:147 Creating user_identities table...
INFO     migration:008_collaboration_system.py:162 Successfully created user_identities table
INFO     migration:008_collaboration_system.py:166 Creating user_trust_relationships table...
INFO     migration:008_collaboration_system.py:180 Successfully created user_trust_relationships table
INFO     migration:008_collaboration_system.py:184 Creating verification_codes table...
INFO     migration:008_collaboration_system.py:197 Successfully created verification_codes table
INFO     migration:008_collaboration_system.py:201 Creating indexes...
INFO     migration:008_collaboration_system.py:233 Successfully created all indexes
INFO     migration:008_collaboration_system.py:237 Validating migration integrity...
INFO     migration:008_collaboration_system.py:301 Migration validation passed!
INFO     migration:008_collaboration_system.py:48 Collaboration System migration completed successfully!
INFO     database.migrations.migration_manager:migration_manager.py:260 Migration 8 completed in 101ms
INFO     database.migrations.migration_manager:migration_manager.py:241 Applying migration 11: Remove Branch Management System
INFO     migration:011_remove_branch_management.py:19 Applying migration 11: Remove Branch Management System
INFO     migration:011_remove_branch_management.py:26 Dropping branch-related views...
INFO     migration:011_remove_branch_management.py:31 Dropping branch-related tables...
INFO     migration:011_remove_branch_management.py:39 Migration 11 applied successfully
INFO     database.migrations.migration_manager:migration_manager.py:260 Migration 11 completed in 2ms
INFO     database.migrations.migration_manager:migration_manager.py:241 Applying migration 12: Add unified reference cache tables
INFO     database.migrations.migration_manager:migration_manager.py:260 Migration 12 completed in 12ms
INFO     database.migrations.migration_manager:migration_manager.py:241 Applying migration 13: Add composite index for structure_nodes (node_type, title) to optimize pagination queries.
INFO     migration:013_add_structure_nodes_title_index.py:17 Adding composite index for structure_nodes (node_type, title)...
INFO     migration:013_add_structure_nodes_title_index.py:23 Successfully added composite index idx_nodes_type_title
INFO     database.migrations.migration_manager:migration_manager.py:260 Migration 13 completed in 5ms
INFO     database.migrations.migration_manager:migration_manager.py:241 Applying migration 14: Add is_relevant column to predicates table
INFO     database.migrations.migration_manager:migration_manager.py:260 Migration 14 completed in 5ms
INFO     database.migrations.migration_manager:migration_manager.py:241 Applying migration 15: Update structure_node triggers for specific event types (update-type, move)
INFO     migration:015_update_node_triggers.py:17 Updating structure_node update trigger...
INFO     migration:015_update_node_triggers.py:67 Structure_node update trigger updated successfully!
INFO     database.migrations.migration_manager:migration_manager.py:260 Migration 15 completed in 8ms
INFO     database.migrations.migration_manager:migration_manager.py:270 Migrations completed. Current version: 15
INFO     app:app.py:35 Creating FastAPI application...
-------------------------------- live log call ---------------------------------
INFO     database.utils:utils.py:130 Creating optimized engine 'event_processor_139362556995600' with null pooling
INFO     database.utils:utils.py:183 Engine 'event_processor_139362556995600' created successfully in 0.26ms
INFO     utils.event_processor:event_processor.py:90 EventProcessor initialized
INFO     database.utils:utils.py:124 Reusing existing engine: event_processor_139362556995600
INFO     utils.event_processor:event_processor.py:306 Processing structure_node event: create
INFO     utils.event_processor:event_processor.py:369 Processing structure_node_link event: create
INFO     utils.event_processor:event_processor.py:432 Processing predicate event: create id=3
PASSED                                                                   [  3%]
------------------------------ live log teardown -------------------------------
INFO     database.utils:utils.py:523 Cleaning up database resources...
INFO     database.utils:utils.py:419 Database Manager: Cleaning up resources...
INFO     database.utils:utils.py:426 Disposed engine: legacy_engine_139362554192128_1760372643
INFO     database.utils:utils.py:426 Disposed engine: event_processor_139362556995600
INFO     database.utils:utils.py:436 Database Manager: Resource cleanup complete
INFO     database.utils:utils.py:543 Disposed current engine
INFO     database.utils:utils.py:551 Database resources cleanup complete

tests/integration_tests/test_change_event_integration.py::test_predicate_event_integration 
-------------------------------- live log call ---------------------------------
INFO     database.utils:utils.py:83 Database Manager initialized
INFO     database.utils:utils.py:130 Creating optimized engine 'event_processor_139362557096592' with null pooling
INFO     database.utils:utils.py:183 Engine 'event_processor_139362557096592' created successfully in 0.24ms
INFO     utils.event_processor:event_processor.py:90 EventProcessor initialized
INFO     database.utils:utils.py:124 Reusing existing engine: event_processor_139362557096592
INFO     utils.event_processor:event_processor.py:432 Processing predicate event: create id=4
INFO     utils.event_processor:event_processor.py:432 Processing predicate event: update id=5
INFO     utils.event_processor:event_processor.py:432 Processing predicate event: delete id=6
PASSED                                                                   [  3%]
------------------------------ live log teardown -------------------------------
INFO     database.utils:utils.py:523 Cleaning up database resources...
INFO     database.utils:utils.py:419 Database Manager: Cleaning up resources...
INFO     database.utils:utils.py:426 Disposed engine: event_processor_139362557096592
INFO     database.utils:utils.py:436 Database Manager: Resource cleanup complete
INFO     database.utils:utils.py:551 Database resources cleanup complete

tests/integration_tests/test_change_event_integration.py::test_mixed_event_processing_with_filtering 
-------------------------------- live log call ---------------------------------
INFO     database.utils:utils.py:83 Database Manager initialized
INFO     database.utils:utils.py:130 Creating optimized engine 'event_processor_139362545253520' with null pooling
INFO     database.utils:utils.py:183 Engine 'event_processor_139362545253520' created successfully in 0.21ms
INFO     utils.event_processor:event_processor.py:90 EventProcessor initialized
INFO     database.utils:utils.py:124 Reusing existing engine: event_processor_139362545253520
INFO     utils.event_processor:event_processor.py:306 Processing structure_node event: create
INFO     utils.event_processor:event_processor.py:369 Processing structure_node_link event: create
INFO     utils.event_processor:event_processor.py:432 Processing predicate event: create id=9
INFO     utils.event_processor:event_processor.py:306 Processing structure_node event: create
INFO     utils.event_processor:event_processor.py:369 Processing structure_node_link event: create
INFO     utils.event_processor:event_processor.py:432 Processing predicate event: create id=12
INFO     utils.event_processor:event_processor.py:306 Processing structure_node event: create
INFO     utils.event_processor:event_processor.py:369 Processing structure_node_link event: create
INFO     utils.event_processor:event_processor.py:432 Processing predicate event: create id=15
PASSED                                                                   [  3%]
------------------------------ live log teardown -------------------------------
INFO     database.utils:utils.py:523 Cleaning up database resources...
INFO     database.utils:utils.py:419 Database Manager: Cleaning up resources...
INFO     database.utils:utils.py:426 Disposed engine: event_processor_139362545253520
INFO     database.utils:utils.py:436 Database Manager: Resource cleanup complete
INFO     database.utils:utils.py:551 Database resources cleanup complete

tests/integration_tests/test_change_event_integration.py::test_event_statistics_integration PASSED [  3%]
------------------------------ live log teardown -------------------------------
INFO     database.utils:utils.py:523 Cleaning up database resources...

INFO     database.utils:utils.py:551 Database resources cleanup complete

tests/integration_tests/test_change_event_integration.py::test_normalized_change_event_integration 
-------------------------------- live log call ---------------------------------
INFO     database.utils:utils.py:83 Database Manager initialized
INFO     database.utils:utils.py:130 Creating optimized engine 'event_processor_139362555008592' with null pooling
INFO     database.utils:utils.py:183 Engine 'event_processor_139362555008592' created successfully in 0.19ms
INFO     utils.event_processor:event_processor.py:90 EventProcessor initialized
INFO     database.utils:utils.py:124 Reusing existing engine: event_processor_139362555008592
INFO     utils.event_processor:event_processor.py:306 Processing structure_node event: create
PASSED                                                                   [  4%]
------------------------------ live log teardown -------------------------------
INFO     database.utils:utils.py:523 Cleaning up database resources...
INFO     database.utils:utils.py:419 Database Manager: Cleaning up resources...
INFO     database.utils:utils.py:426 Disposed engine: event_processor_139362555008592
INFO     database.utils:utils.py:436 Database Manager: Resource cleanup complete
INFO     database.utils:utils.py:551 Database resources cleanup complete

tests/integration_tests/test_change_event_integration.py::test_database_trigger_integration PASSED [  4%]
------------------------------ live log teardown -------------------------------
INFO     database.utils:utils.py:523 Cleaning up database resources...

INFO     database.utils:utils.py:551 Database resources cleanup complete

tests/integration_tests/test_change_event_integration.py::test_event_data_integrity_integration 
-------------------------------- live log call ---------------------------------
INFO     database.utils:utils.py:83 Database Manager initialized
INFO     database.utils:utils.py:130 Creating optimized engine 'event_processor_139362542139216' with null pooling
INFO     database.utils:utils.py:183 Engine 'event_processor_139362542139216' created successfully in 0.16ms
INFO     utils.event_processor:event_processor.py:90 EventProcessor initialized
INFO     database.utils:utils.py:124 Reusing existing engine: event_processor_139362542139216
INFO     utils.event_processor:event_processor.py:306 Processing structure_node event: create
PASSED                                                                   [  4%]
------------------------------ live log teardown -------------------------------
INFO     database.utils:utils.py:523 Cleaning up database resources...
INFO     database.utils:utils.py:419 Database Manager: Cleaning up resources...
INFO     database.utils:utils.py:426 Disposed engine: event_processor_139362542139216
INFO     database.utils:utils.py:436 Database Manager: Resource cleanup complete
INFO     database.utils:utils.py:551 Database resources cleanup complete

tests/integration_tests/test_change_event_integration.py::test_high_volume_event_processing 
-------------------------------- live log call ---------------------------------
INFO     database.utils:utils.py:83 Database Manager initialized
INFO     database.utils:utils.py:130 Creating optimized engine 'event_processor_139362542237264' with null pooling
INFO     database.utils:utils.py:183 Engine 'event_processor_139362542237264' created successfully in 0.22ms
INFO     utils.event_processor:event_processor.py:90 EventProcessor initialized
INFO     database.utils:utils.py:124 Reusing existing engine: event_processor_139362542237264
INFO     utils.event_processor:event_processor.py:306 Processing structure_node event: create
INFO     utils.event_processor:event_processor.py:369 Processing structure_node_link event: create
INFO     utils.event_processor:event_processor.py:432 Processing predicate event: create id=26
INFO     utils.event_processor:event_processor.py:306 Processing structure_node event: create
INFO     utils.event_processor:event_processor.py:369 Processing structure_node_link event: create
INFO     utils.event_processor:event_processor.py:432 Processing predicate event: create id=29
INFO     utils.event_processor:event_processor.py:306 Processing structure_node event: create
INFO     utils.event_processor:event_processor.py:369 Processing structure_node_link event: create
INFO     utils.event_processor:event_processor.py:432 Processing predicate event: create id=32
INFO     utils.event_processor:event_processor.py:306 Processing structure_node event: create
INFO     utils.event_processor:event_processor.py:369 Processing structure_node_link event: create
INFO     utils.event_processor:event_processor.py:432 Processing predicate event: create id=35
INFO     utils.event_processor:event_processor.py:306 Processing structure_node event: create
INFO     utils.event_processor:event_processor.py:369 Processing structure_node_link event: create
INFO     utils.event_processor:event_processor.py:432 Processing predicate event: create id=38
INFO     utils.event_processor:event_processor.py:306 Processing structure_node event: create
INFO     utils.event_processor:event_processor.py:369 Processing structure_node_link event: create
INFO     utils.event_processor:event_processor.py:432 Processing predicate event: create id=41
INFO     utils.event_processor:event_processor.py:306 Processing structure_node event: create
INFO     utils.event_processor:event_processor.py:369 Processing structure_node_link event: create
INFO     utils.event_processor:event_processor.py:432 Processing predicate event: create id=44
INFO     utils.event_processor:event_processor.py:306 Processing structure_node event: create
INFO     utils.event_processor:event_processor.py:369 Processing structure_node_link event: create
INFO     utils.event_processor:event_processor.py:432 Processing predicate event: create id=47
INFO     utils.event_processor:event_processor.py:306 Processing structure_node event: create
INFO     utils.event_processor:event_processor.py:369 Processing structure_node_link event: create
INFO     utils.event_processor:event_processor.py:432 Processing predicate event: create id=50
INFO     utils.event_processor:event_processor.py:306 Processing structure_node event: create
INFO     utils.event_processor:event_processor.py:369 Processing structure_node_link event: create
INFO     utils.event_processor:event_processor.py:432 Processing predicate event: create id=53
INFO     utils.event_processor:event_processor.py:306 Processing structure_node event: create
INFO     utils.event_processor:event_processor.py:369 Processing structure_node_link event: create
INFO     utils.event_processor:event_processor.py:432 Processing predicate event: create id=56
INFO     utils.event_processor:event_processor.py:306 Processing structure_node event: create
INFO     utils.event_processor:event_processor.py:369 Processing structure_node_link event: create
INFO     utils.event_processor:event_processor.py:432 Processing predicate event: create id=59
INFO     utils.event_processor:event_processor.py:306 Processing structure_node event: create
INFO     utils.event_processor:event_processor.py:369 Processing structure_node_link event: create
INFO     utils.event_processor:event_processor.py:432 Processing predicate event: create id=62
INFO     utils.event_processor:event_processor.py:306 Processing structure_node event: create
INFO     utils.event_processor:event_processor.py:369 Processing structure_node_link event: create
INFO     utils.event_processor:event_processor.py:432 Processing predicate event: create id=65
INFO     utils.event_processor:event_processor.py:306 Processing structure_node event: create
INFO     utils.event_processor:event_processor.py:369 Processing structure_node_link event: create
INFO     utils.event_processor:event_processor.py:432 Processing predicate event: create id=68
INFO     utils.event_processor:event_processor.py:306 Processing structure_node event: create
INFO     utils.event_processor:event_processor.py:369 Processing structure_node_link event: create
INFO     utils.event_processor:event_processor.py:432 Processing predicate event: create id=71
INFO     utils.event_processor:event_processor.py:306 Processing structure_node event: create
INFO     utils.event_processor:event_processor.py:369 Processing structure_node_link event: create
PASSED                                                                   [  4%]
------------------------------ live log teardown -------------------------------
INFO     database.utils:utils.py:523 Cleaning up database resources...
INFO     database.utils:utils.py:419 Database Manager: Cleaning up resources...
INFO     database.utils:utils.py:426 Disposed engine: event_processor_139362542237264
INFO     database.utils:utils.py:436 Database Manager: Resource cleanup complete
INFO     database.utils:utils.py:551 Database resources cleanup complete

tests/integration_tests/test_change_event_integration.py::test_update_node_type_trigger PASSED [  4%]
------------------------------ live log teardown -------------------------------
INFO     database.utils:utils.py:523 Cleaning up database resources...

INFO     database.utils:utils.py:551 Database resources cleanup complete

tests/integration_tests/test_change_event_integration.py::test_move_node_trigger PASSED [  5%]
------------------------------ live log teardown -------------------------------
INFO     database.utils:utils.py:523 Cleaning up database resources...

INFO     database.utils:utils.py:551 Database resources cleanup complete

tests/integration_tests/test_collaboration_workflow_integration.py::test_complete_collaboration_workflow 
-------------------------------- live log setup --------------------------------
INFO     services.service_factory:service_factory.py:184 ServiceFactory [dcb27e14] initialized with 60s TTL
INFO     services.duckdb_service:duckdb_service.py:66 DuckDB connection initialized successfully
INFO     services.duckdb_service:duckdb_service.py:45 DuckDBService initialized with path: None
INFO     services.identity_manager:identity_manager.py:35 IdentityManager initialized
INFO     services.duckdb_service:duckdb_service.py:66 DuckDB connection initialized successfully
INFO     services.duckdb_service:duckdb_service.py:45 DuckDBService initialized with path: None
INFO     services.version_manager:version_manager.py:62 VersionManager initialized
INFO     services.working_tree_manager:working_tree_manager.py:60 WorkingTreeManager initialized
INFO     services.version_manager:version_manager.py:62 VersionManager initialized
INFO     services.changeset_manager:changeset_manager.py:44 ChangesetManager initialized
INFO     services.duckdb_service:duckdb_service.py:66 DuckDB connection initialized successfully
INFO     services.duckdb_service:duckdb_service.py:45 DuckDBService initialized with path: None
INFO     services.duckdb_service:duckdb_service.py:66 DuckDB connection initialized successfully
INFO     services.duckdb_service:duckdb_service.py:45 DuckDBService initialized with path: None
INFO     services.version_manager:version_manager.py:62 VersionManager initialized
INFO     services.working_tree_manager:working_tree_manager.py:60 WorkingTreeManager initialized
INFO     services.version_manager:version_manager.py:62 VersionManager initialized
INFO     services.changeset_manager:changeset_manager.py:44 ChangesetManager initialized
INFO     services.proposal_manager:proposal_manager.py:42 ProposalManager initialized
INFO     services.version_manager:version_manager.py:62 VersionManager initialized
INFO     services.duckdb_service:duckdb_service.py:66 DuckDB connection initialized successfully
INFO     services.duckdb_service:duckdb_service.py:45 DuckDBService initialized with path: None
INFO     services.version_manager:version_manager.py:62 VersionManager initialized
INFO     services.working_tree_manager:working_tree_manager.py:60 WorkingTreeManager initialized
INFO     services.version_manager:version_manager.py:62 VersionManager initialized
INFO     services.changeset_manager:changeset_manager.py:44 ChangesetManager initialized
INFO     services.crdt_merge_engine:crdt_merge_engine.py:69 CRDTMergeEngine initialized
-------------------------------- live log call ---------------------------------
INFO     services.identity_manager:identity_manager.py:52 Registering user with email user1@example.com
INFO     services.identity_manager:identity_manager.py:100 Successfully registered user b36a83701f1c3191 (user1@example.com)
INFO     services.identity_manager:identity_manager.py:52 Registering user with email user2@example.com
INFO     services.identity_manager:identity_manager.py:100 Successfully registered user 2b3b2b9ce842ab8b (user2@example.com)
INFO     services.identity_manager:identity_manager.py:52 Registering user with email user3@example.com
INFO     services.identity_manager:identity_manager.py:100 Successfully registered user 898628e28890f937 (user3@example.com)
INFO     services.identity_manager:identity_manager.py:124 Verifying email for user b36a83701f1c3191
INFO     services.identity_manager:identity_manager.py:157 Successfully verified email for user b36a83701f1c3191
INFO     services.identity_manager:identity_manager.py:124 Verifying email for user 2b3b2b9ce842ab8b
INFO     services.identity_manager:identity_manager.py:157 Successfully verified email for user 2b3b2b9ce842ab8b
INFO     services.identity_manager:identity_manager.py:124 Verifying email for user 898628e28890f937
INFO     services.identity_manager:identity_manager.py:157 Successfully verified email for user 898628e28890f937
INFO     services.identity_manager:identity_manager.py:176 User b36a83701f1c3191 trusting user 2b3b2b9ce842ab8b
INFO     services.identity_manager:identity_manager.py:219 Successfully established trust relationship: b36a83701f1c3191 -> 2b3b2b9ce842ab8b
INFO     services.identity_manager:identity_manager.py:176 User b36a83701f1c3191 trusting user 898628e28890f937
INFO     services.identity_manager:identity_manager.py:219 Successfully established trust relationship: b36a83701f1c3191 -> 898628e28890f937
INFO     services.identity_manager:identity_manager.py:176 User 2b3b2b9ce842ab8b trusting user 898628e28890f937
INFO     services.identity_manager:identity_manager.py:211 Promoting user 898628e28890f937 to team-verified (trust_level=2)
INFO     services.identity_manager:identity_manager.py:219 Successfully established trust relationship: 2b3b2b9ce842ab8b -> 898628e28890f937
INFO     services.identity_manager:identity_manager.py:176 User 898628e28890f937 trusting user 2b3b2b9ce842ab8b
INFO     services.identity_manager:identity_manager.py:211 Promoting user 2b3b2b9ce842ab8b to team-verified (trust_level=2)
INFO     services.identity_manager:identity_manager.py:219 Successfully established trust relationship: 898628e28890f937 -> 2b3b2b9ce842ab8b
INFO     services.changeset_manager:changeset_manager.py:64 Creating changeset 'Feature A Implementation' by b36a83701f1c3191 (staged_only=True)
INFO     services.changeset_manager:changeset_manager.py:78 Found 1 staged changes
INFO     services.changeset_manager:changeset_manager.py:115 Successfully created changeset ebfd9ec6-20ab-4d35-b927-ac5f6b0d5648 with 1 changes
INFO     services.changeset_manager:changeset_manager.py:64 Creating changeset 'Feature B Implementation' by 2b3b2b9ce842ab8b (staged_only=True)
INFO     services.changeset_manager:changeset_manager.py:78 Found 1 staged changes
INFO     services.changeset_manager:changeset_manager.py:115 Successfully created changeset ab34f609-70fd-4b1f-ab30-76001c23e49d with 1 changes
INFO     services.proposal_manager:proposal_manager.py:63 Creating proposal for changeset ebfd9ec6-20ab-4d35-b927-ac5f6b0d5648 by b36a83701f1c3191
INFO     services.changeset_manager:changeset_manager.py:252 Updating changeset ebfd9ec6-20ab-4d35-b927-ac5f6b0d5648 state to PROPOSED
INFO     services.changeset_manager:changeset_manager.py:274 Successfully updated changeset ebfd9ec6-20ab-4d35-b927-ac5f6b0d5648 state to PROPOSED
WARNING  services.proposal_manager:proposal_manager.py:510 Failed to push proposal d91f14dd-df2b-4fec-a998-8d9664fdad0e to S3: 'NoneType' object is not subscriptable
INFO     services.proposal_manager:proposal_manager.py:99 Successfully created proposal d91f14dd-df2b-4fec-a998-8d9664fdad0e for changeset ebfd9ec6-20ab-4d35-b927-ac5f6b0d5648
INFO     services.proposal_manager:proposal_manager.py:63 Creating proposal for changeset ab34f609-70fd-4b1f-ab30-76001c23e49d by 2b3b2b9ce842ab8b
INFO     services.changeset_manager:changeset_manager.py:252 Updating changeset ab34f609-70fd-4b1f-ab30-76001c23e49d state to PROPOSED
INFO     services.changeset_manager:changeset_manager.py:274 Successfully updated changeset ab34f609-70fd-4b1f-ab30-76001c23e49d state to PROPOSED
WARNING  services.proposal_manager:proposal_manager.py:510 Failed to push proposal a8e30ab2-22d3-4388-8b9a-e06563a14bf3 to S3: 'NoneType' object is not subscriptable
INFO     services.proposal_manager:proposal_manager.py:99 Successfully created proposal a8e30ab2-22d3-4388-8b9a-e06563a14bf3 for changeset ab34f609-70fd-4b1f-ab30-76001c23e49d
INFO     services.proposal_manager:proposal_manager.py:125 User 2b3b2b9ce842ab8b voting 'approve' on proposal d91f14dd-df2b-4fec-a998-8d9664fdad0e
WARNING  services.proposal_manager:proposal_manager.py:531 Failed to push vote to S3: 'NoneType' object is not subscriptable
INFO     services.proposal_manager:proposal_manager.py:163 Recorded new vote for user 2b3b2b9ce842ab8b on proposal d91f14dd-df2b-4fec-a998-8d9664fdad0e
INFO     services.proposal_manager:proposal_manager.py:125 User 898628e28890f937 voting 'approve' on proposal d91f14dd-df2b-4fec-a998-8d9664fdad0e
WARNING  services.proposal_manager:proposal_manager.py:531 Failed to push vote to S3: 'NoneType' object is not subscriptable
INFO     services.proposal_manager:proposal_manager.py:348 Auto-approving proposal d91f14dd-df2b-4fec-a998-8d9664fdad0e (2/2)
INFO     services.proposal_manager:proposal_manager.py:373 Updating proposal d91f14dd-df2b-4fec-a998-8d9664fdad0e status to approved
INFO     services.changeset_manager:changeset_manager.py:252 Updating changeset ebfd9ec6-20ab-4d35-b927-ac5f6b0d5648 state to APPROVED
INFO     services.changeset_manager:changeset_manager.py:274 Successfully updated changeset ebfd9ec6-20ab-4d35-b927-ac5f6b0d5648 state to APPROVED
INFO     services.proposal_manager:proposal_manager.py:409 Successfully updated proposal d91f14dd-df2b-4fec-a998-8d9664fdad0e status to approved
INFO     services.proposal_manager:proposal_manager.py:426 Auto-merge triggered for proposal d91f14dd-df2b-4fec-a998-8d9664fdad0e (placeholder)
INFO     services.proposal_manager:proposal_manager.py:163 Recorded new vote for user 898628e28890f937 on proposal d91f14dd-df2b-4fec-a998-8d9664fdad0e
INFO     services.proposal_manager:proposal_manager.py:125 User b36a83701f1c3191 voting 'approve' on proposal a8e30ab2-22d3-4388-8b9a-e06563a14bf3
WARNING  services.proposal_manager:proposal_manager.py:531 Failed to push vote to S3: 'NoneType' object is not subscriptable
INFO     services.proposal_manager:proposal_manager.py:163 Recorded new vote for user b36a83701f1c3191 on proposal a8e30ab2-22d3-4388-8b9a-e06563a14bf3
INFO     services.proposal_manager:proposal_manager.py:125 User 898628e28890f937 voting 'approve' on proposal a8e30ab2-22d3-4388-8b9a-e06563a14bf3
WARNING  services.proposal_manager:proposal_manager.py:531 Failed to push vote to S3: 'NoneType' object is not subscriptable
INFO     services.proposal_manager:proposal_manager.py:348 Auto-approving proposal a8e30ab2-22d3-4388-8b9a-e06563a14bf3 (2/2)
INFO     services.proposal_manager:proposal_manager.py:373 Updating proposal a8e30ab2-22d3-4388-8b9a-e06563a14bf3 status to approved
INFO     services.changeset_manager:changeset_manager.py:252 Updating changeset ab34f609-70fd-4b1f-ab30-76001c23e49d state to APPROVED
INFO     services.changeset_manager:changeset_manager.py:274 Successfully updated changeset ab34f609-70fd-4b1f-ab30-76001c23e49d state to APPROVED
INFO     services.proposal_manager:proposal_manager.py:409 Successfully updated proposal a8e30ab2-22d3-4388-8b9a-e06563a14bf3 status to approved
INFO     services.proposal_manager:proposal_manager.py:426 Auto-merge triggered for proposal a8e30ab2-22d3-4388-8b9a-e06563a14bf3 (placeholder)
INFO     services.proposal_manager:proposal_manager.py:163 Recorded new vote for user 898628e28890f937 on proposal a8e30ab2-22d3-4388-8b9a-e06563a14bf3
INFO     services.crdt_merge_engine:crdt_merge_engine.py:86 Merging changeset ebfd9ec6-20ab-4d35-b927-ac5f6b0d5648 by b36a83701f1c3191
INFO     services.crdt_merge_engine:crdt_merge_engine.py:98 Found 0 versions to merge in changeset ebfd9ec6-20ab-4d35-b927-ac5f6b0d5648
INFO     services.crdt_merge_engine:crdt_merge_engine.py:102 Grouped into 0 entities to merge
INFO     services.changeset_manager:changeset_manager.py:252 Updating changeset ebfd9ec6-20ab-4d35-b927-ac5f6b0d5648 state to MERGED
INFO     services.changeset_manager:changeset_manager.py:274 Successfully updated changeset ebfd9ec6-20ab-4d35-b927-ac5f6b0d5648 state to MERGED
INFO     services.crdt_merge_engine:crdt_merge_engine.py:179 Successfully merged changeset ebfd9ec6-20ab-4d35-b927-ac5f6b0d5648 with no conflicts
INFO     services.crdt_merge_engine:crdt_merge_engine.py:194 Changeset ebfd9ec6-20ab-4d35-b927-ac5f6b0d5648 merge completed: 0 merged, 0 conflicts
INFO     services.crdt_merge_engine:crdt_merge_engine.py:86 Merging changeset ab34f609-70fd-4b1f-ab30-76001c23e49d by 2b3b2b9ce842ab8b
INFO     services.crdt_merge_engine:crdt_merge_engine.py:98 Found 0 versions to merge in changeset ab34f609-70fd-4b1f-ab30-76001c23e49d
INFO     services.crdt_merge_engine:crdt_merge_engine.py:102 Grouped into 0 entities to merge
INFO     services.changeset_manager:changeset_manager.py:252 Updating changeset ab34f609-70fd-4b1f-ab30-76001c23e49d state to MERGED
INFO     services.changeset_manager:changeset_manager.py:274 Successfully updated changeset ab34f609-70fd-4b1f-ab30-76001c23e49d state to MERGED
INFO     services.crdt_merge_engine:crdt_merge_engine.py:179 Successfully merged changeset ab34f609-70fd-4b1f-ab30-76001c23e49d with no conflicts
INFO     services.crdt_merge_engine:crdt_merge_engine.py:194 Changeset ab34f609-70fd-4b1f-ab30-76001c23e49d merge completed: 0 merged, 0 conflicts
PASSED                                                                   [  5%]
------------------------------ live log teardown -------------------------------
INFO     database.utils:utils.py:523 Cleaning up database resources...
INFO     database.utils:utils.py:551 Database resources cleanup complete

tests/integration_tests/test_collaboration_workflow_integration.py::test_collaboration_workflow_with_conflicts 
-------------------------------- live log setup --------------------------------
INFO     services.service_factory:service_factory.py:184 ServiceFactory [c71d6188] initialized with 60s TTL
INFO     services.duckdb_service:duckdb_service.py:66 DuckDB connection initialized successfully
INFO     services.duckdb_service:duckdb_service.py:45 DuckDBService initialized with path: None
INFO     services.identity_manager:identity_manager.py:35 IdentityManager initialized
INFO     services.duckdb_service:duckdb_service.py:66 DuckDB connection initialized successfully
INFO     services.duckdb_service:duckdb_service.py:45 DuckDBService initialized with path: None
INFO     services.version_manager:version_manager.py:62 VersionManager initialized
INFO     services.working_tree_manager:working_tree_manager.py:60 WorkingTreeManager initialized
INFO     services.version_manager:version_manager.py:62 VersionManager initialized
INFO     services.changeset_manager:changeset_manager.py:44 ChangesetManager initialized
INFO     services.duckdb_service:duckdb_service.py:66 DuckDB connection initialized successfully
INFO     services.duckdb_service:duckdb_service.py:45 DuckDBService initialized with path: None
INFO     services.duckdb_service:duckdb_service.py:66 DuckDB connection initialized successfully
INFO     services.duckdb_service:duckdb_service.py:45 DuckDBService initialized with path: None
INFO     services.version_manager:version_manager.py:62 VersionManager initialized
INFO     services.working_tree_manager:working_tree_manager.py:60 WorkingTreeManager initialized
INFO     services.version_manager:version_manager.py:62 VersionManager initialized
INFO     services.changeset_manager:changeset_manager.py:44 ChangesetManager initialized
INFO     services.proposal_manager:proposal_manager.py:42 ProposalManager initialized
INFO     services.version_manager:version_manager.py:62 VersionManager initialized
INFO     services.duckdb_service:duckdb_service.py:66 DuckDB connection initialized successfully
INFO     services.duckdb_service:duckdb_service.py:45 DuckDBService initialized with path: None
INFO     services.version_manager:version_manager.py:62 VersionManager initialized
INFO     services.working_tree_manager:working_tree_manager.py:60 WorkingTreeManager initialized
INFO     services.version_manager:version_manager.py:62 VersionManager initialized
INFO     services.changeset_manager:changeset_manager.py:44 ChangesetManager initialized
INFO     services.crdt_merge_engine:crdt_merge_engine.py:69 CRDTMergeEngine initialized
-------------------------------- live log call ---------------------------------
INFO     services.identity_manager:identity_manager.py:52 Registering user with email user1@test.com
INFO     services.identity_manager:identity_manager.py:100 Successfully registered user a8cc79d8407a64b0 (user1@test.com)
INFO     services.identity_manager:identity_manager.py:52 Registering user with email user2@test.com
INFO     services.identity_manager:identity_manager.py:100 Successfully registered user 706150f3ef810ea6 (user2@test.com)
INFO     services.identity_manager:identity_manager.py:124 Verifying email for user a8cc79d8407a64b0
INFO     services.identity_manager:identity_manager.py:157 Successfully verified email for user a8cc79d8407a64b0
INFO     services.identity_manager:identity_manager.py:124 Verifying email for user 706150f3ef810ea6
INFO     services.identity_manager:identity_manager.py:157 Successfully verified email for user 706150f3ef810ea6
INFO     services.changeset_manager:changeset_manager.py:64 Creating changeset 'Update Title to A' by a8cc79d8407a64b0 (staged_only=True)
INFO     services.changeset_manager:changeset_manager.py:78 Found 1 staged changes
INFO     services.changeset_manager:changeset_manager.py:115 Successfully created changeset 739f6dab-40d1-4bed-9599-84e8e653e017 with 1 changes
INFO     services.changeset_manager:changeset_manager.py:64 Creating changeset 'Update Title to B' by 706150f3ef810ea6 (staged_only=True)
INFO     services.changeset_manager:changeset_manager.py:78 Found 1 staged changes
INFO     services.changeset_manager:changeset_manager.py:115 Successfully created changeset 583cd808-1576-4bce-9607-524abdbd404b with 1 changes
INFO     services.proposal_manager:proposal_manager.py:63 Creating proposal for changeset 739f6dab-40d1-4bed-9599-84e8e653e017 by a8cc79d8407a64b0
INFO     services.changeset_manager:changeset_manager.py:252 Updating changeset 739f6dab-40d1-4bed-9599-84e8e653e017 state to PROPOSED
INFO     services.changeset_manager:changeset_manager.py:274 Successfully updated changeset 739f6dab-40d1-4bed-9599-84e8e653e017 state to PROPOSED
WARNING  services.proposal_manager:proposal_manager.py:510 Failed to push proposal 26fa755f-b5e5-4488-baaa-9086bd0804f2 to S3: 'NoneType' object is not subscriptable
INFO     services.proposal_manager:proposal_manager.py:99 Successfully created proposal 26fa755f-b5e5-4488-baaa-9086bd0804f2 for changeset 739f6dab-40d1-4bed-9599-84e8e653e017
INFO     services.proposal_manager:proposal_manager.py:63 Creating proposal for changeset 583cd808-1576-4bce-9607-524abdbd404b by 706150f3ef810ea6
INFO     services.changeset_manager:changeset_manager.py:252 Updating changeset 583cd808-1576-4bce-9607-524abdbd404b state to PROPOSED
INFO     services.changeset_manager:changeset_manager.py:274 Successfully updated changeset 583cd808-1576-4bce-9607-524abdbd404b state to PROPOSED
WARNING  services.proposal_manager:proposal_manager.py:510 Failed to push proposal 95ef4351-29e2-42b9-8c88-a072f2fe72b0 to S3: 'NoneType' object is not subscriptable
INFO     services.proposal_manager:proposal_manager.py:99 Successfully created proposal 95ef4351-29e2-42b9-8c88-a072f2fe72b0 for changeset 583cd808-1576-4bce-9607-524abdbd404b
INFO     services.proposal_manager:proposal_manager.py:125 User 706150f3ef810ea6 voting 'approve' on proposal 26fa755f-b5e5-4488-baaa-9086bd0804f2
WARNING  services.proposal_manager:proposal_manager.py:531 Failed to push vote to S3: 'NoneType' object is not subscriptable
INFO     services.proposal_manager:proposal_manager.py:348 Auto-approving proposal 26fa755f-b5e5-4488-baaa-9086bd0804f2 (1/1)
INFO     services.proposal_manager:proposal_manager.py:373 Updating proposal 26fa755f-b5e5-4488-baaa-9086bd0804f2 status to approved
INFO     services.changeset_manager:changeset_manager.py:252 Updating changeset 739f6dab-40d1-4bed-9599-84e8e653e017 state to APPROVED
INFO     services.changeset_manager:changeset_manager.py:274 Successfully updated changeset 739f6dab-40d1-4bed-9599-84e8e653e017 state to APPROVED
INFO     services.proposal_manager:proposal_manager.py:409 Successfully updated proposal 26fa755f-b5e5-4488-baaa-9086bd0804f2 status to approved
INFO     services.proposal_manager:proposal_manager.py:426 Auto-merge triggered for proposal 26fa755f-b5e5-4488-baaa-9086bd0804f2 (placeholder)
INFO     services.proposal_manager:proposal_manager.py:163 Recorded new vote for user 706150f3ef810ea6 on proposal 26fa755f-b5e5-4488-baaa-9086bd0804f2
INFO     services.proposal_manager:proposal_manager.py:125 User a8cc79d8407a64b0 voting 'approve' on proposal 95ef4351-29e2-42b9-8c88-a072f2fe72b0
WARNING  services.proposal_manager:proposal_manager.py:531 Failed to push vote to S3: 'NoneType' object is not subscriptable
INFO     services.proposal_manager:proposal_manager.py:348 Auto-approving proposal 95ef4351-29e2-42b9-8c88-a072f2fe72b0 (1/1)
INFO     services.proposal_manager:proposal_manager.py:373 Updating proposal 95ef4351-29e2-42b9-8c88-a072f2fe72b0 status to approved
INFO     services.changeset_manager:changeset_manager.py:252 Updating changeset 583cd808-1576-4bce-9607-524abdbd404b state to APPROVED
INFO     services.changeset_manager:changeset_manager.py:274 Successfully updated changeset 583cd808-1576-4bce-9607-524abdbd404b state to APPROVED
INFO     services.proposal_manager:proposal_manager.py:409 Successfully updated proposal 95ef4351-29e2-42b9-8c88-a072f2fe72b0 status to approved
INFO     services.proposal_manager:proposal_manager.py:426 Auto-merge triggered for proposal 95ef4351-29e2-42b9-8c88-a072f2fe72b0 (placeholder)
INFO     services.proposal_manager:proposal_manager.py:163 Recorded new vote for user a8cc79d8407a64b0 on proposal 95ef4351-29e2-42b9-8c88-a072f2fe72b0
INFO     services.crdt_merge_engine:crdt_merge_engine.py:86 Merging changeset 739f6dab-40d1-4bed-9599-84e8e653e017 by a8cc79d8407a64b0
INFO     services.crdt_merge_engine:crdt_merge_engine.py:98 Found 0 versions to merge in changeset 739f6dab-40d1-4bed-9599-84e8e653e017
INFO     services.crdt_merge_engine:crdt_merge_engine.py:102 Grouped into 0 entities to merge
INFO     services.changeset_manager:changeset_manager.py:252 Updating changeset 739f6dab-40d1-4bed-9599-84e8e653e017 state to MERGED
INFO     services.changeset_manager:changeset_manager.py:274 Successfully updated changeset 739f6dab-40d1-4bed-9599-84e8e653e017 state to MERGED
INFO     services.crdt_merge_engine:crdt_merge_engine.py:179 Successfully merged changeset 739f6dab-40d1-4bed-9599-84e8e653e017 with no conflicts
[...]
INFO     reference_db.manager:manager.py:189 Reference database initialized successfully
PASSED                                                                   [ 92%]
------------------------------ live log teardown -------------------------------
INFO     database.utils:utils.py:523 Cleaning up database resources...
INFO     database.utils:utils.py:419 Database Manager: Cleaning up resources...
INFO     database.utils:utils.py:426 Disposed engine: legacy_engine_139359078907168_1760372897
INFO     database.utils:utils.py:426 Disposed engine: legacy_engine_139359078893568_1760372897
INFO     database.utils:utils.py:436 Database Manager: Resource cleanup complete
INFO     database.utils:utils.py:551 Database resources cleanup complete

tests/integration_tests/test_vector_search_integration.py::TestVectorSearchAccuracy::test_threshold_filtering_accuracy PASSED [ 92%]
------------------------------ live log teardown -------------------------------
INFO     database.utils:utils.py:523 Cleaning up database resources...

INFO     database.utils:utils.py:551 Database resources cleanup complete

tests/integration_tests/test_vector_search_integration.py::TestVectorSearchPerformance::test_search_performance_under_50ms PASSED [ 92%]
------------------------------ live log teardown -------------------------------
INFO     database.utils:utils.py:523 Cleaning up database resources...

INFO     database.utils:utils.py:551 Database resources cleanup complete

tests/integration_tests/test_vector_search_integration.py::TestVectorSearchPerformance::test_search_fails_fast_on_error 
-------------------------------- live log call ---------------------------------
ERROR    reference_db.manager:manager.py:814 Vector search failed: (sqlite3.OperationalError) Vector dimension mistmatch. First vector has 384 dimensions, while the second has 2 dimensions.
[SQL: 
            WITH similarities AS (
                SELECT
                    rn.id,
                    rn.title,
                    rn.definition,
                    rn.source,
                    rn.external_id,
                    rn.attributes,
                    rn.created_at,
                    rn.updated_at,
                    CASE
                        -- Both embeddings present: compute max similarity
                        WHEN rn.title_embedding IS NOT NULL AND rn.definition_embedding IS NOT NULL THEN
                            MAX(
                                (1.0 - vec_distance_cosine(rn.title_embedding, ?)),
                                (1.0 - vec_distance_cosine(rn.definition_embedding, ?))
                            )
                        -- Only title embedding: use title similarity
                        WHEN rn.title_embedding IS NOT NULL THEN
                            (1.0 - vec_distance_cosine(rn.title_embedding, ?))
                        -- Only definition embedding: use definition similarity
                        WHEN rn.definition_embedding IS NOT NULL THEN
                            (1.0 - vec_distance_cosine(rn.definition_embedding, ?))
                        -- No embeddings: zero similarity (filtered out by HAVING clause)
                        ELSE 0.0
                    END AS max_similarity
                FROM reference_nodes rn
                WHERE rn.title_embedding IS NOT NULL OR rn.definition_embedding IS NOT NULL
            )
            SELECT * FROM similarities
            WHERE max_similarity >= ?
             ORDER BY max_similarity DESC LIMIT ?]
[parameters: ('[0.10000000149011612, 0.20000000298023224]', '[0.10000000149011612, 0.20000000298023224]', '[0.10000000149011612, 0.20000000298023224]', '[0.10000000149011612, 0.20000000298023224]', 0.0, 20)]
(Background on this error at: https://sqlalche.me/e/20/e3q8)
PASSED                                                                   [ 92%]
------------------------------ live log teardown -------------------------------
INFO     database.utils:utils.py:523 Cleaning up database resources...
INFO     database.utils:utils.py:551 Database resources cleanup complete

tests/integration_tests/test_version_management_api_integration.py::TestVersionManagementAPI::test_version_management_health 
-------------------------------- live log setup --------------------------------
INFO     services.version_manager:version_manager.py:62 VersionManager initialized
INFO     services.working_tree_manager:working_tree_manager.py:60 WorkingTreeManager initialized
INFO     database.utils:utils.py:83 Database Manager initialized
INFO     database.utils:utils.py:130 Creating optimized engine 'event_processor_139359085045648' with null pooling
INFO     database.utils:utils.py:183 Engine 'event_processor_139359085045648' created successfully in 0.20ms
INFO     utils.event_processor:event_processor.py:90 EventProcessor initialized
INFO     database.utils:utils.py:124 Reusing existing engine: event_processor_139359085045648
INFO     utils.event_processor:event_processor.py:306 Processing structure_node event: create
INFO     services.working_tree_manager:working_tree_manager.py:80 Initializing structure_node:5fb7c4b2-9d63-475b-9388-266055d62149 in working tree
WARNING  services.working_tree_manager:working_tree_manager.py:92 Entity structure_node:5fb7c4b2-9d63-475b-9388-266055d62149 already exists in working tree
INFO     utils.event_processor:event_processor.py:306 Processing structure_node event: create
INFO     services.working_tree_manager:working_tree_manager.py:80 Initializing structure_node:5fb7c4b2-9d63-475b-9388-266055d62149 in working tree
WARNING  services.working_tree_manager:working_tree_manager.py:92 Entity structure_node:5fb7c4b2-9d63-475b-9388-266055d62149 already exists in working tree
INFO     utils.event_processor:event_processor.py:306 Processing structure_node event: create
INFO     services.working_tree_manager:working_tree_manager.py:80 Initializing structure_node:e4f16f88-d6ce-49a9-88c6-1a9a28a451eb in working tree
WARNING  services.working_tree_manager:working_tree_manager.py:92 Entity structure_node:e4f16f88-d6ce-49a9-88c6-1a9a28a451eb already exists in working tree
INFO     utils.event_processor:event_processor.py:306 Processing structure_node event: create
INFO     services.working_tree_manager:working_tree_manager.py:80 Initializing structure_node:e4f16f88-d6ce-49a9-88c6-1a9a28a451eb in working tree
WARNING  services.working_tree_manager:working_tree_manager.py:92 Entity structure_node:e4f16f88-d6ce-49a9-88c6-1a9a28a451eb already exists in working tree
INFO     utils.event_processor:event_processor.py:306 Processing structure_node event: create
INFO     services.working_tree_manager:working_tree_manager.py:80 Initializing structure_node:b2bea7e0-e3bc-4386-bd87-a391871b60d7 in working tree
WARNING  services.working_tree_manager:working_tree_manager.py:92 Entity structure_node:b2bea7e0-e3bc-4386-bd87-a391871b60d7 already exists in working tree
INFO     utils.event_processor:event_processor.py:306 Processing structure_node event: create
INFO     services.working_tree_manager:working_tree_manager.py:80 Initializing structure_node:b2bea7e0-e3bc-4386-bd87-a391871b60d7 in working tree
WARNING  services.working_tree_manager:working_tree_manager.py:92 Entity structure_node:b2bea7e0-e3bc-4386-bd87-a391871b60d7 already exists in working tree
INFO     utils.event_processor:event_processor.py:306 Processing structure_node event: create
INFO     services.working_tree_manager:working_tree_manager.py:80 Initializing structure_node:94963ab4-706a-4129-ae44-567dfabbd9c8 in working tree
WARNING  services.working_tree_manager:working_tree_manager.py:92 Entity structure_node:94963ab4-706a-4129-ae44-567dfabbd9c8 already exists in working tree
INFO     utils.event_processor:event_processor.py:306 Processing structure_node event: create
INFO     services.working_tree_manager:working_tree_manager.py:80 Initializing structure_node:94963ab4-706a-4129-ae44-567dfabbd9c8 in working tree
WARNING  services.working_tree_manager:working_tree_manager.py:92 Entity structure_node:94963ab4-706a-4129-ae44-567dfabbd9c8 already exists in working tree
INFO     utils.event_processor:event_processor.py:306 Processing structure_node event: create
INFO     services.working_tree_manager:working_tree_manager.py:80 Initializing structure_node:8e043a11-d0c7-4823-9a56-63fdacb2e55c in working tree
WARNING  services.working_tree_manager:working_tree_manager.py:92 Entity structure_node:8e043a11-d0c7-4823-9a56-63fdacb2e55c already exists in working tree
INFO     utils.event_processor:event_processor.py:306 Processing structure_node event: create
INFO     services.working_tree_manager:working_tree_manager.py:80 Initializing structure_node:8e043a11-d0c7-4823-9a56-63fdacb2e55c in working tree
WARNING  services.working_tree_manager:working_tree_manager.py:92 Entity structure_node:8e043a11-d0c7-4823-9a56-63fdacb2e55c already exists in working tree
INFO     utils.event_processor:event_processor.py:306 Processing structure_node event: create
INFO     services.working_tree_manager:working_tree_manager.py:80 Initializing structure_node:b5462056-337c-4296-8f94-b30964348528 in working tree
WARNING  services.working_tree_manager:working_tree_manager.py:92 Entity structure_node:b5462056-337c-4296-8f94-b30964348528 already exists in working tree
INFO     utils.event_processor:event_processor.py:306 Processing structure_node event: create
INFO     services.working_tree_manager:working_tree_manager.py:80 Initializing structure_node:b5462056-337c-4296-8f94-b30964348528 in working tree
WARNING  services.working_tree_manager:working_tree_manager.py:92 Entity structure_node:b5462056-337c-4296-8f94-b30964348528 already exists in working tree
INFO     utils.event_processor:event_processor.py:306 Processing structure_node event: create
INFO     services.working_tree_manager:working_tree_manager.py:80 Initializing structure_node:2cf2e450-e140-4c64-b674-54fadc645145 in working tree
WARNING  services.working_tree_manager:working_tree_manager.py:92 Entity structure_node:2cf2e450-e140-4c64-b674-54fadc645145 already exists in working tree
INFO     utils.event_processor:event_processor.py:306 Processing structure_node event: create
INFO     services.working_tree_manager:working_tree_manager.py:80 Initializing structure_node:2cf2e450-e140-4c64-b674-54fadc645145 in working tree
WARNING  services.working_tree_manager:working_tree_manager.py:92 Entity structure_node:2cf2e450-e140-4c64-b674-54fadc645145 already exists in working tree
INFO     utils.event_processor:event_processor.py:306 Processing structure_node event: create
INFO     services.working_tree_manager:working_tree_manager.py:80 Initializing structure_node:137eb8cc-ae1b-465e-80f9-c62c168971d7 in working tree
WARNING  services.working_tree_manager:working_tree_manager.py:92 Entity structure_node:137eb8cc-ae1b-465e-80f9-c62c168971d7 already exists in working tree
INFO     utils.event_processor:event_processor.py:306 Processing structure_node event: create
INFO     services.working_tree_manager:working_tree_manager.py:80 Initializing structure_node:137eb8cc-ae1b-465e-80f9-c62c168971d7 in working tree
WARNING  services.working_tree_manager:working_tree_manager.py:92 Entity structure_node:137eb8cc-ae1b-465e-80f9-c62c168971d7 already exists in working tree
INFO     utils.event_processor:event_processor.py:306 Processing structure_node event: create
INFO     services.working_tree_manager:working_tree_manager.py:80 Initializing structure_node:3929409d-f467-470a-8c01-a4d52bd726bc in working tree
WARNING  services.working_tree_manager:working_tree_manager.py:92 Entity structure_node:3929409d-f467-470a-8c01-a4d52bd726bc already exists in working tree
INFO     utils.event_processor:event_processor.py:306 Processing structure_node event: create
INFO     services.working_tree_manager:working_tree_manager.py:80 Initializing structure_node:3929409d-f467-470a-8c01-a4d52bd726bc in working tree
WARNING  services.working_tree_manager:working_tree_manager.py:92 Entity structure_node:3929409d-f467-470a-8c01-a4d52bd726bc already exists in working tree
INFO     utils.event_processor:event_processor.py:306 Processing structure_node event: delete
INFO     utils.event_processor:event_processor.py:306 Processing structure_node event: delete
INFO     utils.event_processor:event_processor.py:306 Processing structure_node event: delete
INFO     utils.event_processor:event_processor.py:306 Processing structure_node event: delete
INFO     utils.event_processor:event_processor.py:306 Processing structure_node event: delete
INFO     utils.event_processor:event_processor.py:306 Processing structure_node event: delete
INFO     utils.event_processor:event_processor.py:306 Processing structure_node event: delete
INFO     utils.event_processor:event_processor.py:306 Processing structure_node event: delete
INFO     utils.event_processor:event_processor.py:306 Processing structure_node event: delete
INFO     utils.event_processor:event_processor.py:306 Processing structure_node event: delete
INFO     utils.event_processor:event_processor.py:306 Processing structure_node event: create
INFO     services.working_tree_manager:working_tree_manager.py:80 Initializing structure_node:5b211536-5936-42fe-9911-aa9320a32c12 in working tree
WARNING  services.working_tree_manager:working_tree_manager.py:92 Entity structure_node:5b211536-5936-42fe-9911-aa9320a32c12 already exists in working tree
INFO     utils.event_processor:event_processor.py:306 Processing structure_node event: create
INFO     services.working_tree_manager:working_tree_manager.py:80 Initializing structure_node:5b211536-5936-42fe-9911-aa9320a32c12 in working tree
WARNING  services.working_tree_manager:working_tree_manager.py:92 Entity structure_node:5b211536-5936-42fe-9911-aa9320a32c12 already exists in working tree
SKIPPED (Skipping conftest client fixture for integration tests)         [ 92%]
------------------------------ live log teardown -------------------------------
INFO     database.utils:utils.py:523 Cleaning up database resources...
INFO     database.utils:utils.py:419 Database Manager: Cleaning up resources...
INFO     database.utils:utils.py:426 Disposed engine: event_processor_139359085045648
INFO     database.utils:utils.py:436 Database Manager: Resource cleanup complete
INFO     database.utils:utils.py:551 Database resources cleanup complete

tests/integration_tests/test_version_management_api_integration.py::TestVersionManagementAPI::test_version_management_stats 
-------------------------------- live log setup --------------------------------
INFO     services.version_manager:version_manager.py:62 VersionManager initialized
INFO     services.working_tree_manager:working_tree_manager.py:60 WorkingTreeManager initialized
INFO     database.utils:utils.py:83 Database Manager initialized
INFO     database.utils:utils.py:130 Creating optimized engine 'event_processor_139359079550544' with null pooling
INFO     database.utils:utils.py:183 Engine 'event_processor_139359079550544' created successfully in 0.23ms
INFO     utils.event_processor:event_processor.py:90 EventProcessor initialized
INFO     database.utils:utils.py:124 Reusing existing engine: event_processor_139359079550544
INFO     utils.event_processor:event_processor.py:306 Processing structure_node event: delete
INFO     utils.event_processor:event_processor.py:306 Processing structure_node event: delete
INFO     utils.event_processor:event_processor.py:306 Processing structure_node event: delete
INFO     utils.event_processor:event_processor.py:306 Processing structure_node event: delete
INFO     utils.event_processor:event_processor.py:306 Processing structure_node event: delete
SKIPPED (Skipping conftest client fixture for integration tests)         [ 93%]
------------------------------ live log teardown -------------------------------
INFO     database.utils:utils.py:523 Cleaning up database resources...
INFO     database.utils:utils.py:419 Database Manager: Cleaning up resources...
INFO     database.utils:utils.py:426 Disposed engine: event_processor_139359079550544
INFO     database.utils:utils.py:436 Database Manager: Resource cleanup complete
INFO     database.utils:utils.py:551 Database resources cleanup complete

tests/integration_tests/test_version_management_api_integration.py::TestVersionManagementAPI::test_create_entity_and_get_versions 
-------------------------------- live log setup --------------------------------
INFO     services.version_manager:version_manager.py:62 VersionManager initialized
INFO     services.working_tree_manager:working_tree_manager.py:60 WorkingTreeManager initialized
INFO     database.utils:utils.py:83 Database Manager initialized
INFO     database.utils:utils.py:130 Creating optimized engine 'event_processor_139359086838032' with null pooling
INFO     database.utils:utils.py:183 Engine 'event_processor_139359086838032' created successfully in 0.20ms
INFO     utils.event_processor:event_processor.py:90 EventProcessor initialized
INFO     database.utils:utils.py:124 Reusing existing engine: event_processor_139359086838032
SKIPPED (Skipping conftest client fixture for integration tests)         [ 93%]
------------------------------ live log teardown -------------------------------
INFO     database.utils:utils.py:523 Cleaning up database resources...
INFO     database.utils:utils.py:419 Database Manager: Cleaning up resources...
INFO     database.utils:utils.py:426 Disposed engine: event_processor_139359086838032
INFO     database.utils:utils.py:436 Database Manager: Resource cleanup complete
INFO     database.utils:utils.py:551 Database resources cleanup complete

tests/integration_tests/test_version_management_api_integration.py::TestVersionManagementAPI::test_get_specific_version 
-------------------------------- live log setup --------------------------------
INFO     services.version_manager:version_manager.py:62 VersionManager initialized
INFO     services.working_tree_manager:working_tree_manager.py:60 WorkingTreeManager initialized
INFO     database.utils:utils.py:83 Database Manager initialized
INFO     database.utils:utils.py:130 Creating optimized engine 'event_processor_139359074408528' with null pooling
INFO     database.utils:utils.py:183 Engine 'event_processor_139359074408528' created successfully in 0.21ms
INFO     utils.event_processor:event_processor.py:90 EventProcessor initialized
INFO     database.utils:utils.py:124 Reusing existing engine: event_processor_139359074408528
SKIPPED (Skipping conftest client fixture for integration tests)         [ 93%]
------------------------------ live log teardown -------------------------------
INFO     database.utils:utils.py:523 Cleaning up database resources...
INFO     database.utils:utils.py:419 Database Manager: Cleaning up resources...
INFO     database.utils:utils.py:426 Disposed engine: event_processor_139359074408528
INFO     database.utils:utils.py:436 Database Manager: Resource cleanup complete
INFO     database.utils:utils.py:551 Database resources cleanup complete

tests/integration_tests/test_version_management_api_integration.py::TestVersionManagementAPI::test_get_nonexistent_version 
-------------------------------- live log setup --------------------------------
INFO     services.version_manager:version_manager.py:62 VersionManager initialized
INFO     services.working_tree_manager:working_tree_manager.py:60 WorkingTreeManager initialized
INFO     database.utils:utils.py:83 Database Manager initialized
INFO     database.utils:utils.py:130 Creating optimized engine 'event_processor_139359085047760' with null pooling
INFO     database.utils:utils.py:183 Engine 'event_processor_139359085047760' created successfully in 0.23ms
INFO     utils.event_processor:event_processor.py:90 EventProcessor initialized
INFO     database.utils:utils.py:124 Reusing existing engine: event_processor_139359085047760
SKIPPED (Skipping conftest client fixture for integration tests)         [ 93%]