============================= test session starts ==============================
platform linux -- Python 3.11.13, pytest-8.4.1, pluggy-1.6.0 -- /workspace/local-server/.venv/bin/python
cachedir: .pytest_cache
hypothesis profile 'default'
rootdir: /workspace/local-server
configfile: pytest.ini
plugins: langsmith-0.4.34, asyncio-1.2.0, anyio-4.9.0, subtests-0.14.2, schemathesis-4.0.8, hypothesis-6.140.3
asyncio: mode=Mode.STRICT, debug=False, asyncio_default_fixture_loop_scope=None, asyncio_default_test_loop_scope=function
collecting ... collected 726 items

tests/unit_tests/test_aggregators.py::TestResultAggregator::test_deduplicate_nodes_success 
-------------------------------- live log setup --------------------------------
INFO     services.service_factory:service_factory.py:184 ServiceFactory [6e0c7e97] initialized with 30s TTL
INFO     services.service_factory:service_factory.py:1035 ServiceFactory [6e0c7e97] cleared 0 cache entries and reset metrics
PASSED                                                                   [  0%]
------------------------------ live log teardown -------------------------------
INFO     services.service_factory:service_factory.py:1035 ServiceFactory [6e0c7e97] cleared 0 cache entries and reset metrics

tests/unit_tests/test_aggregators.py::TestResultAggregator::test_deduplicate_nodes_empty_list 
-------------------------------- live log setup --------------------------------
INFO     services.service_factory:service_factory.py:1035 ServiceFactory [6e0c7e97] cleared 0 cache entries and reset metrics
PASSED                                                                   [  0%]
------------------------------ live log teardown -------------------------------
INFO     services.service_factory:service_factory.py:1035 ServiceFactory [6e0c7e97] cleared 0 cache entries and reset metrics

tests/unit_tests/test_aggregators.py::TestResultAggregator::test_deduplicate_links_success 
-------------------------------- live log setup --------------------------------
INFO     services.service_factory:service_factory.py:1035 ServiceFactory [6e0c7e97] cleared 0 cache entries and reset metrics
PASSED                                                                   [  0%]
------------------------------ live log teardown -------------------------------
INFO     services.service_factory:service_factory.py:1035 ServiceFactory [6e0c7e97] cleared 0 cache entries and reset metrics

tests/unit_tests/test_aggregators.py::TestResultAggregator::test_deduplicate_links_invalid_nodes_filtered 
-------------------------------- live log setup --------------------------------
INFO     services.service_factory:service_factory.py:1035 ServiceFactory [6e0c7e97] cleared 0 cache entries and reset metrics
PASSED                                                                   [  0%]
------------------------------ live log teardown -------------------------------
INFO     services.service_factory:service_factory.py:1035 ServiceFactory [6e0c7e97] cleared 0 cache entries and reset metrics

tests/unit_tests/test_aggregators.py::TestResultAggregator::test_discover_cross_references_success 
-------------------------------- live log setup --------------------------------
INFO     services.service_factory:service_factory.py:1035 ServiceFactory [6e0c7e97] cleared 0 cache entries and reset metrics
PASSED                                                                   [  0%]
------------------------------ live log teardown -------------------------------
INFO     services.service_factory:service_factory.py:1035 ServiceFactory [6e0c7e97] cleared 0 cache entries and reset metrics

tests/unit_tests/test_aggregators.py::TestResultAggregator::test_discover_cross_references_no_matches 
-------------------------------- live log setup --------------------------------
INFO     services.service_factory:service_factory.py:1035 ServiceFactory [6e0c7e97] cleared 0 cache entries and reset metrics
PASSED                                                                   [  0%]
------------------------------ live log teardown -------------------------------
INFO     services.service_factory:service_factory.py:1035 ServiceFactory [6e0c7e97] cleared 0 cache entries and reset metrics

tests/unit_tests/test_aggregators.py::TestResultAggregator::test_discover_cross_references_same_source 
-------------------------------- live log setup --------------------------------
INFO     services.service_factory:service_factory.py:1035 ServiceFactory [6e0c7e97] cleared 0 cache entries and reset metrics
PASSED                                                                   [  0%]
------------------------------ live log teardown -------------------------------
INFO     services.service_factory:service_factory.py:1035 ServiceFactory [6e0c7e97] cleared 0 cache entries and reset metrics

tests/unit_tests/test_aggregators.py::TestResultAggregator::test_merge_responses_success 
-------------------------------- live log setup --------------------------------
INFO     services.service_factory:service_factory.py:1035 ServiceFactory [6e0c7e97] cleared 0 cache entries and reset metrics
PASSED                                                                   [  1%]
------------------------------ live log teardown -------------------------------
INFO     services.service_factory:service_factory.py:1035 ServiceFactory [6e0c7e97] cleared 0 cache entries and reset metrics

tests/unit_tests/test_aggregators.py::TestResultAggregator::test_merge_responses_empty_list 
-------------------------------- live log setup --------------------------------
INFO     services.service_factory:service_factory.py:1035 ServiceFactory [6e0c7e97] cleared 0 cache entries and reset metrics
PASSED                                                                   [  1%]
------------------------------ live log teardown -------------------------------
INFO     services.service_factory:service_factory.py:1035 ServiceFactory [6e0c7e97] cleared 0 cache entries and reset metrics

tests/unit_tests/test_aggregators.py::TestResultAggregator::test_aggregate_source_results_success 
-------------------------------- live log setup --------------------------------
INFO     services.service_factory:service_factory.py:1035 ServiceFactory [6e0c7e97] cleared 0 cache entries and reset metrics
-------------------------------- live log call ---------------------------------
INFO     reference_api.aggregators:aggregators.py:265 Aggregated results: 2 nodes, 1 links (1 cross-references) from 2 sources
PASSED                                                                   [  1%]
------------------------------ live log teardown -------------------------------
INFO     services.service_factory:service_factory.py:1035 ServiceFactory [6e0c7e97] cleared 0 cache entries and reset metrics

tests/unit_tests/test_aggregators.py::TestResultAggregator::test_normalize_title_success 
-------------------------------- live log setup --------------------------------
INFO     services.service_factory:service_factory.py:1035 ServiceFactory [6e0c7e97] cleared 0 cache entries and reset metrics
PASSED                                                                   [  1%]
------------------------------ live log teardown -------------------------------
INFO     services.service_factory:service_factory.py:1035 ServiceFactory [6e0c7e97] cleared 0 cache entries and reset metrics

tests/unit_tests/test_aggregators.py::TestResultAggregator::test_calculate_title_similarity_success 
-------------------------------- live log setup --------------------------------
INFO     services.service_factory:service_factory.py:1035 ServiceFactory [6e0c7e97] cleared 0 cache entries and reset metrics
PASSED                                                                   [  1%]
------------------------------ live log teardown -------------------------------
INFO     services.service_factory:service_factory.py:1035 ServiceFactory [6e0c7e97] cleared 0 cache entries and reset metrics

tests/unit_tests/test_aggregators.py::TestResultAggregator::test_cross_reference_confidence_threshold 
-------------------------------- live log setup --------------------------------
INFO     services.service_factory:service_factory.py:1035 ServiceFactory [6e0c7e97] cleared 0 cache entries and reset metrics
PASSED                                                                   [  1%]
------------------------------ live log teardown -------------------------------
INFO     services.service_factory:service_factory.py:1035 ServiceFactory [6e0c7e97] cleared 0 cache entries and reset metrics

tests/unit_tests/test_aggregators.py::TestResultAggregator::test_complex_aggregation_with_cross_references 
-------------------------------- live log setup --------------------------------
INFO     services.service_factory:service_factory.py:1035 ServiceFactory [6e0c7e97] cleared 0 cache entries and reset metrics
-------------------------------- live log call ---------------------------------
INFO     reference_api.aggregators:aggregators.py:265 Aggregated results: 2 nodes, 1 links (1 cross-references) from 2 sources
PASSED                                                                   [  1%]
------------------------------ live log teardown -------------------------------
INFO     services.service_factory:service_factory.py:1035 ServiceFactory [6e0c7e97] cleared 0 cache entries and reset metrics

tests/unit_tests/test_batch_operation_processor.py::TestBatchOperationProcessor::test_processor_initialization 
-------------------------------- live log setup --------------------------------
INFO     services.service_factory:service_factory.py:1035 ServiceFactory [6e0c7e97] cleared 0 cache entries and reset metrics
INFO     services.batch_operation_processor:batch_operation_processor.py:92 BatchOperationProcessor initialized with batch_size=1000, max_workers=8
PASSED                                                                   [  2%]
------------------------------ live log teardown -------------------------------
INFO     services.service_factory:service_factory.py:1035 ServiceFactory [6e0c7e97] cleared 0 cache entries and reset metrics

tests/unit_tests/test_batch_operation_processor.py::TestBatchOperationProcessor::test_batch_create_versions 
-------------------------------- live log setup --------------------------------
INFO     services.service_factory:service_factory.py:1035 ServiceFactory [6e0c7e97] cleared 0 cache entries and reset metrics
INFO     services.batch_operation_processor:batch_operation_processor.py:92 BatchOperationProcessor initialized with batch_size=1000, max_workers=8
-------------------------------- live log call ---------------------------------
INFO     services.batch_operation_processor:batch_operation_processor.py:112 Starting batch version creation: 10 entities, operation_id=cdfd4a92-06a4-4b2f-bf74-709635eed3a8
INFO     services.batch_operation_processor:batch_operation_processor.py:213 Batch version creation completed: 10 created, 0 failed in 0.00s (12479.33 items/sec)
PASSED                                                                   [  2%]
------------------------------ live log teardown -------------------------------
INFO     services.service_factory:service_factory.py:1035 ServiceFactory [6e0c7e97] cleared 0 cache entries and reset metrics

tests/unit_tests/test_batch_operation_processor.py::TestBatchOperationProcessor::test_batch_merge_changes 
-------------------------------- live log setup --------------------------------
INFO     services.service_factory:service_factory.py:1035 ServiceFactory [6e0c7e97] cleared 0 cache entries and reset metrics
INFO     services.batch_operation_processor:batch_operation_processor.py:92 BatchOperationProcessor initialized with batch_size=1000, max_workers=8
-------------------------------- live log call ---------------------------------
INFO     services.batch_operation_processor:batch_operation_processor.py:235 Starting batch changeset merge: 5 changesets, operation_id=b41f76e5-3a84-49e7-bc2a-d0bd6be8958e
INFO     services.batch_operation_processor:batch_operation_processor.py:319 Batch changeset merge completed: 5 successful, 0 failed in 0.00s
PASSED                                                                   [  2%]
------------------------------ live log teardown -------------------------------
INFO     services.service_factory:service_factory.py:1035 ServiceFactory [6e0c7e97] cleared 0 cache entries and reset metrics

tests/unit_tests/test_batch_operation_processor.py::TestBatchOperationProcessor::test_parallel_processing_optimization 
-------------------------------- live log setup --------------------------------
INFO     services.service_factory:service_factory.py:1035 ServiceFactory [6e0c7e97] cleared 0 cache entries and reset metrics
INFO     services.batch_operation_processor:batch_operation_processor.py:92 BatchOperationProcessor initialized with batch_size=1000, max_workers=8
-------------------------------- live log call ---------------------------------
INFO     services.batch_operation_processor:batch_operation_processor.py:112 Starting batch version creation: 100 entities, operation_id=d71daeda-3c69-4ed2-b590-874a62d93b5f
INFO     services.batch_operation_processor:batch_operation_processor.py:213 Batch version creation completed: 100 created, 0 failed in 1.04s (96.15 items/sec)
PASSED                                                                   [  2%]
------------------------------ live log teardown -------------------------------
INFO     services.service_factory:service_factory.py:1035 ServiceFactory [6e0c7e97] cleared 0 cache entries and reset metrics

tests/unit_tests/test_batch_operation_processor.py::TestBatchOperationProcessor::test_batch_size_optimization 
-------------------------------- live log setup --------------------------------
INFO     services.service_factory:service_factory.py:1035 ServiceFactory [6e0c7e97] cleared 0 cache entries and reset metrics
INFO     services.batch_operation_processor:batch_operation_processor.py:92 BatchOperationProcessor initialized with batch_size=1000, max_workers=8
-------------------------------- live log call ---------------------------------
INFO     services.batch_operation_processor:batch_operation_processor.py:112 Starting batch version creation: 50 entities, operation_id=3387681f-52cf-473a-b92c-0fb0bb9df18f
INFO     services.batch_operation_processor:batch_operation_processor.py:213 Batch version creation completed: 50 created, 0 failed in 0.00s (30995.45 items/sec)
INFO     services.batch_operation_processor:batch_operation_processor.py:112 Starting batch version creation: 5000 entities, operation_id=b9e149bc-ceb8-467c-b003-ecccccfdfa72
INFO     services.batch_operation_processor:batch_operation_processor.py:213 Batch version creation completed: 5000 created, 0 failed in 0.08s (63292.67 items/sec)
PASSED                                                                   [  2%]
------------------------------ live log teardown -------------------------------
INFO     services.service_factory:service_factory.py:1035 ServiceFactory [6e0c7e97] cleared 0 cache entries and reset metrics

tests/unit_tests/test_batch_operation_processor.py::TestBatchOperationProcessor::test_error_handling_and_recovery 
-------------------------------- live log setup --------------------------------
INFO     services.service_factory:service_factory.py:1035 ServiceFactory [6e0c7e97] cleared 0 cache entries and reset metrics
INFO     services.batch_operation_processor:batch_operation_processor.py:92 BatchOperationProcessor initialized with batch_size=1000, max_workers=8
-------------------------------- live log call ---------------------------------
INFO     services.batch_operation_processor:batch_operation_processor.py:112 Starting batch version creation: 10 entities, operation_id=03189f85-06e9-41c3-b1dd-9b1c0465b751
ERROR    services.batch_operation_processor:batch_operation_processor.py:570 Failed to create version for entity entity_3: Simulated error for entity_3
ERROR    services.batch_operation_processor:batch_operation_processor.py:570 Failed to create version for entity entity_7: Simulated error for entity_7
INFO     services.batch_operation_processor:batch_operation_processor.py:213 Batch version creation completed: 8 created, 2 failed in 0.00s (6297.75 items/sec)
PASSED                                                                   [  2%]
------------------------------ live log teardown -------------------------------
INFO     services.service_factory:service_factory.py:1035 ServiceFactory [6e0c7e97] cleared 0 cache entries and reset metrics

tests/unit_tests/test_batch_operation_processor.py::TestBatchOperationProcessor::test_checkpoint_creation 
-------------------------------- live log setup --------------------------------
INFO     services.service_factory:service_factory.py:1035 ServiceFactory [6e0c7e97] cleared 0 cache entries and reset metrics
INFO     services.batch_operation_processor:batch_operation_processor.py:92 BatchOperationProcessor initialized with batch_size=1000, max_workers=8
-------------------------------- live log call ---------------------------------
INFO     services.batch_operation_processor:batch_operation_processor.py:330 Creating system checkpoint: test_checkpoint, id=cd2206b1-12fa-4d7a-8c9e-703f818efea7
ERROR    services.batch_operation_processor:batch_operation_processor.py:715 Failed to checkpoint entity versions: 'Mock' object is not subscriptable
ERROR    services.batch_operation_processor:batch_operation_processor.py:736 Failed to checkpoint changesets: 'Mock' object is not subscriptable
ERROR    services.batch_operation_processor:batch_operation_processor.py:757 Failed to checkpoint proposals: 'Mock' object is not subscriptable
ERROR    services.batch_operation_processor:batch_operation_processor.py:778 Failed to checkpoint user identities: 'Mock' object is not subscriptable
INFO     services.batch_operation_processor:batch_operation_processor.py:397 System checkpoint created successfully: test_checkpoint (0 bytes, 0.00s)
PASSED                                                                   [  2%]
------------------------------ live log teardown -------------------------------
INFO     services.service_factory:service_factory.py:1035 ServiceFactory [6e0c7e97] cleared 0 cache entries and reset metrics

tests/unit_tests/test_batch_operation_processor.py::TestBatchOperationProcessor::test_checkpoint_restoration 
-------------------------------- live log setup --------------------------------
INFO     services.service_factory:service_factory.py:1035 ServiceFactory [6e0c7e97] cleared 0 cache entries and reset metrics
INFO     services.batch_operation_processor:batch_operation_processor.py:92 BatchOperationProcessor initialized with batch_size=1000, max_workers=8
-------------------------------- live log call ---------------------------------
INFO     services.batch_operation_processor:batch_operation_processor.py:330 Creating system checkpoint: restore_test, id=2625dee3-530e-4e61-aad9-fb7ff912110e
ERROR    services.batch_operation_processor:batch_operation_processor.py:715 Failed to checkpoint entity versions: 'Mock' object is not subscriptable
ERROR    services.batch_operation_processor:batch_operation_processor.py:736 Failed to checkpoint changesets: 'Mock' object is not subscriptable
ERROR    services.batch_operation_processor:batch_operation_processor.py:757 Failed to checkpoint proposals: 'Mock' object is not subscriptable
ERROR    services.batch_operation_processor:batch_operation_processor.py:778 Failed to checkpoint user identities: 'Mock' object is not subscriptable
INFO     services.batch_operation_processor:batch_operation_processor.py:397 System checkpoint created successfully: restore_test (0 bytes, 0.00s)
INFO     services.batch_operation_processor:batch_operation_processor.py:491 Restoring from checkpoint: 2625dee3-530e-4e61-aad9-fb7ff912110e
INFO     services.batch_operation_processor:batch_operation_processor.py:506 Successfully restored from checkpoint: restore_test
PASSED                                                                   [  3%]
------------------------------ live log teardown -------------------------------
INFO     services.service_factory:service_factory.py:1035 ServiceFactory [6e0c7e97] cleared 0 cache entries and reset metrics

tests/unit_tests/test_batch_operation_processor.py::TestBatchOperationProcessor::test_performance_metrics_collection 
-------------------------------- live log setup --------------------------------
INFO     services.service_factory:service_factory.py:1035 ServiceFactory [6e0c7e97] cleared 0 cache entries and reset metrics
INFO     services.batch_operation_processor:batch_operation_processor.py:92 BatchOperationProcessor initialized with batch_size=1000, max_workers=8
-------------------------------- live log call ---------------------------------
INFO     services.batch_operation_processor:batch_operation_processor.py:112 Starting batch version creation: 20 entities, operation_id=cfa945e3-0661-477e-b63e-3b9424e509b1
INFO     services.batch_operation_processor:batch_operation_processor.py:213 Batch version creation completed: 20 created, 0 failed in 0.00s (23858.38 items/sec)
PASSED                                                                   [  3%]
------------------------------ live log teardown -------------------------------
INFO     services.service_factory:service_factory.py:1035 ServiceFactory [6e0c7e97] cleared 0 cache entries and reset metrics

tests/unit_tests/test_batch_operation_processor.py::TestBatchOperationProcessor::test_get_performance_statistics 
-------------------------------- live log setup --------------------------------
INFO     services.service_factory:service_factory.py:1035 ServiceFactory [6e0c7e97] cleared 0 cache entries and reset metrics
INFO     services.batch_operation_processor:batch_operation_processor.py:92 BatchOperationProcessor initialized with batch_size=1000, max_workers=8
-------------------------------- live log call ---------------------------------
INFO     services.batch_operation_processor:batch_operation_processor.py:112 Starting batch version creation: 10 entities, operation_id=4bcc8bc9-a574-4899-9d25-d89603053759
INFO     services.batch_operation_processor:batch_operation_processor.py:213 Batch version creation completed: 10 created, 0 failed in 0.00s (19030.42 items/sec)
INFO     services.batch_operation_processor:batch_operation_processor.py:112 Starting batch version creation: 20 entities, operation_id=7995c4c8-bbca-484c-aa13-f65e8eb82641
INFO     services.batch_operation_processor:batch_operation_processor.py:213 Batch version creation completed: 20 created, 0 failed in 0.00s (32909.41 items/sec)
INFO     services.batch_operation_processor:batch_operation_processor.py:112 Starting batch version creation: 15 entities, operation_id=e8830dd0-ff84-4d3b-b062-202194813a3a
INFO     services.batch_operation_processor:batch_operation_processor.py:213 Batch version creation completed: 15 created, 0 failed in 0.00s (24985.93 items/sec)
PASSED                                                                   [  3%]
------------------------------ live log teardown -------------------------------
INFO     services.service_factory:service_factory.py:1035 ServiceFactory [6e0c7e97] cleared 0 cache entries and reset metrics

tests/unit_tests/test_batch_operation_processor.py::TestBatchOperationProcessor::test_memory_optimization 
-------------------------------- live log setup --------------------------------
INFO     services.service_factory:service_factory.py:1035 ServiceFactory [6e0c7e97] cleared 0 cache entries and reset metrics
INFO     services.batch_operation_processor:batch_operation_processor.py:92 BatchOperationProcessor initialized with batch_size=1000, max_workers=8
-------------------------------- live log call ---------------------------------
INFO     services.batch_operation_processor:batch_operation_processor.py:112 Starting batch version creation: 2000 entities, operation_id=8946f660-1cb7-4f42-bb02-b25a4ae449b8
INFO     services.batch_operation_processor:batch_operation_processor.py:213 Batch version creation completed: 2000 created, 0 failed in 0.04s (55957.63 items/sec)
PASSED                                                                   [  3%]
------------------------------ live log teardown -------------------------------
INFO     services.service_factory:service_factory.py:1035 ServiceFactory [6e0c7e97] cleared 0 cache entries and reset metrics

tests/unit_tests/test_batch_operation_processor.py::TestBatchOperationProcessor::test_batch_operation_cancellation 
-------------------------------- live log setup --------------------------------
INFO     services.service_factory:service_factory.py:1035 ServiceFactory [6e0c7e97] cleared 0 cache entries and reset metrics
INFO     services.batch_operation_processor:batch_operation_processor.py:92 BatchOperationProcessor initialized with batch_size=1000, max_workers=8
-------------------------------- live log call ---------------------------------
INFO     services.batch_operation_processor:batch_operation_processor.py:112 Starting batch version creation: 1000 entities, operation_id=34b90009-377c-491c-b432-ef956786cf1e
INFO     services.batch_operation_processor:batch_operation_processor.py:213 Batch version creation completed: 1000 created, 0 failed in 0.02s (57150.89 items/sec)
PASSED                                                                   [  3%]
------------------------------ live log teardown -------------------------------
INFO     services.service_factory:service_factory.py:1035 ServiceFactory [6e0c7e97] cleared 0 cache entries and reset metrics

tests/unit_tests/test_batch_operation_processor.py::TestBatchOperationProcessor::test_data_validation 
-------------------------------- live log setup --------------------------------
INFO     services.service_factory:service_factory.py:1035 ServiceFactory [6e0c7e97] cleared 0 cache entries and reset metrics
INFO     services.batch_operation_processor:batch_operation_processor.py:92 BatchOperationProcessor initialized with batch_size=1000, max_workers=8
-------------------------------- live log call ---------------------------------
INFO     services.batch_operation_processor:batch_operation_processor.py:112 Starting batch version creation: 4 entities, operation_id=9214cb8c-f217-4e3a-8352-1551bdd14ba3
ERROR    services.batch_operation_processor:batch_operation_processor.py:535 Validation error: Missing required field 'id' or 'entity_id' in item: {'missing_id': True, 'type': 'document'}
INFO     services.batch_operation_processor:batch_operation_processor.py:213 Batch version creation completed: 4 created, 1 failed in 0.00s (6767.74 items/sec)
PASSED                                                                   [  3%]
------------------------------ live log teardown -------------------------------
INFO     services.service_factory:service_factory.py:1035 ServiceFactory [6e0c7e97] cleared 0 cache entries and reset metrics

tests/unit_tests/test_batch_operation_processor.py::TestBatchOperationProcessor::test_transaction_management 
-------------------------------- live log setup --------------------------------
INFO     services.service_factory:service_factory.py:1035 ServiceFactory [6e0c7e97] cleared 0 cache entries and reset metrics
INFO     services.batch_operation_processor:batch_operation_processor.py:92 BatchOperationProcessor initialized with batch_size=1000, max_workers=8
-------------------------------- live log call ---------------------------------
INFO     services.batch_operation_processor:batch_operation_processor.py:112 Starting batch version creation: 5 entities, operation_id=c1657a1b-77cc-4e28-9e02-99ae0746acb4
INFO     services.batch_operation_processor:batch_operation_processor.py:213 Batch version creation completed: 5 created, 0 failed in 0.00s (9637.65 items/sec)
INFO     services.batch_operation_processor:batch_operation_processor.py:112 Starting batch version creation: 5 entities, operation_id=fcf454f5-795c-427c-9b48-9b827e8fcf61
ERROR    services.batch_operation_processor:batch_operation_processor.py:570 Failed to create version for entity entity_0: DB Error
ERROR    services.batch_operation_processor:batch_operation_processor.py:570 Failed to create version for entity entity_1: DB Error
ERROR    services.batch_operation_processor:batch_operation_processor.py:570 Failed to create version for entity entity_2: DB Error
ERROR    services.batch_operation_processor:batch_operation_processor.py:570 Failed to create version for entity entity_3: DB Error
ERROR    services.batch_operation_processor:batch_operation_processor.py:570 Failed to create version for entity entity_4: DB Error
INFO     services.batch_operation_processor:batch_operation_processor.py:213 Batch version creation completed: 0 created, 5 failed in 0.00s (0.00 items/sec)
PASSED                                                                   [  3%]
------------------------------ live log teardown -------------------------------
INFO     services.service_factory:service_factory.py:1035 ServiceFactory [6e0c7e97] cleared 0 cache entries and reset metrics

tests/unit_tests/test_batch_operation_processor.py::TestBatchOperationProcessor::test_concurrent_batch_operations 
-------------------------------- live log setup --------------------------------
INFO     services.service_factory:service_factory.py:1035 ServiceFactory [6e0c7e97] cleared 0 cache entries and reset metrics
INFO     services.batch_operation_processor:batch_operation_processor.py:92 BatchOperationProcessor initialized with batch_size=1000, max_workers=8
-------------------------------- live log call ---------------------------------
INFO     services.batch_operation_processor:batch_operation_processor.py:112 Starting batch version creation: 10 entities, operation_id=9e30ca85-a11c-4f4f-a85d-373c16106f0a
INFO     services.batch_operation_processor:batch_operation_processor.py:112 Starting batch version creation: 10 entities, operation_id=e0808ed4-d097-460f-9052-dbda70c7fcbf
INFO     services.batch_operation_processor:batch_operation_processor.py:112 Starting batch version creation: 10 entities, operation_id=e22021b1-46b1-4077-80f2-a2ef79aec847
INFO     services.batch_operation_processor:batch_operation_processor.py:112 Starting batch version creation: 10 entities, operation_id=82152f22-15ec-4e8d-b63c-33add8dce61e
INFO     services.batch_operation_processor:batch_operation_processor.py:112 Starting batch version creation: 10 entities, operation_id=bcb4683b-e8f7-45df-9d04-9b3b7c65c471
INFO     services.batch_operation_processor:batch_operation_processor.py:213 Batch version creation completed: 10 created, 0 failed in 0.00s (6129.34 items/sec)
INFO     services.batch_operation_processor:batch_operation_processor.py:213 Batch version creation completed: 10 created, 0 failed in 0.00s (6301.54 items/sec)
INFO     services.batch_operation_processor:batch_operation_processor.py:213 Batch version creation completed: 10 created, 0 failed in 0.00s (4444.53 items/sec)
INFO     services.batch_operation_processor:batch_operation_processor.py:213 Batch version creation completed: 10 created, 0 failed in 0.00s (4311.58 items/sec)
INFO     services.batch_operation_processor:batch_operation_processor.py:213 Batch version creation completed: 10 created, 0 failed in 0.00s (4520.21 items/sec)
PASSED                                                                   [  3%]
------------------------------ live log teardown -------------------------------
INFO     services.service_factory:service_factory.py:1035 ServiceFactory [6e0c7e97] cleared 0 cache entries and reset metrics

tests/unit_tests/test_batch_operation_processor.py::TestBatchOperationProcessor::test_resource_cleanup 
-------------------------------- live log setup --------------------------------
INFO     services.service_factory:service_factory.py:1035 ServiceFactory [6e0c7e97] cleared 0 cache entries and reset metrics
INFO     services.batch_operation_processor:batch_operation_processor.py:92 BatchOperationProcessor initialized with batch_size=1000, max_workers=8
-------------------------------- live log call ---------------------------------
INFO     services.batch_operation_processor:batch_operation_processor.py:112 Starting batch version creation: 50 entities, operation_id=0e587c3a-7285-4637-874b-b9b049bae9cd
INFO     services.batch_operation_processor:batch_operation_processor.py:213 Batch version creation completed: 50 created, 0 failed in 0.00s (42599.07 items/sec)
PASSED                                                                   [  4%]
------------------------------ live log teardown -------------------------------
INFO     services.service_factory:service_factory.py:1035 ServiceFactory [6e0c7e97] cleared 0 cache entries and reset metrics

tests/unit_tests/test_batch_operation_processor.py::TestBatchOperationProcessor::test_adaptive_batch_sizing 
-------------------------------- live log setup --------------------------------
INFO     services.service_factory:service_factory.py:1035 ServiceFactory [6e0c7e97] cleared 0 cache entries and reset metrics
INFO     services.batch_operation_processor:batch_operation_processor.py:92 BatchOperationProcessor initialized with batch_size=1000, max_workers=8
-------------------------------- live log call ---------------------------------
INFO     services.batch_operation_processor:batch_operation_processor.py:112 Starting batch version creation: 100 entities, operation_id=f741b4d4-b055-4743-8600-abfb53137ffa
INFO     services.batch_operation_processor:batch_operation_processor.py:213 Batch version creation completed: 100 created, 0 failed in 0.00s (52012.70 items/sec)
INFO     services.batch_operation_processor:batch_operation_processor.py:112 Starting batch version creation: 100 entities, operation_id=b8c6e479-b9ad-4f8a-a465-eb7d4e4b3810
INFO     services.batch_operation_processor:batch_operation_processor.py:213 Batch version creation completed: 100 created, 0 failed in 1.04s (95.80 items/sec)
PASSED                                                                   [  4%]
------------------------------ live log teardown -------------------------------
INFO     services.service_factory:service_factory.py:1035 ServiceFactory [6e0c7e97] cleared 0 cache entries and reset metrics

tests/unit_tests/test_batch_operation_processor.py::TestBatchOperationResult::test_result_initialization 
-------------------------------- live log setup --------------------------------
INFO     services.service_factory:service_factory.py:1035 ServiceFactory [6e0c7e97] cleared 0 cache entries and reset metrics
PASSED                                                                   [  4%]
------------------------------ live log teardown -------------------------------
INFO     services.service_factory:service_factory.py:1035 ServiceFactory [6e0c7e97] cleared 0 cache entries and reset metrics

tests/unit_tests/test_batch_operation_processor.py::TestBatchOperationResult::test_success_rate_calculation 
-------------------------------- live log setup --------------------------------
INFO     services.service_factory:service_factory.py:1035 ServiceFactory [6e0c7e97] cleared 0 cache entries and reset metrics
PASSED                                                                   [  4%]
------------------------------ live log teardown -------------------------------
INFO     services.service_factory:service_factory.py:1035 ServiceFactory [6e0c7e97] cleared 0 cache entries and reset metrics

tests/unit_tests/test_batch_operation_processor.py::TestBatchOperationError::test_error_initialization 
-------------------------------- live log setup --------------------------------
INFO     services.service_factory:service_factory.py:1035 ServiceFactory [6e0c7e97] cleared 0 cache entries and reset metrics
PASSED                                                                   [  4%]
------------------------------ live log teardown -------------------------------
INFO     services.service_factory:service_factory.py:1035 ServiceFactory [6e0c7e97] cleared 0 cache entries and reset metrics

tests/unit_tests/test_batch_operation_processor.py::TestBatchOperationError::test_error_types 
-------------------------------- live log setup --------------------------------
INFO     services.service_factory:service_factory.py:1035 ServiceFactory [6e0c7e97] cleared 0 cache entries and reset metrics
PASSED                                                                   [  4%]
------------------------------ live log teardown -------------------------------
INFO     services.service_factory:service_factory.py:1035 ServiceFactory [6e0c7e97] cleared 0 cache entries and reset metrics

tests/unit_tests/test_batch_operation_processor.py::TestSystemCheckpoint::test_checkpoint_initialization 
-------------------------------- live log setup --------------------------------
INFO     services.service_factory:service_factory.py:1035 ServiceFactory [6e0c7e97] cleared 0 cache entries and reset metrics
PASSED                                                                   [  4%]
------------------------------ live log teardown -------------------------------
INFO     services.service_factory:service_factory.py:1035 ServiceFactory [6e0c7e97] cleared 0 cache entries and reset metrics

tests/unit_tests/test_batch_operation_processor.py::TestSystemCheckpoint::test_checkpoint_age_calculation 
-------------------------------- live log setup --------------------------------
INFO     services.service_factory:service_factory.py:1035 ServiceFactory [6e0c7e97] cleared 0 cache entries and reset metrics
PASSED                                                                   [  5%]
------------------------------ live log teardown -------------------------------
INFO     services.service_factory:service_factory.py:1035 ServiceFactory [6e0c7e97] cleared 0 cache entries and reset metrics

tests/unit_tests/test_change_event_handler.py::test_change_event_creation_with_record_type_enum 
-------------------------------- live log setup --------------------------------
INFO     database.utils:utils.py:609 SQLite Version: 3.46.1
INFO     database.utils:utils.py:610 SQLite File: /usr/local/lib/python3.11/sqlite3/__init__.py
INFO     database.utils:utils.py:83 Database Manager initialized
INFO     database.utils:utils.py:130 Creating optimized engine 'legacy_engine_129829013005344_1760487295' with null pooling
INFO     database.utils:utils.py:183 Engine 'legacy_engine_129829013005344_1760487295' created successfully in 0.71ms
INFO     database.utils:utils.py:696 init_db retrieving engine...
INFO     database.utils:utils.py:741 init_db complete (no tables created, use migration manager for schema)
INFO     database.migrations.migration_manager:migration_manager.py:47 MigrationManager initialized: current_version=0, target_version=14
INFO     database.migrations.migration_manager:migration_manager.py:214 Migrate to latest: current schema version: 0, target version: 14
INFO     database.migrations.migration_manager:migration_manager.py:225 Applying 12 pending migrations
INFO     database.migrations.migration_manager:migration_manager.py:241 Applying migration 1: Initial schema
INFO     database.migrations.migration_manager:migration_manager.py:260 Migration 1 completed in 18ms
INFO     database.migrations.migration_manager:migration_manager.py:241 Applying migration 2: Add graph events
INFO     database.migrations.migration_manager:migration_manager.py:260 Migration 2 completed in 4ms
INFO     database.migrations.migration_manager:migration_manager.py:241 Applying migration 3: Add vector search tables
INFO     database.migrations.migration_manager:migration_manager.py:260 Migration 3 completed in 15ms
INFO     database.migrations.migration_manager:migration_manager.py:241 Applying migration 4: Enforce uniqueness for domain title within layer and term title within domain.
INFO     database.migrations.migration_manager:migration_manager.py:260 Migration 4 completed in 11ms
INFO     database.migrations.migration_manager:migration_manager.py:241 Applying migration 5: Add predicate sets functionality with predicates table and related schema changes.
INFO     database.migrations.migration_manager:migration_manager.py:260 Migration 5 completed in 26ms
INFO     database.migrations.migration_manager:migration_manager.py:241 Applying migration 6: The Structure Nodes - Normalize layers, domains, terms into structure_nodes table.
INFO     migration:006_nodes.py:17 Starting The Structure Nodes migration...
INFO     migration:006_nodes.py:114 Creating structure_nodes table...
INFO     migration:006_nodes.py:143 Successfully created structure_nodes table
INFO     migration:006_nodes.py:149 Creating structure_node_links table...
INFO     migration:006_nodes.py:174 Creating change_events table...
INFO     migration:006_nodes.py:197 Creating structure_nodes vector table...
INFO     migration:006_nodes.py:392 Migrating layers to structure_nodes...
INFO     migration:006_nodes.py:423 Migrated 0 layers to structure_nodes
INFO     migration:006_nodes.py:427 Migrating domains to structure_nodes...
INFO     migration:006_nodes.py:458 Migrated 0 domains to structure_nodes
INFO     migration:006_nodes.py:462 Migrating terms to structure_nodes...
INFO     migration:006_nodes.py:503 Migrated 0 terms to structure_nodes
INFO     migration:006_nodes.py:507 Migrating term_relationships to structure_node_links...
INFO     migration:006_nodes.py:520 Migrating graph_events to change_events...
INFO     migration:006_nodes.py:226 Creating change event triggers...
INFO     migration:006_nodes.py:352 Populating vector embeddings table...
INFO     migration:006_nodes.py:385 Populated vector embeddings for 0 structure_nodes
INFO     migration:006_nodes.py:548 Validating migration integrity...
INFO     migration:006_nodes.py:625 Migration validation passed: 0 structure_nodes, 0 links, 0 events
INFO     migration:006_nodes.py:629 Dropping old tables...
INFO     migration:006_nodes.py:48 The Structure Nodes migration completed successfully!
INFO     database.migrations.migration_manager:migration_manager.py:260 Migration 6 completed in 61ms
INFO     database.migrations.migration_manager:migration_manager.py:241 Applying migration 7: Add Change Management System - Entity versioning, working tree state management
INFO     migration:007_change_management.py:19 Starting Change Management System migration...
INFO     migration:007_change_management.py:71 Creating entity_versions table...
INFO     migration:007_change_management.py:92 Successfully created entity_versions table
INFO     migration:007_change_management.py:96 Creating working_tree table...
INFO     migration:007_change_management.py:113 Successfully created working_tree table
INFO     migration:007_change_management.py:117 Extending change_events table...
INFO     migration:007_change_management.py:122 Added version_id column to change_events
INFO     migration:007_change_management.py:134 Added change_state column to change_events
INFO     migration:007_change_management.py:142 Creating indexes...
INFO     migration:007_change_management.py:162 Successfully created all indexes
INFO     migration:007_change_management.py:166 Validating migration integrity...
INFO     migration:007_change_management.py:205 Migration validation passed!
INFO     migration:007_change_management.py:39 Change Management System migration completed successfully!
INFO     database.migrations.migration_manager:migration_manager.py:260 Migration 7 completed in 50ms
INFO     database.migrations.migration_manager:migration_manager.py:241 Applying migration 8: Add Collaboration System - Changesets, proposals, voting, and identity management
INFO     migration:008_collaboration_system.py:19 Starting Collaboration System migration...
INFO     migration:008_collaboration_system.py:81 Creating changesets table...
INFO     migration:008_collaboration_system.py:100 Successfully created changesets table
INFO     migration:008_collaboration_system.py:104 Creating proposals table...
INFO     migration:008_collaboration_system.py:124 Successfully created proposals table
INFO     migration:008_collaboration_system.py:128 Creating proposal_votes table...
INFO     migration:008_collaboration_system.py:143 Successfully created proposal_votes table
INFO     migration:008_collaboration_system.py:147 Creating user_identities table...
INFO     migration:008_collaboration_system.py:162 Successfully created user_identities table
INFO     migration:008_collaboration_system.py:166 Creating user_trust_relationships table...
INFO     migration:008_collaboration_system.py:180 Successfully created user_trust_relationships table
INFO     migration:008_collaboration_system.py:184 Creating verification_codes table...
INFO     migration:008_collaboration_system.py:197 Successfully created verification_codes table
INFO     migration:008_collaboration_system.py:201 Creating indexes...
INFO     migration:008_collaboration_system.py:233 Successfully created all indexes
INFO     migration:008_collaboration_system.py:237 Validating migration integrity...
INFO     migration:008_collaboration_system.py:301 Migration validation passed!
INFO     migration:008_collaboration_system.py:48 Collaboration System migration completed successfully!
INFO     database.migrations.migration_manager:migration_manager.py:260 Migration 8 completed in 95ms
INFO     database.migrations.migration_manager:migration_manager.py:241 Applying migration 11: Remove Branch Management System
INFO     migration:011_remove_branch_management.py:19 Applying migration 11: Remove Branch Management System
INFO     migration:011_remove_branch_management.py:26 Dropping branch-related views...
INFO     migration:011_remove_branch_management.py:31 Dropping branch-related tables...
INFO     migration:011_remove_branch_management.py:39 Migration 11 applied successfully
INFO     database.migrations.migration_manager:migration_manager.py:260 Migration 11 completed in 2ms
INFO     database.migrations.migration_manager:migration_manager.py:241 Applying migration 12: Add unified reference cache tables
INFO     database.migrations.migration_manager:migration_manager.py:260 Migration 12 completed in 12ms
INFO     database.migrations.migration_manager:migration_manager.py:241 Applying migration 13: Add composite index for structure_nodes (node_type, title) to optimize pagination queries.
INFO     migration:013_add_structure_nodes_title_index.py:17 Adding composite index for structure_nodes (node_type, title)...
INFO     migration:013_add_structure_nodes_title_index.py:23 Successfully added composite index idx_nodes_type_title
INFO     database.migrations.migration_manager:migration_manager.py:260 Migration 13 completed in 4ms
INFO     database.migrations.migration_manager:migration_manager.py:241 Applying migration 14: Add RAG observability tables
INFO     migration:014_add_rag_observability.py:19 Creating RAG observability tables...
INFO     migration:014_add_rag_observability.py:68 Created rag_processing_metrics table
INFO     migration:014_add_rag_observability.py:118 Created rag_observability_trace table
INFO     migration:014_add_rag_observability.py:119 Successfully created RAG observability tables with indexes
INFO     database.migrations.migration_manager:migration_manager.py:260 Migration 14 completed in 31ms
INFO     database.migrations.migration_manager:migration_manager.py:270 Migrations completed. Current version: 14
INFO     app:app.py:33 Creating FastAPI application...
INFO     services.service_factory:service_factory.py:1035 ServiceFactory [6e0c7e97] cleared 0 cache entries and reset metrics
PASSED                                                                   [  5%]
------------------------------ live log teardown -------------------------------
INFO     services.service_factory:service_factory.py:1035 ServiceFactory [6e0c7e97] cleared 0 cache entries and reset metrics

tests/unit_tests/test_change_event_handler.py::test_change_event_update_with_record_type_enum 
-------------------------------- live log setup --------------------------------
INFO     services.service_factory:service_factory.py:1035 ServiceFactory [6e0c7e97] cleared 0 cache entries and reset metrics
PASSED                                                                   [  5%]
------------------------------ live log teardown -------------------------------
INFO     services.service_factory:service_factory.py:1035 ServiceFactory [6e0c7e97] cleared 0 cache entries and reset metrics

tests/unit_tests/test_change_event_handler.py::test_change_event_delete_with_record_type_enum 
-------------------------------- live log setup --------------------------------
INFO     services.service_factory:service_factory.py:1035 ServiceFactory [6e0c7e97] cleared 0 cache entries and reset metrics
PASSED                                                                   [  5%]
------------------------------ live log teardown -------------------------------
INFO     services.service_factory:service_factory.py:1035 ServiceFactory [6e0c7e97] cleared 0 cache entries and reset metrics

tests/unit_tests/test_change_event_handler.py::test_get_events_for_record 
-------------------------------- live log setup --------------------------------
INFO     services.service_factory:service_factory.py:1035 ServiceFactory [6e0c7e97] cleared 0 cache entries and reset metrics
PASSED                                                                   [  5%]
------------------------------ live log teardown -------------------------------
INFO     services.service_factory:service_factory.py:1035 ServiceFactory [6e0c7e97] cleared 0 cache entries and reset metrics

tests/unit_tests/test_change_event_handler.py::test_get_events_for_record_with_limit 
-------------------------------- live log setup --------------------------------
INFO     services.service_factory:service_factory.py:1035 ServiceFactory [6e0c7e97] cleared 0 cache entries and reset metrics
PASSED                                                                   [  5%]
------------------------------ live log teardown -------------------------------
INFO     services.service_factory:service_factory.py:1035 ServiceFactory [6e0c7e97] cleared 0 cache entries and reset metrics

tests/unit_tests/test_change_event_handler.py::test_get_unprocessed_events_filtered_by_record_type 
-------------------------------- live log setup --------------------------------
INFO     services.service_factory:service_factory.py:1035 ServiceFactory [6e0c7e97] cleared 0 cache entries and reset metrics
PASSED                                                                   [  5%]
------------------------------ live log teardown -------------------------------
INFO     services.service_factory:service_factory.py:1035 ServiceFactory [6e0c7e97] cleared 0 cache entries and reset metrics

tests/unit_tests/test_change_event_handler.py::test_predicate_event_creation 
-------------------------------- live log setup --------------------------------
INFO     services.service_factory:service_factory.py:1035 ServiceFactory [6e0c7e97] cleared 0 cache entries and reset metrics
PASSED                                                                   [  6%]
------------------------------ live log teardown -------------------------------
INFO     services.service_factory:service_factory.py:1035 ServiceFactory [6e0c7e97] cleared 0 cache entries and reset metrics

tests/unit_tests/test_change_event_handler.py::test_structure_node_event_creation 
-------------------------------- live log setup --------------------------------
INFO     services.service_factory:service_factory.py:1035 ServiceFactory [6e0c7e97] cleared 0 cache entries and reset metrics
PASSED                                                                   [  6%]
------------------------------ live log teardown -------------------------------
INFO     services.service_factory:service_factory.py:1035 ServiceFactory [6e0c7e97] cleared 0 cache entries and reset metrics

tests/unit_tests/test_change_event_handler.py::test_event_creation_with_enum_validation 
-------------------------------- live log setup --------------------------------
INFO     services.service_factory:service_factory.py:1035 ServiceFactory [6e0c7e97] cleared 0 cache entries and reset metrics
PASSED                                                                   [  6%]
------------------------------ live log teardown -------------------------------
INFO     services.service_factory:service_factory.py:1035 ServiceFactory [6e0c7e97] cleared 0 cache entries and reset metrics

tests/unit_tests/test_change_event_handler.py::test_mark_event_processed 
-------------------------------- live log setup --------------------------------
INFO     services.service_factory:service_factory.py:1035 ServiceFactory [6e0c7e97] cleared 0 cache entries and reset metrics
PASSED                                                                   [  6%]
------------------------------ live log teardown -------------------------------
INFO     services.service_factory:service_factory.py:1035 ServiceFactory [6e0c7e97] cleared 0 cache entries and reset metrics

tests/unit_tests/test_change_event_handler.py::test_get_event_stats 
-------------------------------- live log setup --------------------------------
INFO     services.service_factory:service_factory.py:1035 ServiceFactory [6e0c7e97] cleared 0 cache entries and reset metrics
PASSED                                                                   [  6%]
------------------------------ live log teardown -------------------------------
INFO     services.service_factory:service_factory.py:1035 ServiceFactory [6e0c7e97] cleared 0 cache entries and reset metrics

tests/unit_tests/test_change_event_handler.py::test_normalized_structure_node_events 
-------------------------------- live log setup --------------------------------
INFO     services.service_factory:service_factory.py:1035 ServiceFactory [6e0c7e97] cleared 0 cache entries and reset metrics
PASSED                                                                   [  6%]
------------------------------ live log teardown -------------------------------
INFO     services.service_factory:service_factory.py:1035 ServiceFactory [6e0c7e97] cleared 0 cache entries and reset metrics

tests/unit_tests/test_change_extractor.py::TestChangeExtractor::test_extract_pending_changes 
-------------------------------- live log setup --------------------------------
INFO     services.service_factory:service_factory.py:1035 ServiceFactory [6e0c7e97] cleared 0 cache entries and reset metrics
-------------------------------- live log call ---------------------------------
INFO     services.change_extractor:change_extractor.py:71 Extracted 1 pending changes
PASSED                                                                   [  6%]
------------------------------ live log teardown -------------------------------
INFO     services.service_factory:service_factory.py:1035 ServiceFactory [6e0c7e97] cleared 0 cache entries and reset metrics

tests/unit_tests/test_change_extractor.py::TestChangeExtractor::test_create_change_dataframe 
-------------------------------- live log setup --------------------------------
INFO     services.service_factory:service_factory.py:1035 ServiceFactory [6e0c7e97] cleared 0 cache entries and reset metrics
PASSED                                                                   [  7%]
------------------------------ live log teardown -------------------------------
INFO     services.service_factory:service_factory.py:1035 ServiceFactory [6e0c7e97] cleared 0 cache entries and reset metrics

tests/unit_tests/test_changeset_manager.py::TestChangesetManager::test_initialization 
-------------------------------- live log setup --------------------------------
INFO     services.service_factory:service_factory.py:1035 ServiceFactory [6e0c7e97] cleared 0 cache entries and reset metrics
INFO     services.changeset_manager:changeset_manager.py:44 ChangesetManager initialized
PASSED                                                                   [  7%]
------------------------------ live log teardown -------------------------------
INFO     services.service_factory:service_factory.py:1035 ServiceFactory [6e0c7e97] cleared 0 cache entries and reset metrics

tests/unit_tests/test_changeset_manager.py::TestChangesetManager::test_create_changeset_success 
-------------------------------- live log setup --------------------------------
INFO     services.service_factory:service_factory.py:1035 ServiceFactory [6e0c7e97] cleared 0 cache entries and reset metrics
INFO     services.changeset_manager:changeset_manager.py:44 ChangesetManager initialized
-------------------------------- live log call ---------------------------------
INFO     services.changeset_manager:changeset_manager.py:64 Creating changeset 'Test Changeset' by user123 (staged_only=True)
INFO     services.changeset_manager:changeset_manager.py:78 Found 1 staged changes
INFO     services.changeset_manager:changeset_manager.py:115 Successfully created changeset 12345678-1234-5678-9abc-123456789abc with 1 changes
PASSED                                                                   [  7%]
------------------------------ live log teardown -------------------------------
INFO     services.service_factory:service_factory.py:1035 ServiceFactory [6e0c7e97] cleared 0 cache entries and reset metrics

tests/unit_tests/test_changeset_manager.py::TestChangesetManager::test_create_changeset_no_changes 
-------------------------------- live log setup --------------------------------
INFO     services.service_factory:service_factory.py:1035 ServiceFactory [6e0c7e97] cleared 0 cache entries and reset metrics
INFO     services.changeset_manager:changeset_manager.py:44 ChangesetManager initialized
-------------------------------- live log call ---------------------------------
INFO     services.changeset_manager:changeset_manager.py:64 Creating changeset 'Empty Changeset' by user123 (staged_only=True)
INFO     services.changeset_manager:changeset_manager.py:78 Found 0 staged changes
PASSED                                                                   [  7%]
------------------------------ live log teardown -------------------------------
INFO     services.service_factory:service_factory.py:1035 ServiceFactory [6e0c7e97] cleared 0 cache entries and reset metrics

tests/unit_tests/test_changeset_manager.py::TestChangesetManager::test_create_changeset_invalid_input 
-------------------------------- live log setup --------------------------------
INFO     services.service_factory:service_factory.py:1035 ServiceFactory [6e0c7e97] cleared 0 cache entries and reset metrics
INFO     services.changeset_manager:changeset_manager.py:44 ChangesetManager initialized
-------------------------------- live log call ---------------------------------
INFO     services.changeset_manager:changeset_manager.py:64 Creating changeset '' by user123 (staged_only=True)
INFO     services.changeset_manager:changeset_manager.py:64 Creating changeset 'Test' by user123 (staged_only=True)
INFO     services.changeset_manager:changeset_manager.py:64 Creating changeset 'Test' by  (staged_only=True)
PASSED                                                                   [  7%]
------------------------------ live log teardown -------------------------------
INFO     services.service_factory:service_factory.py:1035 ServiceFactory [6e0c7e97] cleared 0 cache entries and reset metrics

tests/unit_tests/test_changeset_manager.py::TestChangesetManager::test_get_changeset_success 
-------------------------------- live log setup --------------------------------
INFO     services.service_factory:service_factory.py:1035 ServiceFactory [6e0c7e97] cleared 0 cache entries and reset metrics
INFO     services.changeset_manager:changeset_manager.py:44 ChangesetManager initialized
PASSED                                                                   [  7%]
------------------------------ live log teardown -------------------------------
INFO     services.service_factory:service_factory.py:1035 ServiceFactory [6e0c7e97] cleared 0 cache entries and reset metrics

tests/unit_tests/test_changeset_manager.py::TestChangesetManager::test_get_changeset_not_found 
-------------------------------- live log setup --------------------------------
INFO     services.service_factory:service_factory.py:1035 ServiceFactory [6e0c7e97] cleared 0 cache entries and reset metrics
INFO     services.changeset_manager:changeset_manager.py:44 ChangesetManager initialized
PASSED                                                                   [  7%]
------------------------------ live log teardown -------------------------------
INFO     services.service_factory:service_factory.py:1035 ServiceFactory [6e0c7e97] cleared 0 cache entries and reset metrics

tests/unit_tests/test_changeset_manager.py::TestChangesetManager::test_list_changesets_with_filters 
-------------------------------- live log setup --------------------------------
INFO     services.service_factory:service_factory.py:1035 ServiceFactory [6e0c7e97] cleared 0 cache entries and reset metrics
INFO     services.changeset_manager:changeset_manager.py:44 ChangesetManager initialized
PASSED                                                                   [  7%]
------------------------------ live log teardown -------------------------------
INFO     services.service_factory:service_factory.py:1035 ServiceFactory [6e0c7e97] cleared 0 cache entries and reset metrics

tests/unit_tests/test_changeset_manager.py::TestChangesetManager::test_update_changeset_success 
-------------------------------- live log setup --------------------------------
INFO     services.service_factory:service_factory.py:1035 ServiceFactory [6e0c7e97] cleared 0 cache entries and reset metrics
INFO     services.changeset_manager:changeset_manager.py:44 ChangesetManager initialized
-------------------------------- live log call ---------------------------------
INFO     services.changeset_manager:changeset_manager.py:206 Updating changeset changeset123
INFO     services.changeset_manager:changeset_manager.py:233 Successfully updated changeset changeset123
PASSED                                                                   [  8%]
------------------------------ live log teardown -------------------------------
INFO     services.service_factory:service_factory.py:1035 ServiceFactory [6e0c7e97] cleared 0 cache entries and reset metrics

tests/unit_tests/test_changeset_manager.py::TestChangesetManager::test_update_changeset_not_found 
-------------------------------- live log setup --------------------------------
INFO     services.service_factory:service_factory.py:1035 ServiceFactory [6e0c7e97] cleared 0 cache entries and reset metrics
INFO     services.changeset_manager:changeset_manager.py:44 ChangesetManager initialized
-------------------------------- live log call ---------------------------------
INFO     services.changeset_manager:changeset_manager.py:206 Updating changeset nonexistent
WARNING  services.changeset_manager:changeset_manager.py:230 No changeset found with ID nonexistent
PASSED                                                                   [  8%]
------------------------------ live log teardown -------------------------------
INFO     services.service_factory:service_factory.py:1035 ServiceFactory [6e0c7e97] cleared 0 cache entries and reset metrics

tests/unit_tests/test_changeset_manager.py::TestChangesetManager::test_update_changeset_no_updates 
-------------------------------- live log setup --------------------------------
INFO     services.service_factory:service_factory.py:1035 ServiceFactory [6e0c7e97] cleared 0 cache entries and reset metrics
INFO     services.changeset_manager:changeset_manager.py:44 ChangesetManager initialized
-------------------------------- live log call ---------------------------------
INFO     services.changeset_manager:changeset_manager.py:206 Updating changeset changeset123
WARNING  services.changeset_manager:changeset_manager.py:209 No updates provided for changeset
PASSED                                                                   [  8%]
------------------------------ live log teardown -------------------------------
INFO     services.service_factory:service_factory.py:1035 ServiceFactory [6e0c7e97] cleared 0 cache entries and reset metrics

tests/unit_tests/test_changeset_manager.py::TestChangesetManager::test_delete_changeset_success 
-------------------------------- live log setup --------------------------------
INFO     services.service_factory:service_factory.py:1035 ServiceFactory [6e0c7e97] cleared 0 cache entries and reset metrics
INFO     services.changeset_manager:changeset_manager.py:44 ChangesetManager initialized
-------------------------------- live log call ---------------------------------
INFO     services.changeset_manager:changeset_manager.py:318 Deleting changeset changeset123
INFO     services.changeset_manager:changeset_manager.py:350 Successfully deleted changeset changeset123
PASSED                                                                   [  8%]
------------------------------ live log teardown -------------------------------
INFO     services.service_factory:service_factory.py:1035 ServiceFactory [6e0c7e97] cleared 0 cache entries and reset metrics

tests/unit_tests/test_changeset_manager.py::TestChangesetManager::test_delete_changeset_invalid_state 
-------------------------------- live log setup --------------------------------
INFO     services.service_factory:service_factory.py:1035 ServiceFactory [6e0c7e97] cleared 0 cache entries and reset metrics
INFO     services.changeset_manager:changeset_manager.py:44 ChangesetManager initialized
-------------------------------- live log call ---------------------------------
INFO     services.changeset_manager:changeset_manager.py:318 Deleting changeset changeset123
WARNING  services.changeset_manager:changeset_manager.py:329 Cannot delete changeset changeset123 in merged state
PASSED                                                                   [  8%]
------------------------------ live log teardown -------------------------------
INFO     services.service_factory:service_factory.py:1035 ServiceFactory [6e0c7e97] cleared 0 cache entries and reset metrics

tests/unit_tests/test_changeset_manager.py::TestChangesetManager::test_delete_changeset_not_found 
-------------------------------- live log setup --------------------------------
INFO     services.service_factory:service_factory.py:1035 ServiceFactory [6e0c7e97] cleared 0 cache entries and reset metrics
INFO     services.changeset_manager:changeset_manager.py:44 ChangesetManager initialized
-------------------------------- live log call ---------------------------------
INFO     services.changeset_manager:changeset_manager.py:318 Deleting changeset nonexistent
WARNING  services.changeset_manager:changeset_manager.py:324 Changeset nonexistent not found
PASSED                                                                   [  8%]
------------------------------ live log teardown -------------------------------
INFO     services.service_factory:service_factory.py:1035 ServiceFactory [6e0c7e97] cleared 0 cache entries and reset metrics

tests/unit_tests/test_changeset_manager.py::TestChangesetManager::test_update_changeset_state_success 
-------------------------------- live log setup --------------------------------
INFO     services.service_factory:service_factory.py:1035 ServiceFactory [6e0c7e97] cleared 0 cache entries and reset metrics
INFO     services.changeset_manager:changeset_manager.py:44 ChangesetManager initialized
-------------------------------- live log call ---------------------------------
INFO     services.changeset_manager:changeset_manager.py:252 Updating changeset changeset123 state to PROPOSED
INFO     services.changeset_manager:changeset_manager.py:274 Successfully updated changeset changeset123 state to PROPOSED
PASSED                                                                   [  8%]
------------------------------ live log teardown -------------------------------
INFO     services.service_factory:service_factory.py:1035 ServiceFactory [6e0c7e97] cleared 0 cache entries and reset metrics

tests/unit_tests/test_changeset_manager.py::TestChangesetManager::test_push_changeset_to_s3_success 
-------------------------------- live log setup --------------------------------
INFO     services.service_factory:service_factory.py:1035 ServiceFactory [6e0c7e97] cleared 0 cache entries and reset metrics
INFO     services.changeset_manager:changeset_manager.py:44 ChangesetManager initialized
-------------------------------- live log call ---------------------------------
INFO     services.changeset_manager:changeset_manager.py:439 Pushing changeset changeset123 to S3
INFO     services.changeset_manager:changeset_manager.py:459 Successfully pushed changeset changeset123 to S3
PASSED                                                                   [  9%]
------------------------------ live log teardown -------------------------------
INFO     services.service_factory:service_factory.py:1035 ServiceFactory [6e0c7e97] cleared 0 cache entries and reset metrics

tests/unit_tests/test_changeset_manager.py::TestChangesetManager::test_push_changeset_to_s3_not_found 
-------------------------------- live log setup --------------------------------
INFO     services.service_factory:service_factory.py:1035 ServiceFactory [6e0c7e97] cleared 0 cache entries and reset metrics
INFO     services.changeset_manager:changeset_manager.py:44 ChangesetManager initialized
-------------------------------- live log call ---------------------------------
INFO     services.changeset_manager:changeset_manager.py:439 Pushing changeset nonexistent to S3
ERROR    services.changeset_manager:changeset_manager.py:463 Failed to push changeset nonexistent to S3: Changeset nonexistent not found
PASSED                                                                   [  9%]
------------------------------ live log teardown -------------------------------
INFO     services.service_factory:service_factory.py:1035 ServiceFactory [6e0c7e97] cleared 0 cache entries and reset metrics

tests/unit_tests/test_changeset_manager.py::TestChangesetManager::test_push_changeset_to_s3_failure 
-------------------------------- live log setup --------------------------------
INFO     services.service_factory:service_factory.py:1035 ServiceFactory [6e0c7e97] cleared 0 cache entries and reset metrics
INFO     services.changeset_manager:changeset_manager.py:44 ChangesetManager initialized
-------------------------------- live log call ---------------------------------
INFO     services.changeset_manager:changeset_manager.py:439 Pushing changeset changeset123 to S3
ERROR    services.changeset_manager:changeset_manager.py:463 Failed to push changeset changeset123 to S3: S3 error
PASSED                                                                   [  9%]
------------------------------ live log teardown -------------------------------
INFO     services.service_factory:service_factory.py:1035 ServiceFactory [6e0c7e97] cleared 0 cache entries and reset metrics

tests/unit_tests/test_changeset_manager.py::TestChangesetManager::test_get_changeset_versions 
-------------------------------- live log setup --------------------------------
INFO     services.service_factory:service_factory.py:1035 ServiceFactory [6e0c7e97] cleared 0 cache entries and reset metrics
INFO     services.changeset_manager:changeset_manager.py:44 ChangesetManager initialized
PASSED                                                                   [  9%]
------------------------------ live log teardown -------------------------------
INFO     services.service_factory:service_factory.py:1035 ServiceFactory [6e0c7e97] cleared 0 cache entries and reset metrics

tests/unit_tests/test_changeset_manager.py::TestChangesetManager::test_generate_branch_name 
-------------------------------- live log setup --------------------------------
INFO     services.service_factory:service_factory.py:1035 ServiceFactory [6e0c7e97] cleared 0 cache entries and reset metrics
INFO     services.changeset_manager:changeset_manager.py:44 ChangesetManager initialized
PASSED                                                                   [  9%]
------------------------------ live log teardown -------------------------------
INFO     services.service_factory:service_factory.py:1035 ServiceFactory [6e0c7e97] cleared 0 cache entries and reset metrics

tests/unit_tests/test_changeset_manager.py::TestChangesetManager::test_database_transaction_rollback_on_error 
-------------------------------- live log setup --------------------------------
INFO     services.service_factory:service_factory.py:1035 ServiceFactory [6e0c7e97] cleared 0 cache entries and reset metrics
INFO     services.changeset_manager:changeset_manager.py:44 ChangesetManager initialized
-------------------------------- live log call ---------------------------------
INFO     services.changeset_manager:changeset_manager.py:64 Creating changeset 'Test Changeset' by user123 (staged_only=True)
INFO     services.changeset_manager:changeset_manager.py:78 Found 1 staged changes
ERROR    services.changeset_manager:changeset_manager.py:119 Failed to create changeset: Snapshot error
PASSED                                                                   [  9%]
------------------------------ live log teardown -------------------------------
INFO     services.service_factory:service_factory.py:1035 ServiceFactory [6e0c7e97] cleared 0 cache entries and reset metrics

tests/unit_tests/test_config_phase1.py::TestSchemaOrgPathRemoval::test_schema_org_path_removed_from_database_config 
-------------------------------- live log setup --------------------------------
INFO     services.service_factory:service_factory.py:1035 ServiceFactory [6e0c7e97] cleared 0 cache entries and reset metrics
PASSED                                                                   [  9%]
------------------------------ live log teardown -------------------------------
INFO     services.service_factory:service_factory.py:1035 ServiceFactory [6e0c7e97] cleared 0 cache entries and reset metrics

tests/unit_tests/test_config_phase1.py::TestSchemaOrgPathRemoval::test_backward_compatibility_with_deprecated_field 
-------------------------------- live log setup --------------------------------
INFO     services.service_factory:service_factory.py:1035 ServiceFactory [6e0c7e97] cleared 0 cache entries and reset metrics
PASSED                                                                   [ 10%]
------------------------------ live log teardown -------------------------------
INFO     services.service_factory:service_factory.py:1035 ServiceFactory [6e0c7e97] cleared 0 cache entries and reset metrics

tests/unit_tests/test_config_phase1.py::TestSchemaOrgPathRemoval::test_config_validation_passes 
-------------------------------- live log setup --------------------------------
INFO     services.service_factory:service_factory.py:1035 ServiceFactory [6e0c7e97] cleared 0 cache entries and reset metrics
PASSED                                                                   [ 10%]
------------------------------ live log teardown -------------------------------
INFO     services.service_factory:service_factory.py:1035 ServiceFactory [6e0c7e97] cleared 0 cache entries and reset metrics

tests/unit_tests/test_config_phase1.py::TestSchemaOrgPathRemoval::test_config_file_loading_from_project_root 
-------------------------------- live log setup --------------------------------
INFO     services.service_factory:service_factory.py:1035 ServiceFactory [6e0c7e97] cleared 0 cache entries and reset metrics
PASSED                                                                   [ 10%]
------------------------------ live log teardown -------------------------------
INFO     services.service_factory:service_factory.py:1035 ServiceFactory [6e0c7e97] cleared 0 cache entries and reset metrics

tests/unit_tests/test_config_phase1.py::TestSchemaOrgPathRemoval::test_config_save_and_reload_cycle 
-------------------------------- live log setup --------------------------------
INFO     services.service_factory:service_factory.py:1035 ServiceFactory [6e0c7e97] cleared 0 cache entries and reset metrics
PASSED                                                                   [ 10%]
------------------------------ live log teardown -------------------------------
INFO     services.service_factory:service_factory.py:1035 ServiceFactory [6e0c7e97] cleared 0 cache entries and reset metrics

tests/unit_tests/test_config_phase1.py::TestSchemaOrgPathRemoval::test_default_database_config_values 
-------------------------------- live log setup --------------------------------
INFO     services.service_factory:service_factory.py:1035 ServiceFactory [6e0c7e97] cleared 0 cache entries and reset metrics
PASSED                                                                   [ 10%]
------------------------------ live log teardown -------------------------------
INFO     services.service_factory:service_factory.py:1035 ServiceFactory [6e0c7e97] cleared 0 cache entries and reset metrics

tests/unit_tests/test_config_phase1.py::TestSchemaOrgPathRemoval::test_config_with_multiple_deprecated_fields 
-------------------------------- live log setup --------------------------------
INFO     services.service_factory:service_factory.py:1035 ServiceFactory [6e0c7e97] cleared 0 cache entries and reset metrics
PASSED                                                                   [ 10%]
------------------------------ live log teardown -------------------------------
INFO     services.service_factory:service_factory.py:1035 ServiceFactory [6e0c7e97] cleared 0 cache entries and reset metrics

tests/unit_tests/test_config_phase1.py::TestSchemaOrgPathRemoval::test_empty_config_uses_defaults 
-------------------------------- live log setup --------------------------------
INFO     services.service_factory:service_factory.py:1035 ServiceFactory [6e0c7e97] cleared 0 cache entries and reset metrics
PASSED                                                                   [ 10%]
------------------------------ live log teardown -------------------------------
INFO     services.service_factory:service_factory.py:1035 ServiceFactory [6e0c7e97] cleared 0 cache entries and reset metrics

tests/unit_tests/test_configuration.py::test_environment_variables 
-------------------------------- live log setup --------------------------------
INFO     services.service_factory:service_factory.py:1035 ServiceFactory [6e0c7e97] cleared 0 cache entries and reset metrics
PASSED                                                                   [ 11%]
------------------------------ live log teardown -------------------------------
INFO     services.service_factory:service_factory.py:1035 ServiceFactory [6e0c7e97] cleared 0 cache entries and reset metrics

tests/unit_tests/test_configuration.py::test_configuration_schema 
-------------------------------- live log setup --------------------------------
INFO     services.service_factory:service_factory.py:1035 ServiceFactory [6e0c7e97] cleared 0 cache entries and reset metrics
PASSED                                                                   [ 11%]
------------------------------ live log teardown -------------------------------
INFO     services.service_factory:service_factory.py:1035 ServiceFactory [6e0c7e97] cleared 0 cache entries and reset metrics

tests/unit_tests/test_configuration.py::test_field_validation 
-------------------------------- live log setup --------------------------------
[...]
------------------------------ live log teardown -------------------------------
INFO     services.service_factory:service_factory.py:1035 ServiceFactory [6e0c7e97] cleared 0 cache entries and reset metrics

tests/unit_tests/test_working_tree_manager.py::TestWorkingTreeManager::test_get_working_tree_entry_not_found 
-------------------------------- live log setup --------------------------------
INFO     services.service_factory:service_factory.py:1035 ServiceFactory [6e0c7e97] cleared 0 cache entries and reset metrics
INFO     services.version_manager:version_manager.py:62 VersionManager initialized
INFO     services.working_tree_manager:working_tree_manager.py:60 WorkingTreeManager initialized
PASSED                                                                   [ 99%]
------------------------------ live log teardown -------------------------------
INFO     services.service_factory:service_factory.py:1035 ServiceFactory [6e0c7e97] cleared 0 cache entries and reset metrics

tests/unit_tests/test_working_tree_manager.py::TestWorkingTreeManager::test_get_working_changes 
-------------------------------- live log setup --------------------------------
INFO     services.service_factory:service_factory.py:1035 ServiceFactory [6e0c7e97] cleared 0 cache entries and reset metrics
INFO     services.version_manager:version_manager.py:62 VersionManager initialized
INFO     services.working_tree_manager:working_tree_manager.py:60 WorkingTreeManager initialized
-------------------------------- live log call ---------------------------------
INFO     services.working_tree_manager:working_tree_manager.py:80 Initializing structure_node:test-0 in working tree
INFO     services.working_tree_manager:working_tree_manager.py:137 Initialized structure_node:test-0 in working tree
INFO     services.working_tree_manager:working_tree_manager.py:175 Updating current version for structure_node:test-0
INFO     services.working_tree_manager:working_tree_manager.py:227 Updated current version for structure_node:test-0
INFO     services.working_tree_manager:working_tree_manager.py:80 Initializing structure_node:test-1 in working tree
INFO     services.working_tree_manager:working_tree_manager.py:137 Initialized structure_node:test-1 in working tree
INFO     services.working_tree_manager:working_tree_manager.py:175 Updating current version for structure_node:test-1
INFO     services.working_tree_manager:working_tree_manager.py:227 Updated current version for structure_node:test-1
INFO     services.working_tree_manager:working_tree_manager.py:80 Initializing structure_node:test-2 in working tree
INFO     services.working_tree_manager:working_tree_manager.py:137 Initialized structure_node:test-2 in working tree
PASSED                                                                   [ 99%]
------------------------------ live log teardown -------------------------------
INFO     services.service_factory:service_factory.py:1035 ServiceFactory [6e0c7e97] cleared 0 cache entries and reset metrics

tests/unit_tests/test_working_tree_manager.py::TestWorkingTreeManager::test_get_staged_entities 
-------------------------------- live log setup --------------------------------
INFO     services.service_factory:service_factory.py:1035 ServiceFactory [6e0c7e97] cleared 0 cache entries and reset metrics
INFO     services.version_manager:version_manager.py:62 VersionManager initialized
INFO     services.working_tree_manager:working_tree_manager.py:60 WorkingTreeManager initialized
-------------------------------- live log call ---------------------------------
INFO     services.working_tree_manager:working_tree_manager.py:80 Initializing structure_node:test-0 in working tree
INFO     services.working_tree_manager:working_tree_manager.py:137 Initialized structure_node:test-0 in working tree
INFO     services.working_tree_manager:working_tree_manager.py:175 Updating current version for structure_node:test-0
INFO     services.working_tree_manager:working_tree_manager.py:227 Updated current version for structure_node:test-0
INFO     services.working_tree_manager:working_tree_manager.py:260 Staging structure_node:test-0
INFO     services.working_tree_manager:working_tree_manager.py:303 Staged structure_node:test-0
INFO     services.working_tree_manager:working_tree_manager.py:80 Initializing structure_node:test-1 in working tree
INFO     services.working_tree_manager:working_tree_manager.py:137 Initialized structure_node:test-1 in working tree
INFO     services.working_tree_manager:working_tree_manager.py:175 Updating current version for structure_node:test-1
INFO     services.working_tree_manager:working_tree_manager.py:227 Updated current version for structure_node:test-1
INFO     services.working_tree_manager:working_tree_manager.py:260 Staging structure_node:test-1
INFO     services.working_tree_manager:working_tree_manager.py:303 Staged structure_node:test-1
INFO     services.working_tree_manager:working_tree_manager.py:80 Initializing structure_node:test-2 in working tree
INFO     services.working_tree_manager:working_tree_manager.py:137 Initialized structure_node:test-2 in working tree
PASSED                                                                   [ 99%]
------------------------------ live log teardown -------------------------------
INFO     services.service_factory:service_factory.py:1035 ServiceFactory [6e0c7e97] cleared 0 cache entries and reset metrics

tests/unit_tests/test_working_tree_manager.py::TestWorkingTreeManager::test_get_working_tree_status 
-------------------------------- live log setup --------------------------------
INFO     services.service_factory:service_factory.py:1035 ServiceFactory [6e0c7e97] cleared 0 cache entries and reset metrics
INFO     services.version_manager:version_manager.py:62 VersionManager initialized
INFO     services.working_tree_manager:working_tree_manager.py:60 WorkingTreeManager initialized
-------------------------------- live log call ---------------------------------
INFO     services.working_tree_manager:working_tree_manager.py:80 Initializing structure_node:test-0 in working tree
INFO     services.working_tree_manager:working_tree_manager.py:137 Initialized structure_node:test-0 in working tree
INFO     services.working_tree_manager:working_tree_manager.py:80 Initializing structure_node:test-1 in working tree
INFO     services.working_tree_manager:working_tree_manager.py:137 Initialized structure_node:test-1 in working tree
INFO     services.working_tree_manager:working_tree_manager.py:175 Updating current version for structure_node:test-1
INFO     services.working_tree_manager:working_tree_manager.py:227 Updated current version for structure_node:test-1
INFO     services.working_tree_manager:working_tree_manager.py:80 Initializing structure_node:test-2 in working tree
INFO     services.working_tree_manager:working_tree_manager.py:137 Initialized structure_node:test-2 in working tree
INFO     services.working_tree_manager:working_tree_manager.py:175 Updating current version for structure_node:test-2
INFO     services.working_tree_manager:working_tree_manager.py:227 Updated current version for structure_node:test-2
INFO     services.working_tree_manager:working_tree_manager.py:260 Staging structure_node:test-2
INFO     services.working_tree_manager:working_tree_manager.py:303 Staged structure_node:test-2
INFO     services.working_tree_manager:working_tree_manager.py:80 Initializing structure_node:test-3 in working tree
INFO     services.working_tree_manager:working_tree_manager.py:137 Initialized structure_node:test-3 in working tree
INFO     services.working_tree_manager:working_tree_manager.py:175 Updating current version for structure_node:test-3
INFO     services.working_tree_manager:working_tree_manager.py:227 Updated current version for structure_node:test-3
INFO     services.working_tree_manager:working_tree_manager.py:260 Staging structure_node:test-3
INFO     services.working_tree_manager:working_tree_manager.py:303 Staged structure_node:test-3
PASSED                                                                   [ 99%]
------------------------------ live log teardown -------------------------------
INFO     services.service_factory:service_factory.py:1035 ServiceFactory [6e0c7e97] cleared 0 cache entries and reset metrics

tests/unit_tests/test_working_tree_manager.py::TestWorkingTreeManager::test_commit_staged_changes 
-------------------------------- live log setup --------------------------------
INFO     services.service_factory:service_factory.py:1035 ServiceFactory [6e0c7e97] cleared 0 cache entries and reset metrics
INFO     services.version_manager:version_manager.py:62 VersionManager initialized
INFO     services.working_tree_manager:working_tree_manager.py:60 WorkingTreeManager initialized
-------------------------------- live log call ---------------------------------
INFO     services.working_tree_manager:working_tree_manager.py:80 Initializing structure_node:test-0 in working tree
INFO     services.working_tree_manager:working_tree_manager.py:137 Initialized structure_node:test-0 in working tree
INFO     services.working_tree_manager:working_tree_manager.py:175 Updating current version for structure_node:test-0
INFO     services.working_tree_manager:working_tree_manager.py:227 Updated current version for structure_node:test-0
INFO     services.working_tree_manager:working_tree_manager.py:260 Staging structure_node:test-0
INFO     services.working_tree_manager:working_tree_manager.py:303 Staged structure_node:test-0
INFO     services.working_tree_manager:working_tree_manager.py:80 Initializing structure_node:test-1 in working tree
INFO     services.working_tree_manager:working_tree_manager.py:137 Initialized structure_node:test-1 in working tree
INFO     services.working_tree_manager:working_tree_manager.py:175 Updating current version for structure_node:test-1
INFO     services.working_tree_manager:working_tree_manager.py:227 Updated current version for structure_node:test-1
INFO     services.working_tree_manager:working_tree_manager.py:260 Staging structure_node:test-1
INFO     services.working_tree_manager:working_tree_manager.py:303 Staged structure_node:test-1
INFO     services.working_tree_manager:working_tree_manager.py:384 Committing staged changes for commit-user
INFO     services.version_manager:version_manager.py:386 Updating version d798f425-a93f-4efe-8ab0-e1f6aef48284 state to MERGED
INFO     services.version_manager:version_manager.py:402 Updated version d798f425-a93f-4efe-8ab0-e1f6aef48284 state to MERGED
INFO     services.version_manager:version_manager.py:386 Updating version 70b9048c-ae91-4bdb-aa8a-7b781f56e4c6 state to MERGED
INFO     services.version_manager:version_manager.py:402 Updated version 70b9048c-ae91-4bdb-aa8a-7b781f56e4c6 state to MERGED
INFO     services.working_tree_manager:working_tree_manager.py:430 Committed 2 staged changes
PASSED                                                                   [ 99%]
------------------------------ live log teardown -------------------------------
INFO     services.service_factory:service_factory.py:1035 ServiceFactory [6e0c7e97] cleared 0 cache entries and reset metrics

tests/unit_tests/test_working_tree_manager.py::TestWorkingTreeManager::test_commit_no_staged_changes 
-------------------------------- live log setup --------------------------------
INFO     services.service_factory:service_factory.py:1035 ServiceFactory [6e0c7e97] cleared 0 cache entries and reset metrics
INFO     services.version_manager:version_manager.py:62 VersionManager initialized
INFO     services.working_tree_manager:working_tree_manager.py:60 WorkingTreeManager initialized
-------------------------------- live log call ---------------------------------
INFO     services.working_tree_manager:working_tree_manager.py:384 Committing staged changes for commit-user
INFO     services.working_tree_manager:working_tree_manager.py:389 No staged changes to commit
PASSED                                                                   [100%]
------------------------------ live log teardown -------------------------------
INFO     services.service_factory:service_factory.py:1035 ServiceFactory [6e0c7e97] cleared 0 cache entries and reset metrics
INFO     database.utils:utils.py:523 Cleaning up database resources...
INFO     database.utils:utils.py:419 Database Manager: Cleaning up resources...
INFO     database.utils:utils.py:426 Disposed engine: legacy_engine_129828877186896_1760487301
INFO     database.utils:utils.py:426 Disposed engine: legacy_engine_129828530671600_1760487301
INFO     database.utils:utils.py:426 Disposed engine: legacy_engine_129828530667568_1760487301
INFO     database.utils:utils.py:426 Disposed engine: legacy_engine_129828530672384_1760487301
INFO     database.utils:utils.py:426 Disposed engine: legacy_engine_129828530681008_1760487321
INFO     database.utils:utils.py:426 Disposed engine: legacy_engine_129828531284864_1760487321
INFO     database.utils:utils.py:426 Disposed engine: legacy_engine_129828904398512_1760487323
INFO     database.utils:utils.py:426 Disposed engine: event_processor_129827536709520
INFO     database.utils:utils.py:426 Disposed engine: event_processor_129827587583888
INFO     database.utils:utils.py:426 Disposed engine: event_processor_129827537151376
INFO     database.utils:utils.py:426 Disposed engine: event_processor_129827536385040
INFO     database.utils:utils.py:426 Disposed engine: event_processor_129827536471120
INFO     database.utils:utils.py:426 Disposed engine: event_processor_129827536208208
INFO     database.utils:utils.py:426 Disposed engine: legacy_engine_129826665180864_1760487432
INFO     database.utils:utils.py:426 Disposed engine: legacy_engine_129826668336016_1760487432
INFO     database.utils:utils.py:426 Disposed engine: legacy_engine_129826665350768_1760487432
INFO     database.utils:utils.py:426 Disposed engine: legacy_engine_129826670017504_1760487432
INFO     database.utils:utils.py:426 Disposed engine: legacy_engine_129826665357968_1760487432
INFO     database.utils:utils.py:426 Disposed engine: legacy_engine_129826665362528_1760487432
INFO     database.utils:utils.py:426 Disposed engine: legacy_engine_129826665363088_1760487432
INFO     database.utils:utils.py:426 Disposed engine: legacy_engine_129826665355248_1760487432
INFO     database.utils:utils.py:426 Disposed engine: legacy_engine_129826665356368_1760487432
INFO     database.utils:utils.py:426 Disposed engine: legacy_engine_129826665360208_1760487432
INFO     database.utils:utils.py:426 Disposed engine: legacy_engine_129826665427184_1760487432
INFO     database.utils:utils.py:426 Disposed engine: legacy_engine_129826665429744_1760487432
INFO     database.utils:utils.py:426 Disposed engine: legacy_engine_129826668063568_1760487432
INFO     database.utils:utils.py:426 Disposed engine: legacy_engine_129826668067568_1760487432
INFO     database.utils:utils.py:426 Disposed engine: legacy_engine_129826665363728_1760487432
INFO     database.utils:utils.py:426 Disposed engine: legacy_engine_129826665427904_1760487432
INFO     database.utils:utils.py:426 Disposed engine: legacy_engine_129826665486480_1760487432
INFO     database.utils:utils.py:426 Disposed engine: legacy_engine_129826665492800_1760487432
INFO     database.utils:utils.py:426 Disposed engine: legacy_engine_129826665494480_1760487432
INFO     database.utils:utils.py:426 Disposed engine: legacy_engine_129826665172784_1760487432
INFO     database.utils:utils.py:426 Disposed engine: legacy_engine_129828901967776_1760487435
INFO     database.utils:utils.py:426 Disposed engine: legacy_engine_129826670135296_1760487435
INFO     database.utils:utils.py:426 Disposed engine: legacy_engine_129828531383360_1760487435
INFO     database.utils:utils.py:426 Disposed engine: legacy_engine_129826670010864_1760487435
INFO     database.utils:utils.py:426 Disposed engine: legacy_engine_129828531386160_1760487435
INFO     database.utils:utils.py:426 Disposed engine: legacy_engine_129828901972176_1760487435
INFO     database.utils:utils.py:426 Disposed engine: legacy_engine_129828531380240_1760487435
INFO     database.utils:utils.py:426 Disposed engine: legacy_engine_129828531380160_1760487435
INFO     database.utils:utils.py:426 Disposed engine: legacy_engine_129828531384880_1760487435
INFO     database.utils:utils.py:426 Disposed engine: legacy_engine_129828903248848_1760487435
INFO     database.utils:utils.py:426 Disposed engine: legacy_engine_129828903245648_1760487436
INFO     database.utils:utils.py:426 Disposed engine: legacy_engine_129826668334816_1760487436
INFO     database.utils:utils.py:426 Disposed engine: legacy_engine_129828903128720_1760487436
INFO     database.utils:utils.py:426 Disposed engine: legacy_engine_129828903134880_1760487436
INFO     database.utils:utils.py:426 Disposed engine: legacy_engine_129828903132000_1760487436
INFO     database.utils:utils.py:426 Disposed engine: legacy_engine_129828903135360_1760487436
INFO     database.utils:utils.py:426 Disposed engine: legacy_engine_129828903242208_1760487436
INFO     database.utils:utils.py:426 Disposed engine: legacy_engine_129828531379680_1760487436
INFO     database.utils:utils.py:426 Disposed engine: legacy_engine_129828531381520_1760487436
INFO     database.utils:utils.py:426 Disposed engine: legacy_engine_129828901969616_1760487436
INFO     database.utils:utils.py:426 Disposed engine: legacy_engine_129827536058880_1760487436
INFO     database.utils:utils.py:426 Disposed engine: legacy_engine_129828901972896_1760487436
INFO     database.utils:utils.py:426 Disposed engine: legacy_engine_129828902387456_1760487436
INFO     database.utils:utils.py:426 Disposed engine: legacy_engine_129828902381616_1760487436
INFO     database.utils:utils.py:426 Disposed engine: legacy_engine_129828903134000_1760487436
INFO     database.utils:utils.py:426 Disposed engine: legacy_engine_129828903130640_1760487436
INFO     database.utils:utils.py:426 Disposed engine: legacy_engine_129826670138256_1760487436
INFO     database.utils:utils.py:426 Disposed engine: legacy_engine_129826665415744_1760487436
INFO     database.utils:utils.py:426 Disposed engine: legacy_engine_129828901967376_1760487436
INFO     database.utils:utils.py:426 Disposed engine: legacy_engine_129828903138960_1760487436
INFO     database.utils:utils.py:426 Disposed engine: legacy_engine_129828902383296_1760487436
INFO     database.utils:utils.py:426 Disposed engine: legacy_engine_129828902373856_1760487436
INFO     database.utils:utils.py:426 Disposed engine: legacy_engine_129828904557568_1760487436
INFO     database.utils:utils.py:426 Disposed engine: legacy_engine_129828904561888_1760487436
INFO     database.utils:utils.py:426 Disposed engine: legacy_engine_129828904566528_1760487436
INFO     database.utils:utils.py:426 Disposed engine: legacy_engine_129828903140880_1760487436
INFO     database.utils:utils.py:426 Disposed engine: legacy_engine_129828904075008_1760487436
INFO     database.utils:utils.py:426 Disposed engine: legacy_engine_129828901721216_1760487437
INFO     database.utils:utils.py:426 Disposed engine: legacy_engine_129826668837776_1760487437
INFO     database.utils:utils.py:426 Disposed engine: legacy_engine_129828903790880_1760487437
INFO     database.utils:utils.py:426 Disposed engine: legacy_engine_129828904190400_1760487437
INFO     database.utils:utils.py:426 Disposed engine: legacy_engine_129826670134736_1760487437
INFO     database.utils:utils.py:436 Database Manager: Resource cleanup complete
INFO     database.utils:utils.py:543 Disposed current engine
INFO     database.utils:utils.py:551 Database resources cleanup complete
INFO     app:app.py:175 Shutting down application.
INFO     services.service_factory:service_factory.py:1035 ServiceFactory [6e0c7e97] cleared 0 cache entries and reset metrics


============ 720 passed, 6 skipped, 4 warnings in 149.99s (0:02:29) ============
