TN:
SF:vitest.config.ts
FNF:0
FNH:0
DA:1,1
DA:2,1
DA:3,1
DA:4,1
DA:5,1
DA:6,1
DA:7,1
DA:8,1
DA:9,1
DA:10,1
DA:11,1
DA:12,1
DA:13,1
DA:14,1
DA:15,1
DA:16,1
DA:17,1
DA:18,1
DA:19,1
LF:19
LH:19
BRF:0
BRH:0
end_of_record
TN:
SF:vitest.setup.ts
FN:11,useSearch
FN:59,<instance_members_initializer>
FN:64,ResizeObserver
FN:65,observe
FN:65,unobserve
FN:67,disconnect
FNF:6
FNH:1
FNDA:34,useSearch
FNDA:0,<instance_members_initializer>
FNDA:0,ResizeObserver
FNDA:0,observe
FNDA:0,unobserve
FNDA:0,disconnect
DA:1,19
DA:2,19
DA:3,19
DA:4,19
DA:5,19
DA:6,19
DA:7,19
DA:8,5
DA:9,5
DA:10,5
DA:11,5
DA:12,34
DA:13,34
DA:14,34
DA:15,19
DA:16,19
DA:17,19
DA:18,19
DA:19,19
DA:20,19
DA:21,19
DA:22,19
DA:23,19
DA:24,19
DA:25,19
DA:26,19
DA:27,19
DA:28,19
DA:29,19
DA:30,19
DA:31,19
DA:32,19
DA:33,287
DA:34,287
DA:35,287
DA:36,287
DA:37,287
DA:38,287
DA:39,287
DA:40,287
DA:41,19
DA:42,19
DA:43,19
DA:44,19
DA:45,19
DA:46,19
DA:47,0
DA:48,0
DA:49,0
DA:50,0
DA:51,0
DA:52,0
DA:53,0
DA:54,19
DA:55,19
DA:56,19
DA:57,19
DA:58,19
DA:59,19
DA:60,0
DA:61,0
DA:62,0
DA:63,19
DA:64,19
DA:65,19
DA:66,19
DA:67,19
DA:68,19
DA:69,19
DA:70,19
DA:71,19
DA:72,19
DA:73,19
DA:74,19
DA:75,19
DA:76,19
DA:77,19
LF:77
LH:67
BRDA:1,0,0,19
BRDA:1,1,0,19
BRDA:7,2,0,5
BRDA:11,3,0,34
BRDA:13,4,0,0
BRDA:32,5,0,287
BRDA:32,6,0,287
BRF:7
BRH:6
end_of_record
TN:
SF:src/api/config.ts
FN:11,taxonomy
FN:12,schemes
FN:12,scheme
FN:13,classes
FN:14,class
FN:14,individuals
FN:15,individual
FN:17,property
FN:18,relationships
FN:23,pipeline
FN:25,pipelineExecutions
FN:27,changes
FN:29,referenceSearch
FN:33,get
FNF:14
FNH:4
FNDA:0,taxonomy
FNDA:69,schemes
FNDA:0,scheme
FNDA:49,classes
FNDA:0,class
FNDA:0,individuals
FNDA:0,individual
FNDA:0,property
FNDA:41,relationships
FNDA:0,pipeline
FNDA:0,pipelineExecutions
FNDA:0,changes
FNDA:0,referenceSearch
FNDA:250,get
DA:1,5
DA:2,5
DA:3,5
DA:4,5
DA:5,5
DA:6,5
DA:7,5
DA:8,5
DA:9,5
DA:10,5
DA:11,5
DA:12,5
DA:13,5
DA:14,5
DA:15,5
DA:16,5
DA:17,5
DA:18,5
DA:19,5
DA:20,5
DA:21,5
DA:22,5
DA:23,5
DA:24,0
DA:25,5
DA:26,5
DA:27,5
DA:28,5
DA:29,5
DA:30,5
DA:31,5
DA:32,5
DA:33,5
DA:34,5
DA:35,5
LF:35
LH:34
BRDA:1,0,0,5
BRDA:1,1,0,5
BRDA:12,2,0,69
BRDA:13,3,0,49
BRDA:18,4,0,41
BRDA:33,5,0,250
BRF:6
BRH:6
end_of_record
TN:
SF:src/api/client/axios.ts
FNF:0
FNH:0
DA:1,13
DA:2,13
DA:3,13
DA:4,13
DA:5,13
DA:6,13
DA:7,13
DA:8,13
DA:9,13
DA:10,13
DA:11,13
DA:12,13
DA:13,13
DA:14,13
LF:14
LH:14
BRDA:1,0,0,13
BRDA:1,1,0,13
BRF:2
BRH:2
end_of_record
TN:
SF:src/api/client/interceptors.ts
FN:8,<instance_members_initializer>
FN:9,ApiError
FN:18,get
FN:19,applyInterceptors
FN:25,instance.interceptors.response.use.status
FNF:5
FNH:4
FNDA:93,<instance_members_initializer>
FNDA:93,ApiError
FNDA:0,get
FNDA:13,applyInterceptors
FNDA:141,instance.interceptors.response.use.status
DA:1,13
DA:2,13
DA:3,13
DA:4,13
DA:5,13
DA:6,13
DA:7,13
DA:8,13
DA:9,93
DA:10,93
DA:11,93
DA:12,93
DA:13,93
DA:14,93
DA:15,93
DA:16,13
DA:17,13
DA:18,0
DA:19,13
DA:20,13
DA:21,13
DA:22,13
DA:23,13
DA:24,13
DA:25,13
DA:26,13
DA:27,93
DA:28,93
DA:29,93
DA:30,0
DA:31,93
DA:32,13
DA:33,13
DA:34,13
DA:35,13
LF:35
LH:33
BRDA:1,0,0,13
BRDA:1,1,0,13
BRDA:8,2,0,93
BRDA:9,3,0,93
BRDA:19,4,0,13
BRDA:22,5,0,234
BRDA:25,6,0,141
BRDA:26,7,0,93
BRDA:27,8,0,78
BRDA:27,9,0,15
BRDA:27,10,0,78
BRDA:28,11,0,78
BRDA:29,12,0,78
BRDA:29,13,0,15
BRDA:30,14,0,0
BRF:15
BRH:14
end_of_record
TN:
SF:src/api/hooks/ontology/useClasses.ts
FN:17,useClasses
FN:24,queryFn
FN:32,get
FN:33,useClass
FN:43,get
FN:44,useCreateClass
FN:47,mutationFn
FN:49,onSuccess
FN:57,get
FN:58,useUpdateClass
FNF:10
FNH:5
FNDA:49,useClasses
FNDA:18,queryFn
FNDA:49,get
FNDA:0,useClass
FNDA:0,get
FNDA:10,useCreateClass
FNDA:0,mutationFn
FNDA:0,onSuccess
FNDA:10,get
FNDA:0,useUpdateClass
DA:1,3
DA:2,3
DA:3,3
DA:4,3
DA:5,3
DA:6,3
DA:7,3
DA:8,3
DA:9,3
DA:10,3
DA:11,3
DA:12,3
DA:13,3
DA:14,3
DA:15,3
DA:16,3
DA:17,3
DA:18,49
DA:19,49
DA:20,49
DA:21,49
DA:22,49
DA:23,49
DA:24,49
DA:25,18
DA:26,3
DA:27,3
DA:28,3
DA:29,3
DA:30,3
DA:31,3
DA:32,3
DA:33,3
DA:34,0
DA:35,0
DA:36,0
DA:37,0
DA:38,3
DA:39,3
DA:40,3
DA:41,3
DA:42,3
DA:43,3
DA:44,3
DA:45,10
DA:46,10
DA:47,10
DA:48,0
DA:49,10
DA:50,0
DA:51,10
DA:52,3
DA:53,3
DA:54,3
DA:55,3
DA:56,3
DA:57,3
DA:58,3
DA:59,0
DA:60,0
DA:61,0
DA:62,0
DA:63,0
DA:64,0
DA:65,0
DA:66,0
DA:67,0
DA:68,0
DA:69,0
DA:70,0
DA:71,0
DA:72,0
DA:73,0
DA:74,0
LF:74
LH:52
BRDA:1,0,0,3
BRDA:1,1,0,3
BRDA:17,2,0,49
BRDA:24,3,0,18
BRDA:32,4,0,49
BRDA:44,5,0,10
BRDA:57,6,0,10
BRF:7
BRH:7
end_of_record
TN:
SF:src/api/hooks/ontology/useIndividuals.ts
FN:17,useIndividuals
FN:31,get
FN:33,useIndividual
FN:43,get
FN:43,useCreateIndividual
FN:57,get
FN:57,useUpdateIndividual
FNF:7
FNH:0
FNDA:0,useIndividuals
FNDA:0,get
FNDA:0,useIndividual
FNDA:0,get
FNDA:0,useCreateIndividual
FNDA:0,get
FNDA:0,useUpdateIndividual
DA:1,1
DA:2,1
DA:3,1
DA:4,1
DA:5,1
DA:6,1
DA:7,1
DA:8,1
DA:9,1
DA:10,1
DA:11,1
DA:12,1
DA:13,1
DA:14,1
DA:15,1
DA:16,1
DA:17,1
DA:18,0
DA:19,0
DA:20,0
DA:21,0
DA:22,0
DA:23,0
DA:24,0
DA:25,0
DA:26,1
DA:27,1
DA:28,1
DA:29,1
DA:30,1
DA:31,1
DA:32,0
DA:33,1
DA:34,0
DA:35,0
DA:36,0
DA:37,0
DA:38,0
DA:39,0
DA:40,1
DA:41,1
DA:42,1
DA:43,1
DA:44,0
DA:45,0
DA:46,0
DA:47,0
DA:48,0
DA:49,0
DA:50,0
DA:51,0
DA:52,0
DA:53,0
DA:54,1
DA:55,1
DA:56,1
DA:57,1
DA:58,0
DA:59,0
DA:60,0
LF:60
LH:32
BRDA:1,0,0,1
BRDA:1,1,0,1
BRF:2
BRH:2
end_of_record
TN:
SF:src/api/hooks/ontology/useProperties.ts
FN:16,useProperties
FN:20,queryFn
FN:27,get
FN:27,useProperty
FN:38,get
FN:38,useCreateProperty
FN:41,mutationFn
FN:46,onSuccess
FN:51,get
FNF:9
FNH:5
FNDA:45,useProperties
FNDA:19,queryFn
FNDA:45,get
FNDA:0,useProperty
FNDA:0,get
FNDA:10,useCreateProperty
FNDA:0,mutationFn
FNDA:0,onSuccess
FNDA:10,get
DA:1,2
DA:2,2
DA:3,2
DA:4,2
DA:5,2
DA:6,2
DA:7,2
DA:8,2
DA:9,2
DA:10,2
DA:11,2
DA:12,2
DA:13,2
DA:14,2
DA:15,2
DA:16,2
DA:17,45
DA:18,45
DA:19,45
DA:20,45
DA:21,19
DA:22,19
DA:23,19
DA:24,19
DA:25,2
DA:26,2
DA:27,2
DA:28,0
DA:29,0
DA:30,0
DA:31,0
DA:32,0
DA:33,0
DA:34,0
DA:35,0
DA:36,0
DA:37,2
DA:38,2
DA:39,10
DA:40,10
DA:41,10
DA:42,0
DA:43,0
DA:44,0
DA:45,0
DA:46,10
DA:47,0
DA:48,0
DA:49,2
DA:50,2
DA:51,2
DA:52,10
DA:53,10
DA:54,10
LF:54
LH:39
BRDA:1,0,0,2
BRDA:1,1,0,2
BRDA:16,2,0,45
BRDA:20,3,0,19
BRDA:27,4,0,45
BRDA:38,5,0,10
BRDA:51,6,0,10
BRF:7
BRH:7
end_of_record
TN:
SF:src/api/hooks/ontology/useRelationships.ts
FN:17,useRelationships
FN:24,queryFn
FN:31,get
FN:32,useCreateRelationship
FN:36,mutationFn
FN:39,onSuccess
FNF:6
FNH:4
FNDA:41,useRelationships
FNDA:8,queryFn
FNDA:41,get
FNDA:15,useCreateRelationship
FNDA:0,mutationFn
FNDA:0,onSuccess
DA:1,2
DA:2,2
DA:3,2
DA:4,2
DA:5,2
DA:6,2
DA:7,2
DA:8,2
DA:9,2
DA:10,2
DA:11,2
DA:12,2
DA:13,2
DA:14,2
DA:15,2
DA:16,2
DA:17,2
DA:18,41
DA:19,41
DA:20,41
DA:21,41
DA:22,41
DA:23,41
DA:24,41
DA:25,2
DA:26,2
DA:27,2
DA:28,2
DA:29,2
DA:30,2
DA:31,2
DA:32,2
DA:33,15
DA:34,15
DA:35,15
DA:36,15
DA:37,15
DA:38,15
DA:39,0
LF:39
LH:38
BRDA:1,0,0,2
BRDA:1,1,0,2
BRDA:17,2,0,41
BRDA:24,3,0,8
BRDA:31,4,0,41
BRDA:32,5,0,15
BRF:6
BRH:6
end_of_record
TN:
SF:src/api/hooks/ontology/useSchemes.ts
FN:16,useSchemes
FN:24,queryFn
FN:27,get
FN:28,useScheme
FN:38,get
FN:39,useCreateScheme
FN:42,mutationFn
FN:47,onSuccess
FN:52,get
FNF:9
FNH:5
FNDA:69,useSchemes
FNDA:19,queryFn
FNDA:69,get
FNDA:0,useScheme
FNDA:0,get
FNDA:16,useCreateScheme
FNDA:0,mutationFn
FNDA:0,onSuccess
FNDA:16,get
DA:1,2
DA:2,2
DA:3,2
DA:4,2
DA:5,2
DA:6,2
DA:7,2
DA:8,2
DA:9,2
DA:10,2
DA:11,2
DA:12,2
DA:13,2
DA:14,2
DA:15,2
DA:16,2
DA:17,69
DA:18,69
DA:19,69
DA:20,69
DA:21,69
DA:22,69
DA:23,69
DA:24,69
DA:25,69
DA:26,2
DA:27,2
DA:28,2
DA:29,0
DA:30,0
DA:31,0
DA:32,0
DA:33,0
DA:34,0
DA:35,0
DA:36,2
DA:37,2
DA:38,2
DA:39,2
DA:40,16
DA:41,16
DA:42,16
DA:43,0
DA:44,0
DA:45,0
DA:46,0
DA:47,16
DA:48,0
DA:49,0
DA:50,2
DA:51,2
DA:52,2
DA:53,16
DA:54,16
DA:55,16
LF:55
LH:42
BRDA:1,0,0,2
BRDA:1,1,0,2
BRDA:16,2,0,69
BRDA:24,3,0,19
BRDA:27,4,0,69
BRDA:39,5,0,16
BRDA:52,6,0,16
BRF:7
BRH:7
end_of_record
TN:
SF:src/api/hooks/ontology/useTaxonomies.ts
FN:18,useTaxonomies
FN:24,queryFn
FN:28,get
FN:29,useTaxonomy
FN:40,get
FN:40,useCreateTaxonomy
FN:46,mutationFn
FN:49,onSuccess
FN:56,get
FN:58,useUpdateTaxonomy
FNF:10
FNH:5
FNDA:46,useTaxonomies
FNDA:16,queryFn
FNDA:46,get
FNDA:0,useTaxonomy
FNDA:0,get
FNDA:8,useCreateTaxonomy
FNDA:0,mutationFn
FNDA:0,onSuccess
FNDA:8,get
FNDA:0,useUpdateTaxonomy
DA:1,2
DA:2,2
DA:3,2
DA:4,2
DA:5,2
DA:6,2
DA:7,2
DA:8,2
DA:9,2
DA:10,2
DA:11,2
DA:12,2
DA:13,2
DA:14,2
DA:15,2
DA:16,2
DA:17,2
DA:18,2
DA:19,46
DA:20,46
DA:21,46
DA:22,46
DA:23,46
DA:24,46
DA:25,16
DA:26,46
DA:27,2
DA:28,2
DA:29,2
DA:30,0
DA:31,0
DA:32,0
DA:33,0
DA:34,0
DA:35,0
DA:36,0
DA:37,2
DA:38,2
DA:39,2
DA:40,2
DA:41,8
DA:42,8
DA:43,8
DA:44,8
DA:45,8
DA:46,8
DA:47,0
DA:48,8
DA:49,8
DA:50,0
DA:51,2
DA:52,2
DA:53,2
DA:54,2
DA:55,2
DA:56,2
DA:57,8
DA:58,2
DA:59,0
DA:60,0
DA:61,0
DA:62,0
DA:63,0
DA:64,0
DA:65,0
DA:66,0
DA:67,0
DA:68,0
DA:69,0
DA:70,2
DA:71,2
DA:72,2
DA:73,2
DA:74,2
LF:74
LH:54
BRDA:1,0,0,2
BRDA:1,1,0,2
BRDA:18,2,0,46
BRDA:24,3,0,16
BRDA:28,4,0,46
BRDA:40,5,0,8
BRDA:56,6,0,8
BRF:7
BRH:7
end_of_record
TN:
SF:src/api/services/admin.ts
FN:7,getHealth
FN:8,getDatabaseHealth
FN:11,getServiceMetrics
FN:12,getTaskSummary
FN:15,getConfig
FN:17,updateConfigSection
FN:20,resetConfig
FN:23,getBackgroundTasks
FN:24,getBackgroundTask
FN:33,get
FNF:10
FNH:10
FNDA:3,getHealth
FNDA:3,getDatabaseHealth
FNDA:3,getServiceMetrics
FNDA:2,getTaskSummary
FNDA:3,getConfig
FNDA:3,updateConfigSection
FNDA:2,resetConfig
FNDA:4,getBackgroundTasks
FNDA:4,getBackgroundTask
FNDA:27,get
DA:1,1
DA:2,1
DA:3,1
DA:4,1
DA:5,1
DA:6,1
DA:7,1
DA:8,1
DA:9,3
DA:10,3
DA:11,1
DA:12,1
DA:13,2
DA:14,2
DA:15,1
DA:16,1
DA:17,3
DA:18,3
DA:19,3
DA:20,1
DA:21,2
DA:22,2
DA:23,1
DA:24,1
DA:25,4
DA:26,4
DA:27,4
DA:28,1
DA:29,1
DA:30,1
DA:31,1
DA:32,1
DA:33,1
DA:34,1
DA:35,1
DA:36,1
DA:37,1
DA:38,1
DA:39,1
DA:40,1
DA:41,1
DA:42,1
DA:43,1
DA:44,1
DA:45,1
DA:46,1
DA:47,1
DA:48,1
DA:49,1
DA:50,1
DA:51,1
LF:51
LH:51
BRDA:1,0,0,1
BRDA:1,1,0,1
BRDA:7,2,0,3
BRDA:8,3,0,3
BRDA:11,4,0,3
BRDA:12,5,0,2
BRDA:15,6,0,3
BRDA:17,7,0,3
BRDA:20,8,0,2
BRDA:23,9,0,4
BRDA:24,10,0,4
BRDA:33,11,0,27
BRF:12
BRH:12
end_of_record
TN:
SF:src/api/services/base.ts
FN:9,get
FN:14,post
FN:19,put
FN:20,patch
FN:25,delete
FNF:5
FNH:5
FNDA:158,get
FNDA:51,post
FNDA:9,put
FNDA:3,patch
FNDA:13,delete
DA:1,13
DA:2,13
DA:3,13
DA:4,13
DA:5,13
DA:6,13
DA:7,13
DA:8,13
DA:9,13
DA:10,158
DA:11,158
DA:12,158
DA:13,103
DA:14,13
DA:15,51
DA:16,22
DA:17,22
DA:18,51
DA:19,13
DA:20,13
DA:21,3
DA:22,3
DA:23,3
DA:24,3
DA:25,13
DA:26,13
DA:27,13
DA:28,13
LF:28
LH:28
BRDA:1,0,0,13
BRDA:1,1,0,13
BRDA:9,2,0,158
BRDA:13,3,0,103
BRDA:14,4,0,51
BRDA:16,5,0,22
BRDA:19,6,0,9
BRDA:20,7,0,7
BRDA:20,8,0,3
BRDA:25,9,0,1
BRDA:25,10,0,13
BRF:11
BRH:11
end_of_record
TN:
SF:src/api/services/extraction.ts
FN:9,extract
FN:11,analyzeText
FN:15,enrichFromReferences
FN:20,get
FNF:4
FNH:4
FNDA:3,extract
FNDA:3,analyzeText
FNDA:3,enrichFromReferences
FNDA:9,get
DA:1,1
DA:2,1
DA:3,1
DA:4,1
DA:5,1
DA:6,1
DA:7,1
DA:8,1
DA:9,1
DA:10,3
DA:11,1
DA:12,3
DA:13,3
DA:14,1
DA:15,1
DA:16,1
DA:17,1
DA:18,1
DA:19,1
DA:20,1
DA:21,1
DA:22,1
DA:23,1
DA:24,1
DA:25,1
LF:25
LH:25
BRDA:1,0,0,1
BRDA:1,1,0,1
BRDA:9,2,0,3
BRDA:11,3,0,3
BRDA:15,4,0,3
BRDA:20,5,0,9
BRF:6
BRH:6
end_of_record
TN:
SF:src/api/services/graph.ts
FN:8,buildGraph
FN:10,getMetrics
FN:15,getShortestPath
FN:18,sparqlQuery
FN:26,get
FNF:5
FNH:5
FNDA:2,buildGraph
FNDA:3,getMetrics
FNDA:2,getShortestPath
FNDA:3,sparqlQuery
FNDA:10,get
DA:1,1
DA:2,1
DA:3,1
DA:4,1
DA:5,1
DA:6,1
DA:7,1
DA:8,1
DA:9,2
DA:10,1
DA:11,3
DA:12,3
DA:13,3
DA:14,3
DA:15,1
DA:16,2
DA:17,2
DA:18,1
DA:19,3
DA:20,3
DA:21,3
DA:22,1
DA:23,1
DA:24,1
DA:25,1
DA:26,10
DA:27,10
DA:28,10
DA:29,1
DA:30,1
DA:31,1
DA:32,1
DA:33,1
DA:34,1
DA:35,1
LF:35
LH:35
BRDA:1,0,0,1
BRDA:1,1,0,1
BRDA:8,2,0,2
BRDA:10,3,0,3
BRDA:12,4,0,2
BRDA:12,5,0,1
BRDA:15,6,0,2
BRDA:18,7,0,3
BRDA:26,8,0,10
BRF:9
BRH:9
end_of_record
TN:
SF:src/api/services/ontology.ts
FN:9,listTaxonomies
FN:10,getTaxonomy
FN:11,createTaxonomy
FN:12,updateTaxonomy
FN:14,deleteTaxonomy
FN:15,getPublishDiffStats
FN:17,publishTaxonomy
FN:20,listSchemes
FN:22,getScheme
FN:23,createScheme
FN:24,updateScheme
FN:25,deleteScheme
FN:27,listClasses
FN:28,getClass
FN:29,createClass
FN:30,updateClass
FN:32,moveClass
FN:33,deleteClass
FN:34,listIndividuals
FN:37,getIndividual
FN:40,createIndividual
FN:46,updateIndividual
FN:51,deleteIndividual
FN:56,addParentClass
FN:60,removeParentClass
FN:65,reorderIndividualClasses
FN:69,listProperties
FN:73,getProperty
FN:74,createProperty
FN:77,updateProperty
FN:78,deleteProperty
FN:81,listRelationships
FN:82,getRelationship
FN:85,createRelationship
FN:87,deleteRelationship
FN:94,get
FNF:36
FNH:34
FNDA:19,listTaxonomies
FNDA:2,getTaxonomy
FNDA:3,createTaxonomy
FNDA:2,updateTaxonomy
FNDA:3,deleteTaxonomy
FNDA:0,getPublishDiffStats
FNDA:0,publishTaxonomy
FNDA:22,listSchemes
FNDA:2,getScheme
FNDA:2,createScheme
FNDA:1,updateScheme
FNDA:1,deleteScheme
FNDA:21,listClasses
FNDA:2,getClass
FNDA:1,createClass
FNDA:1,updateClass
FNDA:2,moveClass
FNDA:1,deleteClass
FNDA:3,listIndividuals
FNDA:2,getIndividual
FNDA:2,createIndividual
FNDA:1,updateIndividual
FNDA:1,deleteIndividual
FNDA:2,addParentClass
FNDA:1,removeParentClass
FNDA:1,reorderIndividualClasses
FNDA:22,listProperties
FNDA:2,getProperty
FNDA:2,createProperty
FNDA:1,updateProperty
FNDA:2,deleteProperty
FNDA:11,listRelationships
FNDA:2,getRelationship
FNDA:2,createRelationship
FNDA:2,deleteRelationship
FNDA:144,get
DA:1,7
DA:2,7
DA:3,7
DA:4,7
DA:5,7
DA:6,7
DA:7,7
DA:8,7
DA:9,7
DA:10,7
DA:11,7
DA:12,7
DA:13,2
DA:14,7
DA:15,7
DA:16,7
DA:17,0
DA:18,7
DA:19,7
DA:20,7
DA:21,22
DA:22,7
DA:23,7
DA:24,7
DA:25,7
DA:26,1
DA:27,7
DA:28,7
DA:29,7
DA:30,7
DA:31,1
DA:32,7
DA:33,7
DA:34,7
DA:35,3
DA:36,3
DA:37,7
DA:38,2
DA:39,2
DA:40,7
DA:41,2
DA:42,2
DA:43,2
DA:44,2
DA:45,7
DA:46,1
DA:47,1
DA:48,1
DA:49,1
DA:50,1
DA:51,7
DA:52,1
DA:53,1
DA:54,1
DA:55,1
DA:56,7
DA:57,2
DA:58,2
DA:59,7
DA:60,1
DA:61,1
DA:62,1
DA:63,1
DA:64,1
DA:65,7
DA:66,7
DA:67,7
DA:68,7
DA:69,7
DA:70,22
DA:71,7
DA:72,7
DA:73,2
DA:74,7
DA:75,2
DA:76,2
DA:77,7
DA:78,7
DA:79,2
DA:80,2
DA:81,7
DA:82,7
DA:83,2
DA:84,2
DA:85,7
DA:86,2
DA:87,7
DA:88,2
DA:89,7
DA:90,7
DA:91,7
DA:92,7
DA:93,7
DA:94,7
DA:95,144
DA:96,144
DA:97,7
DA:98,7
DA:99,7
DA:100,7
DA:101,7
DA:102,7
DA:103,7
DA:104,7
DA:105,7
DA:106,7
DA:107,7
DA:108,7
DA:109,7
DA:110,7
DA:111,7
DA:112,7
DA:113,7
DA:114,7
DA:115,7
DA:116,7
DA:117,7
DA:118,7
DA:119,7
DA:120,7
DA:121,7
DA:122,7
DA:123,7
DA:124,7
DA:125,7
DA:126,7
DA:127,7
DA:128,7
DA:129,7
DA:130,7
DA:131,7
DA:132,7
DA:133,7
DA:134,7
DA:135,7
DA:136,7
DA:137,7
DA:138,7
DA:139,7
DA:140,7
DA:141,7
DA:142,7
DA:143,7
DA:144,7
DA:145,7
DA:146,7
DA:147,7
DA:148,7
DA:149,7
DA:150,7
DA:151,7
DA:152,7
DA:153,7
DA:154,7
DA:155,7
DA:156,7
DA:157,7
DA:158,7
DA:159,7
DA:160,7
DA:161,7
DA:162,7
DA:163,7
DA:164,7
DA:165,7
DA:166,7
DA:167,7
DA:168,7
DA:169,7
DA:170,7
DA:171,7
DA:172,7
DA:173,7
DA:174,7
DA:175,7
DA:176,7
DA:177,7
DA:178,7
DA:179,7
DA:180,7
DA:181,7
DA:182,7
DA:183,7
DA:184,7
DA:185,7
DA:186,7
DA:187,7
DA:188,7
DA:189,7
DA:190,7
DA:191,7
DA:192,7
DA:193,7
DA:194,7
DA:195,7
DA:196,7
DA:197,7
DA:198,7
DA:199,7
DA:200,7
DA:201,7
DA:202,7
DA:203,7
DA:204,7
DA:205,7
DA:206,7
DA:207,7
DA:208,7
DA:209,7
DA:210,7
DA:211,7
DA:212,7
DA:213,7
DA:214,7
DA:215,7
DA:216,7
DA:217,7
DA:218,7
DA:219,7
DA:220,7
DA:221,7
LF:221
LH:220
BRDA:1,0,0,7
BRDA:1,1,0,7
BRDA:9,2,0,19
BRDA:10,3,0,2
BRDA:11,4,0,3
BRDA:12,5,0,2
BRDA:14,6,0,3
BRDA:20,7,0,22
BRDA:21,8,0,1
BRDA:21,9,0,21
BRDA:22,10,0,2
BRDA:23,11,0,2
BRDA:24,12,0,1
BRDA:25,13,0,1
BRDA:27,14,0,21
BRDA:28,15,0,2
BRDA:29,16,0,1
BRDA:30,17,0,1
BRDA:32,18,0,2
BRDA:33,19,0,1
BRDA:34,20,0,3
BRDA:37,21,0,2
BRDA:40,22,0,2
BRDA:46,23,0,1
BRDA:51,24,0,1
BRDA:56,25,0,2
BRDA:60,26,0,1
BRDA:65,27,0,1
BRDA:69,28,0,22
BRDA:70,29,0,1
BRDA:70,30,0,21
BRDA:73,31,0,2
BRDA:74,32,0,2
BRDA:77,33,0,1
BRDA:78,34,0,2
BRDA:81,35,0,11
BRDA:82,36,0,2
BRDA:85,37,0,2
BRDA:87,38,0,2
BRDA:94,39,0,144
BRF:40
BRH:40
end_of_record
TN:
SF:src/api/services/pipeline.ts
FN:7,listPipelines
FN:8,getPipeline
FN:11,createPipeline
FN:12,updatePipeline
FN:15,deletePipeline
FN:16,executePipeline
FN:20,getPipelineExecutions
FN:27,get
FNF:8
FNH:8
FNDA:2,listPipelines
FNDA:2,getPipeline
FNDA:2,createPipeline
FNDA:2,updatePipeline
FNDA:2,deletePipeline
FNDA:3,executePipeline
FNDA:2,getPipelineExecutions
FNDA:15,get
DA:1,1
DA:2,1
DA:3,1
DA:4,1
DA:5,1
DA:6,1
DA:7,1
DA:8,1
DA:9,2
DA:10,2
DA:11,1
DA:12,1
DA:13,2
DA:14,2
DA:15,1
DA:16,1
DA:17,3
DA:18,3
DA:19,3
DA:20,1
DA:21,2
DA:22,2
DA:23,2
DA:24,1
DA:25,1
DA:26,1
DA:27,1
DA:28,15
DA:29,15
DA:30,1
DA:31,1
DA:32,1
DA:33,1
DA:34,1
DA:35,1
DA:36,1
DA:37,1
DA:38,1
DA:39,1
DA:40,1
DA:41,1
DA:42,1
DA:43,1
DA:44,1
LF:44
LH:44
BRDA:1,0,0,1
BRDA:1,1,0,1
BRDA:7,2,0,2
BRDA:8,3,0,2
BRDA:11,4,0,2
BRDA:12,5,0,2
BRDA:15,6,0,2
BRDA:16,7,0,3
BRDA:20,8,0,2
BRDA:27,9,0,15
BRF:10
BRH:10
end_of_record
TN:
SF:src/api/services/reference.ts
FN:9,search
FN:15,getStatus
FN:22,get
FNF:3
FNH:3
FNDA:6,search
FNDA:5,getStatus
FNDA:11,get
DA:1,1
DA:2,1
DA:3,1
DA:4,1
DA:5,1
DA:6,1
DA:7,1
DA:8,1
DA:9,1
DA:10,6
DA:11,6
DA:12,6
DA:13,6
DA:14,6
DA:15,1
DA:16,5
DA:17,5
DA:18,1
DA:19,1
DA:20,1
DA:21,1
DA:22,1
DA:23,1
DA:24,1
DA:25,1
DA:26,1
LF:26
LH:26
BRDA:1,0,0,1
BRDA:1,1,0,1
BRDA:9,2,0,6
BRDA:12,3,0,2
BRDA:12,4,0,5
BRDA:12,5,0,2
BRDA:15,6,0,5
BRDA:22,7,0,11
BRF:8
BRH:8
end_of_record
TN:
SF:src/api/services/versioning.ts
FN:8,getChanges
FN:14,getChangesByEntity
FN:16,createChangeset
FN:22,getChangeset
FN:25,getSyncStatus
FN:27,pushSync
FN:30,pullSync
FN:36,get
FNF:8
FNH:8
FNDA:3,getChanges
FNDA:2,getChangesByEntity
FNDA:3,createChangeset
FNDA:2,getChangeset
FNDA:3,getSyncStatus
FNDA:3,pushSync
FNDA:2,pullSync
FNDA:18,get
DA:1,1
DA:2,1
DA:3,1
DA:4,1
DA:5,1
DA:6,1
DA:7,1
DA:8,1
DA:9,3
DA:10,3
DA:11,3
DA:12,3
DA:13,3
DA:14,1
DA:15,2
DA:16,1
DA:17,3
DA:18,3
DA:19,3
DA:20,1
DA:21,1
DA:22,2
DA:23,2
DA:24,2
DA:25,1
DA:26,3
DA:27,1
DA:28,3
DA:29,1
DA:30,2
DA:31,2
DA:32,1
DA:33,1
DA:34,1
DA:35,1
DA:36,1
DA:37,1
DA:38,1
DA:39,1
DA:40,1
DA:41,1
DA:42,1
DA:43,1
DA:44,1
DA:45,1
DA:46,1
DA:47,1
DA:48,1
DA:49,1
DA:50,1
DA:51,1
DA:52,1
DA:53,1
LF:53
LH:53
BRDA:1,0,0,1
BRDA:1,1,0,1
BRDA:8,2,0,3
BRDA:14,3,0,2
BRDA:16,4,0,3
BRDA:22,5,0,2
BRDA:25,6,0,3
BRDA:27,7,0,3
BRDA:30,8,0,2
BRDA:36,9,0,18
BRF:10
BRH:10
end_of_record
TN:
SF:src/components/ontology/ClassDrawer.tsx
FN:56,ClassDrawer
FNF:1
FNH:0
FNDA:0,ClassDrawer
DA:1,1
DA:2,1
DA:3,1
DA:4,1
DA:5,1
DA:6,1
DA:7,1
DA:8,1
DA:9,1
DA:10,1
DA:11,1
DA:12,1
DA:13,1
DA:14,1
DA:15,1
DA:16,1
DA:17,1
DA:18,1
DA:19,1
DA:20,1
DA:21,1
DA:22,1
DA:23,1
DA:24,1
DA:25,1
DA:26,1
DA:27,1
DA:28,1
DA:29,1
DA:30,1
DA:31,1
DA:32,1
DA:33,1
DA:34,1
DA:35,1
DA:36,1
DA:37,1
DA:38,1
DA:39,1
DA:40,1
DA:41,1
DA:42,1
DA:43,1
DA:44,1
DA:45,1
DA:46,1
DA:47,1
DA:48,1
DA:49,1
DA:50,1
DA:51,1
DA:52,1
DA:53,1
DA:54,1
DA:55,1
DA:56,1
DA:57,0
DA:58,0
DA:59,0
DA:60,0
DA:61,0
DA:62,0
DA:63,0
DA:64,0
DA:65,0
DA:66,0
DA:67,0
DA:68,0
DA:69,0
DA:70,0
DA:71,0
DA:72,0
DA:73,0
DA:74,0
DA:75,0
DA:76,0
DA:77,0
DA:78,0
DA:79,0
DA:80,0
DA:81,0
DA:82,0
DA:83,0
DA:84,0
DA:85,0
DA:86,0
DA:87,0
DA:88,0
DA:89,0
DA:90,0
DA:91,0
DA:92,0
DA:93,0
DA:94,0
DA:95,0
DA:96,0
DA:97,0
DA:98,0
DA:99,0
DA:100,0
DA:101,0
DA:102,0
DA:103,0
DA:104,0
DA:105,0
DA:106,0
DA:107,0
DA:108,0
DA:109,0
DA:110,0
DA:111,0
DA:112,0
DA:113,0
DA:114,0
DA:115,0
DA:116,0
DA:117,0
DA:118,0
DA:119,0
DA:120,0
DA:121,0
DA:122,0
DA:123,0
DA:124,0
DA:125,0
DA:126,0
DA:127,0
DA:128,0
DA:129,0
DA:130,0
DA:131,0
DA:132,0
DA:133,0
DA:134,0
DA:135,0
DA:136,0
DA:137,0
DA:138,0
DA:139,0
DA:140,0
DA:141,0
DA:142,0
DA:143,0
DA:144,0
DA:145,0
DA:146,0
DA:147,0
DA:148,0
DA:149,0
DA:150,0
DA:151,0
DA:152,0
DA:153,0
DA:154,0
DA:155,0
DA:156,0
DA:157,0
DA:158,0
DA:159,0
DA:160,0
DA:161,0
DA:162,0
DA:163,0
DA:164,0
DA:165,0
DA:166,0
DA:167,0
DA:168,0
DA:169,0
DA:170,0
DA:171,0
DA:172,0
DA:173,0
DA:174,0
DA:175,0
DA:176,0
DA:177,0
DA:178,0
DA:179,0
DA:180,0
DA:181,0
DA:182,0
DA:183,0
DA:184,0
DA:185,0
DA:186,0
DA:187,0
DA:188,0
DA:189,0
DA:190,0
DA:191,0
DA:192,0
DA:193,0
DA:194,0
DA:195,0
DA:196,0
DA:197,0
DA:198,0
DA:199,0
DA:200,0
DA:201,0
DA:202,0
DA:203,0
DA:204,0
DA:205,0
DA:206,0
DA:207,0
DA:208,0
DA:209,0
DA:210,0
DA:211,0
DA:212,0
DA:213,0
DA:214,0
DA:215,0
DA:216,0
DA:217,0
DA:218,0
DA:219,0
DA:220,0
DA:221,0
DA:222,0
DA:223,0
DA:224,0
DA:225,0
DA:226,0
DA:227,0
DA:228,0
DA:229,0
DA:230,0
DA:231,0
DA:232,0
DA:233,0
DA:234,0
DA:235,0
DA:236,0
DA:237,0
DA:238,0
DA:239,0
DA:240,0
DA:241,0
DA:242,0
DA:243,0
DA:244,0
DA:245,0
DA:246,0
DA:247,0
DA:248,0
DA:249,0
DA:250,0
DA:251,0
DA:252,0
DA:253,0
DA:254,0
DA:255,0
DA:256,0
DA:257,0
DA:258,0
DA:259,0
DA:260,0
DA:261,0
DA:262,0
DA:263,0
DA:264,0
DA:265,0
DA:266,0
DA:267,0
DA:268,0
DA:269,0
DA:270,0
DA:271,0
DA:272,0
DA:273,0
DA:274,0
DA:275,0
DA:276,0
DA:277,0
DA:278,0
DA:279,0
DA:280,0
DA:281,0
DA:282,0
DA:283,0
DA:284,0
DA:285,0
DA:286,0
DA:287,0
DA:288,0
DA:289,0
DA:290,0
DA:291,0
DA:292,0
DA:293,0
DA:294,0
DA:295,0
DA:296,0
DA:297,0
DA:298,0
DA:299,0
DA:300,0
DA:301,0
DA:302,0
DA:303,0
DA:304,0
DA:305,0
DA:306,0
DA:307,0
DA:308,0
DA:309,0
DA:310,0
DA:311,0
DA:312,0
DA:313,0
DA:314,0
DA:315,0
DA:316,0
LF:316
LH:56
BRDA:1,0,0,1
BRDA:1,1,0,1
BRF:2
BRH:2
end_of_record
TN:
SF:src/components/ontology/ClassEditor.tsx
FN:38,ClassEditor
FNF:1
FNH:0
FNDA:0,ClassEditor
DA:1,1
DA:2,1
DA:3,1
DA:4,1
DA:5,1
DA:6,1
DA:7,1
DA:8,1
DA:9,1
DA:10,1
DA:11,1
DA:12,1
DA:13,1
DA:14,1
DA:15,1
DA:16,1
DA:17,1
DA:18,1
DA:19,1
DA:20,1
DA:21,1
DA:22,1
DA:23,1
DA:24,1
DA:25,1
DA:26,1
DA:27,1
DA:28,1
DA:29,1
DA:30,1
DA:31,1
DA:32,1
DA:33,1
DA:34,1
DA:35,1
DA:36,1
DA:37,1
DA:38,1
DA:39,0
DA:40,0
DA:41,0
DA:42,0
DA:43,0
DA:44,0
DA:45,0
DA:46,0
DA:47,0
DA:48,0
DA:49,0
DA:50,0
DA:51,0
DA:52,0
DA:53,0
DA:54,0
DA:55,0
DA:56,0
DA:57,0
DA:58,0
DA:59,0
DA:60,0
DA:61,0
DA:62,0
DA:63,0
DA:64,0
DA:65,0
DA:66,0
DA:67,0
DA:68,0
DA:69,0
DA:70,0
DA:71,0
DA:72,0
DA:73,0
DA:74,0
DA:75,0
DA:76,0
DA:77,0
DA:78,0
DA:79,0
DA:80,0
DA:81,0
DA:82,0
DA:83,0
DA:84,0
DA:85,0
DA:86,0
DA:87,0
DA:88,0
DA:89,0
DA:90,0
DA:91,0
DA:92,0
DA:93,0
DA:94,0
DA:95,0
DA:96,0
DA:97,0
DA:98,0
DA:99,0
DA:100,0
DA:101,0
DA:102,0
DA:103,0
DA:104,0
DA:105,0
DA:106,0
DA:107,0
DA:108,0
DA:109,0
DA:110,0
DA:111,0
DA:112,0
DA:113,0
DA:114,0
DA:115,0
DA:116,0
DA:117,0
DA:118,0
DA:119,0
DA:120,0
DA:121,0
DA:122,0
DA:123,0
DA:124,0
DA:125,0
DA:126,0
DA:127,0
DA:128,0
DA:129,0
DA:130,0
DA:131,0
DA:132,0
DA:133,0
DA:134,0
DA:135,0
DA:136,0
DA:137,0
DA:138,0
DA:139,0
DA:140,0
DA:141,0
DA:142,0
DA:143,0
DA:144,0
DA:145,0
DA:146,0
DA:147,0
DA:148,0
DA:149,0
DA:150,0
DA:151,0
DA:152,0
DA:153,0
DA:154,0
DA:155,0
DA:156,0
DA:157,0
DA:158,0
DA:159,0
DA:160,0
DA:161,0
DA:162,0
DA:163,0
DA:164,0
DA:165,0
DA:166,0
DA:167,0
DA:168,0
DA:169,0
DA:170,0
DA:171,0
DA:172,0
DA:173,0
DA:174,0
DA:175,0
DA:176,0
DA:177,0
DA:178,0
DA:179,0
DA:180,0
DA:181,0
DA:182,0
DA:183,0
DA:184,0
DA:185,0
DA:186,0
DA:187,0
DA:188,0
DA:189,0
DA:190,0
DA:191,0
DA:192,0
DA:193,0
DA:194,0
DA:195,0
DA:196,0
DA:197,0
DA:198,0
DA:199,0
DA:200,0
DA:201,0
DA:202,0
DA:203,0
DA:204,0
DA:205,0
DA:206,0
DA:207,0
DA:208,0
DA:209,0
DA:210,0
DA:211,0
DA:212,0
DA:213,0
DA:214,0
DA:215,0
DA:216,0
DA:217,0
DA:218,0
DA:219,0
DA:220,0
DA:221,0
DA:222,0
DA:223,0
DA:224,0
DA:225,0
DA:226,0
DA:227,0
DA:228,0
DA:229,0
DA:230,0
DA:231,0
DA:232,0
DA:233,0
DA:234,0
DA:235,0
DA:236,0
DA:237,0
DA:238,0
DA:239,0
DA:240,0
DA:241,0
DA:242,0
DA:243,0
DA:244,0
DA:245,0
DA:246,0
DA:247,0
DA:248,0
DA:249,0
DA:250,0
DA:251,0
DA:252,0
DA:253,0
DA:254,0
DA:255,0
DA:256,0
DA:257,0
DA:258,0
DA:259,0
DA:260,0
DA:261,0
DA:262,0
DA:263,0
DA:264,0
DA:265,0
DA:266,0
DA:267,0
DA:268,0
DA:269,0
DA:270,0
DA:271,0
DA:272,0
DA:273,0
DA:274,0
DA:275,0
DA:276,0
DA:277,0
DA:278,0
DA:279,0
DA:280,0
DA:281,0
DA:282,0
DA:283,0
DA:284,0
DA:285,0
DA:286,0
DA:287,0
DA:288,0
DA:289,0
LF:289
LH:38
BRDA:1,0,0,1
BRDA:1,1,0,1
BRF:2
BRH:2
end_of_record
TN:
SF:src/components/ontology/PropertyDrawer.tsx
FN:36,PropertyDrawer
FNF:1
FNH:0
FNDA:0,PropertyDrawer
DA:1,1
DA:2,1
DA:3,1
DA:4,1
DA:5,1
DA:6,1
DA:7,1
DA:8,1
DA:9,1
DA:10,1
DA:11,1
DA:12,1
DA:13,1
DA:14,1
DA:15,1
DA:16,1
DA:17,1
DA:18,1
DA:19,1
DA:20,1
DA:21,1
DA:22,1
DA:23,1
DA:24,1
DA:25,1
DA:26,1
DA:27,1
DA:28,1
DA:29,1
DA:30,1
DA:31,1
DA:32,1
DA:33,1
DA:34,1
DA:35,1
DA:36,1
DA:37,0
DA:38,0
DA:39,0
DA:40,0
DA:41,0
DA:42,0
DA:43,0
DA:44,0
DA:45,0
DA:46,0
DA:47,0
DA:48,0
DA:49,0
DA:50,0
DA:51,0
DA:52,0
DA:53,0
DA:54,0
DA:55,0
DA:56,0
DA:57,0
DA:58,0
DA:59,0
DA:60,0
DA:61,0
DA:62,0
DA:63,0
DA:64,0
DA:65,0
DA:66,0
DA:67,0
DA:68,0
DA:69,0
DA:70,0
DA:71,0
DA:72,0
DA:73,0
DA:74,0
DA:75,0
DA:76,0
DA:77,0
DA:78,0
DA:79,0
DA:80,0
DA:81,0
DA:82,0
DA:83,0
DA:84,0
DA:85,0
DA:86,0
DA:87,0
DA:88,0
DA:89,0
DA:90,0
DA:91,0
DA:92,0
DA:93,0
DA:94,0
DA:95,0
DA:96,0
DA:97,0
DA:98,0
DA:99,0
DA:100,0
DA:101,0
DA:102,0
DA:103,0
DA:104,0
DA:105,0
DA:106,0
DA:107,0
DA:108,0
DA:109,0
DA:110,0
DA:111,0
DA:112,0
DA:113,0
DA:114,0
DA:115,0
DA:116,0
DA:117,0
DA:118,0
DA:119,0
DA:120,0
DA:121,0
DA:122,0
DA:123,0
DA:124,0
DA:125,0
DA:126,0
DA:127,0
DA:128,0
DA:129,0
DA:130,0
DA:131,0
DA:132,0
DA:133,0
DA:134,0
DA:135,0
DA:136,0
DA:137,0
DA:138,0
DA:139,0
DA:140,0
DA:141,0
DA:142,0
DA:143,0
DA:144,0
DA:145,0
DA:146,0
DA:147,0
DA:148,0
DA:149,0
DA:150,0
DA:151,0
DA:152,0
DA:153,0
DA:154,0
DA:155,0
DA:156,0
DA:157,0
DA:158,0
DA:159,0
DA:160,0
DA:161,0
DA:162,0
DA:163,0
DA:164,0
DA:165,0
DA:166,0
DA:167,0
LF:167
LH:36
BRDA:1,0,0,1
BRDA:1,1,0,1
BRF:2
BRH:2
end_of_record
TN:
SF:src/components/ontology/RelationshipDrawer.tsx
FN:44,RelationshipDrawer
FNF:1
FNH:0
FNDA:0,RelationshipDrawer
DA:1,1
DA:2,1
DA:3,1
DA:4,1
DA:5,1
DA:6,1
DA:7,1
DA:8,1
DA:9,1
DA:10,1
DA:11,1
DA:12,1
DA:13,1
DA:14,1
DA:15,1
DA:16,1
DA:17,1
DA:18,1
DA:19,1
DA:20,1
DA:21,1
DA:22,1
DA:23,1
DA:24,1
DA:25,1
DA:26,1
DA:27,1
DA:28,1
DA:29,1
DA:30,1
DA:31,1
DA:32,1
DA:33,1
DA:34,1
DA:35,1
DA:36,1
DA:37,1
DA:38,1
DA:39,1
DA:40,1
DA:41,1
DA:42,1
DA:43,1
DA:44,1
DA:45,0
DA:46,0
DA:47,0
DA:48,0
DA:49,0
DA:50,0
DA:51,0
DA:52,0
DA:53,0
DA:54,0
DA:55,0
DA:56,0
DA:57,0
DA:58,0
DA:59,0
DA:60,0
DA:61,0
DA:62,0
DA:63,0
DA:64,0
DA:65,0
DA:66,0
DA:67,0
DA:68,0
DA:69,0
DA:70,0
DA:71,0
DA:72,0
DA:73,0
DA:74,0
DA:75,0
DA:76,0
DA:77,0
DA:78,0
DA:79,0
DA:80,0
DA:81,0
DA:82,0
DA:83,0
DA:84,0
DA:85,0
DA:86,0
DA:87,0
DA:88,0
DA:89,0
DA:90,0
DA:91,0
DA:92,0
DA:93,0
DA:94,0
DA:95,0
DA:96,0
DA:97,0
DA:98,0
DA:99,0
DA:100,0
DA:101,0
DA:102,0
DA:103,0
DA:104,0
DA:105,0
DA:106,0
DA:107,0
DA:108,0
DA:109,0
DA:110,0
DA:111,0
DA:112,0
DA:113,0
DA:114,0
DA:115,0
DA:116,0
DA:117,0
DA:118,0
DA:119,0
DA:120,0
DA:121,0
DA:122,0
DA:123,0
DA:124,0
DA:125,0
DA:126,0
DA:127,0
DA:128,0
DA:129,0
DA:130,0
DA:131,0
DA:132,0
DA:133,0
DA:134,0
DA:135,0
DA:136,0
DA:137,0
DA:138,0
DA:139,0
DA:140,0
DA:141,0
DA:142,0
DA:143,0
DA:144,0
DA:145,0
DA:146,0
LF:146
LH:44
BRDA:1,0,0,1
BRDA:1,1,0,1
BRF:2
BRH:2
end_of_record
TN:
SF:src/components/ontology/SchemeDrawer.tsx
FN:38,SchemeDrawer
FNF:1
FNH:0
FNDA:0,SchemeDrawer
DA:1,1
DA:2,1
DA:3,1
DA:4,1
DA:5,1
DA:6,1
DA:7,1
DA:8,1
DA:9,1
DA:10,1
DA:11,1
DA:12,1
DA:13,1
DA:14,1
DA:15,1
DA:16,1
DA:17,1
DA:18,1
DA:19,1
DA:20,1
DA:21,1
DA:22,1
DA:23,1
DA:24,1
DA:25,1
DA:26,1
DA:27,1
DA:28,1
DA:29,1
DA:30,1
DA:31,1
DA:32,1
DA:33,1
DA:34,1
DA:35,1
DA:36,1
DA:37,1
DA:38,1
DA:39,0
DA:40,0
DA:41,0
DA:42,0
DA:43,0
DA:44,0
DA:45,0
DA:46,0
DA:47,0
DA:48,0
DA:49,0
DA:50,0
DA:51,0
DA:52,0
DA:53,0
DA:54,0
DA:55,0
DA:56,0
DA:57,0
DA:58,0
DA:59,0
DA:60,0
DA:61,0
DA:62,0
DA:63,0
DA:64,0
DA:65,0
DA:66,0
DA:67,0
DA:68,0
DA:69,0
DA:70,0
DA:71,0
DA:72,0
DA:73,0
DA:74,0
DA:75,0
DA:76,0
DA:77,0
DA:78,0
DA:79,0
DA:80,0
DA:81,0
DA:82,0
DA:83,0
DA:84,0
DA:85,0
DA:86,0
DA:87,0
DA:88,0
DA:89,0
DA:90,0
DA:91,0
DA:92,0
DA:93,0
DA:94,0
DA:95,0
DA:96,0
DA:97,0
DA:98,0
DA:99,0
DA:100,0
DA:101,0
DA:102,0
DA:103,0
DA:104,0
DA:105,0
DA:106,0
DA:107,0
DA:108,0
DA:109,0
DA:110,0
DA:111,0
DA:112,0
DA:113,0
DA:114,0
DA:115,0
DA:116,0
DA:117,0
DA:118,0
DA:119,0
DA:120,0
DA:121,0
DA:122,0
DA:123,0
DA:124,0
DA:125,0
DA:126,0
DA:127,0
DA:128,0
DA:129,0
DA:130,0
DA:131,0
DA:132,0
DA:133,0
DA:134,0
DA:135,0
DA:136,0
DA:137,0
DA:138,0
DA:139,0
DA:140,0
DA:141,0
DA:142,0
DA:143,0
DA:144,0
DA:145,0
DA:146,0
DA:147,0
DA:148,0
DA:149,0
DA:150,0
DA:151,0
DA:152,0
DA:153,0
DA:154,0
DA:155,0
DA:156,0
DA:157,0
DA:158,0
DA:159,0
DA:160,0
DA:161,0
DA:162,0
DA:163,0
DA:164,0
DA:165,0
DA:166,0
DA:167,0
DA:168,0
DA:169,0
DA:170,0
DA:171,0
DA:172,0
DA:173,0
DA:174,0
DA:175,0
DA:176,0
DA:177,0
DA:178,0
DA:179,0
DA:180,0
DA:181,0
DA:182,0
DA:183,0
DA:184,0
LF:184
LH:38
BRDA:1,0,0,1
BRDA:1,1,0,1
BRF:2
BRH:2
end_of_record
TN:
SF:src/components/ontology/TaxonomyDrawer.tsx
FN:43,TaxonomyDrawer
FNF:1
FNH:0
FNDA:0,TaxonomyDrawer
DA:1,1
DA:2,1
DA:3,1
DA:4,1
DA:5,1
DA:6,1
DA:7,1
DA:8,1
DA:9,1
DA:10,1
DA:11,1
DA:12,1
DA:13,1
DA:14,1
DA:15,1
DA:16,1
DA:17,1
DA:18,1
DA:19,1
DA:20,1
DA:21,1
DA:22,1
DA:23,1
DA:24,1
DA:25,1
DA:26,1
DA:27,1
DA:28,1
DA:29,1
DA:30,1
DA:31,1
DA:32,1
DA:33,1
DA:34,1
DA:35,1
DA:36,1
DA:37,1
DA:38,1
DA:39,1
DA:40,1
DA:41,1
DA:42,1
DA:43,1
DA:44,0
DA:45,0
DA:46,0
DA:47,0
DA:48,0
DA:49,0
DA:50,0
DA:51,0
DA:52,0
DA:53,0
DA:54,0
DA:55,0
DA:56,0
DA:57,0
DA:58,0
DA:59,0
DA:60,0
DA:61,0
DA:62,0
DA:63,0
DA:64,0
DA:65,0
DA:66,0
DA:67,0
DA:68,0
DA:69,0
DA:70,0
DA:71,0
DA:72,0
DA:73,0
DA:74,0
DA:75,0
DA:76,0
DA:77,0
DA:78,0
DA:79,0
DA:80,0
DA:81,0
DA:82,0
DA:83,0
DA:84,0
DA:85,0
DA:86,0
DA:87,0
DA:88,0
DA:89,0
DA:90,0
DA:91,0
DA:92,0
DA:93,0
DA:94,0
DA:95,0
DA:96,0
DA:97,0
DA:98,0
DA:99,0
DA:100,0
DA:101,0
DA:102,0
DA:103,0
DA:104,0
DA:105,0
DA:106,0
DA:107,0
DA:108,0
DA:109,0
DA:110,0
DA:111,0
DA:112,0
DA:113,0
DA:114,0
DA:115,0
DA:116,0
DA:117,0
DA:118,0
DA:119,0
DA:120,0
DA:121,0
DA:122,0
DA:123,0
DA:124,0
DA:125,0
DA:126,0
DA:127,0
DA:128,0
DA:129,0
DA:130,0
DA:131,0
DA:132,0
DA:133,0
DA:134,0
DA:135,0
DA:136,0
DA:137,0
DA:138,0
DA:139,0
DA:140,0
DA:141,0
DA:142,0
DA:143,0
DA:144,0
DA:145,0
DA:146,0
DA:147,0
DA:148,0
DA:149,0
DA:150,0
DA:151,0
DA:152,0
DA:153,0
DA:154,0
DA:155,0
DA:156,0
DA:157,0
DA:158,0
DA:159,0
DA:160,0
DA:161,0
DA:162,0
DA:163,0
DA:164,0
DA:165,0
DA:166,0
DA:167,0
DA:168,0
DA:169,0
DA:170,0
DA:171,0
DA:172,0
DA:173,0
DA:174,0
DA:175,0
DA:176,0
DA:177,0
DA:178,0
DA:179,0
DA:180,0
DA:181,0
DA:182,0
DA:183,0
DA:184,0
DA:185,0
DA:186,0
DA:187,0
DA:188,0
DA:189,0
DA:190,0
DA:191,0
DA:192,0
DA:193,0
DA:194,0
DA:195,0
DA:196,0
DA:197,0
DA:198,0
LF:198
LH:43
BRDA:1,0,0,1
BRDA:1,1,0,1
BRF:2
BRH:2
end_of_record
TN:
SF:src/components/ontology/TaxonomyPublishDialog.tsx
FN:36,TaxonomyPublishDialog
FNF:1
FNH:0
FNDA:0,TaxonomyPublishDialog
DA:1,1
DA:2,1
DA:3,1
DA:4,1
DA:5,1
DA:6,1
DA:7,1
DA:8,1
DA:9,1
DA:10,1
DA:11,1
DA:12,1
DA:13,1
DA:14,1
DA:15,1
DA:16,1
DA:17,1
DA:18,1
DA:19,1
DA:20,1
DA:21,1
DA:22,1
DA:23,1
DA:24,1
DA:25,1
DA:26,1
DA:27,1
DA:28,1
DA:29,1
DA:30,1
DA:31,1
DA:32,1
DA:33,1
DA:34,1
DA:35,1
DA:36,1
DA:37,0
DA:38,0
DA:39,0
DA:40,0
DA:41,0
DA:42,0
DA:43,0
DA:44,0
DA:45,0
DA:46,0
DA:47,0
DA:48,0
DA:49,0
DA:50,0
DA:51,0
DA:52,0
DA:53,0
DA:54,0
DA:55,0
DA:56,0
DA:57,0
DA:58,0
DA:59,0
DA:60,0
DA:61,0
DA:62,0
DA:63,0
DA:64,0
DA:65,0
DA:66,0
DA:67,0
DA:68,0
DA:69,0
DA:70,0
DA:71,0
DA:72,0
DA:73,0
DA:74,0
DA:75,0
DA:76,0
DA:77,0
DA:78,0
DA:79,0
DA:80,0
DA:81,0
DA:82,0
DA:83,0
DA:84,0
DA:85,0
DA:86,0
DA:87,0
DA:88,0
DA:89,0
DA:90,0
DA:91,0
DA:92,0
DA:93,0
DA:94,0
DA:95,0
DA:96,0
DA:97,0
DA:98,0
DA:99,0
DA:100,0
DA:101,0
DA:102,0
DA:103,0
DA:104,0
DA:105,0
DA:106,0
DA:107,0
DA:108,0
DA:109,0
DA:110,0
DA:111,0
DA:112,0
DA:113,0
DA:114,0
DA:115,0
DA:116,0
DA:117,0
DA:118,0
DA:119,0
LF:119
LH:36
BRDA:1,0,0,1
BRDA:1,1,0,1
BRF:2
BRH:2
end_of_record
TN:
SF:src/components/schema/FilterBar.tsx
FN:30,FilterBar
FN:43,onChange
FNF:2
FNH:2
FNDA:112,FilterBar
FNDA:79,onChange
DA:1,5
DA:2,5
DA:3,5
DA:4,5
DA:5,5
DA:6,5
DA:7,5
DA:8,5
DA:9,5
DA:10,5
DA:11,5
DA:12,5
DA:13,5
DA:14,5
DA:15,5
DA:16,5
DA:17,5
DA:18,5
DA:19,5
DA:20,5
DA:21,5
DA:22,5
DA:23,5
DA:24,5
DA:25,5
DA:26,5
DA:27,5
DA:28,5
DA:29,5
DA:30,5
DA:31,112
DA:32,112
DA:33,112
DA:34,112
DA:35,112
DA:36,112
DA:37,112
DA:38,112
DA:39,112
DA:40,112
DA:41,112
DA:42,112
DA:43,112
DA:44,112
DA:45,112
DA:46,112
DA:47,112
DA:48,112
DA:49,112
DA:50,112
DA:51,112
DA:52,112
DA:53,112
DA:54,0
DA:55,0
DA:56,0
DA:57,0
DA:58,0
DA:59,0
DA:60,0
DA:61,0
DA:62,0
DA:63,0
DA:64,0
LF:64
LH:53
BRDA:1,0,0,5
BRDA:1,1,0,5
BRDA:30,2,0,112
BRDA:53,3,0,0
BRDA:43,4,0,79
BRF:5
BRH:4
end_of_record
TN:
SF:src/components/schema/PropertyDefinitionForm.tsx
FN:18,PropertyDefinitionForm
FNF:1
FNH:0
FNDA:0,PropertyDefinitionForm
DA:1,1
DA:2,1
DA:3,1
DA:4,1
DA:5,1
DA:6,1
DA:7,1
DA:8,1
DA:9,1
DA:10,1
DA:11,1
DA:12,1
DA:13,1
DA:14,1
DA:15,1
DA:16,1
DA:17,1
DA:18,1
DA:19,0
DA:20,0
DA:21,0
DA:22,0
DA:23,0
DA:24,0
DA:25,0
DA:26,0
DA:27,0
DA:28,0
DA:29,0
DA:30,0
DA:31,0
DA:32,0
DA:33,0
DA:34,0
DA:35,0
DA:36,0
DA:37,0
DA:38,0
DA:39,0
DA:40,0
DA:41,0
DA:42,0
DA:43,0
DA:44,0
DA:45,0
DA:46,0
DA:47,0
DA:48,0
DA:49,0
DA:50,0
DA:51,0
DA:52,0
DA:53,0
DA:54,0
DA:55,0
DA:56,0
DA:57,0
DA:58,0
DA:59,0
DA:60,0
DA:61,0
DA:62,0
DA:63,0
DA:64,0
DA:65,0
DA:66,0
DA:67,0
DA:68,0
DA:69,0
DA:70,0
DA:71,0
DA:72,0
DA:73,0
DA:74,0
DA:75,0
DA:76,0
DA:77,0
DA:78,0
DA:79,0
DA:80,0
DA:81,0
DA:82,0
DA:83,0
DA:84,0
DA:85,0
DA:86,0
DA:87,0
DA:88,0
DA:89,0
DA:90,0
DA:91,0
DA:92,0
DA:93,0
DA:94,0
DA:95,0
DA:96,0
DA:97,0
DA:98,0
DA:99,0
DA:100,0
DA:101,0
DA:102,0
DA:103,0
DA:104,0
DA:105,0
DA:106,0
DA:107,0
DA:108,0
DA:109,0
DA:110,0
DA:111,0
DA:112,0
DA:113,0
DA:114,0
DA:115,0
DA:116,0
DA:117,0
DA:118,0
DA:119,0
DA:120,0
DA:121,0
DA:122,0
DA:123,0
DA:124,0
DA:125,0
DA:126,0
DA:127,0
DA:128,0
DA:129,0
DA:130,0
DA:131,0
DA:132,0
DA:133,0
DA:134,0
DA:135,0
DA:136,0
DA:137,0
DA:138,0
DA:139,0
DA:140,0
DA:141,0
DA:142,0
DA:143,0
DA:144,0
DA:145,0
DA:146,0
DA:147,0
LF:147
LH:18
BRDA:1,0,0,1
BRDA:1,1,0,1
BRF:2
BRH:2
end_of_record
TN:
SF:src/components/schema/RelationshipForm.tsx
FN:14,RelationshipForm
FNF:1
FNH:0
FNDA:0,RelationshipForm
DA:1,1
DA:2,1
DA:3,1
DA:4,1
DA:5,1
DA:6,1
DA:7,1
DA:8,1
DA:9,1
DA:10,1
DA:11,1
DA:12,1
DA:13,1
DA:14,0
DA:15,0
DA:16,0
DA:17,0
DA:18,0
DA:19,0
DA:20,0
DA:21,0
DA:22,0
DA:23,0
DA:24,0
DA:25,0
DA:26,0
DA:27,0
DA:28,0
DA:29,0
DA:30,0
DA:31,0
DA:32,0
DA:33,0
DA:34,0
DA:35,0
DA:36,0
DA:37,0
DA:38,0
DA:39,0
DA:40,0
DA:41,0
DA:42,0
DA:43,0
DA:44,0
DA:45,0
DA:46,0
DA:47,0
DA:48,0
DA:49,0
DA:50,0
DA:51,0
DA:52,0
DA:53,0
DA:54,0
DA:55,0
DA:56,0
DA:57,0
DA:58,0
DA:59,0
DA:60,0
DA:61,0
DA:62,0
DA:63,0
DA:64,0
DA:65,0
DA:66,0
DA:67,0
DA:68,0
DA:69,0
DA:70,0
DA:71,0
DA:72,0
DA:73,0
DA:74,0
DA:75,0
DA:76,0
DA:77,0
DA:78,0
DA:79,0
DA:80,0
DA:81,0
DA:82,0
DA:83,0
DA:84,0
DA:85,0
DA:86,0
DA:87,0
DA:88,0
DA:89,0
DA:90,0
DA:91,0
DA:92,0
DA:93,0
DA:94,0
DA:95,0
DA:96,0
DA:97,0
DA:98,0
DA:99,0
DA:100,0
DA:101,0
DA:102,0
DA:103,0
DA:104,0
DA:105,0
DA:106,0
DA:107,0
DA:108,0
DA:109,0
DA:110,0
DA:111,0
DA:112,0
DA:113,0
DA:114,0
DA:115,0
DA:116,0
DA:117,0
DA:118,0
DA:119,0
DA:120,0
DA:121,0
DA:122,0
DA:123,0
DA:124,0
DA:125,0
DA:126,0
DA:127,0
DA:128,0
DA:129,0
DA:130,0
DA:131,0
DA:132,0
DA:133,0
DA:134,0
DA:135,0
DA:136,0
DA:137,0
DA:138,0
DA:139,0
DA:140,0
DA:141,0
DA:142,0
DA:143,0
DA:144,0
DA:145,0
DA:146,0
DA:147,0
DA:148,0
DA:149,0
DA:150,0
DA:151,0
DA:152,0
DA:153,0
DA:154,0
DA:155,0
DA:156,0
DA:157,0
DA:158,0
DA:159,0
DA:160,0
DA:161,0
DA:162,0
DA:163,0
DA:164,0
DA:165,0
DA:166,0
DA:167,0
DA:168,0
DA:169,0
DA:170,0
DA:171,0
DA:172,0
DA:173,0
DA:174,0
DA:175,0
LF:175
LH:13
BRDA:1,0,0,1
BRDA:1,1,0,1
BRF:2
BRH:2
end_of_record
TN:
SF:src/components/schema/SchemaPageLayout.tsx
FN:14,SchemaPageLayout
FNF:1
FNH:1
FNDA:102,SchemaPageLayout
DA:1,5
DA:2,5
DA:3,5
DA:4,5
DA:5,5
DA:6,5
DA:7,5
DA:8,5
DA:9,5
DA:10,5
DA:11,5
DA:12,5
DA:13,5
DA:14,102
DA:15,102
DA:16,102
DA:17,102
DA:18,102
DA:19,102
DA:20,102
DA:21,102
DA:22,102
DA:23,102
DA:24,102
DA:25,102
DA:26,102
LF:26
LH:26
BRDA:1,0,0,5
BRDA:1,1,0,5
BRDA:14,2,0,102
BRDA:19,3,0,139
BRF:4
BRH:4
end_of_record
TN:
SF:src/components/schema/SchemaTable.tsx
FN:47,SchemaTable
FNF:1
FNH:1
FNDA:177,SchemaTable
DA:1,5
DA:2,5
DA:3,5
DA:4,5
DA:5,5
DA:6,5
DA:7,5
DA:8,5
DA:9,5
DA:10,5
DA:11,5
DA:12,5
DA:13,5
DA:14,5
DA:15,5
DA:16,5
DA:17,5
DA:18,5
DA:19,5
DA:20,5
DA:21,5
DA:22,5
DA:23,5
DA:24,5
DA:25,5
DA:26,5
DA:27,5
DA:28,5
DA:29,5
DA:30,5
DA:31,5
DA:32,5
DA:33,5
DA:34,5
DA:35,5
DA:36,5
DA:37,5
DA:38,5
DA:39,5
DA:40,5
DA:41,5
DA:42,5
DA:43,5
DA:44,5
DA:45,5
DA:46,5
DA:47,5
DA:48,177
DA:49,177
DA:50,177
DA:51,177
DA:52,177
DA:53,177
DA:54,177
DA:55,177
DA:56,177
DA:57,177
DA:58,177
DA:59,177
DA:60,177
DA:61,177
DA:62,177
DA:63,177
DA:64,177
DA:65,177
DA:66,177
DA:67,177
DA:68,177
DA:69,177
DA:70,177
DA:71,177
DA:72,177
DA:73,177
DA:74,177
DA:75,177
DA:76,177
DA:77,177
DA:78,177
DA:79,0
DA:80,0
DA:81,0
DA:82,0
DA:83,0
DA:84,0
DA:85,0
DA:86,0
DA:87,0
DA:88,0
DA:89,0
DA:90,0
DA:91,0
DA:92,0
DA:93,0
DA:94,0
DA:95,0
DA:96,0
DA:97,0
DA:98,0
DA:99,0
DA:100,0
DA:101,0
DA:102,0
DA:103,0
DA:104,0
DA:105,0
DA:106,0
DA:107,0
DA:108,0
DA:109,0
DA:110,0
DA:111,0
DA:112,0
DA:113,0
DA:114,0
DA:115,0
DA:116,0
DA:117,0
DA:118,0
DA:119,0
DA:120,0
DA:121,0
DA:122,0
DA:123,0
DA:124,0
DA:125,0
DA:126,0
DA:127,0
DA:128,0
DA:129,0
DA:130,0
DA:131,0
DA:132,0
DA:133,0
DA:134,0
DA:135,0
DA:136,0
DA:137,0
DA:138,0
DA:139,0
DA:140,0
DA:141,0
DA:142,0
DA:143,0
DA:144,177
DA:145,177
DA:146,177
DA:147,177
DA:148,177
DA:149,177
DA:150,177
DA:151,177
DA:152,177
DA:153,177
DA:154,177
DA:155,177
DA:156,177
DA:157,177
DA:158,177
DA:159,177
DA:160,177
DA:161,177
DA:162,177
DA:163,177
DA:164,177
DA:165,177
DA:166,177
DA:167,177
DA:168,177
DA:169,1115
DA:170,1115
DA:171,1115
DA:172,1115
DA:173,1115
DA:174,1115
DA:175,1115
DA:176,1115
DA:177,1115
DA:178,1115
DA:179,1115
DA:180,1115
DA:181,1115
DA:182,1115
DA:183,1115
DA:184,1115
DA:185,1115
DA:186,1115
DA:187,1115
DA:188,1115
DA:189,1115
DA:190,0
DA:191,0
DA:192,0
DA:193,0
DA:194,0
LF:194
LH:124
BRDA:1,0,0,5
BRDA:1,1,0,5
BRDA:47,2,0,177
BRDA:79,3,0,0
BRDA:167,4,0,177
BRDA:168,5,0,1115
BRDA:174,6,0,823
BRDA:174,7,0,292
BRDA:184,8,0,0
BRDA:189,9,0,0
BRF:10
BRH:7
end_of_record
TN:
SF:src/components/schema/SchemeForm.tsx
FN:19,SchemeForm
FNF:1
FNH:0
FNDA:0,SchemeForm
DA:1,1
DA:2,1
DA:3,1
DA:4,1
DA:5,1
DA:6,1
DA:7,1
DA:8,1
DA:9,1
DA:10,1
DA:11,1
DA:12,1
DA:13,1
DA:14,1
DA:15,1
DA:16,1
DA:17,1
DA:18,1
DA:19,1
DA:20,0
DA:21,0
DA:22,0
DA:23,0
DA:24,0
DA:25,0
DA:26,0
DA:27,0
DA:28,0
DA:29,0
DA:30,0
DA:31,0
DA:32,0
DA:33,0
DA:34,0
DA:35,0
DA:36,0
DA:37,0
DA:38,0
DA:39,0
DA:40,0
DA:41,0
DA:42,0
DA:43,0
DA:44,0
DA:45,0
DA:46,0
DA:47,0
DA:48,0
DA:49,0
DA:50,0
DA:51,0
DA:52,0
DA:53,0
DA:54,0
DA:55,0
DA:56,0
DA:57,0
DA:58,0
DA:59,0
DA:60,0
DA:61,0
DA:62,0
DA:63,0
DA:64,0
DA:65,0
DA:66,0
DA:67,0
DA:68,0
DA:69,0
DA:70,0
DA:71,0
DA:72,0
DA:73,0
DA:74,0
DA:75,0
DA:76,0
DA:77,0
DA:78,0
DA:79,0
DA:80,0
DA:81,0
DA:82,0
DA:83,0
DA:84,0
DA:85,0
DA:86,0
DA:87,0
DA:88,0
DA:89,0
DA:90,0
LF:90
LH:19
BRDA:1,0,0,1
BRDA:1,1,0,1
BRF:2
BRH:2
end_of_record
TN:
SF:src/components/schema/TaxonomyForm.tsx
FN:19,TaxonomyForm
FNF:1
FNH:0
FNDA:0,TaxonomyForm
DA:1,1
DA:2,1
DA:3,1
DA:4,1
DA:5,1
DA:6,1
DA:7,1
DA:8,1
DA:9,1
DA:10,1
DA:11,1
DA:12,1
DA:13,1
DA:14,1
DA:15,1
DA:16,1
DA:17,1
DA:18,1
DA:19,1
DA:20,0
DA:21,0
DA:22,0
DA:23,0
DA:24,0
DA:25,0
DA:26,0
DA:27,0
DA:28,0
DA:29,0
DA:30,0
DA:31,0
DA:32,0
DA:33,0
DA:34,0
DA:35,0
DA:36,0
DA:37,0
DA:38,0
DA:39,0
DA:40,0
DA:41,0
DA:42,0
DA:43,0
DA:44,0
DA:45,0
DA:46,0
DA:47,0
DA:48,0
DA:49,0
DA:50,0
DA:51,0
DA:52,0
DA:53,0
DA:54,0
DA:55,0
DA:56,0
DA:57,0
DA:58,0
DA:59,0
DA:60,0
DA:61,0
DA:62,0
DA:63,0
DA:64,0
DA:65,0
DA:66,0
DA:67,0
DA:68,0
DA:69,0
DA:70,0
DA:71,0
DA:72,0
DA:73,0
DA:74,0
DA:75,0
DA:76,0
DA:77,0
DA:78,0
DA:79,0
DA:80,0
DA:81,0
DA:82,0
DA:83,0
DA:84,0
DA:85,0
DA:86,0
DA:87,0
DA:88,0
DA:89,0
DA:90,0
LF:90
LH:19
BRDA:1,0,0,1
BRDA:1,1,0,1
BRF:2
BRH:2
end_of_record
TN:
SF:src/components/ui/Button.tsx
FNF:0
FNH:0
DA:1,10
DA:2,10
DA:3,10
DA:4,10
DA:5,10
DA:6,10
DA:7,10
DA:8,10
DA:9,10
DA:10,10
DA:11,10
DA:12,10
DA:13,10
DA:14,262
DA:15,262
DA:16,262
DA:17,262
DA:18,262
DA:19,262
DA:20,262
DA:21,262
DA:22,262
DA:23,262
DA:24,262
DA:25,262
LF:25
LH:25
BRDA:1,0,0,10
BRDA:1,1,0,10
BRDA:13,2,0,262
BRDA:19,3,0,195
BRF:4
BRH:4
end_of_record
TN:
SF:src/components/ui/Chip.tsx
FN:12,Chip
FNF:1
FNH:0
FNDA:0,Chip
DA:1,5
DA:2,5
DA:3,5
DA:4,5
DA:5,5
DA:6,5
DA:7,5
DA:8,5
DA:9,5
DA:10,5
DA:11,5
DA:12,5
DA:13,0
DA:14,0
DA:15,0
DA:16,0
DA:17,0
DA:18,0
DA:19,0
LF:19
LH:12
BRDA:1,0,0,5
BRDA:1,1,0,5
BRF:2
BRH:2
end_of_record
TN:
SF:src/components/ui/ConfirmDialog.tsx
FN:28,ConfirmDialog
FN:37,handleConfirm
FNF:2
FNH:2
FNDA:11,ConfirmDialog
FNDA:3,handleConfirm
DA:1,5
DA:2,5
DA:3,5
DA:4,5
DA:5,5
DA:6,5
DA:7,5
DA:8,5
DA:9,5
DA:10,5
DA:11,5
DA:12,5
DA:13,5
DA:14,5
DA:15,5
DA:16,5
DA:17,5
DA:18,5
DA:19,5
DA:20,5
DA:21,5
DA:22,5
DA:23,5
DA:24,5
DA:25,5
DA:26,5
DA:27,5
DA:28,5
DA:29,11
DA:30,11
DA:31,11
DA:32,11
DA:33,11
DA:34,11
DA:35,11
DA:36,11
DA:37,11
DA:38,3
DA:39,3
DA:40,11
DA:41,11
DA:42,11
DA:43,11
DA:44,11
DA:45,11
DA:46,11
DA:47,11
DA:48,11
DA:49,11
DA:50,11
DA:51,11
DA:52,11
DA:53,11
DA:54,11
DA:55,11
DA:56,11
DA:57,11
DA:58,11
DA:59,11
DA:60,11
DA:61,11
DA:62,11
DA:63,11
DA:64,11
DA:65,11
DA:66,11
DA:67,11
LF:67
LH:67
BRDA:1,0,0,5
BRDA:1,1,0,5
BRDA:28,2,0,11
BRDA:37,3,0,3
BRDA:39,4,0,0
BRF:5
BRH:4
end_of_record
TN:
SF:src/components/ui/Drawer.tsx
FN:39,Drawer
FNF:1
FNH:0
FNDA:0,Drawer
DA:1,5
DA:2,5
DA:3,5
DA:4,5
DA:5,5
DA:6,5
DA:7,5
DA:8,5
DA:9,5
DA:10,5
DA:11,5
DA:12,5
DA:13,5
DA:14,5
DA:15,5
DA:16,5
DA:17,5
DA:18,5
DA:19,5
DA:20,5
DA:21,5
DA:22,5
DA:23,5
DA:24,5
DA:25,5
DA:26,5
DA:27,5
DA:28,5
DA:29,5
DA:30,5
DA:31,5
DA:32,5
DA:33,5
DA:34,5
DA:35,5
DA:36,5
DA:37,5
DA:38,5
DA:39,5
DA:40,0
DA:41,0
DA:42,0
DA:43,0
DA:44,0
DA:45,0
DA:46,0
DA:47,0
DA:48,0
DA:49,0
DA:50,0
DA:51,0
DA:52,0
DA:53,0
DA:54,0
DA:55,0
DA:56,0
DA:57,0
DA:58,0
DA:59,0
DA:60,0
DA:61,0
DA:62,0
DA:63,0
DA:64,0
DA:65,0
DA:66,0
DA:67,0
DA:68,0
DA:69,0
DA:70,0
DA:71,0
DA:72,0
DA:73,0
DA:74,0
DA:75,0
DA:76,0
DA:77,0
DA:78,0
DA:79,0
DA:80,0
DA:81,0
DA:82,0
DA:83,0
DA:84,0
DA:85,0
DA:86,0
DA:87,0
DA:88,0
DA:89,0
LF:89
LH:39
BRDA:1,0,0,5
BRDA:1,1,0,5
BRF:2
BRH:2
end_of_record
TN:
SF:src/components/ui/EmptyState.tsx
FN:24,EmptyState
FNF:1
FNH:1
FNDA:17,EmptyState
DA:1,5
DA:2,5
DA:3,5
DA:4,5
DA:5,5
DA:6,5
DA:7,5
DA:8,5
DA:9,5
DA:10,5
DA:11,5
DA:12,5
DA:13,5
DA:14,5
DA:15,5
DA:16,5
DA:17,5
DA:18,5
DA:19,5
DA:20,5
DA:21,5
DA:22,5
DA:23,5
DA:24,5
DA:25,17
DA:26,17
DA:27,17
DA:28,17
DA:29,17
DA:30,17
DA:31,0
DA:32,0
DA:33,0
DA:34,0
DA:35,0
DA:36,0
DA:37,0
DA:38,0
DA:39,0
DA:40,17
DA:41,17
DA:42,17
DA:43,17
DA:44,17
DA:45,17
LF:45
LH:36
BRDA:1,0,0,5
BRDA:1,1,0,5
BRDA:24,2,0,17
BRDA:29,3,0,0
BRDA:30,4,0,0
BRF:5
BRH:3
end_of_record
TN:
SF:src/components/ui/ErrorBanner.tsx
FN:26,ErrorBanner
FN:39,handleCopyLogPath
FN:97,onMouseEnter
FN:100,onMouseLeave
FN:156,onMouseEnter
FN:158,onMouseLeave
FNF:6
FNH:4
FNDA:70,ErrorBanner
FNDA:3,handleCopyLogPath
FNDA:2,onMouseEnter
FNDA:0,onMouseLeave
FNDA:1,onMouseEnter
FNDA:0,onMouseLeave
DA:1,6
DA:2,6
DA:3,6
DA:4,6
DA:5,6
DA:6,6
DA:7,6
DA:8,6
DA:9,6
DA:10,6
DA:11,6
DA:12,6
DA:13,6
DA:14,6
DA:15,6
DA:16,6
DA:17,6
DA:18,6
DA:19,6
DA:20,6
DA:21,6
DA:22,6
DA:23,6
DA:24,6
DA:25,6
DA:26,6
DA:27,70
DA:28,70
DA:29,70
DA:30,70
DA:31,70
DA:32,70
DA:33,70
DA:34,70
DA:35,70
DA:36,70
DA:37,70
DA:38,69
DA:39,69
DA:40,3
DA:41,3
DA:42,3
DA:43,1
DA:44,1
DA:45,69
DA:46,57
DA:47,57
DA:48,57
DA:49,57
DA:50,57
DA:51,57
DA:52,57
DA:53,57
DA:54,57
DA:55,57
DA:56,57
DA:57,57
DA:58,57
DA:59,57
DA:60,57
DA:61,57
DA:62,57
DA:63,57
DA:64,57
DA:65,57
DA:66,57
DA:67,57
DA:68,57
DA:69,57
DA:70,57
DA:71,57
DA:72,57
DA:73,57
DA:74,57
DA:75,57
DA:76,57
DA:77,57
DA:78,57
DA:79,57
DA:80,57
DA:81,57
DA:82,57
DA:83,57
DA:84,57
DA:85,57
DA:86,57
DA:87,57
DA:88,57
DA:89,57
DA:90,57
DA:91,57
DA:92,57
DA:93,57
DA:94,57
DA:95,57
DA:96,57
DA:97,57
DA:98,57
DA:99,57
DA:100,57
DA:101,0
DA:102,0
DA:103,0
DA:104,57
DA:105,57
DA:106,57
DA:107,57
DA:108,57
DA:109,57
DA:110,57
DA:111,57
DA:112,57
DA:113,57
DA:114,57
DA:115,57
DA:116,57
DA:117,57
DA:118,57
DA:119,57
DA:120,57
DA:121,57
DA:122,57
DA:123,57
DA:124,57
DA:125,57
DA:126,57
DA:127,57
DA:128,57
DA:129,57
DA:130,57
DA:131,57
DA:132,57
DA:133,57
DA:134,57
DA:135,57
DA:136,57
DA:137,57
DA:138,57
DA:139,57
DA:140,57
DA:141,57
DA:142,57
DA:143,57
DA:144,57
DA:145,57
DA:146,57
DA:147,57
DA:148,57
DA:149,57
DA:150,57
DA:151,57
DA:152,57
DA:153,57
DA:154,57
DA:155,57
DA:156,57
DA:157,57
DA:158,57
DA:159,0
DA:160,0
DA:161,57
DA:162,57
DA:163,57
DA:164,57
DA:165,57
DA:166,57
DA:167,57
DA:168,57
DA:169,57
DA:170,57
DA:171,57
DA:172,57
DA:173,57
DA:174,57
DA:175,57
DA:176,57
DA:177,57
DA:178,57
DA:179,57
DA:180,57
DA:181,57
DA:182,57
DA:183,57
DA:184,57
DA:185,57
DA:186,57
DA:187,57
DA:188,57
DA:189,57
DA:190,57
DA:191,57
DA:192,69
DA:193,12
DA:194,12
DA:195,12
DA:196,12
DA:197,12
DA:198,12
DA:199,12
DA:200,12
DA:201,12
DA:202,12
DA:203,12
DA:204,12
DA:205,12
LF:205
LH:200
BRDA:1,0,0,6
BRDA:1,1,0,6
BRDA:26,2,0,70
BRDA:37,3,0,1
BRDA:37,4,0,69
BRDA:45,5,0,57
BRDA:192,6,0,12
BRDA:39,7,0,3
BRDA:41,8,0,2
BRDA:42,9,0,1
BRDA:97,10,0,2
BRDA:156,11,0,1
BRF:12
BRH:12
end_of_record
TN:
SF:src/components/ui/Input.tsx
FN:34,get
FNF:1
FNH:1
FNDA:195,get
DA:1,6
DA:2,6
DA:3,6
DA:4,6
DA:5,6
DA:6,6
DA:7,6
DA:8,6
DA:9,6
DA:10,6
DA:11,6
DA:12,6
DA:13,6
DA:14,6
DA:15,6
DA:16,6
DA:17,6
DA:18,6
DA:19,194
DA:20,194
DA:21,194
DA:22,194
DA:23,194
DA:24,194
DA:25,194
DA:26,194
DA:27,194
DA:28,194
DA:29,194
DA:30,194
DA:31,6
DA:32,6
DA:33,6
DA:34,6
DA:35,195
DA:36,195
DA:37,6
DA:38,6
DA:39,0
DA:40,0
DA:41,0
DA:42,0
DA:43,0
DA:44,0
DA:45,0
DA:46,0
DA:47,0
DA:48,0
LF:48
LH:38
BRDA:1,0,0,6
BRDA:1,1,0,6
BRDA:18,2,0,194
BRDA:23,3,0,0
BRDA:34,4,0,195
BRF:5
BRH:4
end_of_record
TN:
SF:src/components/ui/Modal.tsx
FN:34,Modal
FN:54,onClick
FNF:2
FNH:2
FNDA:153,Modal
FNDA:20,onClick
DA:1,7
DA:2,7
DA:3,7
DA:4,7
DA:5,7
DA:6,7
DA:7,7
DA:8,7
DA:9,7
DA:10,7
DA:11,7
DA:12,7
DA:13,7
DA:14,7
DA:15,7
DA:16,7
DA:17,7
DA:18,7
DA:19,7
DA:20,7
DA:21,7
DA:22,7
DA:23,7
DA:24,7
DA:25,7
DA:26,7
DA:27,7
DA:28,7
DA:29,7
DA:30,7
DA:31,7
DA:32,7
DA:33,7
DA:34,153
DA:35,153
DA:36,153
DA:37,153
DA:38,153
DA:39,153
DA:40,153
DA:41,153
DA:42,153
DA:43,153
DA:44,75
DA:45,75
DA:46,75
DA:47,153
DA:48,153
DA:49,92
DA:50,92
DA:51,92
DA:52,92
DA:53,92
DA:54,92
DA:55,92
DA:56,92
DA:57,92
DA:58,92
DA:59,92
LF:59
LH:59
BRDA:1,0,0,7
BRDA:1,1,0,7
BRDA:34,2,0,153
BRDA:48,3,0,61
BRDA:48,4,0,94
BRDA:48,5,0,92
BRDA:43,6,0,75
BRDA:45,7,0,29
BRDA:46,8,0,75
BRDA:54,9,0,20
BRF:10
BRH:10
end_of_record
TN:
SF:src/components/ui/Skeleton.tsx
FN:14,Skeleton
FNF:1
FNH:1
FNDA:315,Skeleton
DA:1,5
DA:2,5
DA:3,5
DA:4,5
DA:5,5
DA:6,5
DA:7,5
DA:8,5
DA:9,5
DA:10,5
DA:11,5
DA:12,5
DA:13,5
DA:14,5
DA:15,315
DA:16,315
DA:17,315
DA:18,315
DA:19,315
DA:20,315
DA:21,315
DA:22,315
DA:23,315
DA:24,315
LF:24
LH:24
BRDA:1,0,0,5
BRDA:1,1,0,5
BRDA:14,2,0,315
BRF:3
BRH:3
end_of_record
TN:
SF:src/components/ui/Toast.tsx
FN:35,ToastProvider
FN:71,get
FN:72,Toast
FNF:3
FNH:3
FNDA:110,ToastProvider
FNDA:105,get
FNDA:21,Toast
DA:1,10
DA:2,10
DA:3,10
DA:4,10
DA:5,10
DA:6,10
DA:7,10
DA:8,10
DA:9,10
DA:10,10
DA:11,10
DA:12,10
DA:13,10
DA:14,10
DA:15,10
DA:16,10
DA:17,10
DA:18,10
DA:19,10
DA:20,10
DA:21,10
DA:22,10
DA:23,10
DA:24,10
DA:25,10
DA:26,10
DA:27,10
DA:28,10
DA:29,10
DA:30,10
DA:31,10
DA:32,10
DA:33,10
DA:34,10
DA:35,10
DA:36,110
DA:37,110
DA:38,110
DA:39,110
DA:40,1
DA:41,1
DA:42,1
DA:43,1
DA:44,110
DA:45,110
DA:46,110
DA:47,110
DA:48,4
DA:49,4
DA:50,4
DA:51,4
DA:52,110
DA:53,110
DA:54,110
DA:55,110
DA:56,110
DA:57,110
DA:58,110
DA:59,110
DA:60,110
DA:61,110
DA:62,110
DA:63,110
DA:64,110
DA:65,110
DA:66,110
DA:67,110
DA:68,110
DA:69,10
DA:70,10
DA:71,10
DA:72,10
DA:73,21
DA:74,21
DA:75,21
DA:76,21
DA:77,21
DA:78,21
DA:79,21
DA:80,21
DA:81,21
DA:82,21
DA:83,21
DA:84,21
DA:85,21
DA:86,21
DA:87,21
DA:88,21
DA:89,21
DA:90,21
DA:91,21
DA:92,21
DA:93,21
DA:94,21
DA:95,21
DA:96,21
DA:97,21
DA:98,21
DA:99,21
DA:100,21
DA:101,21
DA:102,21
DA:103,21
DA:104,21
DA:105,21
DA:106,21
DA:107,21
DA:108,21
DA:109,21
DA:110,21
DA:111,21
DA:112,21
DA:113,21
DA:114,21
DA:115,21
DA:116,21
DA:117,21
DA:118,21
DA:119,21
DA:120,21
DA:121,21
DA:122,21
DA:123,21
DA:124,21
DA:125,21
DA:126,21
DA:127,21
DA:128,21
DA:129,21
LF:129
LH:129
BRDA:1,0,0,10
BRDA:1,1,0,10
BRDA:35,2,0,110
BRDA:39,3,0,1
BRDA:42,4,0,1
BRDA:42,5,0,1
BRDA:47,6,0,4
BRDA:50,7,0,1
BRDA:49,8,0,4
BRDA:50,9,0,1
BRDA:51,10,0,1
BRDA:71,11,0,105
BRDA:72,12,0,21
BRF:13
BRH:13
end_of_record
TN:
SF:src/components/ui/TypeToConfirmDialog.tsx
FN:37,TypeToConfirmDialog
FN:53,handleConfirm
FN:58,handleKeyDown
FN:62,handleClose
FNF:4
FNH:4
FNDA:83,TypeToConfirmDialog
FNDA:4,handleConfirm
FNDA:60,handleKeyDown
FNDA:3,handleClose
DA:1,2
DA:2,2
DA:3,2
DA:4,2
DA:5,2
DA:6,2
DA:7,2
DA:8,2
DA:9,2
DA:10,2
DA:11,2
DA:12,2
DA:13,2
DA:14,2
DA:15,2
DA:16,2
DA:17,2
DA:18,2
DA:19,2
DA:20,2
DA:21,2
DA:22,2
DA:23,2
DA:24,2
DA:25,2
DA:26,2
DA:27,2
DA:28,2
DA:29,2
DA:30,2
DA:31,2
DA:32,2
DA:33,2
DA:34,2
DA:35,2
DA:36,2
DA:37,2
DA:38,83
DA:39,83
DA:40,83
DA:41,83
DA:42,83
DA:43,83
DA:44,83
DA:45,83
DA:46,83
DA:47,83
DA:48,83
DA:49,83
DA:50,83
DA:51,83
DA:52,83
DA:53,83
DA:54,4
DA:55,4
DA:56,4
DA:57,83
DA:58,83
DA:59,60
DA:60,60
DA:61,83
DA:62,83
DA:63,3
DA:64,3
DA:65,83
DA:66,83
DA:67,83
DA:68,83
DA:69,83
DA:70,83
DA:71,83
DA:72,83
DA:73,83
DA:74,83
DA:75,83
DA:76,83
DA:77,83
DA:78,83
DA:79,83
DA:80,83
DA:81,83
DA:82,83
DA:83,83
DA:84,83
DA:85,83
DA:86,83
DA:87,83
DA:88,83
DA:89,83
DA:90,83
DA:91,83
DA:92,83
DA:93,83
DA:94,83
DA:95,83
DA:96,83
DA:97,83
DA:98,83
DA:99,83
DA:100,83
DA:101,83
DA:102,83
DA:103,83
DA:104,83
DA:105,83
DA:106,83
DA:107,83
DA:108,83
LF:108
LH:108
BRDA:1,0,0,2
BRDA:1,1,0,2
BRDA:37,2,0,83
BRDA:100,3,0,7
BRDA:53,4,0,4
BRDA:56,5,0,0
BRDA:58,6,0,60
BRDA:60,7,0,2
BRDA:60,8,0,1
BRDA:62,9,0,3
BRF:10
BRH:9
end_of_record
TN:
SF:src/hooks/useAutosave.ts
FN:19,useAutosave
FN:34,onSuccess
FN:44,onError
FNF:3
FNH:3
FNDA:54,useAutosave
FNDA:11,onSuccess
FNDA:3,onError
DA:1,5
DA:2,5
DA:3,5
DA:4,5
DA:5,5
DA:6,5
DA:7,5
DA:8,5
DA:9,5
DA:10,5
DA:11,5
DA:12,5
DA:13,5
DA:14,5
DA:15,5
DA:16,5
DA:17,5
DA:18,5
DA:19,5
DA:20,54
DA:21,54
DA:22,54
DA:23,54
DA:24,54
DA:25,54
DA:26,54
DA:27,54
DA:28,54
DA:29,54
DA:30,54
DA:31,54
DA:32,54
DA:33,54
DA:34,54
DA:35,11
DA:36,11
DA:37,11
DA:38,11
DA:39,11
DA:40,2
DA:41,11
DA:42,11
DA:43,11
DA:44,54
DA:45,3
DA:46,3
DA:47,3
DA:48,3
DA:49,3
DA:50,3
DA:51,3
DA:52,0
DA:53,3
DA:54,3
DA:55,1
DA:56,1
DA:57,1
DA:58,1
DA:59,54
DA:60,54
DA:61,54
DA:62,32
DA:63,32
DA:64,4
DA:65,4
DA:66,4
DA:67,32
DA:68,17
DA:69,12
DA:70,0
DA:71,0
DA:72,12
DA:73,12
DA:74,17
DA:75,17
DA:76,17
DA:77,17
DA:78,17
DA:79,17
DA:80,54
DA:81,54
DA:82,17
DA:83,1
DA:84,1
DA:85,1
DA:86,54
DA:87,54
DA:88,54
DA:89,54
DA:90,15
DA:91,15
DA:92,13
DA:93,13
LF:93
LH:90
BRDA:1,0,0,5
BRDA:1,1,0,5
BRDA:19,2,0,54
BRDA:34,3,0,11
BRDA:40,4,0,2
BRDA:42,5,0,2
BRDA:44,6,0,3
BRDA:46,7,0,1
BRDA:51,8,0,0
BRDA:54,9,0,1
BRDA:61,10,0,32
BRDA:62,11,0,15
BRDA:63,12,0,17
BRDA:64,13,0,4
BRDA:67,14,0,17
BRDA:68,15,0,12
BRDA:69,16,0,0
BRDA:75,17,0,17
BRDA:81,18,0,17
BRDA:82,19,0,1
BRDA:89,20,0,15
BRDA:90,21,0,15
BRDA:91,22,0,13
BRF:23
BRH:21
end_of_record
TN:
SF:src/hooks/useKeyboardShortcut.ts
FN:16,useKeyboardShortcut
FN:22,handler
FNF:2
FNH:2
FNDA:153,useKeyboardShortcut
FNDA:62,handler
DA:1,7
DA:2,7
DA:3,7
DA:4,7
DA:5,7
DA:6,7
DA:7,7
DA:8,7
DA:9,7
DA:10,7
DA:11,7
DA:12,7
DA:13,7
DA:14,7
DA:15,7
DA:16,7
DA:17,153
DA:18,153
DA:19,153
DA:20,153
DA:21,153
DA:22,153
DA:23,62
DA:24,62
DA:25,62
DA:26,62
DA:27,62
DA:28,62
DA:29,62
DA:30,62
DA:31,62
DA:32,62
DA:33,2
DA:34,92
DA:35,92
DA:36,92
LF:36
LH:36
BRDA:1,0,0,7
BRDA:1,1,0,7
BRDA:16,2,0,153
BRDA:22,3,0,153
BRDA:22,4,0,61
BRDA:22,5,0,92
BRDA:22,6,0,62
BRDA:23,7,0,0
BRDA:23,8,0,0
BRDA:24,9,0,0
BRDA:25,10,0,0
BRDA:27,11,0,0
BRDA:28,12,0,2
BRDA:29,13,0,2
BRDA:29,14,0,2
BRDA:30,15,0,2
BRDA:33,16,0,2
BRDA:35,17,0,92
BRF:18
BRH:13
end_of_record
TN:
SF:src/hooks/useUndoDelete.ts
FN:14,useUndoDelete
FN:62,get
FNF:2
FNH:2
FNDA:46,useUndoDelete
FNDA:46,get
DA:1,6
DA:2,6
DA:3,6
DA:4,6
DA:5,6
DA:6,6
DA:7,6
DA:8,6
DA:9,6
DA:10,6
DA:11,6
DA:12,6
DA:13,6
DA:14,6
DA:15,46
DA:16,46
DA:17,46
DA:18,46
DA:19,46
DA:20,46
DA:21,17
DA:22,17
DA:23,1
DA:24,17
DA:25,17
DA:26,17
DA:27,15
DA:28,15
DA:29,3
DA:30,3
DA:31,3
DA:32,1
DA:33,3
DA:34,3
DA:35,3
DA:36,15
DA:37,17
DA:38,17
DA:39,17
DA:40,17
DA:41,46
DA:42,46
DA:43,46
DA:44,46
DA:45,46
DA:46,46
DA:47,1
DA:48,1
DA:49,1
DA:50,1
DA:51,1
DA:52,1
DA:53,46
DA:54,46
DA:55,16
DA:56,46
DA:57,46
DA:58,46
DA:59,46
DA:60,6
DA:61,6
DA:62,6
DA:63,6
DA:64,6
DA:65,6
DA:66,6
DA:67,6
DA:68,6
DA:69,6
LF:69
LH:69
BRDA:1,0,0,6
BRDA:1,1,0,6
BRDA:14,2,0,46
BRDA:20,3,0,17
BRDA:22,4,0,1
BRDA:26,5,0,15
BRDA:27,6,0,12
BRDA:28,7,0,3
BRDA:31,8,0,2
BRDA:31,9,0,1
BRDA:46,10,0,3
BRDA:46,11,0,1
BRDA:46,12,0,1
BRDA:54,13,0,16
BRDA:54,14,0,16
BRDA:62,15,0,46
BRF:16
BRH:16
end_of_record
TN:
SF:src/routes/app/schema/classes.tsx
FN:69,ClassesPageContent
FN:100,cell
FN:112,cell
FN:125,onClick
FN:143,cell
FN:175,cell
FN:205,cell
FN:219,cell
FN:224,cell
FN:299,onRetry
FNF:10
FNH:8
FNDA:34,ClassesPageContent
FNDA:48,cell
FNDA:48,cell
FNDA:0,onClick
FNDA:48,cell
FNDA:48,cell
FNDA:48,cell
FNDA:48,cell
FNDA:48,cell
FNDA:0,onRetry
DA:1,1
DA:2,1
DA:3,1
DA:4,1
DA:5,1
DA:6,1
DA:7,1
DA:8,1
DA:9,1
DA:10,1
DA:11,1
DA:12,1
DA:13,1
DA:14,1
DA:15,1
DA:16,1
DA:17,1
DA:18,1
DA:19,1
DA:20,1
DA:21,1
DA:22,1
DA:23,1
DA:24,1
DA:25,1
DA:26,1
DA:27,1
DA:28,1
DA:29,1
DA:30,1
DA:31,1
DA:32,1
DA:33,1
DA:34,1
DA:35,1
DA:36,1
DA:37,1
DA:38,1
DA:39,1
DA:40,1
DA:41,1
DA:42,1
DA:43,1
DA:44,1
DA:45,1
DA:46,1
DA:47,1
DA:48,1
DA:49,1
DA:50,1
DA:51,1
DA:52,1
DA:53,1
DA:54,1
DA:55,1
DA:56,1
DA:57,1
DA:58,1
DA:59,1
DA:60,1
DA:61,1
DA:62,1
DA:63,1
DA:64,1
DA:65,1
DA:66,1
DA:67,1
DA:68,1
DA:69,1
DA:70,34
DA:71,34
DA:72,34
DA:73,34
DA:74,34
DA:75,34
DA:76,34
DA:77,34
DA:78,34
DA:79,34
DA:80,34
DA:81,34
DA:82,34
DA:83,34
DA:84,34
DA:85,34
DA:86,34
DA:87,34
DA:88,34
DA:89,47
DA:90,34
DA:91,34
DA:92,34
DA:93,47
DA:94,18
DA:95,47
DA:96,17
DA:97,34
DA:98,34
DA:99,34
DA:100,34
DA:101,48
DA:102,48
DA:103,48
DA:104,48
DA:105,48
DA:106,48
DA:107,48
DA:108,48
DA:109,48
DA:110,48
DA:111,34
DA:112,34
DA:113,48
DA:114,48
DA:115,48
DA:116,48
DA:117,48
DA:118,48
DA:119,48
DA:120,48
DA:121,48
DA:122,48
DA:123,48
DA:124,48
DA:125,48
DA:126,48
DA:127,48
DA:128,48
DA:129,48
DA:130,48
DA:131,48
DA:132,48
DA:133,48
DA:134,48
DA:135,48
DA:136,48
DA:137,48
DA:138,48
DA:139,34
DA:140,34
DA:141,34
DA:142,34
DA:143,34
DA:144,48
DA:145,48
DA:146,48
DA:147,48
DA:148,48
DA:149,48
DA:150,48
DA:151,48
DA:152,48
DA:153,48
DA:154,48
DA:155,48
DA:156,48
DA:157,48
DA:158,48
DA:159,48
DA:160,48
DA:161,48
DA:162,48
DA:163,48
DA:164,48
DA:165,48
DA:166,48
DA:167,48
DA:168,48
DA:169,48
DA:170,48
DA:171,48
DA:172,48
DA:173,48
DA:174,34
DA:175,34
DA:176,48
DA:177,48
DA:178,48
DA:179,48
DA:180,48
DA:181,48
DA:182,48
DA:183,48
DA:184,48
DA:185,48
DA:186,48
DA:187,0
DA:188,0
DA:189,0
DA:190,48
DA:191,48
DA:192,48
DA:193,48
DA:194,48
DA:195,48
DA:196,48
DA:197,48
DA:198,48
DA:199,48
DA:200,48
DA:201,48
DA:202,48
DA:203,34
DA:204,34
DA:205,34
DA:206,48
DA:207,48
DA:208,48
DA:209,48
DA:210,48
DA:211,48
DA:212,48
DA:213,48
DA:214,48
DA:215,48
DA:216,34
DA:217,34
DA:218,34
DA:219,34
DA:220,48
DA:221,48
DA:222,48
DA:223,34
DA:224,34
DA:225,48
DA:226,48
DA:227,48
DA:228,48
DA:229,48
DA:230,48
DA:231,48
DA:232,48
DA:233,48
DA:234,48
DA:235,48
DA:236,48
DA:237,48
DA:238,48
DA:239,48
DA:240,48
DA:241,48
DA:242,48
DA:243,48
DA:244,48
DA:245,48
DA:246,48
DA:247,48
DA:248,48
DA:249,48
DA:250,48
DA:251,48
DA:252,48
DA:253,48
DA:254,48
DA:255,48
DA:256,48
DA:257,34
DA:258,10
DA:259,10
DA:260,10
DA:261,10
DA:262,10
DA:263,10
DA:264,10
DA:265,10
DA:266,10
DA:267,10
DA:268,10
DA:269,10
DA:270,10
DA:271,10
DA:272,10
DA:273,10
DA:274,10
DA:275,10
DA:276,10
DA:277,10
DA:278,10
DA:279,10
DA:280,10
DA:281,10
DA:282,10
DA:283,50
DA:284,50
DA:285,10
DA:286,10
DA:287,10
DA:288,10
DA:289,34
DA:290,24
DA:291,1
DA:292,1
DA:293,1
DA:294,1
DA:295,1
DA:296,1
DA:297,1
DA:298,1
DA:299,1
DA:300,1
DA:301,1
DA:302,1
DA:303,1
DA:304,1
DA:305,1
DA:306,1
DA:307,1
DA:308,1
DA:309,1
DA:310,1
DA:311,1
DA:312,1
DA:313,1
DA:314,1
DA:315,34
DA:316,34
DA:317,1
DA:318,1
DA:319,1
DA:320,1
DA:321,1
DA:322,1
DA:323,1
DA:324,1
DA:325,1
DA:326,1
DA:327,1
DA:328,1
DA:329,1
DA:330,1
DA:331,1
DA:332,1
DA:333,1
DA:334,1
DA:335,34
DA:336,22
DA:337,22
DA:338,22
LF:338
LH:335
BRDA:1,0,0,1
BRDA:1,1,0,1
BRDA:69,2,0,34
BRDA:78,3,0,23
BRDA:78,4,0,11
BRDA:86,5,0,1
BRDA:87,6,0,33
BRDA:257,7,0,10
BRDA:289,8,0,24
BRDA:291,9,0,1
BRDA:315,10,0,23
BRDA:316,11,0,1
BRDA:335,12,0,22
BRDA:87,13,0,1
BRDA:88,14,0,47
BRDA:92,15,0,47
BRDA:93,16,0,18
BRDA:95,17,0,17
BRDA:100,18,0,48
BRDA:112,19,0,48
BRDA:143,20,0,48
BRDA:146,21,0,46
BRDA:175,22,0,48
BRDA:186,23,0,0
BRDA:205,24,0,48
BRDA:212,25,0,0
BRDA:219,26,0,48
BRDA:223,27,0,0
BRDA:224,28,0,48
BRDA:282,29,0,50
BRF:30
BRH:27
end_of_record
TN:
SF:src/routes/app/schema/properties.tsx
FN:63,PropertiesPageContent
FN:92,cell
FN:109,cell
FN:131,cell
FN:146,cell
FN:153,cell
FNF:6
FNH:6
FNDA:30,PropertiesPageContent
FNDA:33,cell
FNDA:33,cell
FNDA:33,cell
FNDA:33,cell
FNDA:33,cell
DA:1,1
DA:2,1
DA:3,1
DA:4,1
DA:5,1
DA:6,1
DA:7,1
DA:8,1
DA:9,1
DA:10,1
DA:11,1
DA:12,1
DA:13,1
DA:14,1
DA:15,1
DA:16,1
DA:17,1
DA:18,1
DA:19,1
DA:20,1
DA:21,1
DA:22,1
DA:23,1
DA:24,1
DA:25,1
DA:26,1
DA:27,1
DA:28,1
DA:29,1
DA:30,1
DA:31,1
DA:32,1
DA:33,1
DA:34,1
DA:35,1
DA:36,1
DA:37,1
DA:38,1
DA:39,1
DA:40,1
DA:41,1
DA:42,1
DA:43,1
DA:44,1
DA:45,1
DA:46,1
DA:47,1
DA:48,1
DA:49,1
DA:50,1
DA:51,1
DA:52,1
DA:53,1
DA:54,1
DA:55,1
DA:56,1
DA:57,1
DA:58,1
DA:59,1
DA:60,1
DA:61,1
DA:62,1
DA:63,1
DA:64,30
DA:65,30
DA:66,30
DA:67,30
DA:68,30
DA:69,30
DA:70,30
DA:71,30
DA:72,30
DA:73,30
DA:74,30
DA:75,30
DA:76,30
DA:77,30
DA:78,30
DA:79,30
DA:80,30
DA:81,36
DA:82,15
DA:83,15
DA:84,15
DA:85,36
DA:86,15
DA:87,15
DA:88,15
DA:89,30
DA:90,30
DA:91,30
DA:92,30
DA:93,33
DA:94,33
DA:95,33
DA:96,33
DA:97,33
DA:98,33
DA:99,33
DA:100,33
DA:101,33
DA:102,33
DA:103,30
DA:104,30
DA:105,30
DA:106,30
DA:107,30
DA:108,30
DA:109,30
DA:110,33
DA:111,33
DA:112,33
DA:113,33
DA:114,33
DA:115,33
DA:116,33
DA:117,33
DA:118,33
DA:119,33
DA:120,33
DA:121,33
DA:122,33
DA:123,33
DA:124,30
DA:125,30
DA:126,30
DA:127,30
DA:128,30
DA:129,30
DA:130,30
DA:131,33
DA:132,33
DA:133,33
DA:134,33
DA:135,33
DA:136,33
DA:137,33
DA:138,33
DA:139,33
DA:140,30
DA:141,30
DA:142,30
DA:143,30
DA:144,30
DA:145,30
DA:146,30
DA:147,33
DA:148,33
DA:149,33
DA:150,33
DA:151,30
DA:152,30
DA:153,30
DA:154,33
DA:155,33
DA:156,33
DA:157,33
DA:158,33
DA:159,33
DA:160,33
DA:161,33
DA:162,33
DA:163,33
DA:164,33
DA:165,33
DA:166,33
DA:167,33
DA:168,33
DA:169,33
DA:170,33
DA:171,33
DA:172,33
DA:173,33
DA:174,33
DA:175,33
DA:176,33
DA:177,33
DA:178,33
DA:179,33
DA:180,33
DA:181,33
DA:182,33
DA:183,33
DA:184,33
DA:185,30
DA:186,10
DA:187,10
DA:188,10
DA:189,10
DA:190,10
DA:191,10
DA:192,10
DA:193,10
DA:194,10
DA:195,10
DA:196,10
DA:197,10
DA:198,10
DA:199,10
DA:200,10
DA:201,10
DA:202,10
DA:203,10
DA:204,50
DA:205,50
DA:206,50
DA:207,50
DA:208,50
DA:209,50
DA:210,50
DA:211,50
DA:212,50
DA:213,50
DA:214,10
DA:215,10
DA:216,10
DA:217,10
DA:218,10
DA:219,10
DA:220,10
DA:221,10
DA:222,30
DA:223,30
DA:224,2
DA:225,2
DA:226,2
DA:227,2
DA:228,2
LF:228
LH:228
BRDA:1,0,0,1
BRDA:1,1,0,1
BRDA:63,2,0,30
BRDA:78,3,0,18
BRDA:78,4,0,12
BRDA:185,5,0,10
BRDA:222,6,0,20
BRDA:223,7,0,2
BRDA:80,8,0,36
BRDA:81,9,0,15
BRDA:85,10,0,15
BRDA:92,11,0,33
BRDA:109,12,0,33
BRDA:131,13,0,33
BRDA:135,14,0,1
BRDA:146,15,0,33
BRDA:150,16,0,0
BRDA:153,17,0,33
BRDA:203,18,0,50
BRF:19
BRH:18
end_of_record
TN:
SF:src/routes/app/schema/relationships.tsx
FN:61,RelationshipsPageContent
FN:118,onRemove
FN:127,onRemove
FN:137,cell
FN:150,cell
FN:172,cell
FN:191,cell
FN:199,cell
FN:264,onRetry
FN:295,onClick
FN:330,onChange
FN:400,onChange
FNF:12
FNH:6
FNDA:41,RelationshipsPageContent
FNDA:0,onRemove
FNDA:0,onRemove
FNDA:38,cell
FNDA:38,cell
FNDA:38,cell
FNDA:38,cell
FNDA:38,cell
FNDA:0,onRetry
FNDA:0,onClick
FNDA:0,onChange
FNDA:0,onChange
DA:1,1
DA:2,1
DA:3,1
DA:4,1
DA:5,1
DA:6,1
DA:7,1
DA:8,1
DA:9,1
DA:10,1
DA:11,1
DA:12,1
DA:13,1
DA:14,1
DA:15,1
DA:16,1
DA:17,1
DA:18,1
DA:19,1
DA:20,1
DA:21,1
DA:22,1
DA:23,1
DA:24,1
DA:25,1
DA:26,1
DA:27,1
DA:28,1
DA:29,1
DA:30,1
DA:31,1
DA:32,1
DA:33,1
DA:34,1
DA:35,1
DA:36,1
DA:37,1
DA:38,1
DA:39,1
DA:40,1
DA:41,1
DA:42,1
DA:43,1
DA:44,1
DA:45,1
DA:46,1
DA:47,1
DA:48,1
DA:49,1
DA:50,1
DA:51,1
DA:52,1
DA:53,1
DA:54,1
DA:55,1
DA:56,1
DA:57,1
DA:58,1
DA:59,1
DA:60,1
DA:61,1
DA:62,41
DA:63,41
DA:64,41
DA:65,41
DA:66,41
DA:67,41
DA:68,41
DA:69,41
DA:70,41
DA:71,41
DA:72,41
DA:73,41
DA:74,41
DA:75,41
DA:76,41
DA:77,41
DA:78,41
DA:79,41
DA:80,41
DA:81,41
DA:82,41
DA:83,41
DA:84,41
DA:85,41
DA:86,41
DA:87,41
DA:88,41
DA:89,41
DA:90,41
DA:91,41
DA:92,41
DA:93,41
DA:94,41
DA:95,41
DA:96,41
DA:97,41
DA:98,41
DA:99,41
DA:100,41
DA:101,28
DA:102,41
DA:103,41
DA:104,41
DA:105,41
DA:106,41
DA:107,41
DA:108,0
DA:109,41
DA:110,41
DA:111,22
DA:112,41
DA:113,41
DA:114,41
DA:115,41
DA:116,0
DA:117,0
DA:118,0
DA:119,0
DA:120,0
DA:121,0
DA:122,0
DA:123,41
DA:124,41
DA:125,0
DA:126,0
DA:127,0
DA:128,0
DA:129,0
DA:130,41
DA:131,41
DA:132,41
DA:133,41
DA:134,41
DA:135,41
DA:136,41
DA:137,41
DA:138,38
DA:139,38
DA:140,38
DA:141,38
DA:142,38
DA:143,38
DA:144,38
DA:145,38
DA:146,38
DA:147,38
DA:148,41
DA:149,41
DA:150,41
DA:151,38
DA:152,38
DA:153,38
DA:154,38
DA:155,38
DA:156,38
DA:157,38
DA:158,38
DA:159,38
DA:160,38
DA:161,38
DA:162,38
DA:163,38
DA:164,38
DA:165,38
DA:166,38
DA:167,38
DA:168,38
DA:169,38
DA:170,41
DA:171,41
DA:172,41
DA:173,38
DA:174,38
DA:175,38
DA:176,38
DA:177,38
DA:178,38
DA:179,38
DA:180,38
DA:181,38
DA:182,38
DA:183,38
DA:184,38
DA:185,41
DA:186,41
DA:187,41
DA:188,41
DA:189,41
DA:190,41
DA:191,38
DA:192,38
DA:193,38
DA:194,38
DA:195,38
DA:196,38
DA:197,38
DA:198,41
DA:199,41
DA:200,38
DA:201,38
DA:202,38
DA:203,38
DA:204,38
DA:205,38
DA:206,38
DA:207,38
DA:208,38
DA:209,38
DA:210,38
DA:211,38
DA:212,38
DA:213,38
DA:214,38
DA:215,38
DA:216,38
DA:217,38
DA:218,38
DA:219,38
DA:220,38
DA:221,38
DA:222,41
DA:223,41
DA:224,8
DA:225,8
DA:226,8
DA:227,8
DA:228,8
DA:229,8
DA:230,8
DA:231,8
DA:232,8
DA:233,8
DA:234,8
DA:235,8
DA:236,8
DA:237,8
DA:238,8
DA:239,8
DA:240,8
DA:241,8
DA:242,8
DA:243,8
DA:244,8
DA:245,40
DA:246,40
DA:247,40
DA:248,40
DA:249,8
DA:250,8
DA:251,8
DA:252,8
DA:253,8
DA:254,41
DA:255,1
DA:256,1
DA:257,1
DA:258,1
DA:259,1
DA:260,1
DA:261,1
DA:262,1
DA:263,1
DA:264,1
DA:265,1
DA:266,1
DA:267,1
DA:268,1
DA:269,1
DA:270,1
DA:271,1
DA:272,1
DA:273,1
DA:274,1
DA:275,1
DA:276,1
DA:277,1
DA:278,1
DA:279,1
DA:280,1
DA:281,41
DA:282,2
DA:283,2
DA:284,2
DA:285,2
DA:286,2
DA:287,2
DA:288,2
DA:289,2
DA:290,2
DA:291,2
DA:292,2
DA:293,2
DA:294,2
DA:295,2
DA:296,2
DA:297,2
DA:298,2
DA:299,2
DA:300,2
DA:301,2
DA:302,2
DA:303,2
DA:304,2
DA:305,41
DA:306,41
DA:307,41
DA:308,41
DA:309,41
DA:310,41
DA:311,41
DA:312,41
DA:313,41
DA:314,41
DA:315,41
DA:316,41
DA:317,41
DA:318,41
DA:319,41
DA:320,41
DA:321,41
DA:322,41
DA:323,41
DA:324,41
DA:325,41
DA:326,41
DA:327,41
DA:328,41
DA:329,41
DA:330,41
DA:331,0
DA:332,0
DA:333,0
DA:334,0
DA:335,0
DA:336,41
DA:337,41
DA:338,41
DA:339,41
DA:340,41
DA:341,41
DA:342,41
DA:343,41
DA:344,41
DA:345,41
DA:346,41
DA:347,41
DA:348,41
DA:349,41
DA:350,41
DA:351,41
DA:352,41
DA:353,41
DA:354,34
DA:355,34
DA:356,34
DA:357,34
DA:358,34
DA:359,34
DA:360,34
DA:361,34
DA:362,41
DA:363,41
DA:364,41
DA:365,41
DA:366,41
DA:367,41
DA:368,41
DA:369,41
DA:370,41
DA:371,41
DA:372,41
DA:373,41
DA:374,41
DA:375,41
DA:376,41
DA:377,41
DA:378,41
DA:379,41
DA:380,41
DA:381,41
DA:382,41
DA:383,41
DA:384,41
DA:385,41
DA:386,41
DA:387,41
DA:388,41
DA:389,41
DA:390,41
DA:391,41
DA:392,41
DA:393,41
DA:394,41
DA:395,41
DA:396,41
DA:397,41
DA:398,41
DA:399,41
DA:400,41
DA:401,0
DA:402,0
DA:403,41
DA:404,41
DA:405,41
DA:406,41
DA:407,41
DA:408,41
DA:409,41
DA:410,41
DA:411,41
DA:412,41
DA:413,41
DA:414,41
DA:415,41
DA:416,41
DA:417,41
DA:418,41
DA:419,41
DA:420,41
DA:421,41
LF:421
LH:401
BRDA:1,0,0,1
BRDA:1,1,0,1
BRDA:61,2,0,41
BRDA:81,3,0,32
BRDA:81,4,0,9
BRDA:115,5,0,0
BRDA:124,6,0,0
BRDA:223,7,0,8
BRDA:254,8,0,33
BRDA:254,9,0,1
BRDA:281,10,0,32
BRDA:281,11,0,2
BRDA:305,12,0,30
BRDA:306,13,0,10
BRDA:306,14,0,10
BRDA:309,15,0,30
BRDA:310,16,0,10
BRDA:328,17,0,30
BRDA:400,18,0,30
BRDA:83,19,0,41
BRDA:87,20,0,33
BRDA:87,21,0,8
BRDA:91,22,0,33
BRDA:92,23,0,8
BRDA:93,24,0,34
BRDA:94,25,0,7
BRDA:99,26,0,28
BRDA:100,27,0,28
BRDA:104,28,0,0
BRDA:107,29,0,0
BRDA:109,30,0,22
BRDA:110,31,0,22
BRDA:137,32,0,38
BRDA:150,33,0,38
BRDA:160,34,0,8
BRDA:172,35,0,38
BRDA:181,36,0,10
BRDA:191,37,0,38
BRDA:194,38,0,10
BRDA:199,39,0,38
BRDA:244,40,0,40
BRDA:353,41,0,34
BRF:42
BRH:38
end_of_record
TN:
SF:src/routes/app/schema/schemes.index.tsx
FN:66,SchemesPageContent
FN:93,cell
FN:104,cell
FN:122,onClick
FN:139,cell
FN:154,cell
FN:189,cell
FN:201,cell
FN:206,cell
FN:280,onRetry
FNF:10
FNH:8
FNDA:35,SchemesPageContent
FNDA:73,cell
FNDA:73,cell
FNDA:0,onClick
FNDA:73,cell
FNDA:73,cell
FNDA:73,cell
FNDA:73,cell
FNDA:73,cell
FNDA:0,onRetry
DA:1,1
DA:2,1
DA:3,1
DA:4,1
DA:5,1
DA:6,1
DA:7,1
DA:8,1
DA:9,1
DA:10,1
DA:11,1
DA:12,1
DA:13,1
DA:14,1
DA:15,1
DA:16,1
DA:17,1
DA:18,1
DA:19,1
DA:20,1
DA:21,1
DA:22,1
DA:23,1
DA:24,1
DA:25,1
DA:26,1
DA:27,1
DA:28,1
DA:29,1
DA:30,1
DA:31,1
DA:32,1
DA:33,1
DA:34,1
DA:35,1
DA:36,1
DA:37,1
DA:38,1
DA:39,1
DA:40,1
DA:41,1
DA:42,1
DA:43,1
DA:44,1
DA:45,1
DA:46,1
DA:47,1
DA:48,1
DA:49,1
DA:50,1
DA:51,1
DA:52,1
DA:53,1
DA:54,1
DA:55,1
DA:56,1
DA:57,1
DA:58,1
DA:59,1
DA:60,1
DA:61,1
DA:62,1
DA:63,1
DA:64,1
DA:65,1
DA:66,1
DA:67,35
DA:68,35
DA:69,35
DA:70,35
DA:71,35
DA:72,35
DA:73,35
DA:74,35
DA:75,35
DA:76,35
DA:77,35
DA:78,35
DA:79,35
DA:80,35
DA:81,35
DA:82,56
DA:83,56
DA:84,56
DA:85,56
DA:86,15
DA:87,15
DA:88,15
DA:89,15
DA:90,35
DA:91,35
DA:92,35
DA:93,35
DA:94,73
DA:95,73
DA:96,73
DA:97,73
DA:98,73
DA:99,73
DA:100,73
DA:101,35
DA:102,35
DA:103,35
DA:104,35
DA:105,73
DA:106,73
DA:107,73
DA:108,73
DA:109,73
DA:110,73
DA:111,73
DA:112,73
DA:113,73
DA:114,73
DA:115,73
DA:116,73
DA:117,73
DA:118,73
DA:119,73
DA:120,73
DA:121,73
DA:122,73
DA:123,73
DA:124,73
DA:125,73
DA:126,73
DA:127,73
DA:128,73
DA:129,73
DA:130,73
DA:131,73
DA:132,73
DA:133,73
DA:134,73
DA:135,73
DA:136,35
DA:137,35
DA:138,35
DA:139,35
DA:140,73
DA:141,73
DA:142,73
DA:143,73
DA:144,73
DA:145,73
DA:146,73
DA:147,73
DA:148,73
DA:149,73
DA:150,73
DA:151,73
DA:152,73
DA:153,35
DA:154,35
DA:155,73
DA:156,73
DA:157,73
DA:158,73
DA:159,73
DA:160,73
DA:161,73
DA:162,73
DA:163,73
DA:164,73
DA:165,73
DA:166,73
DA:167,73
DA:168,73
DA:169,73
DA:170,73
DA:171,73
DA:172,73
DA:173,73
DA:174,73
DA:175,73
DA:176,73
DA:177,73
DA:178,73
DA:179,73
DA:180,73
DA:181,73
DA:182,73
DA:183,73
DA:184,73
DA:185,35
DA:186,35
DA:187,35
DA:188,35
DA:189,35
DA:190,73
DA:191,73
DA:192,73
DA:193,73
DA:194,73
DA:195,73
DA:196,73
DA:197,73
DA:198,73
DA:199,35
DA:200,35
DA:201,35
DA:202,73
DA:203,73
DA:204,35
DA:205,35
DA:206,35
DA:207,73
DA:208,73
DA:209,73
DA:210,73
DA:211,73
DA:212,73
DA:213,73
DA:214,73
DA:215,73
DA:216,73
DA:217,73
DA:218,73
DA:219,73
DA:220,73
DA:221,73
DA:222,73
DA:223,73
DA:224,73
DA:225,73
DA:226,73
DA:227,73
DA:228,73
DA:229,73
DA:230,73
DA:231,73
DA:232,73
DA:233,73
DA:234,73
DA:235,73
DA:236,73
DA:237,73
DA:238,73
DA:239,73
DA:240,73
DA:241,73
DA:242,35
DA:243,35
DA:244,9
DA:245,9
DA:246,9
DA:247,9
DA:248,9
DA:249,9
DA:250,9
DA:251,9
DA:252,9
DA:253,9
DA:254,9
DA:255,9
DA:256,9
DA:257,9
DA:258,9
DA:259,45
DA:260,45
DA:261,45
DA:262,45
DA:263,45
DA:264,45
DA:265,9
DA:266,9
DA:267,9
DA:268,9
DA:269,9
DA:270,9
DA:271,9
DA:272,9
DA:273,35
DA:274,1
DA:275,1
DA:276,1
DA:277,1
DA:278,1
DA:279,1
DA:280,1
DA:281,0
DA:282,1
DA:283,1
DA:284,1
DA:285,1
DA:286,1
DA:287,1
DA:288,1
DA:289,1
DA:290,1
DA:291,1
DA:292,35
DA:293,1
DA:294,1
DA:295,1
DA:296,1
DA:297,1
DA:298,1
DA:299,1
DA:300,1
DA:301,1
DA:302,1
DA:303,1
DA:304,1
DA:305,1
DA:306,1
DA:307,1
DA:308,1
DA:309,1
DA:310,1
DA:311,35
DA:312,24
DA:313,24
DA:314,24
DA:315,24
DA:316,35
DA:317,35
DA:318,35
DA:319,35
DA:320,35
DA:321,35
DA:322,35
DA:323,35
DA:324,35
DA:325,35
DA:326,35
DA:327,35
DA:328,35
DA:329,35
DA:330,35
DA:331,24
DA:332,24
DA:333,24
DA:334,24
DA:335,24
DA:336,24
DA:337,24
DA:338,24
DA:339,24
DA:340,24
DA:341,24
DA:342,24
DA:343,24
LF:343
LH:342
BRDA:1,0,0,1
BRDA:1,1,0,1
BRDA:66,2,0,35
BRDA:77,3,0,25
BRDA:78,4,0,10
BRDA:243,5,0,9
BRDA:273,6,0,26
BRDA:273,7,0,1
BRDA:292,8,0,25
BRDA:292,9,0,1
BRDA:311,10,0,24
BRDA:316,11,0,0
BRDA:330,12,0,24
BRDA:330,13,0,24
BRDA:81,14,0,56
BRDA:84,15,0,26
BRDA:85,16,0,15
BRDA:93,17,0,73
BRDA:104,18,0,73
BRDA:139,19,0,73
BRDA:143,20,0,1
BRDA:154,21,0,73
BRDA:189,22,0,73
BRDA:201,23,0,73
BRDA:203,24,0,0
BRDA:206,25,0,73
BRDA:258,26,0,45
BRF:27
BRH:25
end_of_record
TN:
SF:src/routes/app/schema/taxonomies.tsx
FN:65,TaxonomiesPageContent
FN:90,cell
FN:99,cell
FN:113,onClick
FN:134,cell
FN:149,cell
FN:187,cell
FN:199,cell
FN:206,cell
FN:280,onRetry
FNF:10
FNH:8
FNDA:30,TaxonomiesPageContent
FNDA:41,cell
FNDA:41,cell
FNDA:0,onClick
FNDA:41,cell
FNDA:41,cell
FNDA:41,cell
FNDA:41,cell
FNDA:41,cell
FNDA:0,onRetry
DA:1,1
DA:2,1
DA:3,1
DA:4,1
DA:5,1
DA:6,1
DA:7,1
DA:8,1
DA:9,1
DA:10,1
DA:11,1
DA:12,1
DA:13,1
DA:14,1
DA:15,1
DA:16,1
DA:17,1
DA:18,1
DA:19,1
DA:20,1
DA:21,1
DA:22,1
DA:23,1
DA:24,1
DA:25,1
DA:26,1
DA:27,1
DA:28,1
DA:29,1
DA:30,1
DA:31,1
DA:32,1
DA:33,1
DA:34,1
DA:35,1
DA:36,1
DA:37,1
DA:38,1
DA:39,1
DA:40,1
DA:41,1
DA:42,1
DA:43,1
DA:44,1
DA:45,1
DA:46,1
DA:47,1
DA:48,1
DA:49,1
DA:50,1
DA:51,1
DA:52,1
DA:53,1
DA:54,1
DA:55,1
DA:56,1
DA:57,1
DA:58,1
DA:59,1
DA:60,1
DA:61,1
DA:62,1
DA:63,1
DA:64,1
DA:65,1
DA:66,30
DA:67,30
DA:68,30
DA:69,30
DA:70,30
DA:71,30
DA:72,30
DA:73,30
DA:74,30
DA:75,30
DA:76,30
DA:77,30
DA:78,30
DA:79,30
DA:80,46
DA:81,21
DA:82,21
DA:83,21
DA:84,21
DA:85,21
DA:86,21
DA:87,30
DA:88,30
DA:89,30
DA:90,30
DA:91,41
DA:92,41
DA:93,41
DA:94,41
DA:95,41
DA:96,41
DA:97,30
DA:98,30
DA:99,30
DA:100,41
DA:101,41
DA:102,41
DA:103,41
DA:104,41
DA:105,41
DA:106,41
DA:107,41
DA:108,41
DA:109,41
DA:110,41
DA:111,41
DA:112,41
DA:113,41
DA:114,0
DA:115,0
DA:116,41
DA:117,41
DA:118,41
DA:119,41
DA:120,41
DA:121,41
DA:122,41
DA:123,41
DA:124,41
DA:125,41
DA:126,41
DA:127,41
DA:128,41
DA:129,41
DA:130,41
DA:131,30
DA:132,30
DA:133,30
DA:134,41
DA:135,41
DA:136,41
DA:137,41
DA:138,41
DA:139,41
DA:140,41
DA:141,41
DA:142,41
DA:143,30
DA:144,30
DA:145,30
DA:146,30
DA:147,30
DA:148,30
DA:149,30
DA:150,41
DA:151,41
DA:152,41
DA:153,41
DA:154,41
DA:155,41
DA:156,41
DA:157,41
DA:158,41
DA:159,41
DA:160,41
DA:161,41
DA:162,41
DA:163,41
DA:164,41
DA:165,41
DA:166,41
DA:167,41
DA:168,41
DA:169,41
DA:170,41
DA:171,41
DA:172,41
DA:173,41
DA:174,41
DA:175,41
DA:176,41
DA:177,41
DA:178,41
DA:179,41
DA:180,41
DA:181,41
DA:182,41
DA:183,41
DA:184,41
DA:185,41
DA:186,30
DA:187,30
DA:188,41
DA:189,41
DA:190,41
DA:191,41
DA:192,41
DA:193,41
DA:194,41
DA:195,41
DA:196,41
DA:197,30
DA:198,30
DA:199,30
DA:200,41
DA:201,41
DA:202,41
DA:203,41
DA:204,30
DA:205,30
DA:206,30
DA:207,41
DA:208,41
DA:209,41
DA:210,41
DA:211,41
DA:212,41
DA:213,41
DA:214,41
DA:215,41
DA:216,41
DA:217,41
DA:218,41
DA:219,41
DA:220,41
DA:221,41
DA:222,41
DA:223,41
DA:224,41
DA:225,41
DA:226,41
DA:227,41
DA:228,41
DA:229,41
DA:230,41
DA:231,41
DA:232,41
DA:233,41
DA:234,41
DA:235,41
DA:236,41
DA:237,30
DA:238,30
DA:239,8
DA:240,8
DA:241,8
DA:242,8
DA:243,8
DA:244,8
DA:245,8
DA:246,8
DA:247,8
DA:248,8
DA:249,8
DA:250,8
DA:251,8
DA:252,8
DA:253,8
DA:254,8
DA:255,8
DA:256,8
DA:257,8
DA:258,8
DA:259,40
DA:260,40
DA:261,40
DA:262,40
DA:263,40
DA:264,8
DA:265,8
DA:266,8
DA:267,8
DA:268,8
DA:269,8
DA:270,30
DA:271,1
DA:272,1
DA:273,1
DA:274,1
DA:275,1
DA:276,1
DA:277,1
DA:278,1
DA:279,1
DA:280,1
DA:281,1
DA:282,1
DA:283,1
DA:284,1
DA:285,1
DA:286,1
DA:287,1
DA:288,1
DA:289,1
DA:290,1
DA:291,1
DA:292,1
DA:293,1
DA:294,1
DA:295,1
DA:296,30
DA:297,1
DA:298,1
DA:299,1
DA:300,1
DA:301,1
DA:302,1
DA:303,1
DA:304,1
DA:305,1
DA:306,1
DA:307,1
DA:308,1
DA:309,1
DA:310,1
DA:311,1
DA:312,1
DA:313,1
DA:314,1
DA:315,1
DA:316,1
DA:317,1
DA:318,1
DA:319,30
DA:320,20
DA:321,30
DA:322,0
LF:322
LH:319
BRDA:1,0,0,1
BRDA:1,1,0,1
BRDA:65,2,0,30
BRDA:77,3,0,21
BRDA:77,4,0,9
BRDA:238,5,0,8
BRDA:270,6,0,22
BRDA:270,7,0,1
BRDA:296,8,0,21
BRDA:296,9,0,1
BRDA:319,10,0,20
BRDA:321,11,0,0
BRDA:79,12,0,46
BRDA:80,13,0,21
BRDA:83,14,0,21
BRDA:90,15,0,41
BRDA:99,16,0,41
BRDA:134,17,0,41
BRDA:138,18,0,1
BRDA:149,19,0,41
BRDA:152,20,0,0
BRDA:154,21,0,0
BRDA:187,22,0,41
BRDA:199,23,0,41
BRDA:203,24,0,0
BRDA:206,25,0,41
BRDA:258,26,0,40
BRF:27
BRH:23
end_of_record
TN:
SF:src/routes/app/schema/classes/-copy.ts
FNF:0
FNH:0
DA:1,1
DA:2,1
DA:3,1
DA:4,1
DA:5,1
DA:6,1
DA:7,1
DA:8,1
DA:9,1
DA:10,1
DA:11,1
DA:12,1
DA:13,1
DA:14,1
DA:15,1
DA:16,1
DA:17,1
DA:18,1
DA:19,1
DA:20,1
LF:20
LH:20
BRDA:1,0,0,1
BRDA:1,1,0,1
BRF:2
BRH:2
end_of_record
TN:
SF:src/routes/app/schema/properties/-copy.ts
FNF:0
FNH:0
DA:1,1
DA:2,1
DA:3,1
DA:4,1
DA:5,1
DA:6,1
DA:7,1
DA:8,1
DA:9,1
DA:10,1
DA:11,1
DA:12,1
DA:13,1
DA:14,1
DA:15,1
DA:16,1
DA:17,1
LF:17
LH:17
BRDA:1,0,0,1
BRDA:1,1,0,1
BRF:2
BRH:2
end_of_record
TN:
SF:src/routes/app/schema/relationships/-copy.ts
FNF:0
FNH:0
DA:1,1
DA:2,1
DA:3,1
DA:4,1
DA:5,1
DA:6,1
DA:7,1
DA:8,1
DA:9,1
DA:10,1
DA:11,1
DA:12,1
DA:13,1
DA:14,1
DA:15,1
DA:16,1
DA:17,1
DA:18,1
DA:19,1
DA:20,1
DA:21,1
LF:21
LH:21
BRDA:1,0,0,1
BRDA:1,1,0,1
BRF:2
BRH:2
end_of_record
TN:
SF:src/routes/app/schema/schemes/-copy.ts
FN:18,successToast
FNF:1
FNH:0
FNDA:0,successToast
DA:1,1
DA:2,1
DA:3,1
DA:4,1
DA:5,1
DA:6,1
DA:7,1
DA:8,1
DA:9,1
DA:10,1
DA:11,1
DA:12,1
DA:13,1
DA:14,1
DA:15,1
DA:16,1
DA:17,1
DA:18,1
DA:19,0
DA:20,0
LF:20
LH:18
BRDA:1,0,0,1
BRDA:1,1,0,1
BRF:2
BRH:2
end_of_record
TN:
SF:src/routes/app/schema/taxonomies/-copy.ts
FN:18,successToast
FNF:1
FNH:0
FNDA:0,successToast
DA:1,1
DA:2,1
DA:3,1
DA:4,1
DA:5,1
DA:6,1
DA:7,1
DA:8,1
DA:9,1
DA:10,1
DA:11,1
DA:12,1
DA:13,1
DA:14,1
DA:15,1
DA:16,1
DA:17,1
DA:18,1
DA:19,0
DA:20,0
DA:21,1
DA:22,1
DA:23,1
DA:24,1
DA:25,1
LF:25
LH:23
BRDA:1,0,0,1
BRDA:1,1,0,1
BRF:2
BRH:2
end_of_record
TN:
SF:src/test/test-utils.tsx
FN:30,createTestQueryClient
FN:45,get
FN:46,AllProviders
FNF:3
FNH:3
FNDA:117,createTestQueryClient
FNDA:15,get
FNDA:102,AllProviders
DA:1,10
DA:2,10
DA:3,10
DA:4,10
DA:5,10
DA:6,10
DA:7,10
DA:8,10
DA:9,10
DA:10,10
DA:11,10
DA:12,10
DA:13,10
DA:14,10
DA:15,10
DA:16,10
DA:17,10
DA:18,10
DA:19,10
DA:20,10
DA:21,10
DA:22,10
DA:23,10
DA:24,10
DA:25,10
DA:26,10
DA:27,10
DA:28,10
DA:29,10
DA:30,10
DA:31,117
DA:32,117
DA:33,117
DA:34,117
DA:35,117
DA:36,117
DA:37,117
DA:38,117
DA:39,117
DA:40,117
DA:41,117
DA:42,10
DA:43,10
DA:44,10
DA:45,10
DA:46,10
DA:47,102
DA:48,102
DA:49,102
DA:50,102
DA:51,102
DA:52,102
DA:53,102
DA:54,102
LF:54
LH:54
BRDA:1,0,0,10
BRDA:1,1,0,10
BRDA:30,2,0,117
BRDA:45,3,0,15
BRDA:46,4,0,102
BRDA:53,5,0,0
BRF:6
BRH:5
end_of_record
TN:
SF:src/utils/dateFormatting.ts
FN:4,formatTimeAgo
FNF:1
FNH:0
FNDA:0,formatTimeAgo
DA:1,5
DA:2,5
DA:3,5
DA:4,5
DA:5,0
DA:6,0
DA:7,0
DA:8,0
LF:8
LH:4
BRDA:1,0,0,5
BRDA:1,1,0,5
BRF:2
BRH:2
end_of_record
